#
# There is insufficient memory for the Java Runtime Environment to continue.
# Native memory allocation (malloc) failed to allocate 75024 bytes for Chunk::new
# Possible reasons:
#   The system is out of physical RAM or swap space
#   In 32 bit mode, the process size limit was hit
# Possible solutions:
#   Reduce memory load on the system
#   Increase physical memory or swap space
#   Check if swap backing store is full
#   Use 64 bit Java on a 64 bit OS
#   Decrease Java heap size (-Xmx/-Xms)
#   Decrease number of Java threads
#   Decrease Java thread stack sizes (-Xss)
#   Set larger code cache with -XX:ReservedCodeCacheSize=
# This output file may be truncated or incomplete.
#
#  Out of Memory Error (allocation.cpp:390), pid=216704, tid=111712
#
# JRE version: Java(TM) SE Runtime Environment (8.0_51-b16) (build 1.8.0_51-b16)
# Java VM: Java HotSpot(TM) 64-Bit Server VM (25.51-b03 mixed mode windows-amd64 compressed oops)
# Failed to write core dump. Minidumps are not enabled by default on client versions of Windows
#

---------------  T H R E A D  ---------------

Current thread (0x00000000155d3000):  JavaThread "C2 CompilerThread1" daemon [_thread_in_native, id=111712, stack(0x0000000016c20000,0x0000000016d20000)]

Stack: [0x0000000016c20000,0x0000000016d20000]
Native frames: (J=compiled Java code, j=interpreted, Vv=VM code, C=native code)
V  [jvm.dll+0x32b4ca]
V  [jvm.dll+0x2797e3]
V  [jvm.dll+0x27a479]
V  [jvm.dll+0x271765]
V  [jvm.dll+0xcba02]
V  [jvm.dll+0xcbecc]
V  [jvm.dll+0x4643d2]
V  [jvm.dll+0x4d9460]
V  [jvm.dll+0x4dc08b]
V  [jvm.dll+0x46a5e1]
V  [jvm.dll+0x46cde2]
V  [jvm.dll+0x4501a2]
V  [jvm.dll+0xa43a2]
V  [jvm.dll+0xa4cdf]
V  [jvm.dll+0x2418a4]
V  [jvm.dll+0x29846a]
C  [msvcr100.dll+0x21d9f]
C  [msvcr100.dll+0x21e3b]
C  [KERNEL32.DLL+0x18102]
C  [ntdll.dll+0x5c5b4]


Current CompileTask:
C2:  72497 6451       4       org.gradle.logging.internal.AbstractLineChoppingStyledTextOutput::doAppend (142 bytes)


---------------  P R O C E S S  ---------------

Java Threads: ( => current thread )
  0x000000001c073000 JavaThread "Forward streams with process: command 'C:\Program Files\Java\jdk1.8.0_51\bin\java.exe' Thread 2" [_thread_in_native, id=199212, stack(0x0000000020470000,0x0000000020570000)]
  0x000000001c074800 JavaThread "Forward streams with process: command 'C:\Program Files\Java\jdk1.8.0_51\bin\java.exe'" [_thread_in_native, id=216456, stack(0x0000000020370000,0x0000000020470000)]
  0x000000001c070000 JavaThread "Run command 'C:\Program Files\Java\jdk1.8.0_51\bin\java.exe'" [_thread_in_native, id=216804, stack(0x0000000020170000,0x0000000020270000)]
  0x000000001c072800 JavaThread "pool-2-thread-4" [_thread_blocked, id=214504, stack(0x0000000020070000,0x0000000020170000)]
  0x000000001c06e800 JavaThread "Forward streams with process: command 'C:\Program Files\Java\jdk1.8.0_51\bin\java.exe' Thread 3" [_thread_in_native, id=190404, stack(0x000000001fa70000,0x000000001fb70000)]
  0x000000001c071000 JavaThread "Forward streams with process: command 'C:\Program Files\Java\jdk1.8.0_51\bin\java.exe' Thread 2" [_thread_in_native, id=93004, stack(0x000000001f970000,0x000000001fa70000)]
  0x000000001a872000 JavaThread "Forward streams with process: command 'C:\Program Files\Java\jdk1.8.0_51\bin\java.exe'" [_thread_blocked, id=177024, stack(0x000000001f870000,0x000000001f970000)]
  0x000000001a870800 JavaThread "pool-2-thread-3" [_thread_blocked, id=199252, stack(0x000000001f670000,0x000000001f770000)]
  0x000000001a86e000 JavaThread "Run command 'C:\Program Files\Java\jdk1.8.0_51\bin\java.exe'" [_thread_in_native, id=134360, stack(0x000000001f570000,0x000000001f670000)]
  0x000000001a86c800 JavaThread "pool-2-thread-2" [_thread_blocked, id=213104, stack(0x000000001f470000,0x000000001f570000)]
  0x000000001a86f000 JavaThread "Forward streams with process: command 'C:\Program Files\Java\jdk1.8.0_51\bin\java.exe' Thread 3" [_thread_in_native, id=205160, stack(0x000000001f370000,0x000000001f470000)]
  0x000000001a86d800 JavaThread "Forward streams with process: command 'C:\Program Files\Java\jdk1.8.0_51\bin\java.exe' Thread 2" [_thread_in_native, id=211852, stack(0x000000001f270000,0x000000001f370000)]
  0x000000001a86c000 JavaThread "Forward streams with process: command 'C:\Program Files\Java\jdk1.8.0_51\bin\java.exe'" [_thread_blocked, id=185708, stack(0x000000001f170000,0x000000001f270000)]
  0x000000001a86b000 JavaThread "Run command 'C:\Program Files\Java\jdk1.8.0_51\bin\java.exe'" [_thread_in_native, id=214500, stack(0x000000001ef70000,0x000000001f070000)]
  0x000000001a86f800 JavaThread "pool-2-thread-1" [_thread_blocked, id=200044, stack(0x000000001ee70000,0x000000001ef70000)]
  0x00000000155d8800 JavaThread "pool-1-thread-4" [_thread_in_native, id=174616, stack(0x000000001ec70000,0x000000001ed70000)]
  0x00000000155d7800 JavaThread "pool-1-thread-3" [_thread_blocked, id=200912, stack(0x000000001eb70000,0x000000001ec70000)]
  0x000000001a3ca800 JavaThread "pool-1-thread-2" [_thread_blocked, id=211264, stack(0x000000001e7d0000,0x000000001e8d0000)]
  0x0000000018571800 JavaThread "pool-1-thread-1" [_thread_blocked, id=133372, stack(0x000000001e6d0000,0x000000001e7d0000)]
  0x000000001a5a2800 JavaThread "File lock request listener" [_thread_in_native, id=215772, stack(0x000000001ae10000,0x000000001af10000)]
  0x0000000017ad1800 JavaThread "Daemon worker" [_thread_in_native, id=190408, stack(0x0000000019640000,0x0000000019740000)]
  0x00000000180ad800 JavaThread "Cancel handler" [_thread_blocked, id=198396, stack(0x0000000019540000,0x0000000019640000)]
  0x0000000018092800 JavaThread "Handler for socket connection from /127.0.0.1:11325 to /127.0.0.1:11327" [_thread_in_native, id=204516, stack(0x0000000019440000,0x0000000019540000)]
  0x000000001809a800 JavaThread "Daemon" [_thread_blocked, id=195912, stack(0x0000000019340000,0x0000000019440000)]
  0x0000000017fd6800 JavaThread "Incoming local TCP Connector on port 11325" [_thread_in_native, id=197832, stack(0x0000000017c20000,0x0000000017d20000)]
  0x0000000016e63800 JavaThread "Service Thread" daemon [_thread_blocked, id=211188, stack(0x0000000017220000,0x0000000017320000)]
  0x00000000155d4000 JavaThread "C1 CompilerThread2" daemon [_thread_blocked, id=205880, stack(0x0000000016d20000,0x0000000016e20000)]
=>0x00000000155d3000 JavaThread "C2 CompilerThread1" daemon [_thread_in_native, id=111712, stack(0x0000000016c20000,0x0000000016d20000)]
  0x00000000155cc000 JavaThread "C2 CompilerThread0" daemon [_thread_blocked, id=196512, stack(0x0000000016b20000,0x0000000016c20000)]
  0x00000000155ca800 JavaThread "Attach Listener" daemon [_thread_blocked, id=187144, stack(0x0000000016a20000,0x0000000016b20000)]
  0x00000000155c9000 JavaThread "Signal Dispatcher" daemon [_thread_blocked, id=197272, stack(0x0000000016920000,0x0000000016a20000)]
  0x0000000002ef8800 JavaThread "Finalizer" daemon [_thread_blocked, id=194932, stack(0x0000000016820000,0x0000000016920000)]
  0x0000000002ef0800 JavaThread "Reference Handler" daemon [_thread_blocked, id=198536, stack(0x0000000016720000,0x0000000016820000)]
  0x0000000002e02800 JavaThread "main" [_thread_blocked, id=216948, stack(0x0000000002cc0000,0x0000000002dc0000)]

Other Threads:
  0x0000000015597000 VMThread [stack: 0x0000000016620000,0x0000000016720000] [id=203420]
  0x0000000016e64000 WatcherThread [stack: 0x0000000017320000,0x0000000017420000] [id=199536]

VM state:not at safepoint (normal execution)

VM Mutex/Monitor currently owned by a thread: None

Heap:
 PSYoungGen      total 92672K, used 18918K [0x00000000eab00000, 0x00000000f1880000, 0x0000000100000000)
  eden space 78336K, 7% used [0x00000000eab00000,0x00000000eb05b8c8,0x00000000ef780000)
  from space 14336K, 93% used [0x00000000f0780000,0x00000000f149e0b8,0x00000000f1580000)
  to   space 16384K, 0% used [0x00000000ef780000,0x00000000ef780000,0x00000000f0780000)
 ParOldGen       total 58368K, used 25880K [0x00000000c0000000, 0x00000000c3900000, 0x00000000eab00000)
  object space 58368K, 44% used [0x00000000c0000000,0x00000000c19462a8,0x00000000c3900000)
 Metaspace       used 45206K, capacity 46118K, committed 46208K, reserved 1089536K
  class space    used 6229K, capacity 6475K, committed 6528K, reserved 1048576K

Card table byte_map: [0x00000000122c0000,0x00000000124d0000] byte_map_base: 0x0000000011cc0000

Marking Bits: (ParMarkBitMap*) 0x0000000058434040
 Begin Bits: [0x0000000012a30000, 0x0000000013a30000)
 End Bits:   [0x0000000013a30000, 0x0000000014a30000)

Polling page: 0x0000000002c20000

CodeCache: size=245760Kb used=19595Kb max_used=20174Kb free=226164Kb
 bounds [0x0000000002f00000, 0x00000000042e0000, 0x0000000011f00000]
 total_blobs=6299 nmethods=5601 adapters=609
 compilation: enabled

Compilation events (10 events):
Event: 72.138 Thread 0x00000000155d4000 nmethod 6449 0x00000000030aaa50 code [0x00000000030aaba0, 0x00000000030aacb0]
Event: 72.139 Thread 0x00000000155d4000 6450       3       org.codehaus.groovy.runtime.StackTraceUtils::isApplicationClass (84 bytes)
Event: 72.141 Thread 0x00000000155d4000 nmethod 6450 0x0000000003875690 code [0x0000000003875880, 0x00000000038761b8]
Event: 72.397 Thread 0x00000000155d3000 6451       4       org.gradle.logging.internal.AbstractLineChoppingStyledTextOutput::doAppend (142 bytes)
Event: 72.398 Thread 0x00000000155d4000 6452       1       org.gradle.logging.internal.StyledTextOutputEvent$Span::access$000 (5 bytes)
Event: 72.398 Thread 0x00000000155d4000 nmethod 6452 0x000000000326d950 code [0x000000000326daa0, 0x000000000326db90]
Event: 72.399 Thread 0x00000000155d4000 6453       1       org.gradle.logging.internal.StyledTextOutputEvent$Span::access$100 (5 bytes)
Event: 72.399 Thread 0x00000000155d4000 nmethod 6453 0x00000000038d9c10 code [0x00000000038d9d60, 0x00000000038d9e50]
Event: 72.405 Thread 0x00000000155d4000 6454       3       org.gradle.api.internal.project.DefaultProject_Decorated::getFileOperations (44 bytes)
Event: 72.407 Thread 0x00000000155d4000 nmethod 6454 0x0000000003968f10 code [0x0000000003969160, 0x000000000396a158]

GC Heap History (10 events):
Event: 34.894 GC heap before
{Heap before GC invocations=22 (full 2):
 PSYoungGen      total 52736K, used 44746K [0x00000000eab00000, 0x00000000ef280000, 0x0000000100000000)
  eden space 41472K, 100% used [0x00000000eab00000,0x00000000ed380000,0x00000000ed380000)
  from space 11264K, 29% used [0x00000000ed380000,0x00000000ed6b29d0,0x00000000ede80000)
  to   space 11264K, 0% used [0x00000000ee780000,0x00000000ee780000,0x00000000ef280000)
 ParOldGen       total 58368K, used 19742K [0x00000000c0000000, 0x00000000c3900000, 0x00000000eab00000)
  object space 58368K, 33% used [0x00000000c0000000,0x00000000c1347808,0x00000000c3900000)
 Metaspace       used 37886K, capacity 38640K, committed 38912K, reserved 1083392K
  class space    used 5118K, capacity 5308K, committed 5376K, reserved 1048576K
Event: 34.898 GC heap after
Heap after GC invocations=22 (full 2):
 PSYoungGen      total 62464K, used 4193K [0x00000000eab00000, 0x00000000ef280000, 0x0000000100000000)
  eden space 51200K, 0% used [0x00000000eab00000,0x00000000eab00000,0x00000000edd00000)
  from space 11264K, 37% used [0x00000000ee780000,0x00000000eeb98670,0x00000000ef280000)
  to   space 10752K, 0% used [0x00000000edd00000,0x00000000edd00000,0x00000000ee780000)
 ParOldGen       total 58368K, used 19750K [0x00000000c0000000, 0x00000000c3900000, 0x00000000eab00000)
  object space 58368K, 33% used [0x00000000c0000000,0x00000000c1349808,0x00000000c3900000)
 Metaspace       used 37886K, capacity 38640K, committed 38912K, reserved 1083392K
  class space    used 5118K, capacity 5308K, committed 5376K, reserved 1048576K
}
Event: 35.142 GC heap before
{Heap before GC invocations=23 (full 2):
 PSYoungGen      total 62464K, used 55393K [0x00000000eab00000, 0x00000000ef280000, 0x0000000100000000)
  eden space 51200K, 100% used [0x00000000eab00000,0x00000000edd00000,0x00000000edd00000)
  from space 11264K, 37% used [0x00000000ee780000,0x00000000eeb98670,0x00000000ef280000)
  to   space 10752K, 0% used [0x00000000edd00000,0x00000000edd00000,0x00000000ee780000)
 ParOldGen       total 58368K, used 19750K [0x00000000c0000000, 0x00000000c3900000, 0x00000000eab00000)
  object space 58368K, 33% used [0x00000000c0000000,0x00000000c1349808,0x00000000c3900000)
 Metaspace       used 37974K, capacity 38710K, committed 38912K, reserved 1083392K
  class space    used 5120K, capacity 5309K, committed 5376K, reserved 1048576K
Event: 35.148 GC heap after
Heap after GC invocations=23 (full 2):
 PSYoungGen      total 61952K, used 5862K [0x00000000eab00000, 0x00000000efe80000, 0x0000000100000000)
  eden space 51200K, 0% used [0x00000000eab00000,0x00000000eab00000,0x00000000edd00000)
  from space 10752K, 54% used [0x00000000edd00000,0x00000000ee2b99f8,0x00000000ee780000)
  to   space 10240K, 0% used [0x00000000ef480000,0x00000000ef480000,0x00000000efe80000)
 ParOldGen       total 58368K, used 19758K [0x00000000c0000000, 0x00000000c3900000, 0x00000000eab00000)
  object space 58368K, 33% used [0x00000000c0000000,0x00000000c134b808,0x00000000c3900000)
 Metaspace       used 37974K, capacity 38710K, committed 38912K, reserved 1083392K
  class space    used 5120K, capacity 5309K, committed 5376K, reserved 1048576K
}
Event: 37.699 GC heap before
{Heap before GC invocations=24 (full 2):
 PSYoungGen      total 61952K, used 57062K [0x00000000eab00000, 0x00000000efe80000, 0x0000000100000000)
  eden space 51200K, 100% used [0x00000000eab00000,0x00000000edd00000,0x00000000edd00000)
  from space 10752K, 54% used [0x00000000edd00000,0x00000000ee2b99f8,0x00000000ee780000)
  to   space 10240K, 0% used [0x00000000ef480000,0x00000000ef480000,0x00000000efe80000)
 ParOldGen       total 58368K, used 19758K [0x00000000c0000000, 0x00000000c3900000, 0x00000000eab00000)
  object space 58368K, 33% used [0x00000000c0000000,0x00000000c134b808,0x00000000c3900000)
 Metaspace       used 39758K, capacity 40492K, committed 40704K, reserved 1085440K
  class space    used 5395K, capacity 5579K, committed 5632K, reserved 1048576K
Event: 37.711 GC heap after
Heap after GC invocations=24 (full 2):
 PSYoungGen      total 74240K, used 9360K [0x00000000eab00000, 0x00000000eff80000, 0x0000000100000000)
  eden space 64000K, 0% used [0x00000000eab00000,0x00000000eab00000,0x00000000ee980000)
  from space 10240K, 91% used [0x00000000ef480000,0x00000000efda43a8,0x00000000efe80000)
  to   space 11264K, 0% used [0x00000000ee980000,0x00000000ee980000,0x00000000ef480000)
 ParOldGen       total 58368K, used 19766K [0x00000000c0000000, 0x00000000c3900000, 0x00000000eab00000)
  object space 58368K, 33% used [0x00000000c0000000,0x00000000c134d808,0x00000000c3900000)
 Metaspace       used 39758K, capacity 40492K, committed 40704K, reserved 1085440K
  class space    used 5395K, capacity 5579K, committed 5632K, reserved 1048576K
}
Event: 39.964 GC heap before
{Heap before GC invocations=25 (full 2):
 PSYoungGen      total 74240K, used 73360K [0x00000000eab00000, 0x00000000eff80000, 0x0000000100000000)
  eden space 64000K, 100% used [0x00000000eab00000,0x00000000ee980000,0x00000000ee980000)
  from space 10240K, 91% used [0x00000000ef480000,0x00000000efda43a8,0x00000000efe80000)
  to   space 11264K, 0% used [0x00000000ee980000,0x00000000ee980000,0x00000000ef480000)
 ParOldGen       total 58368K, used 19766K [0x00000000c0000000, 0x00000000c3900000, 0x00000000eab00000)
  object space 58368K, 33% used [0x00000000c0000000,0x00000000c134d808,0x00000000c3900000)
 Metaspace       used 42413K, capacity 43226K, committed 43520K, reserved 1087488K
  class space    used 5836K, capacity 6051K, committed 6144K, reserved 1048576K
Event: 39.997 GC heap after
Heap after GC invocations=25 (full 2):
 PSYoungGen      total 75264K, used 11234K [0x00000000eab00000, 0x00000000f1580000, 0x0000000100000000)
  eden space 64000K, 0% used [0x00000000eab00000,0x00000000eab00000,0x00000000ee980000)
  from space 11264K, 99% used [0x00000000ee980000,0x00000000ef478978,0x00000000ef480000)
  to   space 14336K, 0% used [0x00000000f0780000,0x00000000f0780000,0x00000000f1580000)
 ParOldGen       total 58368K, used 23730K [0x00000000c0000000, 0x00000000c3900000, 0x00000000eab00000)
  object space 58368K, 40% used [0x00000000c0000000,0x00000000c172ca00,0x00000000c3900000)
 Metaspace       used 42413K, capacity 43226K, committed 43520K, reserved 1087488K
  class space    used 5836K, capacity 6051K, committed 6144K, reserved 1048576K
}
Event: 45.399 GC heap before
{Heap before GC invocations=26 (full 2):
 PSYoungGen      total 75264K, used 75234K [0x00000000eab00000, 0x00000000f1580000, 0x0000000100000000)
  eden space 64000K, 100% used [0x00000000eab00000,0x00000000ee980000,0x00000000ee980000)
  from space 11264K, 99% used [0x00000000ee980000,0x00000000ef478978,0x00000000ef480000)
  to   space 14336K, 0% used [0x00000000f0780000,0x00000000f0780000,0x00000000f1580000)
 ParOldGen       total 58368K, used 23730K [0x00000000c0000000, 0x00000000c3900000, 0x00000000eab00000)
  object space 58368K, 40% used [0x00000000c0000000,0x00000000c172ca00,0x00000000c3900000)
 Metaspace       used 45092K, capacity 45990K, committed 46208K, reserved 1089536K
  class space    used 6212K, capacity 6475K, committed 6528K, reserved 1048576K
Event: 45.421 GC heap after
Heap after GC invocations=26 (full 2):
 PSYoungGen      total 92672K, used 13432K [0x00000000eab00000, 0x00000000f1880000, 0x0000000100000000)
  eden space 78336K, 0% used [0x00000000eab00000,0x00000000eab00000,0x00000000ef780000)
  from space 14336K, 93% used [0x00000000f0780000,0x00000000f149e0b8,0x00000000f1580000)
  to   space 16384K, 0% used [0x00000000ef780000,0x00000000ef780000,0x00000000f0780000)
 ParOldGen       total 58368K, used 25880K [0x00000000c0000000, 0x00000000c3900000, 0x00000000eab00000)
  object space 58368K, 44% used [0x00000000c0000000,0x00000000c19462a8,0x00000000c3900000)
 Metaspace       used 45092K, capacity 45990K, committed 46208K, reserved 1089536K
  class space    used 6212K, capacity 6475K, committed 6528K, reserved 1048576K
}

Deoptimization events (10 events):
Event: 43.979 Thread 0x0000000017ad1800 Uncommon trap: reason=unstable_if action=reinterpret pc=0x00000000041fc8ac method=org.gradle.api.specs.OrSpec.isSatisfiedBy(Ljava/lang/Object;)Z @ 51
Event: 43.980 Thread 0x0000000017ad1800 Uncommon trap: reason=unstable_if action=reinterpret pc=0x00000000041486ec method=org.gradle.api.internal.file.pattern.PatternMatcherFactory$PathMatcherBackedSpec.isSatisfiedBy(Lorg/gradle/api/file/RelativePath;)Z @ 11
Event: 43.981 Thread 0x0000000017ad1800 Uncommon trap: reason=unstable_if action=reinterpret pc=0x00000000041365a4 method=org.gradle.api.internal.file.pattern.FixedStepsPathMatcher.matches([Ljava/lang/String;I)Z @ 70
Event: 44.622 Thread 0x0000000017ad1800 Uncommon trap: reason=unstable_if action=reinterpret pc=0x0000000004271b20 method=java.util.Arrays.equals([B[B)Z @ 41
Event: 44.925 Thread 0x000000001a86b000 Uncommon trap: reason=unstable_if action=reinterpret pc=0x00000000040e1de0 method=java.util.concurrent.locks.AbstractQueuedSynchronizer.release(I)Z @ 14
Event: 44.925 Thread 0x000000001a86f800 Uncommon trap: reason=unstable_if action=reinterpret pc=0x0000000003c31e14 method=java.util.concurrent.locks.AbstractQueuedSynchronizer.release(I)Z @ 14
Event: 51.590 Thread 0x000000001a870800 Uncommon trap: reason=unstable_if action=reinterpret pc=0x0000000003cbc94c method=java.lang.StringCoding$StringDecoder.decode([BII)[C @ 20
Event: 51.590 Thread 0x000000001a870800 Uncommon trap: reason=unstable_if action=reinterpret pc=0x0000000003cc10fc method=java.lang.StringCoding$StringDecoder.decode([BII)[C @ 20
Event: 71.961 Thread 0x000000001a870800 Uncommon trap: reason=unstable_if action=reinterpret pc=0x0000000003cb8990 method=java.lang.StringCoding$StringDecoder.decode([BII)[C @ 20
Event: 71.964 Thread 0x0000000017ad1800 Uncommon trap: reason=class_check action=maybe_recompile pc=0x0000000003c5fac0 method=java.lang.Throwable.<init>(Ljava/lang/String;Ljava/lang/Throwable;)V @ 24

Internal exceptions (10 events):
Event: 41.790 Thread 0x0000000017ad1800 Exception <a 'java/lang/ClassNotFoundException': com/android/builder/model/AndroidProjectCustomizer> (0x00000000ec2c3e38) thrown at [C:\re\workspace\8-2-build-windows-amd64-cygwin\jdk8u51\3951\hotspot\src\share\vm\classfile\systemDictionary.cpp, line 210]
Event: 41.794 Thread 0x0000000017ad1800 Exception <a 'java/lang/ClassNotFoundException': java/io/FileBeanInfo> (0x00000000ec3110a0) thrown at [C:\re\workspace\8-2-build-windows-amd64-cygwin\jdk8u51\3951\hotspot\src\share\vm\classfile\systemDictionary.cpp, line 210]
Event: 41.794 Thread 0x0000000017ad1800 Exception <a 'java/lang/ClassNotFoundException': java/io/FileCustomizer> (0x00000000ec315ce0) thrown at [C:\re\workspace\8-2-build-windows-amd64-cygwin\jdk8u51\3951\hotspot\src\share\vm\classfile\systemDictionary.cpp, line 210]
Event: 42.055 Thread 0x0000000017ad1800 Exception <a 'java/lang/ClassNotFoundException': java/lang/IntegerBeanInfo> (0x00000000ec473c30) thrown at [C:\re\workspace\8-2-build-windows-amd64-cygwin\jdk8u51\3951\hotspot\src\share\vm\classfile\systemDictionary.cpp, line 210]
Event: 42.055 Thread 0x0000000017ad1800 Exception <a 'java/lang/ClassNotFoundException': java/lang/NumberBeanInfo> (0x00000000ec478be8) thrown at [C:\re\workspace\8-2-build-windows-amd64-cygwin\jdk8u51\3951\hotspot\src\share\vm\classfile\systemDictionary.cpp, line 210]
Event: 42.055 Thread 0x0000000017ad1800 Exception <a 'java/lang/ClassNotFoundException': java/lang/NumberCustomizer> (0x00000000ec47dbc0) thrown at [C:\re\workspace\8-2-build-windows-amd64-cygwin\jdk8u51\3951\hotspot\src\share\vm\classfile\systemDictionary.cpp, line 210]
Event: 42.055 Thread 0x0000000017ad1800 Exception <a 'java/lang/ClassNotFoundException': java/lang/IntegerCustomizer> (0x00000000ec486408) thrown at [C:\re\workspace\8-2-build-windows-amd64-cygwin\jdk8u51\3951\hotspot\src\share\vm\classfile\systemDictionary.cpp, line 210]
Event: 42.067 Thread 0x0000000017ad1800 Exception <a 'java/lang/ClassNotFoundException': com/google/common/collect/ListsBeanInfo> (0x00000000ec4e5580) thrown at [C:\re\workspace\8-2-build-windows-amd64-cygwin\jdk8u51\3951\hotspot\src\share\vm\classfile\systemDictionary.cpp, line 210]
Event: 42.067 Thread 0x0000000017ad1800 Exception <a 'java/lang/ClassNotFoundException': com/google/common/collect/ListsCustomizer> (0x00000000ec4f23a0) thrown at [C:\re\workspace\8-2-build-windows-amd64-cygwin\jdk8u51\3951\hotspot\src\share\vm\classfile\systemDictionary.cpp, line 210]
Event: 71.964 Thread 0x0000000017ad1800 Exception <a 'java/lang/reflect/InvocationTargetException'> (0x00000000eaeec240) thrown at [C:\re\workspace\8-2-build-windows-amd64-cygwin\jdk8u51\3951\hotspot\src\share\vm\runtime\reflection.cpp, line 1080]

Events (10 events):
Event: 72.394 loading class org/gradle/logging/internal/LinePrefixingStyledTextOutput done
Event: 72.394 Executing VM operation: Deoptimize
Event: 72.395 Executing VM operation: Deoptimize done
Event: 72.399 Thread 0x00000000155d4000 flushing nmethod 0x0000000003b03810
Event: 72.400 Thread 0x00000000155d4000 flushing nmethod 0x0000000003c37110
Event: 72.400 Thread 0x00000000155d4000 flushing nmethod 0x0000000003c98390
Event: 72.401 loading class org/gradle/BuildExceptionReporter$2
Event: 72.401 loading class org/gradle/BuildExceptionReporter$2 done
Event: 72.407 Thread 0x00000000155d4000 flushing nmethod 0x0000000003db8f90
Event: 72.407 Thread 0x00000000155d4000 flushing nmethod 0x0000000003de4fd0


Dynamic libraries:
0x00007ff6c17e0000 - 0x00007ff6c1817000 	C:\Program Files\Java\jdk1.8.0_51\bin\java.exe
0x00007ffa6c320000 - 0x00007ffa6c4e1000 	C:\WINDOWS\SYSTEM32\ntdll.dll
0x00007ffa6a450000 - 0x00007ffa6a4fd000 	C:\WINDOWS\system32\KERNEL32.DLL
0x00007ffa689d0000 - 0x00007ffa68bb8000 	C:\WINDOWS\system32\KERNELBASE.dll
0x00007ffa69e90000 - 0x00007ffa69f37000 	C:\WINDOWS\system32\ADVAPI32.dll
0x00007ffa69df0000 - 0x00007ffa69e8d000 	C:\WINDOWS\system32\msvcrt.dll
0x00007ffa6a500000 - 0x00007ffa6a55b000 	C:\WINDOWS\system32\sechost.dll
0x00007ffa69f40000 - 0x00007ffa6a05c000 	C:\WINDOWS\system32\RPCRT4.dll
0x00007ffa6a2f0000 - 0x00007ffa6a446000 	C:\WINDOWS\system32\USER32.dll
0x00007ffa69880000 - 0x00007ffa69a06000 	C:\WINDOWS\system32\GDI32.dll
0x00007ffa5ccd0000 - 0x00007ffa5cf44000 	C:\WINDOWS\WinSxS\amd64_microsoft.windows.common-controls_6595b64144ccf1df_6.0.10586.494_none_a2d8b04ea53e3145\COMCTL32.dll
0x00007ffa6a060000 - 0x00007ffa6a2dd000 	C:\WINDOWS\system32\combase.dll
0x00007ffa694f0000 - 0x00007ffa6955a000 	C:\WINDOWS\system32\bcryptPrimitives.dll
0x00007ffa69a10000 - 0x00007ffa69a4b000 	C:\WINDOWS\system32\IMM32.DLL
0x0000000058730000 - 0x0000000058802000 	C:\Program Files\Java\jdk1.8.0_51\jre\bin\msvcr100.dll
0x0000000057c30000 - 0x00000000584b3000 	C:\Program Files\Java\jdk1.8.0_51\jre\bin\server\jvm.dll
0x00007ffa6c310000 - 0x00007ffa6c318000 	C:\WINDOWS\system32\PSAPI.DLL
0x00007ffa66bc0000 - 0x00007ffa66be3000 	C:\WINDOWS\SYSTEM32\WINMM.dll
0x00007ffa47d00000 - 0x00007ffa47d09000 	C:\WINDOWS\SYSTEM32\WSOCK32.dll
0x00007ffa63c50000 - 0x00007ffa63c5a000 	C:\WINDOWS\SYSTEM32\VERSION.dll
0x00007ffa6aac0000 - 0x00007ffa6ab2b000 	C:\WINDOWS\system32\WS2_32.dll
0x00007ffa66b10000 - 0x00007ffa66b3c000 	C:\WINDOWS\SYSTEM32\WINMMBASE.dll
0x00007ffa696d0000 - 0x00007ffa69713000 	C:\WINDOWS\system32\cfgmgr32.dll
0x0000000059250000 - 0x000000005925f000 	C:\Program Files\Java\jdk1.8.0_51\jre\bin\verify.dll
0x0000000059220000 - 0x0000000059249000 	C:\Program Files\Java\jdk1.8.0_51\jre\bin\java.dll
0x0000000059200000 - 0x0000000059216000 	C:\Program Files\Java\jdk1.8.0_51\jre\bin\zip.dll
0x00007ffa6adb0000 - 0x00007ffa6c30c000 	C:\WINDOWS\system32\SHELL32.dll
0x00007ffa68e10000 - 0x00007ffa69455000 	C:\WINDOWS\system32\windows.storage.dll
0x00007ffa69d90000 - 0x00007ffa69de2000 	C:\WINDOWS\system32\shlwapi.dll
0x00007ffa689c0000 - 0x00007ffa689cf000 	C:\WINDOWS\system32\kernel.appcore.dll
0x00007ffa69610000 - 0x00007ffa696c5000 	C:\WINDOWS\system32\shcore.dll
0x00007ffa68940000 - 0x00007ffa6898b000 	C:\WINDOWS\system32\powrprof.dll
0x00007ffa68990000 - 0x00007ffa689a4000 	C:\WINDOWS\system32\profapi.dll
0x0000000058be0000 - 0x0000000058bfa000 	C:\Program Files\Java\jdk1.8.0_51\jre\bin\net.dll
0x00007ffa68270000 - 0x00007ffa682cc000 	C:\WINDOWS\system32\mswsock.dll
0x0000000058bc0000 - 0x0000000058bd1000 	C:\Program Files\Java\jdk1.8.0_51\jre\bin\nio.dll
0x00007ffa500b0000 - 0x00007ffa500c2000 	C:\Users\Ganesh Prasad\.gradle\native\19\windows-amd64\native-platform.dll
0x00007ffa64490000 - 0x00007ffa644c8000 	C:\WINDOWS\SYSTEM32\IPHLPAPI.DLL
0x00007ffa6a2e0000 - 0x00007ffa6a2e8000 	C:\WINDOWS\system32\NSI.dll
0x00007ffa64110000 - 0x00007ffa64126000 	C:\WINDOWS\SYSTEM32\dhcpcsvc6.DLL
0x00007ffa640f0000 - 0x00007ffa6410a000 	C:\WINDOWS\SYSTEM32\dhcpcsvc.DLL
0x00007ffa68320000 - 0x00007ffa68337000 	C:\WINDOWS\SYSTEM32\CRYPTSP.dll
0x00007ffa67fb0000 - 0x00007ffa67fe4000 	C:\WINDOWS\system32\rsaenh.dll
0x00007ffa68540000 - 0x00007ffa68569000 	C:\WINDOWS\SYSTEM32\bcrypt.dll
0x00007ffa68100000 - 0x00007ffa6811f000 	C:\WINDOWS\SYSTEM32\USERENV.dll
0x00007ffa68440000 - 0x00007ffa6844b000 	C:\WINDOWS\SYSTEM32\CRYPTBASE.dll
0x0000000058910000 - 0x000000005891d000 	C:\Program Files\Java\jdk1.8.0_51\jre\bin\management.dll
0x00007ffa65db0000 - 0x00007ffa65f3c000 	C:\WINDOWS\SYSTEM32\dbghelp.dll

VM Arguments:
jvm_args: -XX:MaxPermSize=256m -XX:+HeapDumpOnOutOfMemoryError -Xmx1024m -Dfile.encoding=windows-1252 -Duser.country=IN -Duser.language=en -Duser.variant 
java_command: org.gradle.launcher.daemon.bootstrap.GradleDaemon 2.10
java_class_path (initial): C:\Program Files\Android\Android Studio\gradle\gradle-2.10\lib\gradle-launcher-2.10.jar
Launcher Type: SUN_STANDARD

Environment Variables:
JAVA_HOME=C:\Program Files\Java\jdk1.8.0_51
PATH=C:\ProgramData\Oracle\Java\javapath;C:\Program Files (x86)\Intel\iCLS Client\;C:\Program Files\Intel\iCLS Client\;C:\Program Files (x86)\AMD APP\bin\x86_64;C:\Program Files (x86)\AMD APP\bin\x86;C:\WINDOWS\system32;C:\WINDOWS;C:\WINDOWS\System32\Wbem;C:\WINDOWS\System32\WindowsPowerShell\v1.0\;C:\Program Files (x86)\ATI Technologies\ATI.ACE\Core-Static;C:\Program Files\Intel\Intel(R) Management Engine Components\DAL;C:\Program Files\Intel\Intel(R) Management Engine Components\IPT;C:\Program Files (x86)\Intel\Intel(R) Management Engine Components\DAL;C:\Program Files (x86)\Intel\Intel(R) Management Engine Components\IPT;\;C:\Program Files (x86)\Sony\VAIO Startup Setting Tool;C:\Program Files (x86)\Brackets\command;C:\Program Files (x86)\Java\jdk1.8.0_45\bin;C:\Program Files\nodejs\;C:\Users\Ganesh Prasad\AppData\Local\GitHub\PortableGit_c7e0cbde92ba565cb218a521411d0e854079a28c\bin;C:\Users\Ganesh Prasad\AppData\Local\GitHub\PortableGit_c7e0cbde92ba565cb218a521411d0e854079a28c\cmd;C:\Program Files (x86)\AMD\ATI.ACE\Core-Static;C:\Users\Ganesh Prasad\AppData\Local\Android\sdk\platform-tools;C:\Users\Ganesh Prasad\Anaconda2;C:\Users\Ganesh Prasad\Anaconda2\Scripts;C:\Users\Ganesh Prasad\Anaconda2\Library\bin;C:\Users\Ganesh Prasad\AppData\Roaming\npm
USERNAME=Ganesh Prasad
OS=Windows_NT
PROCESSOR_IDENTIFIER=Intel64 Family 6 Model 58 Stepping 9, GenuineIntel



---------------  S Y S T E M  ---------------

OS: Windows 10.0 , 64 bit Build 10586 (10.0.10586.0)

CPU:total 4 (2 cores per cpu, 2 threads per core) family 6 model 58 stepping 9, cmov, cx8, fxsr, mmx, sse, sse2, sse3, ssse3, sse4.1, sse4.2, popcnt, avx, clmul, erms, ht, tsc, tscinvbit, tscinv

Memory: 4k page, physical 4140316k(71024k free), swap 5574940k(3120k free)

vm_info: Java HotSpot(TM) 64-Bit Server VM (25.51-b03) for windows-amd64 JRE (1.8.0_51-b16), built on Jun  8 2015 18:03:07 by "java_re" with MS VC++ 10.0 (VS2010)

time: Sun Jul 17 15:05:52 2016
elapsed time: 72 seconds (0d 0h 1m 12s)

