#
# There is insufficient memory for the Java Runtime Environment to continue.
# Native memory allocation (malloc) failed to allocate 746064 bytes for Chunk::new
# Possible reasons:
#   The system is out of physical RAM or swap space
#   In 32 bit mode, the process size limit was hit
# Possible solutions:
#   Reduce memory load on the system
#   Increase physical memory or swap space
#   Check if swap backing store is full
#   Use 64 bit Java on a 64 bit OS
#   Decrease Java heap size (-Xmx/-Xms)
#   Decrease number of Java threads
#   Decrease Java thread stack sizes (-Xss)
#   Set larger code cache with -XX:ReservedCodeCacheSize=
# This output file may be truncated or incomplete.
#
#  Out of Memory Error (allocation.cpp:390), pid=129716, tid=129876
#
# JRE version: Java(TM) SE Runtime Environment (8.0_51-b16) (build 1.8.0_51-b16)
# Java VM: Java HotSpot(TM) 64-Bit Server VM (25.51-b03 mixed mode windows-amd64 compressed oops)
# Failed to write core dump. Minidumps are not enabled by default on client versions of Windows
#

---------------  T H R E A D  ---------------

Current thread (0x0000000015a1a800):  JavaThread "C2 CompilerThread0" daemon [_thread_in_native, id=129876, stack(0x0000000016fa0000,0x00000000170a0000)]

Stack: [0x0000000016fa0000,0x00000000170a0000]
Native frames: (J=compiled Java code, j=interpreted, Vv=VM code, C=native code)
V  [jvm.dll+0x32b4ca]
V  [jvm.dll+0x2797e3]
V  [jvm.dll+0x27a479]
V  [jvm.dll+0x271765]
V  [jvm.dll+0xcba02]
V  [jvm.dll+0xcbecc]
V  [jvm.dll+0x4643d2]
V  [jvm.dll+0x4d9460]
V  [jvm.dll+0x4dc08b]
V  [jvm.dll+0x46a5e1]
V  [jvm.dll+0x46cde2]
V  [jvm.dll+0x4501a2]
V  [jvm.dll+0xa43a2]
V  [jvm.dll+0xa4cdf]
V  [jvm.dll+0x2418a4]
V  [jvm.dll+0x29846a]
C  [msvcr100.dll+0x21d9f]
C  [msvcr100.dll+0x21e3b]
C  [KERNEL32.DLL+0x8364]
C  [ntdll.dll+0x670d1]


Current CompileTask:
C2:  25203 2279   !   4       com.android.dx.cf.code.BytecodeArray::parseInstruction (2764 bytes)


---------------  P R O C E S S  ---------------

Java Threads: ( => current thread )
  0x0000000017598000 JavaThread "pool-2-thread-4" [_thread_blocked, id=101916, stack(0x0000000017ca0000,0x0000000017da0000)]
  0x0000000017597000 JavaThread "pool-2-thread-3" [_thread_blocked, id=101908, stack(0x0000000017ba0000,0x0000000017ca0000)]
  0x0000000017596800 JavaThread "pool-2-thread-2" [_thread_blocked, id=129972, stack(0x0000000017aa0000,0x0000000017ba0000)]
  0x000000001762c000 JavaThread "pool-3-thread-1" [_thread_blocked, id=129900, stack(0x00000000179a0000,0x0000000017aa0000)]
  0x0000000017629000 JavaThread "pool-2-thread-1" [_thread_blocked, id=128992, stack(0x00000000178a0000,0x00000000179a0000)]
  0x00000000172a7800 JavaThread "Service Thread" daemon [_thread_blocked, id=129892, stack(0x00000000176a0000,0x00000000177a0000)]
  0x0000000015a79000 JavaThread "C1 CompilerThread2" daemon [_thread_blocked, id=129648, stack(0x00000000171a0000,0x00000000172a0000)]
  0x0000000015a20800 JavaThread "C2 CompilerThread1" daemon [_thread_blocked, id=129456, stack(0x00000000170a0000,0x00000000171a0000)]
=>0x0000000015a1a800 JavaThread "C2 CompilerThread0" daemon [_thread_in_native, id=129876, stack(0x0000000016fa0000,0x00000000170a0000)]
  0x0000000015a18800 JavaThread "Attach Listener" daemon [_thread_blocked, id=129996, stack(0x0000000016ea0000,0x0000000016fa0000)]
  0x0000000015a17000 JavaThread "Signal Dispatcher" daemon [_thread_blocked, id=129584, stack(0x0000000016da0000,0x0000000016ea0000)]
  0x0000000003346800 JavaThread "Finalizer" daemon [_thread_blocked, id=129932, stack(0x0000000016ca0000,0x0000000016da0000)]
  0x000000000333d800 JavaThread "Reference Handler" daemon [_thread_blocked, id=129964, stack(0x0000000016ba0000,0x0000000016ca0000)]
  0x000000000324e000 JavaThread "main" [_thread_blocked, id=129620, stack(0x0000000003050000,0x0000000003150000)]

Other Threads:
  0x00000000159e8000 VMThread [stack: 0x0000000016aa0000,0x0000000016ba0000] [id=128280]
  0x00000000172a8800 WatcherThread [stack: 0x00000000177a0000,0x00000000178a0000] [id=128136]

VM state:at safepoint (normal execution)

VM Mutex/Monitor currently owned by a thread:  ([mutex/lock_event])
[0x000000000324d6a0] Threads_lock - owner thread: 0x00000000159e8000
[0x000000000324daa0] Heap_lock - owner thread: 0x000000000324e000

Heap:
 PSYoungGen      total 49152K, used 37376K [0x00000000eab00000, 0x00000000efb80000, 0x0000000100000000)
  eden space 37376K, 100% used [0x00000000eab00000,0x00000000ecf80000,0x00000000ecf80000)
  from space 11776K, 0% used [0x00000000ecf80000,0x00000000ecf80000,0x00000000edb00000)
  to   space 11264K, 0% used [0x00000000ef080000,0x00000000ef080000,0x00000000efb80000)
 ParOldGen       total 44032K, used 44027K [0x00000000c0000000, 0x00000000c2b00000, 0x00000000eab00000)
  object space 44032K, 99% used [0x00000000c0000000,0x00000000c2afee90,0x00000000c2b00000)
 Metaspace       used 6463K, capacity 7256K, committed 7424K, reserved 1056768K
  class space    used 614K, capacity 656K, committed 768K, reserved 1048576K

Card table byte_map: [0x0000000012710000,0x0000000012920000] byte_map_base: 0x0000000012110000

Marking Bits: (ParMarkBitMap*) 0x000000006dfa4040
 Begin Bits: [0x0000000012e80000, 0x0000000013e80000)
 End Bits:   [0x0000000013e80000, 0x0000000014e80000)

Polling page: 0x0000000001340000

CodeCache: size=245760Kb used=11460Kb max_used=11476Kb free=234299Kb
 bounds [0x0000000003350000, 0x0000000003e90000, 0x0000000012350000]
 total_blobs=2454 nmethods=2184 adapters=182
 compilation: enabled

Compilation events (10 events):
Event: 24.010 Thread 0x0000000015a79000 2299       2       com.android.dx.ssa.back.FirstFitLocalCombiningAllocator::findRangeAndAdjust (311 bytes)
Event: 24.012 Thread 0x0000000015a79000 nmethod 2299 0x0000000003e65d90 code [0x0000000003e66000, 0x0000000003e66a18]
Event: 24.012 Thread 0x0000000015a79000 2300       2       com.android.dx.ssa.NormalSsaInsn::changeOneSource (120 bytes)
Event: 24.013 Thread 0x0000000015a79000 nmethod 2300 0x0000000003e67610 code [0x0000000003e67820, 0x0000000003e67f78]
Event: 24.058 Thread 0x0000000015a79000 2302       2       com.android.dx.rop.type.Type::getArrayType (50 bytes)
Event: 24.059 Thread 0x0000000015a79000 nmethod 2302 0x0000000003e4ecd0 code [0x0000000003e4ee80, 0x0000000003e4f2e8]
Event: 24.070 Thread 0x0000000015a79000 2303       2       com.android.dx.rop.cst.CstLiteral32::<init> (10 bytes)
Event: 24.071 Thread 0x0000000015a79000 nmethod 2303 0x0000000003e4e990 code [0x0000000003e4eae0, 0x0000000003e4ec30]
Event: 24.079 Thread 0x0000000015a79000 2304       2       com.android.dx.rop.code.SwitchInsn::withNewRegisters (22 bytes)
Event: 24.079 Thread 0x0000000015a79000 nmethod 2304 0x0000000003e68950 code [0x0000000003e68ac0, 0x0000000003e68ca8]

GC Heap History (10 events):
Event: 21.276 GC heap before
{Heap before GC invocations=9 (full 0):
 PSYoungGen      total 26112K, used 26112K [0x00000000eab00000, 0x00000000f0200000, 0x0000000100000000)
  eden space 23552K, 100% used [0x00000000eab00000,0x00000000ec200000,0x00000000ec200000)
  from space 2560K, 100% used [0x00000000ecd80000,0x00000000ed000000,0x00000000ed000000)
  to   space 11776K, 0% used [0x00000000ec200000,0x00000000ec200000,0x00000000ecd80000)
 ParOldGen       total 44032K, used 29984K [0x00000000c0000000, 0x00000000c2b00000, 0x00000000eab00000)
  object space 44032K, 68% used [0x00000000c0000000,0x00000000c1d48038,0x00000000c2b00000)
 Metaspace       used 6349K, capacity 7216K, committed 7296K, reserved 1056768K
  class space    used 594K, capacity 616K, committed 640K, reserved 1048576K
Event: 21.448 GC heap after
Heap after GC invocations=9 (full 0):
 PSYoungGen      total 35328K, used 6768K [0x00000000eab00000, 0x00000000ee600000, 0x0000000100000000)
  eden space 23552K, 0% used [0x00000000eab00000,0x00000000eab00000,0x00000000ec200000)
  from space 11776K, 57% used [0x00000000ec200000,0x00000000ec89c200,0x00000000ecd80000)
  to   space 11264K, 0% used [0x00000000edb00000,0x00000000edb00000,0x00000000ee600000)
 ParOldGen       total 44032K, used 30657K [0x00000000c0000000, 0x00000000c2b00000, 0x00000000eab00000)
  object space 44032K, 69% used [0x00000000c0000000,0x00000000c1df04b8,0x00000000c2b00000)
 Metaspace       used 6349K, capacity 7216K, committed 7296K, reserved 1056768K
  class space    used 594K, capacity 616K, committed 640K, reserved 1048576K
}
Event: 22.373 GC heap before
{Heap before GC invocations=10 (full 0):
 PSYoungGen      total 35328K, used 30320K [0x00000000eab00000, 0x00000000ee600000, 0x0000000100000000)
  eden space 23552K, 100% used [0x00000000eab00000,0x00000000ec200000,0x00000000ec200000)
  from space 11776K, 57% used [0x00000000ec200000,0x00000000ec89c200,0x00000000ecd80000)
  to   space 11264K, 0% used [0x00000000edb00000,0x00000000edb00000,0x00000000ee600000)
 ParOldGen       total 44032K, used 30657K [0x00000000c0000000, 0x00000000c2b00000, 0x00000000eab00000)
  object space 44032K, 69% used [0x00000000c0000000,0x00000000c1df04b8,0x00000000c2b00000)
 Metaspace       used 6351K, capacity 7216K, committed 7296K, reserved 1056768K
  class space    used 594K, capacity 616K, committed 640K, reserved 1048576K
Event: 22.420 GC heap after
Heap after GC invocations=10 (full 0):
 PSYoungGen      total 48640K, used 8149K [0x00000000eab00000, 0x00000000ee700000, 0x0000000100000000)
  eden space 37376K, 0% used [0x00000000eab00000,0x00000000eab00000,0x00000000ecf80000)
  from space 11264K, 72% used [0x00000000edb00000,0x00000000ee2f5400,0x00000000ee600000)
  to   space 11776K, 0% used [0x00000000ecf80000,0x00000000ecf80000,0x00000000edb00000)
 ParOldGen       total 44032K, used 32553K [0x00000000c0000000, 0x00000000c2b00000, 0x00000000eab00000)
  object space 44032K, 73% used [0x00000000c0000000,0x00000000c1fca490,0x00000000c2b00000)
 Metaspace       used 6351K, capacity 7216K, committed 7296K, reserved 1056768K
  class space    used 594K, capacity 616K, committed 640K, reserved 1048576K
}
Event: 22.704 GC heap before
{Heap before GC invocations=11 (full 0):
 PSYoungGen      total 48640K, used 45525K [0x00000000eab00000, 0x00000000ee700000, 0x0000000100000000)
  eden space 37376K, 100% used [0x00000000eab00000,0x00000000ecf80000,0x00000000ecf80000)
  from space 11264K, 72% used [0x00000000edb00000,0x00000000ee2f5400,0x00000000ee600000)
  to   space 11776K, 0% used [0x00000000ecf80000,0x00000000ecf80000,0x00000000edb00000)
 ParOldGen       total 44032K, used 32553K [0x00000000c0000000, 0x00000000c2b00000, 0x00000000eab00000)
  object space 44032K, 73% used [0x00000000c0000000,0x00000000c1fca490,0x00000000c2b00000)
 Metaspace       used 6452K, capacity 7256K, committed 7424K, reserved 1056768K
  class space    used 614K, capacity 656K, committed 768K, reserved 1048576K
Event: 22.737 GC heap after
Heap after GC invocations=11 (full 0):
 PSYoungGen      total 49152K, used 6400K [0x00000000eab00000, 0x00000000efb80000, 0x0000000100000000)
  eden space 37376K, 0% used [0x00000000eab00000,0x00000000eab00000,0x00000000ecf80000)
  from space 11776K, 54% used [0x00000000ecf80000,0x00000000ed5c0000,0x00000000edb00000)
  to   space 11264K, 0% used [0x00000000ef080000,0x00000000ef080000,0x00000000efb80000)
 ParOldGen       total 44032K, used 40318K [0x00000000c0000000, 0x00000000c2b00000, 0x00000000eab00000)
  object space 44032K, 91% used [0x00000000c0000000,0x00000000c275f800,0x00000000c2b00000)
 Metaspace       used 6452K, capacity 7256K, committed 7424K, reserved 1056768K
  class space    used 614K, capacity 656K, committed 768K, reserved 1048576K
}
Event: 22.737 GC heap before
{Heap before GC invocations=12 (full 1):
 PSYoungGen      total 49152K, used 6400K [0x00000000eab00000, 0x00000000efb80000, 0x0000000100000000)
  eden space 37376K, 0% used [0x00000000eab00000,0x00000000eab00000,0x00000000ecf80000)
  from space 11776K, 54% used [0x00000000ecf80000,0x00000000ed5c0000,0x00000000edb00000)
  to   space 11264K, 0% used [0x00000000ef080000,0x00000000ef080000,0x00000000efb80000)
 ParOldGen       total 44032K, used 40318K [0x00000000c0000000, 0x00000000c2b00000, 0x00000000eab00000)
  object space 44032K, 91% used [0x00000000c0000000,0x00000000c275f800,0x00000000c2b00000)
 Metaspace       used 6452K, capacity 7256K, committed 7424K, reserved 1056768K
  class space    used 614K, capacity 656K, committed 768K, reserved 1048576K
Event: 23.696 GC heap after
Heap after GC invocations=12 (full 1):
 PSYoungGen      total 49152K, used 0K [0x00000000eab00000, 0x00000000efb80000, 0x0000000100000000)
  eden space 37376K, 0% used [0x00000000eab00000,0x00000000eab00000,0x00000000ecf80000)
  from space 11776K, 0% used [0x00000000ecf80000,0x00000000ecf80000,0x00000000edb00000)
  to   space 11264K, 0% used [0x00000000ef080000,0x00000000ef080000,0x00000000efb80000)
 ParOldGen       total 44032K, used 41282K [0x00000000c0000000, 0x00000000c2b00000, 0x00000000eab00000)
  object space 44032K, 93% used [0x00000000c0000000,0x00000000c2850958,0x00000000c2b00000)
 Metaspace       used 6452K, capacity 7256K, committed 7424K, reserved 1056768K
  class space    used 614K, capacity 656K, committed 768K, reserved 1048576K
}
Event: 24.094 GC heap before
{Heap before GC invocations=13 (full 2):
 PSYoungGen      total 49152K, used 37376K [0x00000000eab00000, 0x00000000efb80000, 0x0000000100000000)
  eden space 37376K, 100% used [0x00000000eab00000,0x00000000ecf80000,0x00000000ecf80000)
  from space 11776K, 0% used [0x00000000ecf80000,0x00000000ecf80000,0x00000000edb00000)
  to   space 11264K, 0% used [0x00000000ef080000,0x00000000ef080000,0x00000000efb80000)
 ParOldGen       total 44032K, used 41282K [0x00000000c0000000, 0x00000000c2b00000, 0x00000000eab00000)
  object space 44032K, 93% used [0x00000000c0000000,0x00000000c2850958,0x00000000c2b00000)
 Metaspace       used 6461K, capacity 7256K, committed 7424K, reserved 1056768K
  class space    used 614K, capacity 656K, committed 768K, reserved 1048576K
Event: 24.998 GC heap after
Heap after GC invocations=13 (full 2):
 PSYoungGen      total 49152K, used 2310K [0x00000000eab00000, 0x00000000efb80000, 0x0000000100000000)
  eden space 37376K, 6% used [0x00000000eab00000,0x00000000ead41ac8,0x00000000ecf80000)
  from space 11776K, 0% used [0x00000000ecf80000,0x00000000ecf80000,0x00000000edb00000)
  to   space 11264K, 0% used [0x00000000ef080000,0x00000000ef080000,0x00000000efb80000)
 ParOldGen       total 44032K, used 44027K [0x00000000c0000000, 0x00000000c2b00000, 0x00000000eab00000)
  object space 44032K, 99% used [0x00000000c0000000,0x00000000c2afee90,0x00000000c2b00000)
 Metaspace       used 6461K, capacity 7256K, committed 7424K, reserved 1056768K
  class space    used 614K, capacity 656K, committed 768K, reserved 1048576K
}

Deoptimization events (10 events):
Event: 22.625 Thread 0x0000000017596800 Uncommon trap: reason=unstable_if action=reinterpret pc=0x0000000003867b14 method=java.util.HashMap.putVal(ILjava/lang/Object;Ljava/lang/Object;ZZ)Ljava/lang/Object; @ 162
Event: 22.630 Thread 0x0000000017596800 Uncommon trap: reason=unstable_if action=reinterpret pc=0x0000000003aa44e4 method=java.util.HashMap.getNode(ILjava/lang/Object;)Ljava/util/HashMap$Node; @ 84
Event: 22.675 Thread 0x0000000017597000 Uncommon trap: reason=bimorphic action=maybe_recompile pc=0x0000000003d121c0 method=com.android.dx.cf.code.BytecodeArray.parseInstruction(ILcom/android/dx/cf/code/BytecodeArray$Visitor;)I @ 1161
Event: 22.679 Thread 0x0000000017597000 Uncommon trap: reason=bimorphic action=maybe_recompile pc=0x0000000003d121c0 method=com.android.dx.cf.code.BytecodeArray.parseInstruction(ILcom/android/dx/cf/code/BytecodeArray$Visitor;)I @ 1161
Event: 22.683 Thread 0x0000000017597000 Uncommon trap: reason=unstable_if action=reinterpret pc=0x0000000003b39c18 method=java.util.HashMap.getNode(ILjava/lang/Object;)Ljava/util/HashMap$Node; @ 84
Event: 22.697 Thread 0x0000000017597000 Uncommon trap: reason=unstable_if action=reinterpret pc=0x0000000003b0438c method=com.android.dx.ssa.Dominators.run()V @ 346
Event: 23.721 Thread 0x0000000017629000 Uncommon trap: reason=unstable_if action=reinterpret pc=0x000000000389f48c method=com.android.dx.ssa.MoveParamCombiner$1.visitNonMoveInsn(Lcom/android/dx/ssa/NormalSsaInsn;)V @ 27
Event: 23.845 Thread 0x0000000017598000 Uncommon trap: reason=bimorphic action=maybe_recompile pc=0x0000000003cd3650 method=com.android.dx.ssa.LiteralOpUpgrader.tryReplacingWithConstant(Lcom/android/dx/ssa/NormalSsaInsn;)Z @ 62
Event: 23.845 Thread 0x0000000017598000 Uncommon trap: reason=unstable_if action=reinterpret pc=0x0000000003b56440 method=com.android.dx.ssa.LiteralOpUpgrader$1.visitNonMoveInsn(Lcom/android/dx/ssa/NormalSsaInsn;)V @ 24
Event: 24.007 Thread 0x0000000017598000 Uncommon trap: reason=bimorphic action=maybe_recompile pc=0x0000000003cd3650 method=com.android.dx.ssa.LiteralOpUpgrader.tryReplacingWithConstant(Lcom/android/dx/ssa/NormalSsaInsn;)Z @ 62

Internal exceptions (7 events):
Event: 0.406 Thread 0x000000000324e000 Exception <a 'java/lang/NoSuchMethodError': Method sun.misc.Unsafe.defineClass(Ljava/lang/String;[BII)Ljava/lang/Class; name or signature does not match> (0x00000000eab0d928) thrown at [C:\re\workspace\8-2-build-windows-amd64-cygwin\jdk8u51\3951\hotspot\srÂsYÚ?
Event: 0.406 Thread 0x000000000324e000 Exception <a 'java/lang/NoSuchMethodError': Method sun.misc.Unsafe.prefetchRead(Ljava/lang/Object;J)V name or signature does not match> (0x00000000eab0dbb8) thrown at [C:\re\workspace\8-2-build-windows-amd64-cygwin\jdk8u51\3951\hotspot\src\share\vm\prims\jh	#Á*@
Event: 13.377 Thread 0x0000000017597000 Implicit null exception at 0x000000000370dfe2 to 0x000000000370e0e1
Event: 21.595 Thread 0x0000000017629000 Implicit null exception at 0x00000000038a9a57 to 0x00000000038ab1fd
Event: 22.627 Thread 0x0000000017596800 Exception <a 'java/lang/ArrayIndexOutOfBoundsException': 18> (0x00000000ec931f70) thrown at [C:\re\workspace\8-2-build-windows-amd64-cygwin\jdk8u51\3951\hotspot\src\share\vm\interpreter\interpreterRuntime.cpp, line 366]
Event: 22.628 Thread 0x0000000017596800 Exception <a 'java/lang/ArrayIndexOutOfBoundsException': 145> (0x00000000ec933a40) thrown at [C:\re\workspace\8-2-build-windows-amd64-cygwin\jdk8u51\3951\hotspot\src\share\vm\interpreter\interpreterRuntime.cpp, line 366]
Event: 22.629 Thread 0x0000000017596800 Exception <a 'java/lang/ArrayIndexOutOfBoundsException'> (0x00000000ec934c78) thrown at [C:\re\workspace\8-2-build-windows-amd64-cygwin\jdk8u51\3951\hotspot\src\share\vm\runtime\sharedRuntime.cpp, line 605]

Events (10 events):
Event: 23.877 Thread 0x0000000017596800 DEOPT UNPACKING pc=0x000000000339787f sp=0x0000000017b9e3b0 mode 0
Event: 23.986 Thread 0x0000000017597000 DEOPT PACKING pc=0x000000000383d26b sp=0x0000000017c9ed40
Event: 23.986 Thread 0x0000000017597000 DEOPT UNPACKING pc=0x000000000339787f sp=0x0000000017c9eb10 mode 0
Event: 24.006 Thread 0x0000000017598000 DEOPT PACKING pc=0x00000000037e932d sp=0x0000000017d9eb80
Event: 24.006 Thread 0x0000000017598000 DEOPT UNPACKING pc=0x000000000339787f sp=0x0000000017d9e910 mode 0
Event: 24.007 Thread 0x0000000017598000 Uncommon trap: trap_request=0xffffffc6 fr.pc=0x0000000003cd3650
Event: 24.007 Thread 0x0000000017598000 DEOPT PACKING pc=0x0000000003cd3650 sp=0x0000000017d9e9b0
Event: 24.007 Thread 0x0000000017598000 DEOPT UNPACKING pc=0x000000000339582a sp=0x0000000017d9e950 mode 2
Event: 24.094 Executing VM operation: ParallelGCFailedAllocation
Event: 24.998 Executing VM operation: ParallelGCFailedAllocation done


Dynamic libraries:
0x00007ff6497e0000 - 0x00007ff649817000 	C:\Program Files\Java\jdk1.8.0_51\bin\java.exe
0x00007ff84b790000 - 0x00007ff84b961000 	C:\WINDOWS\SYSTEM32\ntdll.dll
0x00007ff8491b0000 - 0x00007ff84925b000 	C:\WINDOWS\System32\KERNEL32.DLL
0x00007ff847ef0000 - 0x00007ff84810d000 	C:\WINDOWS\System32\KERNELBASE.dll
0x00007ff84aed0000 - 0x00007ff84af72000 	C:\WINDOWS\System32\ADVAPI32.dll
0x00007ff848d20000 - 0x00007ff848dbe000 	C:\WINDOWS\System32\msvcrt.dll
0x00007ff84b510000 - 0x00007ff84b569000 	C:\WINDOWS\System32\sechost.dll
0x00007ff84ad30000 - 0x00007ff84ae51000 	C:\WINDOWS\System32\RPCRT4.dll
0x00007ff848f80000 - 0x00007ff8490e5000 	C:\WINDOWS\System32\USER32.dll
0x00007ff847cd0000 - 0x00007ff847cee000 	C:\WINDOWS\System32\win32u.dll
0x00007ff84b750000 - 0x00007ff84b784000 	C:\WINDOWS\System32\GDI32.dll
0x00007ff847cf0000 - 0x00007ff847e72000 	C:\WINDOWS\System32\gdi32full.dll
0x00007ff837500000 - 0x00007ff837779000 	C:\WINDOWS\WinSxS\amd64_microsoft.windows.common-controls_6595b64144ccf1df_6.0.14393.447_none_42191651c6827bb3\COMCTL32.dll
0x00007ff84b240000 - 0x00007ff84b508000 	C:\WINDOWS\System32\combase.dll
0x00007ff8481b0000 - 0x00007ff8482a5000 	C:\WINDOWS\System32\ucrtbase.dll
0x00007ff847e80000 - 0x00007ff847eea000 	C:\WINDOWS\System32\bcryptPrimitives.dll
0x00007ff84ad00000 - 0x00007ff84ad2e000 	C:\WINDOWS\System32\IMM32.DLL
0x000000006e030000 - 0x000000006e102000 	C:\Program Files\Java\jdk1.8.0_51\jre\bin\msvcr100.dll
0x000000006d7a0000 - 0x000000006e023000 	C:\Program Files\Java\jdk1.8.0_51\jre\bin\server\jvm.dll
0x00007ff84aff0000 - 0x00007ff84aff8000 	C:\WINDOWS\System32\PSAPI.DLL
0x00007ff842db0000 - 0x00007ff842db9000 	C:\WINDOWS\SYSTEM32\WSOCK32.dll
0x00007ff84ae60000 - 0x00007ff84aeca000 	C:\WINDOWS\System32\WS2_32.dll
0x00007ff845f70000 - 0x00007ff845f93000 	C:\WINDOWS\SYSTEM32\WINMM.dll
0x00007ff843c70000 - 0x00007ff843c7a000 	C:\WINDOWS\SYSTEM32\VERSION.dll
0x00007ff845c70000 - 0x00007ff845c9b000 	C:\WINDOWS\SYSTEM32\WINMMBASE.dll
0x00007ff847c80000 - 0x00007ff847cc2000 	C:\WINDOWS\System32\cfgmgr32.dll
0x000000006ee80000 - 0x000000006ee8f000 	C:\Program Files\Java\jdk1.8.0_51\jre\bin\verify.dll
0x000000006d770000 - 0x000000006d799000 	C:\Program Files\Java\jdk1.8.0_51\jre\bin\java.dll
0x000000006d750000 - 0x000000006d766000 	C:\Program Files\Java\jdk1.8.0_51\jre\bin\zip.dll
0x00007ff8497f0000 - 0x00007ff84acf9000 	C:\WINDOWS\System32\SHELL32.dll
0x00007ff848640000 - 0x00007ff848d1a000 	C:\WINDOWS\System32\windows.storage.dll
0x00007ff847c20000 - 0x00007ff847c6c000 	C:\WINDOWS\System32\powrprof.dll
0x00007ff84b1e0000 - 0x00007ff84b232000 	C:\WINDOWS\System32\shlwapi.dll
0x00007ff847c70000 - 0x00007ff847c7f000 	C:\WINDOWS\System32\kernel.appcore.dll
0x00007ff8482b0000 - 0x00007ff848359000 	C:\WINDOWS\System32\shcore.dll
0x00007ff847c00000 - 0x00007ff847c14000 	C:\WINDOWS\System32\profapi.dll
0x00007ff840da0000 - 0x00007ff840f32000 	C:\WINDOWS\SYSTEM32\dbghelp.dll

VM Arguments:
jvm_args: -Djava.awt.headless=true -Xmx1024M -Dfile.encoding=windows-1252 -Duser.country=IN -Duser.language=en -Duser.variant 
java_command: com.android.dx.command.Main --dex --force-jumbo --num-threads=4 --multi-dex --output F:\STUDY\ANDROID\SAMPLES\TimeWork\app\build\intermediates\transforms\dex\debug\folders\1000\10\com.android.support-support-v4-23.3.0_104914a2f048a7a7f5de017ec0ceefe2a5203d96 F:\STUDY\ANDROID\SAMPLES\TimeWork\app\build\intermediates\exploded-aar\com.android.support\support-v4\23.3.0\jars\classes.jar
java_class_path (initial): C:\Users\Ganesh Prasad\AppData\Local\Android\sdk\build-tools\23.0.3\lib\dx.jar
Launcher Type: SUN_STANDARD

Environment Variables:
JAVA_HOME=C:\Program Files\Java\jdk1.8.0_51
PATH=C:\ProgramData\Oracle\Java\javapath;C:\Program Files (x86)\Intel\iCLS Client\;C:\Program Files\Intel\iCLS Client\;C:\Program Files (x86)\AMD APP\bin\x86_64;C:\Program Files (x86)\AMD APP\bin\x86;C:\WINDOWS\system32;C:\WINDOWS;C:\WINDOWS\System32\Wbem;C:\WINDOWS\System32\WindowsPowerShell\v1.0\;C:\Program Files (x86)\ATI Technologies\ATI.ACE\Core-Static;C:\Program Files\Intel\Intel(R) Management Engine Components\DAL;C:\Program Files\Intel\Intel(R) Management Engine Components\IPT;C:\Program Files (x86)\Intel\Intel(R) Management Engine Components\DAL;C:\Program Files (x86)\Intel\Intel(R) Management Engine Components\IPT;\;C:\Program Files (x86)\Sony\VAIO Startup Setting Tool;C:\Program Files (x86)\Java\jdk1.8.0_45\bin;C:\Program Files\nodejs\;C:\Users\Ganesh Prasad\AppData\Local\GitHub\PortableGit_c7e0cbde92ba565cb218a521411d0e854079a28c\bin;C:\Users\Ganesh Prasad\AppData\Local\GitHub\PortableGit_c7e0cbde92ba565cb218a521411d0e854079a28c\cmd;C:\Program Files (x86)\AMD\ATI.ACE\Core-Static;C:\Users\Ganesh Prasad\AppData\Local\Android\sdk\platform-tools;C:\Program Files (x86)\Brackets\command;C:\Users\Ganesh Prasad\Anaconda2;C:\Users\Ganesh Prasad\Anaconda2\Scripts;C:\Users\Ganesh Prasad\Anaconda2\Library\bin;C:\Users\Ganesh Prasad\AppData\Roaming\npm;C:\Users\Ganesh Prasad\AppData\Local\Microsoft\WindowsApps;
USERNAME=Ganesh Prasad
OS=Windows_NT
PROCESSOR_IDENTIFIER=Intel64 Family 6 Model 58 Stepping 9, GenuineIntel



---------------  S Y S T E M  ---------------

OS: Windows 10.0 , 64 bit Build 14393 (10.0.14393.0)

CPU:total 4 (2 cores per cpu, 2 threads per core) family 6 model 58 stepping 9, cmov, cx8, fxsr, mmx, sse, sse2, sse3, ssse3, sse4.1, sse4.2, popcnt, avx, clmul, erms, ht, tsc, tscinvbit, tscinv

Memory: 4k page, physical 4140316k(671220k free), swap 5574940k(155804k free)

vm_info: Java HotSpot(TM) 64-Bit Server VM (25.51-b03) for windows-amd64 JRE (1.8.0_51-b16), built on Jun  8 2015 18:03:07 by "java_re" with MS VC++ 10.0 (VS2010)

time: Sun Jan 15 22:04:00 2017
elapsed time: 25 seconds (0d 0h 0m 25s)

