#
# There is insufficient memory for the Java Runtime Environment to continue.
# Native memory allocation (malloc) failed to allocate 32744 bytes for ChunkPool::allocate
# Possible reasons:
#   The system is out of physical RAM or swap space
#   In 32 bit mode, the process size limit was hit
# Possible solutions:
#   Reduce memory load on the system
#   Increase physical memory or swap space
#   Check if swap backing store is full
#   Use 64 bit Java on a 64 bit OS
#   Decrease Java heap size (-Xmx/-Xms)
#   Decrease number of Java threads
#   Decrease Java thread stack sizes (-Xss)
#   Set larger code cache with -XX:ReservedCodeCacheSize=
# This output file may be truncated or incomplete.
#
#  Out of Memory Error (allocation.cpp:273), pid=20596, tid=23508
#
# JRE version: Java(TM) SE Runtime Environment (8.0_51-b16) (build 1.8.0_51-b16)
# Java VM: Java HotSpot(TM) 64-Bit Server VM (25.51-b03 mixed mode windows-amd64 compressed oops)
# Failed to write core dump. Minidumps are not enabled by default on client versions of Windows
#

---------------  T H R E A D  ---------------

Current thread (0x00000000150c0000):  JavaThread "C2 CompilerThread1" daemon [_thread_in_native, id=23508, stack(0x00000000166c0000,0x00000000167c0000)]

Stack: [0x00000000166c0000,0x00000000167c0000]
Native frames: (J=compiled Java code, j=interpreted, Vv=VM code, C=native code)
V  [jvm.dll+0x32b4ca]
V  [jvm.dll+0x2797e3]
V  [jvm.dll+0x27a479]
V  [jvm.dll+0x271765]
V  [jvm.dll+0xcb824]
V  [jvm.dll+0xcba47]
V  [jvm.dll+0xcbecc]
V  [jvm.dll+0x4ea090]
V  [jvm.dll+0x4490ab]
V  [jvm.dll+0x454924]
V  [jvm.dll+0x48af55]
V  [jvm.dll+0x4f2bbb]
V  [jvm.dll+0x4f6882]
V  [jvm.dll+0x4510a0]
V  [jvm.dll+0x475db1]
V  [jvm.dll+0x4fd325]
V  [jvm.dll+0x4f5f37]
V  [jvm.dll+0x4f62b9]
V  [jvm.dll+0x4f684f]
V  [jvm.dll+0x4510a0]
V  [jvm.dll+0x475db1]
V  [jvm.dll+0x4fd325]
V  [jvm.dll+0x4f5f37]
V  [jvm.dll+0x4f62b9]
V  [jvm.dll+0x4f684f]
V  [jvm.dll+0x4510a0]
V  [jvm.dll+0x475db1]
V  [jvm.dll+0x4fd325]
V  [jvm.dll+0x4f5f37]
V  [jvm.dll+0x4f62b9]
V  [jvm.dll+0x4f684f]
V  [jvm.dll+0x4510a0]
V  [jvm.dll+0x45179d]
V  [jvm.dll+0x475db1]
V  [jvm.dll+0x4fd325]
V  [jvm.dll+0x4f5f37]
V  [jvm.dll+0x4f62b9]
V  [jvm.dll+0x4f684f]
V  [jvm.dll+0x4510a0]
V  [jvm.dll+0x46cb55]
V  [jvm.dll+0x4501a2]
V  [jvm.dll+0xa43a2]
V  [jvm.dll+0xa4cdf]
V  [jvm.dll+0x2418a4]
V  [jvm.dll+0x29846a]
C  [msvcr100.dll+0x21d9f]
C  [msvcr100.dll+0x21e3b]
C  [KERNEL32.DLL+0x8364]
C  [ntdll.dll+0x670d1]


Current CompileTask:
C2:   3006  645       4       com.android.dx.ssa.NormalSsaInsn::accept (25 bytes)


---------------  P R O C E S S  ---------------

Java Threads: ( => current thread )
  0x0000000016a9d800 JavaThread "pool-2-thread-4" [_thread_in_Java, id=22880, stack(0x00000000172c0000,0x00000000173c0000)]
  0x0000000016a50000 JavaThread "pool-2-thread-3" [_thread_blocked, id=22824, stack(0x00000000171c0000,0x00000000172c0000)]
  0x000000001694c000 JavaThread "pool-2-thread-2" [_thread_blocked, id=22476, stack(0x00000000170c0000,0x00000000171c0000)]
  0x000000001693a800 JavaThread "pool-3-thread-1" [_thread_blocked, id=1628, stack(0x0000000016fc0000,0x00000000170c0000)]
  0x0000000016939800 JavaThread "pool-2-thread-1" [_thread_blocked, id=20804, stack(0x0000000016ec0000,0x0000000016fc0000)]
  0x00000000167ce000 JavaThread "Service Thread" daemon [_thread_blocked, id=23524, stack(0x0000000016cc0000,0x0000000016dc0000)]
  0x00000000167c8800 JavaThread "C1 CompilerThread2" daemon [_thread_in_native, id=22048, stack(0x0000000016bc0000,0x0000000016cc0000)]
=>0x00000000150c0000 JavaThread "C2 CompilerThread1" daemon [_thread_in_native, id=23508, stack(0x00000000166c0000,0x00000000167c0000)]
  0x000000001506c000 JavaThread "C2 CompilerThread0" daemon [_thread_in_native, id=22680, stack(0x00000000165c0000,0x00000000166c0000)]
  0x000000001506a800 JavaThread "Attach Listener" daemon [_thread_blocked, id=23488, stack(0x00000000164c0000,0x00000000165c0000)]
  0x0000000015069800 JavaThread "Signal Dispatcher" daemon [_thread_blocked, id=23408, stack(0x00000000163c0000,0x00000000164c0000)]
  0x0000000002994800 JavaThread "Finalizer" daemon [_thread_blocked, id=22024, stack(0x00000000162c0000,0x00000000163c0000)]
  0x0000000002991800 JavaThread "Reference Handler" daemon [_thread_blocked, id=22488, stack(0x00000000161c0000,0x00000000162c0000)]
  0x000000000289e000 JavaThread "main" [_thread_in_native, id=20588, stack(0x0000000002700000,0x0000000002800000)]

Other Threads:
  0x0000000015036800 VMThread [stack: 0x00000000160c0000,0x00000000161c0000] [id=20872]
  0x00000000167cf000 WatcherThread [stack: 0x0000000016dc0000,0x0000000016ec0000] [id=23336]

VM state:not at safepoint (normal execution)

VM Mutex/Monitor currently owned by a thread: None

Heap:
 PSYoungGen      total 18944K, used 11534K [0x00000000eab00000, 0x00000000ec000000, 0x0000000100000000)
  eden space 16384K, 70% used [0x00000000eab00000,0x00000000eb643918,0x00000000ebb00000)
  from space 2560K, 0% used [0x00000000ebd80000,0x00000000ebd80000,0x00000000ec000000)
  to   space 2560K, 0% used [0x00000000ebb00000,0x00000000ebb00000,0x00000000ebd80000)
 ParOldGen       total 44032K, used 0K [0x00000000c0000000, 0x00000000c2b00000, 0x00000000eab00000)
  object space 44032K, 0% used [0x00000000c0000000,0x00000000c0000000,0x00000000c2b00000)
 Metaspace       used 5481K, capacity 6576K, committed 6784K, reserved 1056768K
  class space    used 578K, capacity 616K, committed 640K, reserved 1048576K

Card table byte_map: [0x0000000011d60000,0x0000000011f70000] byte_map_base: 0x0000000011760000

Marking Bits: (ParMarkBitMap*) 0x0000000069774040
 Begin Bits: [0x00000000124d0000, 0x00000000134d0000)
 End Bits:   [0x00000000134d0000, 0x00000000144d0000)

Polling page: 0x00000000026e0000

CodeCache: size=245760Kb used=2524Kb max_used=2536Kb free=243235Kb
 bounds [0x00000000029a0000, 0x0000000002c20000, 0x00000000119a0000]
 total_blobs=904 nmethods=636 adapters=181
 compilation: enabled

Compilation events (10 events):
Event: 2.854 Thread 0x00000000167c8800  635       3       com.android.dx.cf.code.LineNumberList::pcToLine (73 bytes)
Event: 2.854 Thread 0x00000000167c8800 nmethod 635 0x0000000002c10550 code [0x0000000002c10700, 0x0000000002c10de8]
Event: 2.854 Thread 0x00000000167c8800  638       3       com.android.dx.cf.code.RopperMachine::getSources (264 bytes)
Event: 2.859 Thread 0x00000000167c8800 nmethod 638 0x0000000002c11050 code [0x0000000002c11660, 0x0000000002c15ff8]
Event: 2.859 Thread 0x00000000167c8800  637   !   3       com.android.dx.cf.code.RopperMachine::run (1550 bytes)
Event: 2.860 Thread 0x00000000150c0000  645       4       com.android.dx.ssa.NormalSsaInsn::accept (25 bytes)
Event: 2.860 Thread 0x000000001506c000 nmethod 630 0x0000000002c0e510 code [0x0000000002c0e680, 0x0000000002c0eb58]
Event: 2.865 Thread 0x000000001506c000  646       4       java.util.ArrayList::ensureExplicitCapacity (26 bytes)
Event: 2.869 Thread 0x000000001506c000 nmethod 646 0x0000000002c1b210 code [0x0000000002c1b360, 0x0000000002c1b5b8]
Event: 2.869 Thread 0x000000001506c000  647       4       com.android.dx.rop.cst.Constant::compareTo (9 bytes)

GC Heap History (0 events):
No events

Deoptimization events (9 events):
Event: 2.724 Thread 0x000000001694c000 Uncommon trap: reason=class_check action=maybe_recompile pc=0x0000000002b88e18 method=com.android.dx.rop.cst.Constant.compareTo(Ljava/lang/Object;)I @ 2
Event: 2.724 Thread 0x0000000016939800 Uncommon trap: reason=class_check action=maybe_recompile pc=0x0000000002b88e18 method=com.android.dx.rop.cst.Constant.compareTo(Ljava/lang/Object;)I @ 2
Event: 2.724 Thread 0x0000000016939800 Uncommon trap: reason=class_check action=maybe_recompile pc=0x0000000002b88e18 method=com.android.dx.rop.cst.Constant.compareTo(Ljava/lang/Object;)I @ 2
Event: 2.727 Thread 0x0000000016a50000 Uncommon trap: reason=class_check action=maybe_recompile pc=0x0000000002b88e18 method=com.android.dx.rop.cst.Constant.compareTo(Ljava/lang/Object;)I @ 2
Event: 2.819 Thread 0x0000000016939800 Uncommon trap: reason=unstable_if action=reinterpret pc=0x0000000002bab878 method=java.util.HashMap.getNode(ILjava/lang/Object;)Ljava/util/HashMap$Node; @ 143
Event: 2.850 Thread 0x0000000016a50000 Uncommon trap: reason=speculate_class_check action=maybe_recompile pc=0x0000000002c08fd0 method=com.android.dx.rop.cst.Constant.compareTo(Lcom/android/dx/rop/cst/Constant;)I @ 29
Event: 2.850 Thread 0x0000000016a50000 Uncommon trap: reason=speculate_class_check action=maybe_recompile pc=0x0000000002c08fd0 method=com.android.dx.rop.cst.Constant.compareTo(Lcom/android/dx/rop/cst/Constant;)I @ 29
Event: 2.850 Thread 0x0000000016a50000 Uncommon trap: reason=speculate_class_check action=maybe_recompile pc=0x0000000002c08fd0 method=com.android.dx.rop.cst.Constant.compareTo(Lcom/android/dx/rop/cst/Constant;)I @ 29
Event: 2.850 Thread 0x0000000016a50000 Uncommon trap: reason=speculate_class_check action=maybe_recompile pc=0x0000000002c08fd0 method=com.android.dx.rop.cst.Constant.compareTo(Lcom/android/dx/rop/cst/Constant;)I @ 29

Internal exceptions (2 events):
Event: 0.055 Thread 0x000000000289e000 Exception <a 'java/lang/NoSuchMethodError': Method sun.misc.Unsafe.defineClass(Ljava/lang/String;[BII)Ljava/lang/Class; name or signature does not match> (0x00000000eab0d930) thrown at [C:\re\workspace\8-2-build-windows-amd64-cygwin\jdk8u51\3951\hotspot\srFœ≈∏¨?
Event: 0.055 Thread 0x000000000289e000 Exception <a 'java/lang/NoSuchMethodError': Method sun.misc.Unsafe.prefetchRead(Ljava/lang/Object;J)V name or signature does not match> (0x00000000eab0dbc0) thrown at [C:\re\workspace\8-2-build-windows-amd64-cygwin\jdk8u51\3951\hotspot\src\share\vm\prims\j

Events (10 events):
Event: 2.850 Thread 0x0000000016a50000 DEOPT UNPACKING pc=0x00000000029e582a sp=0x00000000172be8b0 mode 2
Event: 2.850 Thread 0x0000000016a50000 Uncommon trap: trap_request=0xffffff76 fr.pc=0x0000000002c08fd0
Event: 2.850 Thread 0x0000000016a50000 DEOPT PACKING pc=0x0000000002c08fd0 sp=0x00000000172be980
Event: 2.850 Thread 0x0000000016a50000 DEOPT UNPACKING pc=0x00000000029e582a sp=0x00000000172be8b0 mode 2
Event: 2.850 Thread 0x0000000016a50000 Uncommon trap: trap_request=0xffffff76 fr.pc=0x0000000002c08fd0
Event: 2.850 Thread 0x0000000016a50000 DEOPT PACKING pc=0x0000000002c08fd0 sp=0x00000000172be980
Event: 2.850 Thread 0x0000000016a50000 DEOPT UNPACKING pc=0x00000000029e582a sp=0x00000000172be8b0 mode 2
Event: 2.850 Thread 0x0000000016a50000 Uncommon trap: trap_request=0xffffff76 fr.pc=0x0000000002c08fd0
Event: 2.850 Thread 0x0000000016a50000 DEOPT PACKING pc=0x0000000002c08fd0 sp=0x00000000172be980
Event: 2.850 Thread 0x0000000016a50000 DEOPT UNPACKING pc=0x00000000029e582a sp=0x00000000172be8b0 mode 2


Dynamic libraries:
0x00007ff62ffd0000 - 0x00007ff630007000 	C:\Program Files\Java\jdk1.8.0_51\bin\java.exe
0x00007ffb211e0000 - 0x00007ffb213b1000 	C:\WINDOWS\SYSTEM32\ntdll.dll
0x00007ffb20e50000 - 0x00007ffb20efb000 	C:\WINDOWS\System32\KERNEL32.DLL
0x00007ffb1da70000 - 0x00007ffb1dc8d000 	C:\WINDOWS\System32\KERNELBASE.dll
0x00007ffb1e770000 - 0x00007ffb1e812000 	C:\WINDOWS\System32\ADVAPI32.dll
0x00007ffb1f720000 - 0x00007ffb1f7be000 	C:\WINDOWS\System32\msvcrt.dll
0x00007ffb21180000 - 0x00007ffb211d9000 	C:\WINDOWS\System32\sechost.dll
0x00007ffb1e890000 - 0x00007ffb1e9b1000 	C:\WINDOWS\System32\RPCRT4.dll
0x00007ffb1ee10000 - 0x00007ffb1ef75000 	C:\WINDOWS\System32\USER32.dll
0x00007ffb1e410000 - 0x00007ffb1e42e000 	C:\WINDOWS\System32\win32u.dll
0x00007ffb1f7c0000 - 0x00007ffb1f7f4000 	C:\WINDOWS\System32\GDI32.dll
0x00007ffb1e430000 - 0x00007ffb1e5b2000 	C:\WINDOWS\System32\gdi32full.dll
0x00007ffb0bdd0000 - 0x00007ffb0c049000 	C:\WINDOWS\WinSxS\amd64_microsoft.windows.common-controls_6595b64144ccf1df_6.0.14393.447_none_42191651c6827bb3\COMCTL32.dll
0x00007ffb1f020000 - 0x00007ffb1f2e8000 	C:\WINDOWS\System32\combase.dll
0x00007ffb1e5c0000 - 0x00007ffb1e6b5000 	C:\WINDOWS\System32\ucrtbase.dll
0x00007ffb1d8a0000 - 0x00007ffb1d90a000 	C:\WINDOWS\System32\bcryptPrimitives.dll
0x00007ffb21150000 - 0x00007ffb2117e000 	C:\WINDOWS\System32\IMM32.DLL
0x0000000069800000 - 0x00000000698d2000 	C:\Program Files\Java\jdk1.8.0_51\jre\bin\msvcr100.dll
0x0000000068f70000 - 0x00000000697f3000 	C:\Program Files\Java\jdk1.8.0_51\jre\bin\server\jvm.dll
0x00007ffb20e40000 - 0x00007ffb20e48000 	C:\WINDOWS\System32\PSAPI.DLL
0x00007ffb15dc0000 - 0x00007ffb15dc9000 	C:\WINDOWS\SYSTEM32\WSOCK32.dll
0x00007ffb1e820000 - 0x00007ffb1e88a000 	C:\WINDOWS\System32\WS2_32.dll
0x00007ffb1b560000 - 0x00007ffb1b583000 	C:\WINDOWS\SYSTEM32\WINMM.dll
0x00007ffb19f60000 - 0x00007ffb19f6a000 	C:\WINDOWS\SYSTEM32\VERSION.dll
0x00007ffb1b530000 - 0x00007ffb1b55b000 	C:\WINDOWS\SYSTEM32\WINMMBASE.dll
0x00007ffb1e6c0000 - 0x00007ffb1e702000 	C:\WINDOWS\System32\cfgmgr32.dll
0x0000000068f60000 - 0x0000000068f6f000 	C:\Program Files\Java\jdk1.8.0_51\jre\bin\verify.dll
0x0000000068f30000 - 0x0000000068f59000 	C:\Program Files\Java\jdk1.8.0_51\jre\bin\java.dll
0x0000000068f10000 - 0x0000000068f26000 	C:\Program Files\Java\jdk1.8.0_51\jre\bin\zip.dll
0x00007ffb1f800000 - 0x00007ffb20d09000 	C:\WINDOWS\System32\SHELL32.dll
0x00007ffb1dc90000 - 0x00007ffb1e36a000 	C:\WINDOWS\System32\windows.storage.dll
0x00007ffb1d680000 - 0x00007ffb1d6cc000 	C:\WINDOWS\System32\powrprof.dll
0x00007ffb20de0000 - 0x00007ffb20e32000 	C:\WINDOWS\System32\shlwapi.dll
0x00007ffb1d670000 - 0x00007ffb1d67f000 	C:\WINDOWS\System32\kernel.appcore.dll
0x00007ffb1d9c0000 - 0x00007ffb1da69000 	C:\WINDOWS\System32\shcore.dll
0x00007ffb1d640000 - 0x00007ffb1d654000 	C:\WINDOWS\System32\profapi.dll
0x00007ffb16a80000 - 0x00007ffb16c12000 	C:\WINDOWS\SYSTEM32\dbghelp.dll

VM Arguments:
jvm_args: -Djava.awt.headless=true -Xmx1024M -Dfile.encoding=windows-1252 -Duser.country=IN -Duser.language=en -Duser.variant 
java_command: com.android.dx.command.Main --dex --force-jumbo --num-threads=4 --multi-dex --output F:\Android_Projects\Mine\TimeWork\app\build\intermediates\transforms\dex\debug\folders\1000\5\slice_0 F:\Android_Projects\Mine\TimeWork\app\build\intermediates\transforms\instantRunSlicer\debug\folders\1\5\slice_0
java_class_path (initial): C:\Users\Ganesh Prasad\AppData\Local\Android\sdk\build-tools\23.0.3\lib\dx.jar
Launcher Type: SUN_STANDARD

Environment Variables:
JAVA_HOME=C:\Program Files\Java\jdk1.8.0_51
PATH=C:\ProgramData\Oracle\Java\javapath;C:\Program Files (x86)\Intel\iCLS Client\;C:\Program Files\Intel\iCLS Client\;C:\Program Files (x86)\AMD APP\bin\x86_64;C:\Program Files (x86)\AMD APP\bin\x86;C:\WINDOWS\system32;C:\WINDOWS;C:\WINDOWS\System32\Wbem;C:\WINDOWS\System32\WindowsPowerShell\v1.0\;C:\Program Files (x86)\ATI Technologies\ATI.ACE\Core-Static;C:\Program Files\Intel\Intel(R) Management Engine Components\DAL;C:\Program Files\Intel\Intel(R) Management Engine Components\IPT;C:\Program Files (x86)\Intel\Intel(R) Management Engine Components\DAL;C:\Program Files (x86)\Intel\Intel(R) Management Engine Components\IPT;\;C:\Program Files (x86)\Sony\VAIO Startup Setting Tool;C:\Program Files (x86)\Java\jdk1.8.0_45\bin;C:\Program Files\nodejs\;C:\Users\Ganesh Prasad\AppData\Local\GitHub\PortableGit_c7e0cbde92ba565cb218a521411d0e854079a28c\bin;C:\Users\Ganesh Prasad\AppData\Local\GitHub\PortableGit_c7e0cbde92ba565cb218a521411d0e854079a28c\cmd;C:\Program Files (x86)\AMD\ATI.ACE\Core-Static;C:\Users\Ganesh Prasad\AppData\Local\Android\sdk\platform-tools;C:\Program Files (x86)\Brackets\command;C:\Users\Ganesh Prasad\Anaconda2;C:\Users\Ganesh Prasad\Anaconda2\Scripts;C:\Users\Ganesh Prasad\Anaconda2\Library\bin;C:\Users\Ganesh Prasad\AppData\Roaming\npm;C:\Users\Ganesh Prasad\AppData\Local\Microsoft\WindowsApps;
USERNAME=Ganesh Prasad
OS=Windows_NT
PROCESSOR_IDENTIFIER=Intel64 Family 6 Model 58 Stepping 9, GenuineIntel



---------------  S Y S T E M  ---------------

OS: Windows 10.0 , 64 bit Build 14393 (10.0.14393.0)

CPU:total 4 (2 cores per cpu, 2 threads per core) family 6 model 58 stepping 9, cmov, cx8, fxsr, mmx, sse, sse2, sse3, ssse3, sse4.1, sse4.2, popcnt, avx, clmul, erms, ht, tsc, tscinvbit, tscinv

Memory: 4k page, physical 4140316k(551620k free), swap 5574940k(182380k free)

vm_info: Java HotSpot(TM) 64-Bit Server VM (25.51-b03) for windows-amd64 JRE (1.8.0_51-b16), built on Jun  8 2015 18:03:07 by "java_re" with MS VC++ 10.0 (VS2010)

time: Fri Jan 27 17:44:55 2017
elapsed time: 3 seconds (0d 0h 0m 3s)

