#
# There is insufficient memory for the Java Runtime Environment to continue.
# Native memory allocation (malloc) failed to allocate 32784 bytes for Chunk::new
# Possible reasons:
#   The system is out of physical RAM or swap space
#   In 32 bit mode, the process size limit was hit
# Possible solutions:
#   Reduce memory load on the system
#   Increase physical memory or swap space
#   Check if swap backing store is full
#   Use 64 bit Java on a 64 bit OS
#   Decrease Java heap size (-Xmx/-Xms)
#   Decrease number of Java threads
#   Decrease Java thread stack sizes (-Xss)
#   Set larger code cache with -XX:ReservedCodeCacheSize=
# This output file may be truncated or incomplete.
#
#  Out of Memory Error (allocation.cpp:390), pid=22808, tid=23360
#
# JRE version: Java(TM) SE Runtime Environment (8.0_51-b16) (build 1.8.0_51-b16)
# Java VM: Java HotSpot(TM) 64-Bit Server VM (25.51-b03 mixed mode windows-amd64 compressed oops)
# Failed to write core dump. Minidumps are not enabled by default on client versions of Windows
#

---------------  T H R E A D  ---------------

Current thread (0x0000000015966800):  JavaThread "C2 CompilerThread1" daemon [_thread_in_native, id=23360, stack(0x0000000016f60000,0x0000000017060000)]

Stack: [0x0000000016f60000,0x0000000017060000]
Native frames: (J=compiled Java code, j=interpreted, Vv=VM code, C=native code)
V  [jvm.dll+0x32b4ca]
V  [jvm.dll+0x2797e3]
V  [jvm.dll+0x27a479]
V  [jvm.dll+0x271765]
V  [jvm.dll+0xcba02]
V  [jvm.dll+0xcbecc]
V  [jvm.dll+0xcc224]
V  [jvm.dll+0x4ea0c8]
V  [jvm.dll+0x447897]
V  [jvm.dll+0x4e005b]
V  [jvm.dll+0x4e1112]
V  [jvm.dll+0x4865bd]
V  [jvm.dll+0x48af9e]
V  [jvm.dll+0x4fa426]
V  [jvm.dll+0x4fd2fe]
V  [jvm.dll+0x4f5f37]
V  [jvm.dll+0x4f62b9]
V  [jvm.dll+0x4f684f]
V  [jvm.dll+0x4510a0]
V  [jvm.dll+0x45179d]
V  [jvm.dll+0x475db1]
V  [jvm.dll+0x4fd325]
V  [jvm.dll+0x4f5f37]
V  [jvm.dll+0x4f62b9]
V  [jvm.dll+0x4f684f]
V  [jvm.dll+0x4510a0]
V  [jvm.dll+0x46cb55]
V  [jvm.dll+0x4501a2]
V  [jvm.dll+0xa43a2]
V  [jvm.dll+0xa4cdf]
V  [jvm.dll+0x2418a4]
V  [jvm.dll+0x29846a]
C  [msvcr100.dll+0x21d9f]
C  [msvcr100.dll+0x21e3b]
C  [KERNEL32.DLL+0x8364]
C  [ntdll.dll+0x670d1]


Current CompileTask:
C2:   2390 1026   !   4       com.android.dx.cf.code.BytecodeArray::parseInstruction (2764 bytes)


---------------  P R O C E S S  ---------------

Java Threads: ( => current thread )
  0x00000000173cb800 JavaThread "pool-2-thread-4" [_thread_in_Java, id=23512, stack(0x0000000017b60000,0x0000000017c60000)]
  0x00000000173b2800 JavaThread "pool-2-thread-3" [_thread_blocked, id=15260, stack(0x0000000017a60000,0x0000000017b60000)]
  0x00000000173a5800 JavaThread "pool-2-thread-2" [_thread_in_vm, id=17316, stack(0x0000000017960000,0x0000000017a60000)]
  0x00000000172e8800 JavaThread "pool-3-thread-1" [_thread_blocked, id=23440, stack(0x0000000017860000,0x0000000017960000)]
  0x00000000172e7800 JavaThread "pool-2-thread-1" [_thread_in_Java, id=23448, stack(0x0000000017760000,0x0000000017860000)]
  0x0000000017162800 JavaThread "Service Thread" daemon [_thread_blocked, id=23456, stack(0x0000000017560000,0x0000000017660000)]
  0x0000000015969000 JavaThread "C1 CompilerThread2" daemon [_thread_blocked, id=23384, stack(0x0000000017060000,0x0000000017160000)]
=>0x0000000015966800 JavaThread "C2 CompilerThread1" daemon [_thread_in_native, id=23360, stack(0x0000000016f60000,0x0000000017060000)]
  0x000000001590a800 JavaThread "C2 CompilerThread0" daemon [_thread_in_native, id=23404, stack(0x0000000016e60000,0x0000000016f60000)]
  0x0000000015908800 JavaThread "Attach Listener" daemon [_thread_blocked, id=23416, stack(0x0000000016d60000,0x0000000016e60000)]
  0x0000000015907000 JavaThread "Signal Dispatcher" daemon [_thread_blocked, id=23420, stack(0x0000000016c60000,0x0000000016d60000)]
  0x00000000031b1000 JavaThread "Finalizer" daemon [_thread_blocked, id=23236, stack(0x0000000016b60000,0x0000000016c60000)]
  0x00000000031ae800 JavaThread "Reference Handler" daemon [_thread_blocked, id=23300, stack(0x0000000016a60000,0x0000000016b60000)]
  0x000000000198e000 JavaThread "main" [_thread_in_Java, id=23024, stack(0x0000000001870000,0x0000000001970000)]

Other Threads:
  0x00000000158d7000 VMThread [stack: 0x0000000016960000,0x0000000016a60000] [id=23348]
  0x0000000017163000 WatcherThread [stack: 0x0000000017660000,0x0000000017760000] [id=23504]

VM state:not at safepoint (normal execution)

VM Mutex/Monitor currently owned by a thread: None

Heap:
 PSYoungGen      total 18944K, used 18706K [0x00000000eab00000, 0x00000000ec000000, 0x0000000100000000)
  eden space 16384K, 98% used [0x00000000eab00000,0x00000000ebac61f0,0x00000000ebb00000)
  from space 2560K, 99% used [0x00000000ebb00000,0x00000000ebd7e6c8,0x00000000ebd80000)
  to   space 2560K, 0% used [0x00000000ebd80000,0x00000000ebd80000,0x00000000ec000000)
 ParOldGen       total 44032K, used 1705K [0x00000000c0000000, 0x00000000c2b00000, 0x00000000eab00000)
  object space 44032K, 3% used [0x00000000c0000000,0x00000000c01aa488,0x00000000c2b00000)
 Metaspace       used 5797K, capacity 6832K, committed 7040K, reserved 1056768K
  class space    used 585K, capacity 616K, committed 640K, reserved 1048576K

Card table byte_map: [0x0000000012600000,0x0000000012810000] byte_map_base: 0x0000000012000000

Marking Bits: (ParMarkBitMap*) 0x0000000069774040
 Begin Bits: [0x0000000012d70000, 0x0000000013d70000)
 End Bits:   [0x0000000013d70000, 0x0000000014d70000)

Polling page: 0x0000000001320000

CodeCache: size=245760Kb used=4403Kb max_used=4415Kb free=241356Kb
 bounds [0x0000000003240000, 0x00000000036a0000, 0x0000000012240000]
 total_blobs=1343 nmethods=1073 adapters=182
 compilation: enabled

Compilation events (10 events):
Event: 2.363 Thread 0x0000000015969000 1065       3       com.android.dx.rop.code.SourcePosition::equals (46 bytes)
Event: 2.363 Thread 0x0000000015969000 nmethod 1065 0x0000000003681010 code [0x00000000036811a0, 0x00000000036816c8]
Event: 2.363 Thread 0x0000000015969000 1066       3       com.android.dx.rop.code.Insn::equalsHandleNulls (23 bytes)
Event: 2.364 Thread 0x0000000015969000 nmethod 1066 0x0000000003680b10 code [0x0000000003680c80, 0x0000000003680f48]
Event: 2.364 Thread 0x0000000015969000 1067       3       com.android.dx.rop.type.StdTypeList::equalContents (56 bytes)
Event: 2.364 Thread 0x0000000015969000 nmethod 1067 0x000000000367fdd0 code [0x000000000367ffa0, 0x0000000003680868]
Event: 2.364 Thread 0x000000001590a800 nmethod 1052 0x000000000367f890 code [0x000000000367fa00, 0x000000000367fb88]
Event: 2.364 Thread 0x000000001590a800 1059       4       com.android.dx.ssa.SsaMethod$2::visitNonMoveInsn (6 bytes)
Event: 2.364 Thread 0x0000000015969000 1068       3       com.android.dx.rop.code.CstInsn::contentEquals (31 bytes)
Event: 2.365 Thread 0x0000000015969000 nmethod 1068 0x000000000368aa50 code [0x000000000368abe0, 0x000000000368b078]

GC Heap History (2 events):
Event: 1.704 GC heap before
{Heap before GC invocations=1 (full 0):
 PSYoungGen      total 18944K, used 16384K [0x00000000eab00000, 0x00000000ec000000, 0x0000000100000000)
  eden space 16384K, 100% used [0x00000000eab00000,0x00000000ebb00000,0x00000000ebb00000)
  from space 2560K, 0% used [0x00000000ebd80000,0x00000000ebd80000,0x00000000ec000000)
  to   space 2560K, 0% used [0x00000000ebb00000,0x00000000ebb00000,0x00000000ebd80000)
 ParOldGen       total 44032K, used 0K [0x00000000c0000000, 0x00000000c2b00000, 0x00000000eab00000)
  object space 44032K, 0% used [0x00000000c0000000,0x00000000c0000000,0x00000000c2b00000)
 Metaspace       used 5729K, capacity 6768K, committed 7040K, reserved 1056768K
  class space    used 585K, capacity 616K, committed 640K, reserved 1048576K
Event: 2.003 GC heap after
Heap after GC invocations=1 (full 0):
 PSYoungGen      total 18944K, used 2553K [0x00000000eab00000, 0x00000000ec000000, 0x0000000100000000)
  eden space 16384K, 0% used [0x00000000eab00000,0x00000000eab00000,0x00000000ebb00000)
  from space 2560K, 99% used [0x00000000ebb00000,0x00000000ebd7e6c8,0x00000000ebd80000)
  to   space 2560K, 0% used [0x00000000ebd80000,0x00000000ebd80000,0x00000000ec000000)
 ParOldGen       total 44032K, used 1705K [0x00000000c0000000, 0x00000000c2b00000, 0x00000000eab00000)
  object space 44032K, 3% used [0x00000000c0000000,0x00000000c01aa488,0x00000000c2b00000)
 Metaspace       used 5729K, capacity 6768K, committed 7040K, reserved 1056768K
  class space    used 585K, capacity 616K, committed 640K, reserved 1048576K
}

Deoptimization events (3 events):
Event: 1.317 Thread 0x00000000173a5800 Uncommon trap: reason=unstable_if action=reinterpret pc=0x0000000003477674 method=java.util.HashMap.getNode(ILjava/lang/Object;)Ljava/util/HashMap$Node; @ 62
Event: 2.103 Thread 0x00000000172e7800 Uncommon trap: reason=null_check action=make_not_entrant pc=0x00000000035f6670 method=com.android.dx.rop.type.Type.equals(Ljava/lang/Object;)Z @ 8
Event: 2.311 Thread 0x00000000172e7800 Uncommon trap: reason=unstable_if action=reinterpret pc=0x000000000361f5d8 method=com.android.dx.rop.code.RegisterSpecSet.put(Lcom/android/dx/rop/code/RegisterSpec;)V @ 77

Internal exceptions (3 events):
Event: 0.080 Thread 0x000000000198e000 Exception <a 'java/lang/NoSuchMethodError': Method sun.misc.Unsafe.defineClass(Ljava/lang/String;[BII)Ljava/lang/Class; name or signature does not match> (0x00000000eab0d9b8) thrown at [C:\re\workspace\8-2-build-windows-amd64-cygwin\jdk8u51\3951\hotspot\srÌ¶n<Ø…´?
Event: 0.080 Thread 0x000000000198e000 Exception <a 'java/lang/NoSuchMethodError': Method sun.misc.Unsafe.prefetchRead(Ljava/lang/Object;J)V name or signature does not match> (0x00000000eab0dc48) thrown at [C:\re\workspace\8-2-build-windows-amd64-cygwin\jdk8u51\3951\hotspot\src\share\vm\prims\jˆÈ;Ò
Event: 2.103 Thread 0x00000000172e7800 Implicit null exception at 0x00000000035f6562 to 0x00000000035f6661

Events (10 events):
Event: 2.080 Thread 0x00000000173cb800 DEOPT PACKING pc=0x00000000035538ba sp=0x0000000017c5e750
Event: 2.080 Thread 0x00000000173cb800 DEOPT UNPACKING pc=0x000000000328787f sp=0x0000000017c5e4b8 mode 0
Event: 2.081 Thread 0x00000000173cb800 DEOPT PACKING pc=0x00000000035538ba sp=0x0000000017c5e750
Event: 2.081 Thread 0x00000000173cb800 DEOPT UNPACKING pc=0x000000000328787f sp=0x0000000017c5e4b8 mode 0
Event: 2.103 Thread 0x00000000172e7800 Uncommon trap: trap_request=0xfffffff4 fr.pc=0x00000000035f6670
Event: 2.103 Thread 0x00000000172e7800 DEOPT PACKING pc=0x00000000035f6670 sp=0x000000001785e530
Event: 2.103 Thread 0x00000000172e7800 DEOPT UNPACKING pc=0x000000000328582a sp=0x000000001785e4d8 mode 2
Event: 2.311 Thread 0x00000000172e7800 Uncommon trap: trap_request=0xffffff65 fr.pc=0x000000000361f5d8
Event: 2.311 Thread 0x00000000172e7800 DEOPT PACKING pc=0x000000000361f5d8 sp=0x000000001785e880
Event: 2.311 Thread 0x00000000172e7800 DEOPT UNPACKING pc=0x000000000328582a sp=0x000000001785e7a0 mode 2


Dynamic libraries:
0x00007ff62ffd0000 - 0x00007ff630007000 	C:\Program Files\Java\jdk1.8.0_51\bin\java.exe
0x00007ffb211e0000 - 0x00007ffb213b1000 	C:\WINDOWS\SYSTEM32\ntdll.dll
0x00007ffb20e50000 - 0x00007ffb20efb000 	C:\WINDOWS\System32\KERNEL32.DLL
0x00007ffb1da70000 - 0x00007ffb1dc8d000 	C:\WINDOWS\System32\KERNELBASE.dll
0x00007ffb1e770000 - 0x00007ffb1e812000 	C:\WINDOWS\System32\ADVAPI32.dll
0x00007ffb1f720000 - 0x00007ffb1f7be000 	C:\WINDOWS\System32\msvcrt.dll
0x00007ffb21180000 - 0x00007ffb211d9000 	C:\WINDOWS\System32\sechost.dll
0x00007ffb1e890000 - 0x00007ffb1e9b1000 	C:\WINDOWS\System32\RPCRT4.dll
0x00007ffb1ee10000 - 0x00007ffb1ef75000 	C:\WINDOWS\System32\USER32.dll
0x00007ffb1e410000 - 0x00007ffb1e42e000 	C:\WINDOWS\System32\win32u.dll
0x00007ffb1f7c0000 - 0x00007ffb1f7f4000 	C:\WINDOWS\System32\GDI32.dll
0x00007ffb1e430000 - 0x00007ffb1e5b2000 	C:\WINDOWS\System32\gdi32full.dll
0x00007ffb0bdd0000 - 0x00007ffb0c049000 	C:\WINDOWS\WinSxS\amd64_microsoft.windows.common-controls_6595b64144ccf1df_6.0.14393.447_none_42191651c6827bb3\COMCTL32.dll
0x00007ffb1f020000 - 0x00007ffb1f2e8000 	C:\WINDOWS\System32\combase.dll
0x00007ffb1e5c0000 - 0x00007ffb1e6b5000 	C:\WINDOWS\System32\ucrtbase.dll
0x00007ffb1d8a0000 - 0x00007ffb1d90a000 	C:\WINDOWS\System32\bcryptPrimitives.dll
0x00007ffb21150000 - 0x00007ffb2117e000 	C:\WINDOWS\System32\IMM32.DLL
0x0000000069800000 - 0x00000000698d2000 	C:\Program Files\Java\jdk1.8.0_51\jre\bin\msvcr100.dll
0x0000000068f70000 - 0x00000000697f3000 	C:\Program Files\Java\jdk1.8.0_51\jre\bin\server\jvm.dll
0x00007ffb20e40000 - 0x00007ffb20e48000 	C:\WINDOWS\System32\PSAPI.DLL
0x00007ffb15dc0000 - 0x00007ffb15dc9000 	C:\WINDOWS\SYSTEM32\WSOCK32.dll
0x00007ffb1e820000 - 0x00007ffb1e88a000 	C:\WINDOWS\System32\WS2_32.dll
0x00007ffb1b560000 - 0x00007ffb1b583000 	C:\WINDOWS\SYSTEM32\WINMM.dll
0x00007ffb19f60000 - 0x00007ffb19f6a000 	C:\WINDOWS\SYSTEM32\VERSION.dll
0x00007ffb1b530000 - 0x00007ffb1b55b000 	C:\WINDOWS\SYSTEM32\WINMMBASE.dll
0x00007ffb1e6c0000 - 0x00007ffb1e702000 	C:\WINDOWS\System32\cfgmgr32.dll
0x0000000068f60000 - 0x0000000068f6f000 	C:\Program Files\Java\jdk1.8.0_51\jre\bin\verify.dll
0x0000000068f30000 - 0x0000000068f59000 	C:\Program Files\Java\jdk1.8.0_51\jre\bin\java.dll
0x0000000068f10000 - 0x0000000068f26000 	C:\Program Files\Java\jdk1.8.0_51\jre\bin\zip.dll
0x00007ffb1f800000 - 0x00007ffb20d09000 	C:\WINDOWS\System32\SHELL32.dll
0x00007ffb1dc90000 - 0x00007ffb1e36a000 	C:\WINDOWS\System32\windows.storage.dll
0x00007ffb1d680000 - 0x00007ffb1d6cc000 	C:\WINDOWS\System32\powrprof.dll
0x00007ffb20de0000 - 0x00007ffb20e32000 	C:\WINDOWS\System32\shlwapi.dll
0x00007ffb1d670000 - 0x00007ffb1d67f000 	C:\WINDOWS\System32\kernel.appcore.dll
0x00007ffb1d9c0000 - 0x00007ffb1da69000 	C:\WINDOWS\System32\shcore.dll
0x00007ffb1d640000 - 0x00007ffb1d654000 	C:\WINDOWS\System32\profapi.dll
0x00007ffb16a80000 - 0x00007ffb16c12000 	C:\WINDOWS\SYSTEM32\dbghelp.dll

VM Arguments:
jvm_args: -Djava.awt.headless=true -Xmx1024M -Dfile.encoding=windows-1252 -Duser.country=IN -Duser.language=en -Duser.variant 
java_command: com.android.dx.command.Main --dex --force-jumbo --num-threads=4 --multi-dex --output F:\Android_Projects\Mine\TimeWork\app\build\intermediates\transforms\dex\debug\folders\1000\5\slice_6 F:\Android_Projects\Mine\TimeWork\app\build\intermediates\transforms\instantRunSlicer\debug\folders\1\5\slice_6
java_class_path (initial): C:\Users\Ganesh Prasad\AppData\Local\Android\sdk\build-tools\23.0.3\lib\dx.jar
Launcher Type: SUN_STANDARD

Environment Variables:
JAVA_HOME=C:\Program Files\Java\jdk1.8.0_51
PATH=C:\ProgramData\Oracle\Java\javapath;C:\Program Files (x86)\Intel\iCLS Client\;C:\Program Files\Intel\iCLS Client\;C:\Program Files (x86)\AMD APP\bin\x86_64;C:\Program Files (x86)\AMD APP\bin\x86;C:\WINDOWS\system32;C:\WINDOWS;C:\WINDOWS\System32\Wbem;C:\WINDOWS\System32\WindowsPowerShell\v1.0\;C:\Program Files (x86)\ATI Technologies\ATI.ACE\Core-Static;C:\Program Files\Intel\Intel(R) Management Engine Components\DAL;C:\Program Files\Intel\Intel(R) Management Engine Components\IPT;C:\Program Files (x86)\Intel\Intel(R) Management Engine Components\DAL;C:\Program Files (x86)\Intel\Intel(R) Management Engine Components\IPT;\;C:\Program Files (x86)\Sony\VAIO Startup Setting Tool;C:\Program Files (x86)\Java\jdk1.8.0_45\bin;C:\Program Files\nodejs\;C:\Users\Ganesh Prasad\AppData\Local\GitHub\PortableGit_c7e0cbde92ba565cb218a521411d0e854079a28c\bin;C:\Users\Ganesh Prasad\AppData\Local\GitHub\PortableGit_c7e0cbde92ba565cb218a521411d0e854079a28c\cmd;C:\Program Files (x86)\AMD\ATI.ACE\Core-Static;C:\Users\Ganesh Prasad\AppData\Local\Android\sdk\platform-tools;C:\Program Files (x86)\Brackets\command;C:\Users\Ganesh Prasad\Anaconda2;C:\Users\Ganesh Prasad\Anaconda2\Scripts;C:\Users\Ganesh Prasad\Anaconda2\Library\bin;C:\Users\Ganesh Prasad\AppData\Roaming\npm;C:\Users\Ganesh Prasad\AppData\Local\Microsoft\WindowsApps;
USERNAME=Ganesh Prasad
OS=Windows_NT
PROCESSOR_IDENTIFIER=Intel64 Family 6 Model 58 Stepping 9, GenuineIntel



---------------  S Y S T E M  ---------------

OS: Windows 10.0 , 64 bit Build 14393 (10.0.14393.0)

CPU:total 4 (2 cores per cpu, 2 threads per core) family 6 model 58 stepping 9, cmov, cx8, fxsr, mmx, sse, sse2, sse3, ssse3, sse4.1, sse4.2, popcnt, avx, clmul, erms, ht, tsc, tscinvbit, tscinv

Memory: 4k page, physical 4140316k(444360k free), swap 5574940k(2360k free)

vm_info: Java HotSpot(TM) 64-Bit Server VM (25.51-b03) for windows-amd64 JRE (1.8.0_51-b16), built on Jun  8 2015 18:03:07 by "java_re" with MS VC++ 10.0 (VS2010)

time: Fri Jan 27 17:44:42 2017
elapsed time: 2 seconds (0d 0h 0m 2s)

