#
# There is insufficient memory for the Java Runtime Environment to continue.
# Native memory allocation (malloc) failed to allocate 42576 bytes for Chunk::new
# Possible reasons:
#   The system is out of physical RAM or swap space
#   In 32 bit mode, the process size limit was hit
# Possible solutions:
#   Reduce memory load on the system
#   Increase physical memory or swap space
#   Check if swap backing store is full
#   Use 64 bit Java on a 64 bit OS
#   Decrease Java heap size (-Xmx/-Xms)
#   Decrease number of Java threads
#   Decrease Java thread stack sizes (-Xss)
#   Set larger code cache with -XX:ReservedCodeCacheSize=
# This output file may be truncated or incomplete.
#
#  Out of Memory Error (allocation.cpp:390), pid=205128, tid=205412
#
# JRE version: Java(TM) SE Runtime Environment (8.0_51-b16) (build 1.8.0_51-b16)
# Java VM: Java HotSpot(TM) 64-Bit Server VM (25.51-b03 mixed mode windows-amd64 compressed oops)
# Failed to write core dump. Minidumps are not enabled by default on client versions of Windows
#

---------------  T H R E A D  ---------------

Current thread (0x0000000014ee0800):  JavaThread "C2 CompilerThread1" daemon [_thread_in_native, id=205412, stack(0x0000000016550000,0x0000000016650000)]

Stack: [0x0000000016550000,0x0000000016650000]
Native frames: (J=compiled Java code, j=interpreted, Vv=VM code, C=native code)
V  [jvm.dll+0x32b4ca]
V  [jvm.dll+0x2797e3]
V  [jvm.dll+0x27a479]
V  [jvm.dll+0x271765]
V  [jvm.dll+0xcba02]
V  [jvm.dll+0xcbecc]
V  [jvm.dll+0x4afc61]
V  [jvm.dll+0x45f4f3]
V  [jvm.dll+0x46a7cb]
V  [jvm.dll+0x46cde2]
V  [jvm.dll+0x4501a2]
V  [jvm.dll+0xa43a2]
V  [jvm.dll+0xa4cdf]
V  [jvm.dll+0x2418a4]
V  [jvm.dll+0x29846a]
C  [msvcr100.dll+0x21d9f]
C  [msvcr100.dll+0x21e3b]
C  [KERNEL32.DLL+0x18102]
C  [ntdll.dll+0x5c5b4]


Current CompileTask:
C2:   1240  736   !   4       com.android.dx.rop.code.RegisterSpec::intern (70 bytes)


---------------  P R O C E S S  ---------------

Java Threads: ( => current thread )
  0x00000000169b8800 JavaThread "pool-2-thread-4" [_thread_blocked, id=205584, stack(0x0000000017150000,0x0000000017250000)]
  0x00000000169b8000 JavaThread "pool-2-thread-3" [_thread_in_vm, id=205580, stack(0x0000000017050000,0x0000000017150000)]
  0x00000000168f5800 JavaThread "pool-2-thread-2" [_thread_blocked, id=205572, stack(0x0000000016f50000,0x0000000017050000)]
  0x00000000168a7000 JavaThread "pool-3-thread-1" [_thread_blocked, id=205560, stack(0x0000000016e50000,0x0000000016f50000)]
  0x000000001689b800 JavaThread "pool-2-thread-1" [_thread_blocked, id=205556, stack(0x0000000016d50000,0x0000000016e50000)]
  0x000000001678b000 JavaThread "Service Thread" daemon [_thread_blocked, id=205432, stack(0x0000000016b50000,0x0000000016c50000)]
  0x0000000014f0b000 JavaThread "C1 CompilerThread2" daemon [_thread_in_native, id=205424, stack(0x0000000016650000,0x0000000016750000)]
=>0x0000000014ee0800 JavaThread "C2 CompilerThread1" daemon [_thread_in_native, id=205412, stack(0x0000000016550000,0x0000000016650000)]
  0x0000000014eda800 JavaThread "C2 CompilerThread0" daemon [_thread_in_native, id=205404, stack(0x0000000016450000,0x0000000016550000)]
  0x0000000014ed8800 JavaThread "Attach Listener" daemon [_thread_blocked, id=205400, stack(0x0000000016350000,0x0000000016450000)]
  0x0000000014ed7000 JavaThread "Signal Dispatcher" daemon [_thread_blocked, id=205388, stack(0x0000000016250000,0x0000000016350000)]
  0x0000000002806800 JavaThread "Finalizer" daemon [_thread_blocked, id=205384, stack(0x0000000016150000,0x0000000016250000)]
  0x0000000014ea9800 JavaThread "Reference Handler" daemon [_thread_blocked, id=205376, stack(0x0000000016050000,0x0000000016150000)]
  0x0000000000d7e000 JavaThread "main" [_thread_in_native, id=205292, stack(0x0000000002570000,0x0000000002670000)]

Other Threads:
  0x0000000014ea7000 VMThread [stack: 0x0000000015f50000,0x0000000016050000] [id=205368]
  0x000000001678b800 WatcherThread [stack: 0x0000000016c50000,0x0000000016d50000] [id=205440]

VM state:not at safepoint (normal execution)

VM Mutex/Monitor currently owned by a thread:  ([mutex/lock_event])
[0x0000000002711550] MethodData_lock - owner thread: 0x00000000169b8000

Heap:
 PSYoungGen      total 18944K, used 15930K [0x00000000eab00000, 0x00000000ec000000, 0x0000000100000000)
  eden space 16384K, 97% used [0x00000000eab00000,0x00000000eba8e890,0x00000000ebb00000)
  from space 2560K, 0% used [0x00000000ebd80000,0x00000000ebd80000,0x00000000ec000000)
  to   space 2560K, 0% used [0x00000000ebb00000,0x00000000ebb00000,0x00000000ebd80000)
 ParOldGen       total 44032K, used 0K [0x00000000c0000000, 0x00000000c2b00000, 0x00000000eab00000)
  object space 44032K, 0% used [0x00000000c0000000,0x00000000c0000000,0x00000000c2b00000)
 Metaspace       used 5649K, capacity 6704K, committed 6784K, reserved 1056768K
  class space    used 581K, capacity 616K, committed 640K, reserved 1048576K

Card table byte_map: [0x0000000011bd0000,0x0000000011de0000] byte_map_base: 0x00000000115d0000

Marking Bits: (ParMarkBitMap*) 0x0000000057c84040
 Begin Bits: [0x0000000012340000, 0x0000000013340000)
 End Bits:   [0x0000000013340000, 0x0000000014340000)

Polling page: 0x0000000000d10000

CodeCache: size=245760Kb used=3369Kb max_used=3369Kb free=242390Kb
 bounds [0x0000000002810000, 0x0000000002b60000, 0x0000000011810000]
 total_blobs=1099 nmethods=830 adapters=182
 compilation: enabled

Compilation events (10 events):
Event: 0.987 Thread 0x0000000014f0b000 nmethod 732 0x0000000002af70d0 code [0x0000000002af74e0, 0x0000000002afa3b8]
Event: 0.987 Thread 0x0000000014f0b000  733       3       com.android.dx.dex.code.BlockAddresses::getEnd (10 bytes)
Event: 0.987 Thread 0x0000000014f0b000 nmethod 733 0x0000000002afc0d0 code [0x0000000002afc240, 0x0000000002afc450]
Event: 0.987 Thread 0x0000000014f0b000  728       3       com.android.dx.rop.code.LocalVariableInfo::mutableCopyOfStarts (29 bytes)
Event: 0.987 Thread 0x0000000014f0b000 nmethod 728 0x0000000002afc550 code [0x0000000002afc700, 0x0000000002afcd38]
Event: 0.987 Thread 0x0000000014f0b000  729       3       com.android.dx.rop.code.BasicBlock::hasExceptionHandlers (26 bytes)
Event: 0.988 Thread 0x0000000014f0b000 nmethod 729 0x0000000002afd0d0 code [0x0000000002afd280, 0x0000000002afd9e8]
Event: 0.988 Thread 0x0000000014f0b000  730   !   3       com.android.dx.rop.code.LocalVariableInfo::setStarts (40 bytes)
Event: 0.988 Thread 0x0000000014f0b000 nmethod 730 0x0000000002afdc50 code [0x0000000002afde20, 0x0000000002afe4a8]
Event: 0.988 Thread 0x0000000014f0b000  741       3       com.android.dx.ssa.back.InterferenceGraph::add (46 bytes)

GC Heap History (0 events):
No events

Deoptimization events (2 events):
Event: 0.812 Thread 0x00000000169b8000 Uncommon trap: reason=unstable_if action=reinterpret pc=0x00000000029f6d38 method=java.util.HashMap.getNode(ILjava/lang/Object;)Ljava/util/HashMap$Node; @ 62
Event: 0.855 Thread 0x00000000169b8000 Uncommon trap: reason=class_check action=maybe_recompile pc=0x0000000002a4f7f0 method=com.android.dx.ssa.NormalSsaInsn.accept(Lcom/android/dx/ssa/SsaInsn$Visitor;)V @ 9

Internal exceptions (2 events):
Event: 0.051 Thread 0x0000000000d7e000 Exception <a 'java/lang/NoSuchMethodError': Method sun.misc.Unsafe.defineClass(Ljava/lang/String;[BII)Ljava/lang/Class; name or signature does not match> (0x00000000eab0d940) thrown at [C:\re\workspace\8-2-build-windows-amd64-cygwin\jdk8u51\3951\hotspot\srxÕsÁŠª?
Event: 0.051 Thread 0x0000000000d7e000 Exception <a 'java/lang/NoSuchMethodError': Method sun.misc.Unsafe.prefetchRead(Ljava/lang/Object;J)V name or signature does not match> (0x00000000eab0dbd0) thrown at [C:\re\workspace\8-2-build-windows-amd64-cygwin\jdk8u51\3951\hotspot\src\share\vm\prims\j

Events (10 events):
Event: 0.827 loading class com/android/dx/ssa/back/FirstFitLocalCombiningAllocator$Multiset done
Event: 0.834 loading class java/util/DualPivotQuicksort
Event: 0.834 loading class java/util/DualPivotQuicksort done
Event: 0.854 loading class java/util/TreeMap$EntrySet
Event: 0.855 loading class java/util/TreeMap$EntrySet done
Event: 0.855 loading class java/util/TreeMap$EntryIterator
Event: 0.855 loading class java/util/TreeMap$EntryIterator done
Event: 0.855 Thread 0x00000000169b8000 Uncommon trap: trap_request=0xffffffde fr.pc=0x0000000002a4f7f0
Event: 0.855 Thread 0x00000000169b8000 DEOPT PACKING pc=0x0000000002a4f7f0 sp=0x000000001714e7f0
Event: 0.855 Thread 0x00000000169b8000 DEOPT UNPACKING pc=0x000000000285582a sp=0x000000001714e780 mode 2


Dynamic libraries:
0x00007ff725bf0000 - 0x00007ff725c27000 	C:\Program Files\Java\jdk1.8.0_51\bin\java.exe
0x00007fffd8be0000 - 0x00007fffd8da1000 	C:\WINDOWS\SYSTEM32\ntdll.dll
0x00007fffd6330000 - 0x00007fffd63dd000 	C:\WINDOWS\system32\KERNEL32.DLL
0x00007fffd53c0000 - 0x00007fffd55a8000 	C:\WINDOWS\system32\KERNELBASE.dll
0x00007fffd69a0000 - 0x00007fffd6a47000 	C:\WINDOWS\system32\ADVAPI32.dll
0x00007fffd6780000 - 0x00007fffd681d000 	C:\WINDOWS\system32\msvcrt.dll
0x00007fffd6cb0000 - 0x00007fffd6d0b000 	C:\WINDOWS\system32\sechost.dll
0x00007fffd6420000 - 0x00007fffd653c000 	C:\WINDOWS\system32\RPCRT4.dll
0x00007fffd7200000 - 0x00007fffd7356000 	C:\WINDOWS\system32\USER32.dll
0x00007fffd6a50000 - 0x00007fffd6bd6000 	C:\WINDOWS\system32\GDI32.dll
0x00007fffc88f0000 - 0x00007fffc8b64000 	C:\WINDOWS\WinSxS\amd64_microsoft.windows.common-controls_6595b64144ccf1df_6.0.10586.0_none_8c15ae12515e1c22\COMCTL32.dll
0x00007fffd60a0000 - 0x00007fffd631d000 	C:\WINDOWS\system32\combase.dll
0x00007fffd5f70000 - 0x00007fffd5fda000 	C:\WINDOWS\system32\bcryptPrimitives.dll
0x00007fffd63e0000 - 0x00007fffd641b000 	C:\WINDOWS\system32\IMM32.DLL
0x0000000057060000 - 0x0000000057132000 	C:\Program Files\Java\jdk1.8.0_51\jre\bin\msvcr100.dll
0x0000000057480000 - 0x0000000057d03000 	C:\Program Files\Java\jdk1.8.0_51\jre\bin\server\jvm.dll
0x00007fffd6820000 - 0x00007fffd6828000 	C:\WINDOWS\system32\PSAPI.DLL
0x00007fffd3080000 - 0x00007fffd3089000 	C:\WINDOWS\SYSTEM32\WSOCK32.dll
0x00007fffd6710000 - 0x00007fffd677b000 	C:\WINDOWS\system32\WS2_32.dll
0x00007fffd32e0000 - 0x00007fffd3303000 	C:\WINDOWS\SYSTEM32\WINMM.dll
0x00007fffd0c80000 - 0x00007fffd0c8a000 	C:\WINDOWS\SYSTEM32\VERSION.dll
0x00007fffd32b0000 - 0x00007fffd32dc000 	C:\WINDOWS\SYSTEM32\WINMMBASE.dll
0x00007fffd5290000 - 0x00007fffd52d3000 	C:\WINDOWS\system32\cfgmgr32.dll
0x0000000058450000 - 0x000000005845f000 	C:\Program Files\Java\jdk1.8.0_51\jre\bin\verify.dll
0x0000000058420000 - 0x0000000058449000 	C:\Program Files\Java\jdk1.8.0_51\jre\bin\java.dll
0x0000000058400000 - 0x0000000058416000 	C:\Program Files\Java\jdk1.8.0_51\jre\bin\zip.dll
0x00007fffd7570000 - 0x00007fffd8acc000 	C:\WINDOWS\system32\SHELL32.dll
0x00007fffd5660000 - 0x00007fffd5ca4000 	C:\WINDOWS\system32\windows.storage.dll
0x00007fffd6d10000 - 0x00007fffd6d62000 	C:\WINDOWS\system32\shlwapi.dll
0x00007fffd5210000 - 0x00007fffd521f000 	C:\WINDOWS\system32\kernel.appcore.dll
0x00007fffd5300000 - 0x00007fffd53b5000 	C:\WINDOWS\system32\shcore.dll
0x00007fffd5220000 - 0x00007fffd526b000 	C:\WINDOWS\system32\powrprof.dll
0x00007fffd5270000 - 0x00007fffd5284000 	C:\WINDOWS\system32\profapi.dll
0x00007fffc6b80000 - 0x00007fffc6d0c000 	C:\WINDOWS\SYSTEM32\dbghelp.dll

VM Arguments:
jvm_args: -Djava.awt.headless=true -Xmx1024M -Dfile.encoding=windows-1252 -Duser.country=IN -Duser.language=en -Duser.variant 
java_command: com.android.dx.command.Main --dex --force-jumbo --num-threads=4 --multi-dex --output F:\STUDY\ANDROID\SAMPLES\TimeWork\app\build\intermediates\transforms\dex\debug\folders\1000\5\slice_1 F:\STUDY\ANDROID\SAMPLES\TimeWork\app\build\intermediates\transforms\instantRunSlicer\debug\folders\1\5\slice_1
java_class_path (initial): C:\Users\Ganesh Prasad\AppData\Local\Android\sdk\build-tools\23.0.3\lib\dx.jar
Launcher Type: SUN_STANDARD

Environment Variables:
JAVA_HOME=C:\Program Files\Java\jdk1.8.0_51
PATH=C:\ProgramData\Oracle\Java\javapath;C:\Program Files (x86)\Intel\iCLS Client\;C:\Program Files\Intel\iCLS Client\;C:\Program Files (x86)\AMD APP\bin\x86_64;C:\Program Files (x86)\AMD APP\bin\x86;C:\WINDOWS\system32;C:\WINDOWS;C:\WINDOWS\System32\Wbem;C:\WINDOWS\System32\WindowsPowerShell\v1.0\;C:\Program Files (x86)\ATI Technologies\ATI.ACE\Core-Static;C:\Program Files\Intel\Intel(R) Management Engine Components\DAL;C:\Program Files\Intel\Intel(R) Management Engine Components\IPT;C:\Program Files (x86)\Intel\Intel(R) Management Engine Components\DAL;C:\Program Files (x86)\Intel\Intel(R) Management Engine Components\IPT;\;C:\Program Files (x86)\Sony\VAIO Startup Setting Tool;C:\Program Files (x86)\Brackets\command;C:\Program Files (x86)\Java\jdk1.8.0_45\bin;C:\Program Files\nodejs\;C:\Users\Ganesh Prasad\AppData\Local\GitHub\PortableGit_c7e0cbde92ba565cb218a521411d0e854079a28c\bin;C:\Users\Ganesh Prasad\AppData\Local\GitHub\PortableGit_c7e0cbde92ba565cb218a521411d0e854079a28c\cmd;C:\Program Files (x86)\AMD\ATI.ACE\Core-Static;C:\Users\Ganesh Prasad\AppData\Local\Android\sdk\platform-tools;C:\Users\Ganesh Prasad\Anaconda2;C:\Users\Ganesh Prasad\Anaconda2\Scripts;C:\Users\Ganesh Prasad\Anaconda2\Library\bin;C:\Users\Ganesh Prasad\AppData\Roaming\npm
USERNAME=Ganesh Prasad
OS=Windows_NT
PROCESSOR_IDENTIFIER=Intel64 Family 6 Model 58 Stepping 9, GenuineIntel



---------------  S Y S T E M  ---------------

OS: Windows 10.0 , 64 bit Build 10586 (10.0.10586.0)

CPU:total 4 (2 cores per cpu, 2 threads per core) family 6 model 58 stepping 9, cmov, cx8, fxsr, mmx, sse, sse2, sse3, ssse3, sse4.1, sse4.2, popcnt, avx, clmul, erms, ht, tsc, tscinvbit, tscinv

Memory: 4k page, physical 4140316k(292948k free), swap 5574940k(68k free)

vm_info: Java HotSpot(TM) 64-Bit Server VM (25.51-b03) for windows-amd64 JRE (1.8.0_51-b16), built on Jun  8 2015 18:03:07 by "java_re" with MS VC++ 10.0 (VS2010)

time: Wed Jul 13 16:32:20 2016
elapsed time: 1 seconds (0d 0h 0m 1s)

