#
# There is insufficient memory for the Java Runtime Environment to continue.
# Native memory allocation (malloc) failed to allocate 32744 bytes for ChunkPool::allocate
# Possible reasons:
#   The system is out of physical RAM or swap space
#   In 32 bit mode, the process size limit was hit
# Possible solutions:
#   Reduce memory load on the system
#   Increase physical memory or swap space
#   Check if swap backing store is full
#   Use 64 bit Java on a 64 bit OS
#   Decrease Java heap size (-Xmx/-Xms)
#   Decrease number of Java threads
#   Decrease Java thread stack sizes (-Xss)
#   Set larger code cache with -XX:ReservedCodeCacheSize=
# This output file may be truncated or incomplete.
#
#  Out of Memory Error (allocation.cpp:273), pid=22104, tid=22548
#
# JRE version: Java(TM) SE Runtime Environment (8.0_51-b16) (build 1.8.0_51-b16)
# Java VM: Java HotSpot(TM) 64-Bit Server VM (25.51-b03 mixed mode windows-amd64 compressed oops)
# Failed to write core dump. Minidumps are not enabled by default on client versions of Windows
#

---------------  T H R E A D  ---------------

Current thread (0x00000000167a8800):  JavaThread "C1 CompilerThread2" daemon [_thread_in_native, id=22548, stack(0x0000000016ba0000,0x0000000016ca0000)]

Stack: [0x0000000016ba0000,0x0000000016ca0000]
Native frames: (J=compiled Java code, j=interpreted, Vv=VM code, C=native code)
V  [jvm.dll+0x32b4ca]


Current CompileTask:
C1:   1188  273   !   3       com.android.dx.cf.code.BytecodeArray::parseInstruction (2764 bytes)


---------------  P R O C E S S  ---------------

Java Threads: ( => current thread )
  0x0000000016a4b000 JavaThread "pool-2-thread-4" [_thread_new, id=22680, stack(0x0000000000000000,0x0000000000000000)]
  0x0000000016a3b000 JavaThread "pool-2-thread-3" [_thread_blocked, id=22676, stack(0x00000000171a0000,0x00000000172a0000)]
  0x0000000016a29000 JavaThread "pool-2-thread-2" [_thread_blocked, id=22664, stack(0x00000000170a0000,0x00000000171a0000)]
  0x00000000168fc000 JavaThread "pool-3-thread-1" [_thread_blocked, id=22644, stack(0x0000000016fa0000,0x00000000170a0000)]
  0x00000000168ed800 JavaThread "pool-2-thread-1" [_thread_in_vm, id=22628, stack(0x0000000016ea0000,0x0000000016fa0000)]
  0x00000000167ad800 JavaThread "Service Thread" daemon [_thread_blocked, id=22580, stack(0x0000000016ca0000,0x0000000016da0000)]
=>0x00000000167a8800 JavaThread "C1 CompilerThread2" daemon [_thread_in_native, id=22548, stack(0x0000000016ba0000,0x0000000016ca0000)]
  0x0000000015040800 JavaThread "C2 CompilerThread1" daemon [_thread_blocked, id=22536, stack(0x00000000166a0000,0x00000000167a0000)]
  0x000000001503a800 JavaThread "C2 CompilerThread0" daemon [_thread_in_native, id=16120, stack(0x00000000165a0000,0x00000000166a0000)]
  0x0000000015038800 JavaThread "Attach Listener" daemon [_thread_blocked, id=22488, stack(0x00000000164a0000,0x00000000165a0000)]
  0x0000000015037000 JavaThread "Signal Dispatcher" daemon [_thread_blocked, id=22024, stack(0x00000000163a0000,0x00000000164a0000)]
  0x0000000002961000 JavaThread "Finalizer" daemon [_thread_blocked, id=22512, stack(0x00000000162a0000,0x00000000163a0000)]
  0x000000000295e800 JavaThread "Reference Handler" daemon [_thread_blocked, id=22516, stack(0x00000000161a0000,0x00000000162a0000)]
  0x0000000000f9e000 JavaThread "main" [_thread_in_native, id=17316, stack(0x00000000026f0000,0x00000000027f0000)]

Other Threads:
  0x0000000015007000 VMThread [stack: 0x00000000160a0000,0x00000000161a0000] [id=17096]
  0x00000000167af000 WatcherThread [stack: 0x0000000016da0000,0x0000000016ea0000] [id=22584]

VM state:not at safepoint (normal execution)

VM Mutex/Monitor currently owned by a thread:  ([mutex/lock_event])
[0x0000000000f9d900] SystemDictionary_lock - owner thread: 0x00000000168ed800
[0x0000000002870ed0] Compile_lock - owner thread: 0x00000000168ed800

Heap:
 PSYoungGen      total 18944K, used 6959K [0x00000000eab00000, 0x00000000ec000000, 0x0000000100000000)
  eden space 16384K, 42% used [0x00000000eab00000,0x00000000eb1cbd30,0x00000000ebb00000)
  from space 2560K, 0% used [0x00000000ebd80000,0x00000000ebd80000,0x00000000ec000000)
  to   space 2560K, 0% used [0x00000000ebb00000,0x00000000ebb00000,0x00000000ebd80000)
 ParOldGen       total 44032K, used 0K [0x00000000c0000000, 0x00000000c2b00000, 0x00000000eab00000)
  object space 44032K, 0% used [0x00000000c0000000,0x00000000c0000000,0x00000000c2b00000)
 Metaspace       used 4543K, capacity 5744K, committed 6016K, reserved 1056768K
  class space    used 498K, capacity 552K, committed 640K, reserved 1048576K

Card table byte_map: [0x0000000011d30000,0x0000000011f40000] byte_map_base: 0x0000000011730000

Marking Bits: (ParMarkBitMap*) 0x0000000069774040
 Begin Bits: [0x00000000124a0000, 0x00000000134a0000)
 End Bits:   [0x00000000134a0000, 0x00000000144a0000)

Polling page: 0x0000000000f40000

CodeCache: size=245760Kb used=1658Kb max_used=1658Kb free=244102Kb
 bounds [0x0000000002970000, 0x0000000002be0000, 0x0000000011970000]
 total_blobs=536 nmethods=271 adapters=178
 compilation: enabled

Compilation events (10 events):
Event: 1.104 Thread 0x00000000167a8800 nmethod 266 0x0000000002b0ded0 code [0x0000000002b0e020, 0x0000000002b0e130]
Event: 1.104 Thread 0x00000000167a8800  268       1       java.util.ArrayList::access$100 (5 bytes)
Event: 1.104 Thread 0x00000000167a8800 nmethod 268 0x0000000002b0e190 code [0x0000000002b0e2e0, 0x0000000002b0e3d0]
Event: 1.104 Thread 0x00000000167a8800  269       1       com.android.dx.cf.code.Frame::getStack (5 bytes)
Event: 1.104 Thread 0x00000000167a8800 nmethod 269 0x0000000002b0e450 code [0x0000000002b0e5a0, 0x0000000002b0e6b0]
Event: 1.104 Thread 0x00000000167a8800  270       3       com.android.dx.rop.type.Type::getType (2 bytes)
Event: 1.104 Thread 0x00000000167a8800 nmethod 270 0x0000000002b0e710 code [0x0000000002b0e860, 0x0000000002b0e9b0]
Event: 1.105 Thread 0x00000000167a8800  271       3       com.android.dx.cf.code.LineNumberList::get (9 bytes)
Event: 1.105 Thread 0x00000000167a8800 nmethod 271 0x0000000002b0ea50 code [0x0000000002b0ebc0, 0x0000000002b0eea8]
Event: 1.105 Thread 0x00000000167a8800  273   !   3       com.android.dx.cf.code.BytecodeArray::parseInstruction (2764 bytes)

GC Heap History (0 events):
No events

Deoptimization events (0 events):
No events

Internal exceptions (4 events):
Event: 0.067 Thread 0x0000000000f9e000 Exception <a 'java/lang/NoSuchMethodError': Method sun.misc.Unsafe.defineClass(Ljava/lang/String;[BII)Ljava/lang/Class; name or signature does not match> (0x00000000eab0d9b8) thrown at [C:\re\workspace\8-2-build-windows-amd64-cygwin\jdk8u51\3951\hotspot\sr,YLk:±?
Event: 0.067 Thread 0x0000000000f9e000 Exception <a 'java/lang/NoSuchMethodError': Method sun.misc.Unsafe.prefetchRead(Ljava/lang/Object;J)V name or signature does not match> (0x00000000eab0dc48) thrown at [C:\re\workspace\8-2-build-windows-amd64-cygwin\jdk8u51\3951\hotspot\src\share\vm\prims\j(Ñ†æï?
Event: 0.972 Thread 0x0000000016a29000 Exception <a 'java/lang/OutOfMemoryError'> (0x00000000eb0e30d0) thrown at [C:\re\workspace\8-2-build-windows-amd64-cygwin\jdk8u51\3951\hotspot\src\share\vm\prims\jni.cpp, line 735]
Event: 0.972 Thread 0x0000000016a29000 Exception <a 'java/lang/OutOfMemoryError'> (0x00000000eb0e30d0) thrown at [C:\re\workspace\8-2-build-windows-amd64-cygwin\jdk8u51\3951\hotspot\src\share\vm\prims\jvm.cpp, line 1386]

Events (10 events):
Event: 1.099 loading class java/util/ArrayList$Itr
Event: 1.099 loading class java/util/ArrayList$Itr done
Event: 1.100 loading class com/android/dx/cf/code/Merger
Event: 1.100 loading class com/android/dx/cf/code/Merger done
Event: 1.105 loading class com/android/dx/rop/code/BasicBlockList
Event: 1.105 loading class com/android/dx/rop/code/BasicBlockList done
Event: 1.106 loading class com/android/dx/rop/code/Insn$Visitor
Event: 1.106 loading class com/android/dx/rop/code/Insn$Visitor done
Event: 1.106 loading class com/android/dx/rop/code/RopMethod
Event: 1.106 loading class com/android/dx/rop/code/RopMethod done


Dynamic libraries:
0x00007ff62ffd0000 - 0x00007ff630007000 	C:\Program Files\Java\jdk1.8.0_51\bin\java.exe
0x00007ffb211e0000 - 0x00007ffb213b1000 	C:\WINDOWS\SYSTEM32\ntdll.dll
0x00007ffb20e50000 - 0x00007ffb20efb000 	C:\WINDOWS\System32\KERNEL32.DLL
0x00007ffb1da70000 - 0x00007ffb1dc8d000 	C:\WINDOWS\System32\KERNELBASE.dll
0x00007ffb1e770000 - 0x00007ffb1e812000 	C:\WINDOWS\System32\ADVAPI32.dll
0x00007ffb1f720000 - 0x00007ffb1f7be000 	C:\WINDOWS\System32\msvcrt.dll
0x00007ffb21180000 - 0x00007ffb211d9000 	C:\WINDOWS\System32\sechost.dll
0x00007ffb1e890000 - 0x00007ffb1e9b1000 	C:\WINDOWS\System32\RPCRT4.dll
0x00007ffb1ee10000 - 0x00007ffb1ef75000 	C:\WINDOWS\System32\USER32.dll
0x00007ffb1e410000 - 0x00007ffb1e42e000 	C:\WINDOWS\System32\win32u.dll
0x00007ffb1f7c0000 - 0x00007ffb1f7f4000 	C:\WINDOWS\System32\GDI32.dll
0x00007ffb1e430000 - 0x00007ffb1e5b2000 	C:\WINDOWS\System32\gdi32full.dll
0x00007ffb0bdd0000 - 0x00007ffb0c049000 	C:\WINDOWS\WinSxS\amd64_microsoft.windows.common-controls_6595b64144ccf1df_6.0.14393.447_none_42191651c6827bb3\COMCTL32.dll
0x00007ffb1f020000 - 0x00007ffb1f2e8000 	C:\WINDOWS\System32\combase.dll
0x00007ffb1e5c0000 - 0x00007ffb1e6b5000 	C:\WINDOWS\System32\ucrtbase.dll
0x00007ffb1d8a0000 - 0x00007ffb1d90a000 	C:\WINDOWS\System32\bcryptPrimitives.dll
0x00007ffb21150000 - 0x00007ffb2117e000 	C:\WINDOWS\System32\IMM32.DLL
0x0000000069800000 - 0x00000000698d2000 	C:\Program Files\Java\jdk1.8.0_51\jre\bin\msvcr100.dll
0x0000000068f70000 - 0x00000000697f3000 	C:\Program Files\Java\jdk1.8.0_51\jre\bin\server\jvm.dll
0x00007ffb20e40000 - 0x00007ffb20e48000 	C:\WINDOWS\System32\PSAPI.DLL
0x00007ffb15dc0000 - 0x00007ffb15dc9000 	C:\WINDOWS\SYSTEM32\WSOCK32.dll
0x00007ffb1e820000 - 0x00007ffb1e88a000 	C:\WINDOWS\System32\WS2_32.dll
0x00007ffb1b560000 - 0x00007ffb1b583000 	C:\WINDOWS\SYSTEM32\WINMM.dll
0x00007ffb19f60000 - 0x00007ffb19f6a000 	C:\WINDOWS\SYSTEM32\VERSION.dll
0x00007ffb1b530000 - 0x00007ffb1b55b000 	C:\WINDOWS\SYSTEM32\WINMMBASE.dll
0x00007ffb1e6c0000 - 0x00007ffb1e702000 	C:\WINDOWS\System32\cfgmgr32.dll
0x0000000068f60000 - 0x0000000068f6f000 	C:\Program Files\Java\jdk1.8.0_51\jre\bin\verify.dll
0x0000000068f30000 - 0x0000000068f59000 	C:\Program Files\Java\jdk1.8.0_51\jre\bin\java.dll
0x0000000068f10000 - 0x0000000068f26000 	C:\Program Files\Java\jdk1.8.0_51\jre\bin\zip.dll
0x00007ffb1f800000 - 0x00007ffb20d09000 	C:\WINDOWS\System32\SHELL32.dll
0x00007ffb1dc90000 - 0x00007ffb1e36a000 	C:\WINDOWS\System32\windows.storage.dll
0x00007ffb1d680000 - 0x00007ffb1d6cc000 	C:\WINDOWS\System32\powrprof.dll
0x00007ffb20de0000 - 0x00007ffb20e32000 	C:\WINDOWS\System32\shlwapi.dll
0x00007ffb1d670000 - 0x00007ffb1d67f000 	C:\WINDOWS\System32\kernel.appcore.dll
0x00007ffb1d9c0000 - 0x00007ffb1da69000 	C:\WINDOWS\System32\shcore.dll
0x00007ffb1d640000 - 0x00007ffb1d654000 	C:\WINDOWS\System32\profapi.dll

VM Arguments:
jvm_args: -Djava.awt.headless=true -Xmx1024M -Dfile.encoding=windows-1252 -Duser.country=IN -Duser.language=en -Duser.variant 
java_command: com.android.dx.command.Main --dex --force-jumbo --num-threads=4 --multi-dex --output F:\Android_Projects\Mine\TimeWork\app\build\intermediates\transforms\dex\debug\folders\1000\5\slice_8 F:\Android_Projects\Mine\TimeWork\app\build\intermediates\transforms\instantRunSlicer\debug\folders\1\5\slice_8
java_class_path (initial): C:\Users\Ganesh Prasad\AppData\Local\Android\sdk\build-tools\23.0.3\lib\dx.jar
Launcher Type: SUN_STANDARD

Environment Variables:
JAVA_HOME=C:\Program Files\Java\jdk1.8.0_51
PATH=C:\ProgramData\Oracle\Java\javapath;C:\Program Files (x86)\Intel\iCLS Client\;C:\Program Files\Intel\iCLS Client\;C:\Program Files (x86)\AMD APP\bin\x86_64;C:\Program Files (x86)\AMD APP\bin\x86;C:\WINDOWS\system32;C:\WINDOWS;C:\WINDOWS\System32\Wbem;C:\WINDOWS\System32\WindowsPowerShell\v1.0\;C:\Program Files (x86)\ATI Technologies\ATI.ACE\Core-Static;C:\Program Files\Intel\Intel(R) Management Engine Components\DAL;C:\Program Files\Intel\Intel(R) Management Engine Components\IPT;C:\Program Files (x86)\Intel\Intel(R) Management Engine Components\DAL;C:\Program Files (x86)\Intel\Intel(R) Management Engine Components\IPT;\;C:\Program Files (x86)\Sony\VAIO Startup Setting Tool;C:\Program Files (x86)\Java\jdk1.8.0_45\bin;C:\Program Files\nodejs\;C:\Users\Ganesh Prasad\AppData\Local\GitHub\PortableGit_c7e0cbde92ba565cb218a521411d0e854079a28c\bin;C:\Users\Ganesh Prasad\AppData\Local\GitHub\PortableGit_c7e0cbde92ba565cb218a521411d0e854079a28c\cmd;C:\Program Files (x86)\AMD\ATI.ACE\Core-Static;C:\Users\Ganesh Prasad\AppData\Local\Android\sdk\platform-tools;C:\Program Files (x86)\Brackets\command;C:\Users\Ganesh Prasad\Anaconda2;C:\Users\Ganesh Prasad\Anaconda2\Scripts;C:\Users\Ganesh Prasad\Anaconda2\Library\bin;C:\Users\Ganesh Prasad\AppData\Roaming\npm;C:\Users\Ganesh Prasad\AppData\Local\Microsoft\WindowsApps;
USERNAME=Ganesh Prasad
OS=Windows_NT
PROCESSOR_IDENTIFIER=Intel64 Family 6 Model 58 Stepping 9, GenuineIntel



---------------  S Y S T E M  ---------------

OS: Windows 10.0 , 64 bit Build 14393 (10.0.14393.0)

CPU:total 4 (2 cores per cpu, 2 threads per core) family 6 model 58 stepping 9, cmov, cx8, fxsr, mmx, sse, sse2, sse3, ssse3, sse4.1, sse4.2, popcnt, avx, clmul, erms, ht, tsc, tscinvbit, tscinv

Memory: 4k page, physical 4140316k(475264k free), swap 5574940k(60k free)

vm_info: Java HotSpot(TM) 64-Bit Server VM (25.51-b03) for windows-amd64 JRE (1.8.0_51-b16), built on Jun  8 2015 18:03:07 by "java_re" with MS VC++ 10.0 (VS2010)

time: Fri Jan 27 17:44:13 2017
elapsed time: 1 seconds (0d 0h 0m 1s)

