#
# There is insufficient memory for the Java Runtime Environment to continue.
# Native memory allocation (malloc) failed to allocate 685376 bytes for Chunk::new
# Possible reasons:
#   The system is out of physical RAM or swap space
#   In 32 bit mode, the process size limit was hit
# Possible solutions:
#   Reduce memory load on the system
#   Increase physical memory or swap space
#   Check if swap backing store is full
#   Use 64 bit Java on a 64 bit OS
#   Decrease Java heap size (-Xmx/-Xms)
#   Decrease number of Java threads
#   Decrease Java thread stack sizes (-Xss)
#   Set larger code cache with -XX:ReservedCodeCacheSize=
# This output file may be truncated or incomplete.
#
#  Out of Memory Error (allocation.cpp:390), pid=189224, tid=188736
#
# JRE version: Java(TM) SE Runtime Environment (8.0_51-b16) (build 1.8.0_51-b16)
# Java VM: Java HotSpot(TM) 64-Bit Server VM (25.51-b03 mixed mode windows-amd64 compressed oops)
# Failed to write core dump. Minidumps are not enabled by default on client versions of Windows
#

---------------  T H R E A D  ---------------

Current thread (0x00000000152ea800):  JavaThread "C2 CompilerThread0" daemon [_thread_in_native, id=188736, stack(0x0000000016840000,0x0000000016940000)]

Stack: [0x0000000016840000,0x0000000016940000]
Native frames: (J=compiled Java code, j=interpreted, Vv=VM code, C=native code)
V  [jvm.dll+0x32b4ca]
V  [jvm.dll+0x2797e3]
V  [jvm.dll+0x27a479]
V  [jvm.dll+0x271765]
V  [jvm.dll+0xcba02]
V  [jvm.dll+0xcbecc]
V  [jvm.dll+0x476f72]
V  [jvm.dll+0x4b95ff]
V  [jvm.dll+0x46bca4]
V  [jvm.dll+0x46cd4e]
V  [jvm.dll+0x4501a2]
V  [jvm.dll+0xa43a2]
V  [jvm.dll+0xa4cdf]
V  [jvm.dll+0x2418a4]
V  [jvm.dll+0x29846a]
C  [msvcr100.dll+0x21d9f]
C  [msvcr100.dll+0x21e3b]
C  [KERNEL32.DLL+0x8364]
C  [ntdll.dll+0x670d1]


Current CompileTask:
C2:   4434 1316       4       com.android.dx.ssa.SCCP::simulateBranch (666 bytes)


---------------  P R O C E S S  ---------------

Java Threads: ( => current thread )
  0x0000000016e6a000 JavaThread "pool-1-thread-4" [_thread_in_Java, id=189396, stack(0x0000000017d40000,0x0000000017e40000)]
  0x0000000016e69800 JavaThread "pool-1-thread-3" [_thread_in_Java, id=186284, stack(0x0000000017c40000,0x0000000017d40000)]
  0x0000000016e68800 JavaThread "pool-1-thread-2" [_thread_in_Java, id=188872, stack(0x0000000017b40000,0x0000000017c40000)]
  0x0000000016d8e800 JavaThread "pool-2-thread-1" [_thread_blocked, id=188876, stack(0x0000000017a40000,0x0000000017b40000)]
  0x0000000016d8b800 JavaThread "pool-1-thread-1" [_thread_in_Java, id=189400, stack(0x0000000017940000,0x0000000017a40000)]
  0x0000000016b46000 JavaThread "Service Thread" daemon [_thread_blocked, id=184980, stack(0x0000000016f40000,0x0000000017040000)]
  0x0000000015349800 JavaThread "C1 CompilerThread2" daemon [_thread_blocked, id=187468, stack(0x0000000016a40000,0x0000000016b40000)]
  0x00000000152f0800 JavaThread "C2 CompilerThread1" daemon [_thread_in_native, id=188648, stack(0x0000000016940000,0x0000000016a40000)]
=>0x00000000152ea800 JavaThread "C2 CompilerThread0" daemon [_thread_in_native, id=188736, stack(0x0000000016840000,0x0000000016940000)]
  0x00000000152e8800 JavaThread "Attach Listener" daemon [_thread_blocked, id=188660, stack(0x0000000016740000,0x0000000016840000)]
  0x00000000152e7000 JavaThread "Signal Dispatcher" daemon [_thread_blocked, id=188900, stack(0x0000000016640000,0x0000000016740000)]
  0x0000000002c11000 JavaThread "Finalizer" daemon [_thread_blocked, id=188572, stack(0x0000000016540000,0x0000000016640000)]
  0x00000000152b9800 JavaThread "Reference Handler" daemon [_thread_blocked, id=188580, stack(0x0000000016440000,0x0000000016540000)]
  0x0000000002b1e000 JavaThread "main" [_thread_in_Java, id=189244, stack(0x0000000002950000,0x0000000002a50000)]

Other Threads:
  0x00000000152b7000 VMThread [stack: 0x0000000016340000,0x0000000016440000] [id=188632]
  0x0000000016b47000 WatcherThread [stack: 0x0000000017040000,0x0000000017140000] [id=119948]

VM state:not at safepoint (normal execution)

VM Mutex/Monitor currently owned by a thread: None

Heap:
 PSYoungGen      total 35328K, used 29146K [0x00000000eab00000, 0x00000000ed000000, 0x0000000100000000)
  eden space 32768K, 81% used [0x00000000eab00000,0x00000000ec4f6d00,0x00000000ecb00000)
  from space 2560K, 99% used [0x00000000ecd80000,0x00000000ecfffeb0,0x00000000ed000000)
  to   space 2560K, 0% used [0x00000000ecb00000,0x00000000ecb00000,0x00000000ecd80000)
 ParOldGen       total 44032K, used 2598K [0x00000000c0000000, 0x00000000c2b00000, 0x00000000eab00000)
  object space 44032K, 5% used [0x00000000c0000000,0x00000000c0289830,0x00000000c2b00000)
 Metaspace       used 6103K, capacity 7024K, committed 7296K, reserved 1056768K
  class space    used 593K, capacity 616K, committed 640K, reserved 1048576K

Card table byte_map: [0x0000000011fe0000,0x00000000121f0000] byte_map_base: 0x00000000119e0000

Marking Bits: (ParMarkBitMap*) 0x000000006d984040
 Begin Bits: [0x0000000012750000, 0x0000000013750000)
 End Bits:   [0x0000000013750000, 0x0000000014750000)

Polling page: 0x00000000028c0000

CodeCache: size=245760Kb used=5882Kb max_used=5882Kb free=239877Kb
 bounds [0x0000000002c20000, 0x00000000031f0000, 0x0000000011c20000]
 total_blobs=1724 nmethods=1455 adapters=182
 compilation: enabled

Compilation events (10 events):
Event: 4.160 Thread 0x0000000015349800 nmethod 1346 0x0000000003179250 code [0x0000000003179500, 0x000000000317af58]
Event: 4.160 Thread 0x0000000015349800 1342       3       com.android.dx.util.LabeledList::rebuildLabelToIndex (46 bytes)
Event: 4.160 Thread 0x0000000015349800 nmethod 1342 0x000000000317bd90 code [0x000000000317bf40, 0x000000000317c5c8]
Event: 4.160 Thread 0x0000000015349800 1347       3       com.android.dx.cf.code.BaseMachine::popArgs (127 bytes)
Event: 4.162 Thread 0x0000000015349800 nmethod 1347 0x000000000317c7d0 code [0x000000000317cae0, 0x000000000317e428]
Event: 4.162 Thread 0x0000000015349800 1350       3       com.android.dx.ssa.back.FirstFitLocalCombiningAllocator::canMapRegs (60 bytes)
Event: 4.163 Thread 0x0000000015349800 nmethod 1350 0x000000000317f050 code [0x000000000317f2c0, 0x0000000003180308]
Event: 4.163 Thread 0x0000000015349800 1349  s    3       com.android.dx.dex.file.MethodIdsSection::intern (55 bytes)
Event: 4.164 Thread 0x0000000015349800 nmethod 1349 0x0000000003180bd0 code [0x0000000003180e00, 0x0000000003181b08]
Event: 4.164 Thread 0x0000000015349800 1351       3       com.android.dx.ssa.NormalSsaInsn::canThrow (8 bytes)

GC Heap History (4 events):
Event: 1.048 GC heap before
{Heap before GC invocations=1 (full 0):
 PSYoungGen      total 18944K, used 16384K [0x00000000eab00000, 0x00000000ec000000, 0x0000000100000000)
  eden space 16384K, 100% used [0x00000000eab00000,0x00000000ebb00000,0x00000000ebb00000)
  from space 2560K, 0% used [0x00000000ebd80000,0x00000000ebd80000,0x00000000ec000000)
  to   space 2560K, 0% used [0x00000000ebb00000,0x00000000ebb00000,0x00000000ebd80000)
 ParOldGen       total 44032K, used 0K [0x00000000c0000000, 0x00000000c2b00000, 0x00000000eab00000)
  object space 44032K, 0% used [0x00000000c0000000,0x00000000c0000000,0x00000000c2b00000)
 Metaspace       used 3804K, capacity 5008K, committed 5120K, reserved 1056768K
  class space    used 418K, capacity 456K, committed 512K, reserved 1048576K
Event: 1.065 GC heap after
Heap after GC invocations=1 (full 0):
 PSYoungGen      total 18944K, used 1381K [0x00000000eab00000, 0x00000000ed000000, 0x0000000100000000)
  eden space 16384K, 0% used [0x00000000eab00000,0x00000000eab00000,0x00000000ebb00000)
  from space 2560K, 53% used [0x00000000ebb00000,0x00000000ebc595a8,0x00000000ebd80000)
  to   space 2560K, 0% used [0x00000000ecd80000,0x00000000ecd80000,0x00000000ed000000)
 ParOldGen       total 44032K, used 8K [0x00000000c0000000, 0x00000000c2b00000, 0x00000000eab00000)
  object space 44032K, 0% used [0x00000000c0000000,0x00000000c0002000,0x00000000c2b00000)
 Metaspace       used 3804K, capacity 5008K, committed 5120K, reserved 1056768K
  class space    used 418K, capacity 456K, committed 512K, reserved 1048576K
}
Event: 3.339 GC heap before
{Heap before GC invocations=2 (full 0):
 PSYoungGen      total 18944K, used 17765K [0x00000000eab00000, 0x00000000ed000000, 0x0000000100000000)
  eden space 16384K, 100% used [0x00000000eab00000,0x00000000ebb00000,0x00000000ebb00000)
  from space 2560K, 53% used [0x00000000ebb00000,0x00000000ebc595a8,0x00000000ebd80000)
  to   space 2560K, 0% used [0x00000000ecd80000,0x00000000ecd80000,0x00000000ed000000)
 ParOldGen       total 44032K, used 8K [0x00000000c0000000, 0x00000000c2b00000, 0x00000000eab00000)
  object space 44032K, 0% used [0x00000000c0000000,0x00000000c0002000,0x00000000c2b00000)
 Metaspace       used 5945K, capacity 6896K, committed 7040K, reserved 1056768K
  class space    used 591K, capacity 616K, committed 640K, reserved 1048576K
Event: 3.684 GC heap after
Heap after GC invocations=2 (full 0):
 PSYoungGen      total 35328K, used 2559K [0x00000000eab00000, 0x00000000ed000000, 0x0000000100000000)
  eden space 32768K, 0% used [0x00000000eab00000,0x00000000eab00000,0x00000000ecb00000)
  from space 2560K, 99% used [0x00000000ecd80000,0x00000000ecfffeb0,0x00000000ed000000)
  to   space 2560K, 0% used [0x00000000ecb00000,0x00000000ecb00000,0x00000000ecd80000)
 ParOldGen       total 44032K, used 2598K [0x00000000c0000000, 0x00000000c2b00000, 0x00000000eab00000)
  object space 44032K, 5% used [0x00000000c0000000,0x00000000c0289830,0x00000000c2b00000)
 Metaspace       used 5945K, capacity 6896K, committed 7040K, reserved 1056768K
  class space    used 591K, capacity 616K, committed 640K, reserved 1048576K
}

Deoptimization events (10 events):
Event: 1.160 Thread 0x0000000002b1e000 Uncommon trap: reason=unstable_if action=reinterpret pc=0x0000000002dafa14 method=java.lang.String.compareTo(Ljava/lang/String;)I @ 38
Event: 1.576 Thread 0x0000000016e6a000 Uncommon trap: reason=unstable_if action=reinterpret pc=0x0000000002e77e78 method=java.util.HashMap.getNode(ILjava/lang/Object;)Ljava/util/HashMap$Node; @ 62
Event: 3.730 Thread 0x0000000016e69800 Uncommon trap: reason=unstable_if action=reinterpret pc=0x0000000002eadfb0 method=java.util.BitSet.nextSetBit(I)I @ 87
Event: 3.772 Thread 0x0000000002b1e000 Uncommon trap: reason=unloaded action=reinterpret pc=0x00000000030cf194 method=com.android.dx.cf.cst.ConstantPoolParser.parse0(ILjava/util/BitSet;)Lcom/android/dx/rop/cst/Constant; @ 198
Event: 3.784 Thread 0x0000000002b1e000 Uncommon trap: reason=class_check action=maybe_recompile pc=0x0000000002f75318 method=com.android.dx.rop.type.Type.equals(Ljava/lang/Object;)Z @ 8
Event: 3.784 Thread 0x0000000002b1e000 Uncommon trap: reason=class_check action=maybe_recompile pc=0x0000000002f75318 method=com.android.dx.rop.type.Type.equals(Ljava/lang/Object;)Z @ 8
Event: 3.784 Thread 0x0000000002b1e000 Uncommon trap: reason=unstable_if action=reinterpret pc=0x0000000003110138 method=com.android.dx.cf.code.Ropper.labelToResultIndex(I)I @ 34
Event: 3.997 Thread 0x0000000002b1e000 Uncommon trap: reason=class_check action=maybe_recompile pc=0x0000000002fd2bbc method=com.android.dx.rop.type.Type.equals(Ljava/lang/Object;)Z @ 8
Event: 3.997 Thread 0x0000000002b1e000 Uncommon trap: reason=class_check action=maybe_recompile pc=0x0000000002fd2bbc method=com.android.dx.rop.type.Type.equals(Ljava/lang/Object;)Z @ 8
Event: 4.005 Thread 0x0000000002b1e000 Uncommon trap: reason=unstable_if action=reinterpret pc=0x0000000002f81adc method=com.android.dx.rop.cst.Constant.compareTo(Lcom/android/dx/rop/cst/Constant;)I @ 12

Internal exceptions (2 events):
Event: 0.079 Thread 0x0000000002b1e000 Exception <a 'java/lang/NoSuchMethodError': Method sun.misc.Unsafe.defineClass(Ljava/lang/String;[BII)Ljava/lang/Class; name or signature does not match> (0x00000000eab0da70) thrown at [C:\re\workspace\8-2-build-windows-amd64-cygwin\jdk8u51\3951\hotspot\srµ¬«l²U´?
Event: 0.079 Thread 0x0000000002b1e000 Exception <a 'java/lang/NoSuchMethodError': Method sun.misc.Unsafe.prefetchRead(Ljava/lang/Object;J)V name or signature does not match> (0x00000000eab0dd00) thrown at [C:\re\workspace\8-2-build-windows-amd64-cygwin\jdk8u51\3951\hotspot\src\share\vm\prims\j

Events (10 events):
Event: 3.784 Thread 0x0000000002b1e000 DEOPT UNPACKING pc=0x0000000002c6582a sp=0x0000000002a4e738 mode 2
Event: 3.997 Thread 0x0000000002b1e000 Uncommon trap: trap_request=0xffffffde fr.pc=0x0000000002fd2bbc
Event: 3.997 Thread 0x0000000002b1e000 DEOPT PACKING pc=0x0000000002fd2bbc sp=0x0000000002a4e260
Event: 3.997 Thread 0x0000000002b1e000 DEOPT UNPACKING pc=0x0000000002c6582a sp=0x0000000002a4e198 mode 2
Event: 3.997 Thread 0x0000000002b1e000 Uncommon trap: trap_request=0xffffffde fr.pc=0x0000000002fd2bbc
Event: 3.997 Thread 0x0000000002b1e000 DEOPT PACKING pc=0x0000000002fd2bbc sp=0x0000000002a4e260
Event: 3.997 Thread 0x0000000002b1e000 DEOPT UNPACKING pc=0x0000000002c6582a sp=0x0000000002a4e198 mode 2
Event: 4.005 Thread 0x0000000002b1e000 Uncommon trap: trap_request=0xffffff65 fr.pc=0x0000000002f81adc
Event: 4.005 Thread 0x0000000002b1e000 DEOPT PACKING pc=0x0000000002f81adc sp=0x0000000002a4e320
Event: 4.005 Thread 0x0000000002b1e000 DEOPT UNPACKING pc=0x0000000002c6582a sp=0x0000000002a4e2c0 mode 2


Dynamic libraries:
0x00007ff75fa10000 - 0x00007ff75fa47000 	C:\Program Files\Java\jdk1.8.0_51\bin\java.exe
0x00007ff839280000 - 0x00007ff839451000 	C:\WINDOWS\SYSTEM32\ntdll.dll
0x00007ff8369e0000 - 0x00007ff836a8b000 	C:\WINDOWS\System32\KERNEL32.DLL
0x00007ff8365f0000 - 0x00007ff83680d000 	C:\WINDOWS\System32\KERNELBASE.dll
0x00007ff836cb0000 - 0x00007ff836d52000 	C:\WINDOWS\System32\ADVAPI32.dll
0x00007ff837050000 - 0x00007ff8370ee000 	C:\WINDOWS\System32\msvcrt.dll
0x00007ff836d60000 - 0x00007ff836db9000 	C:\WINDOWS\System32\sechost.dll
0x00007ff8368a0000 - 0x00007ff8369c1000 	C:\WINDOWS\System32\RPCRT4.dll
0x00007ff836e80000 - 0x00007ff836fe5000 	C:\WINDOWS\System32\USER32.dll
0x00007ff835d20000 - 0x00007ff835d3e000 	C:\WINDOWS\System32\win32u.dll
0x00007ff838d10000 - 0x00007ff838d44000 	C:\WINDOWS\System32\GDI32.dll
0x00007ff835b90000 - 0x00007ff835d12000 	C:\WINDOWS\System32\gdi32full.dll
0x00007ff82fc30000 - 0x00007ff82fea9000 	C:\WINDOWS\WinSxS\amd64_microsoft.windows.common-controls_6595b64144ccf1df_6.0.14393.447_none_42191651c6827bb3\COMCTL32.dll
0x00007ff8389a0000 - 0x00007ff838c68000 	C:\WINDOWS\System32\combase.dll
0x00007ff8359e0000 - 0x00007ff835ad5000 	C:\WINDOWS\System32\ucrtbase.dll
0x00007ff8358c0000 - 0x00007ff83592a000 	C:\WINDOWS\System32\bcryptPrimitives.dll
0x00007ff838dc0000 - 0x00007ff838dee000 	C:\WINDOWS\System32\IMM32.DLL
0x000000006da10000 - 0x000000006dae2000 	C:\Program Files\Java\jdk1.8.0_51\jre\bin\msvcr100.dll
0x000000006d180000 - 0x000000006da03000 	C:\Program Files\Java\jdk1.8.0_51\jre\bin\server\jvm.dll
0x00007ff8369d0000 - 0x00007ff8369d8000 	C:\WINDOWS\System32\PSAPI.DLL
0x00007ff82faf0000 - 0x00007ff82faf9000 	C:\WINDOWS\SYSTEM32\WSOCK32.dll
0x00007ff836c40000 - 0x00007ff836caa000 	C:\WINDOWS\System32\WS2_32.dll
0x00007ff833c20000 - 0x00007ff833c43000 	C:\WINDOWS\SYSTEM32\WINMM.dll
0x00007ff831320000 - 0x00007ff83132a000 	C:\WINDOWS\SYSTEM32\VERSION.dll
0x00007ff833bc0000 - 0x00007ff833beb000 	C:\WINDOWS\SYSTEM32\WINMMBASE.dll
0x00007ff835ae0000 - 0x00007ff835b22000 	C:\WINDOWS\System32\cfgmgr32.dll
0x000000006e640000 - 0x000000006e64f000 	C:\Program Files\Java\jdk1.8.0_51\jre\bin\verify.dll
0x000000006e610000 - 0x000000006e639000 	C:\Program Files\Java\jdk1.8.0_51\jre\bin\java.dll
0x000000006e5f0000 - 0x000000006e606000 	C:\Program Files\Java\jdk1.8.0_51\jre\bin\zip.dll
0x00007ff8371f0000 - 0x00007ff8386f9000 	C:\WINDOWS\System32\SHELL32.dll
0x00007ff835d40000 - 0x00007ff83641a000 	C:\WINDOWS\System32\windows.storage.dll
0x00007ff8356f0000 - 0x00007ff83573c000 	C:\WINDOWS\System32\powrprof.dll
0x00007ff836830000 - 0x00007ff836882000 	C:\WINDOWS\System32\shlwapi.dll
0x00007ff8356e0000 - 0x00007ff8356ef000 	C:\WINDOWS\System32\kernel.appcore.dll
0x00007ff835810000 - 0x00007ff8358b9000 	C:\WINDOWS\System32\shcore.dll
0x00007ff835740000 - 0x00007ff835754000 	C:\WINDOWS\System32\profapi.dll
0x00007ff828fc0000 - 0x00007ff829152000 	C:\WINDOWS\SYSTEM32\dbghelp.dll

VM Arguments:
jvm_args: -Djava.awt.headless=true -Xmx1024M -Dfile.encoding=windows-1252 -Duser.country=IN -Duser.language=en -Duser.variant 
java_command: com.android.dx.command.Main --dex --num-threads=4 --output F:\Android_Projects\Mine\TimeWork\app\build\intermediates\pre-dexed\debug\com.android.support-support-v4-23.3.0_0de9034faa9ff3efd271e83a54ca11389e899ddc.jar F:\Android_Projects\Mine\TimeWork\app\build\intermediates\exploded-aar\com.android.support\support-v4\23.3.0\jars\classes.jar
java_class_path (initial): C:\Users\Ganesh Prasad\AppData\Local\Android\sdk\build-tools\23.0.3\lib\dx.jar
Launcher Type: SUN_STANDARD

Environment Variables:
JAVA_HOME=C:\Program Files\Java\jdk1.8.0_51
PATH=C:\tools\ruby23\bin;C:\ProgramData\Oracle\Java\javapath;C:\Program Files (x86)\Intel\iCLS Client\;C:\Program Files\Intel\iCLS Client\;C:\Program Files (x86)\AMD APP\bin\x86_64;C:\Program Files (x86)\AMD APP\bin\x86;C:\WINDOWS\system32;C:\WINDOWS;C:\WINDOWS\System32\Wbem;C:\WINDOWS\System32\WindowsPowerShell\v1.0\;C:\Program Files (x86)\ATI Technologies\ATI.ACE\Core-Static;C:\Program Files\Intel\Intel(R) Management Engine Components\DAL;C:\Program Files\Intel\Intel(R) Management Engine Components\IPT;C:\Program Files (x86)\Intel\Intel(R) Management Engine Components\DAL;C:\Program Files (x86)\Intel\Intel(R) Management Engine Components\IPT;\;C:\Program Files (x86)\Sony\VAIO Startup Setting Tool;C:\Program Files (x86)\Java\jdk1.8.0_45\bin;C:\Program Files\nodejs\;C:\Users\Ganesh Prasad\AppData\Local\GitHub\PortableGit_c7e0cbde92ba565cb218a521411d0e854079a28c\bin;C:\Users\Ganesh Prasad\AppData\Local\GitHub\PortableGit_c7e0cbde92ba565cb218a521411d0e854079a28c\cmd;C:\Program Files (x86)\AMD\ATI.ACE\Core-Static;C:\Users\Ganesh Prasad\AppData\Local\Android\sdk\platform-tools;C:\Program Files (x86)\Brackets\command;C:\ProgramData\chocolatey\bin;C:\Users\Ganesh Prasad\Anaconda2;C:\Users\Ganesh Prasad\Anaconda2\Scripts;C:\Users\Ganesh Prasad\Anaconda2\Library\bin;C:\Users\Ganesh Prasad\AppData\Roaming\npm;C:\Users\Ganesh Prasad\AppData\Local\Microsoft\WindowsApps;
USERNAME=Ganesh Prasad
OS=Windows_NT
PROCESSOR_IDENTIFIER=Intel64 Family 6 Model 58 Stepping 9, GenuineIntel



---------------  S Y S T E M  ---------------

OS: Windows 10.0 , 64 bit Build 14393 (10.0.14393.0)

CPU:total 4 (2 cores per cpu, 2 threads per core) family 6 model 58 stepping 9, cmov, cx8, fxsr, mmx, sse, sse2, sse3, ssse3, sse4.1, sse4.2, popcnt, avx, clmul, erms, ht, tsc, tscinvbit, tscinv

Memory: 4k page, physical 4140316k(197132k free), swap 5574940k(2264k free)

vm_info: Java HotSpot(TM) 64-Bit Server VM (25.51-b03) for windows-amd64 JRE (1.8.0_51-b16), built on Jun  8 2015 18:03:07 by "java_re" with MS VC++ 10.0 (VS2010)

time: Wed Feb 15 17:46:25 2017
elapsed time: 4 seconds (0d 0h 0m 4s)

