#
# There is insufficient memory for the Java Runtime Environment to continue.
# Native memory allocation (malloc) failed to allocate 32944 bytes for Chunk::new
# Possible reasons:
#   The system is out of physical RAM or swap space
#   In 32 bit mode, the process size limit was hit
# Possible solutions:
#   Reduce memory load on the system
#   Increase physical memory or swap space
#   Check if swap backing store is full
#   Use 64 bit Java on a 64 bit OS
#   Decrease Java heap size (-Xmx/-Xms)
#   Decrease number of Java threads
#   Decrease Java thread stack sizes (-Xss)
#   Set larger code cache with -XX:ReservedCodeCacheSize=
# This output file may be truncated or incomplete.
#
#  Out of Memory Error (allocation.cpp:390), pid=197128, tid=195324
#
# JRE version: Java(TM) SE Runtime Environment (8.0_51-b16) (build 1.8.0_51-b16)
# Java VM: Java HotSpot(TM) 64-Bit Server VM (25.51-b03 mixed mode windows-amd64 compressed oops)
# Failed to write core dump. Minidumps are not enabled by default on client versions of Windows
#

---------------  T H R E A D  ---------------

Current thread (0x000000000077e000):  JavaThread "main" [_thread_in_native, id=195324, stack(0x0000000002420000,0x0000000002520000)]

Stack: [0x0000000002420000,0x0000000002520000]
Native frames: (J=compiled Java code, j=interpreted, Vv=VM code, C=native code)
V  [jvm.dll+0x32b4ca]
V  [jvm.dll+0x2797e3]
V  [jvm.dll+0x27a479]
V  [jvm.dll+0x271765]
V  [jvm.dll+0xcba02]
V  [jvm.dll+0xcbecc]
V  [jvm.dll+0x5ec26]
V  [jvm.dll+0x5ed57]
V  [jvm.dll+0x5f0b3]
V  [jvm.dll+0x7b449]
V  [jvm.dll+0x7bd27]
V  [jvm.dll+0x7d3f6]
V  [jvm.dll+0x7d44d]
V  [jvm.dll+0xf5a73]
V  [jvm.dll+0xb9ca3]
V  [jvm.dll+0xc08ca]
V  [jvm.dll+0xc237d]
V  [jvm.dll+0xba806]
C  0x00000000026720fe

Java frames: (J=compiled Java code, j=interpreted, Vv=VM code)
j  java.lang.invoke.MethodHandle.<clinit>()V+16
v  ~StubRoutines::call_stub

---------------  P R O C E S S  ---------------

Java Threads: ( => current thread )
  0x0000000014d4f000 JavaThread "C1 CompilerThread2" daemon [_thread_blocked, id=197664, stack(0x00000000164a0000,0x00000000165a0000)]
  0x0000000014d3e000 JavaThread "C2 CompilerThread1" daemon [_thread_blocked, id=197660, stack(0x00000000163a0000,0x00000000164a0000)]
  0x0000000014d3c000 JavaThread "C2 CompilerThread0" daemon [_thread_in_vm, id=197656, stack(0x00000000162a0000,0x00000000163a0000)]
  0x0000000014d3a000 JavaThread "Attach Listener" daemon [_thread_blocked, id=197652, stack(0x00000000161a0000,0x00000000162a0000)]
  0x0000000014d38800 JavaThread "Signal Dispatcher" daemon [_thread_blocked, id=197648, stack(0x00000000160a0000,0x00000000161a0000)]
  0x0000000002632800 JavaThread "Finalizer" daemon [_thread_blocked, id=197636, stack(0x0000000015f90000,0x0000000016090000)]
  0x000000000262f800 JavaThread "Reference Handler" daemon [_thread_blocked, id=196384, stack(0x0000000015e90000,0x0000000015f90000)]
=>0x000000000077e000 JavaThread "main" [_thread_in_native, id=195324, stack(0x0000000002420000,0x0000000002520000)]

Other Threads:
  0x0000000014d07000 VMThread [stack: 0x0000000015d90000,0x0000000015e90000] [id=194312]

VM state:not at safepoint (normal execution)

VM Mutex/Monitor currently owned by a thread: None

Heap:
 PSYoungGen      total 18944K, used 655K [0x00000000eab00000, 0x00000000ec000000, 0x0000000100000000)
  eden space 16384K, 4% used [0x00000000eab00000,0x00000000eaba3e30,0x00000000ebb00000)
  from space 2560K, 0% used [0x00000000ebd80000,0x00000000ebd80000,0x00000000ec000000)
  to   space 2560K, 0% used [0x00000000ebb00000,0x00000000ebb00000,0x00000000ebd80000)
 ParOldGen       total 44032K, used 0K [0x00000000c0000000, 0x00000000c2b00000, 0x00000000eab00000)
  object space 44032K, 0% used [0x00000000c0000000,0x00000000c0000000,0x00000000c2b00000)
 Metaspace       used 2046K, capacity 4480K, committed 4480K, reserved 1056768K
  class space    used 225K, capacity 384K, committed 384K, reserved 1048576K

Card table byte_map: [0x0000000011a10000,0x0000000011c20000] byte_map_base: 0x0000000011410000

Marking Bits: (ParMarkBitMap*) 0x0000000055834040
 Begin Bits: [0x0000000012180000, 0x0000000013180000)
 End Bits:   [0x0000000013180000, 0x0000000014180000)

Polling page: 0x0000000002520000

CodeCache: size=245760Kb used=1018Kb max_used=1018Kb free=244741Kb
 bounds [0x0000000002650000, 0x00000000028c0000, 0x0000000011650000]
 total_blobs=197 nmethods=0 adapters=126
 compilation: enabled

Compilation events (0 events):
No events

GC Heap History (0 events):
No events

Deoptimization events (0 events):
No events

Internal exceptions (2 events):
Event: 0.074 Thread 0x000000000077e000 Exception <a 'java/lang/NoSuchMethodError': Method sun.misc.Unsafe.defineClass(Ljava/lang/String;[BII)Ljava/lang/Class; name or signature does not match> (0x00000000eab0da28) thrown at [C:\re\workspace\8-2-build-windows-amd64-cygwin\jdk8u51\3951\hotspot\srÔÊ‘…³?
Event: 0.074 Thread 0x000000000077e000 Exception <a 'java/lang/NoSuchMethodError': Method sun.misc.Unsafe.prefetchRead(Ljava/lang/Object;J)V name or signature does not match> (0x00000000eab0dcb8) thrown at [C:\re\workspace\8-2-build-windows-amd64-cygwin\jdk8u51\3951\hotspot\src\share\vm\prims\j

Events (10 events):
Event: 0.113 loading class sun/misc/Launcher$AppClassLoader$1
Event: 0.113 loading class sun/misc/Launcher$AppClassLoader$1 done
Event: 0.114 loading class java/lang/SystemClassLoaderAction
Event: 0.114 loading class java/lang/SystemClassLoaderAction done
Event: 0.115 Thread 0x0000000014d38800 Thread added: 0x0000000014d38800
Event: 0.115 Thread 0x0000000014d3a000 Thread added: 0x0000000014d3a000
Event: 0.115 Thread 0x0000000014d3c000 Thread added: 0x0000000014d3c000
Event: 0.115 Thread 0x0000000014d3e000 Thread added: 0x0000000014d3e000
Event: 0.115 Thread 0x0000000014d4f000 Thread added: 0x0000000014d4f000
Event: 0.116 loading class java/lang/invoke/MethodHandleImpl


Dynamic libraries:
0x00007ff6113a0000 - 0x00007ff6113d7000 	C:\Program Files\Java\jdk1.8.0_51\bin\java.exe
0x00007ff973850000 - 0x00007ff973a21000 	C:\WINDOWS\SYSTEM32\ntdll.dll
0x00007ff972d20000 - 0x00007ff972dcb000 	C:\WINDOWS\System32\KERNEL32.DLL
0x00007ff970660000 - 0x00007ff97087d000 	C:\WINDOWS\System32\KERNELBASE.dll
0x00007ff972f10000 - 0x00007ff972fb2000 	C:\WINDOWS\System32\ADVAPI32.dll
0x00007ff9737b0000 - 0x00007ff97384e000 	C:\WINDOWS\System32\msvcrt.dll
0x00007ff9736b0000 - 0x00007ff973709000 	C:\WINDOWS\System32\sechost.dll
0x00007ff973320000 - 0x00007ff973441000 	C:\WINDOWS\System32\RPCRT4.dll
0x00007ff971640000 - 0x00007ff9717a5000 	C:\WINDOWS\System32\USER32.dll
0x00007ff970520000 - 0x00007ff97053e000 	C:\WINDOWS\System32\win32u.dll
0x00007ff973770000 - 0x00007ff9737a4000 	C:\WINDOWS\System32\GDI32.dll
0x00007ff970880000 - 0x00007ff970a02000 	C:\WINDOWS\System32\gdi32full.dll
0x00007ff963f10000 - 0x00007ff96418a000 	C:\WINDOWS\WinSxS\amd64_microsoft.windows.common-controls_6595b64144ccf1df_6.0.14393.953_none_42151e83c686086b\COMCTL32.dll
0x00007ff972fc0000 - 0x00007ff973288000 	C:\WINDOWS\System32\combase.dll
0x00007ff970420000 - 0x00007ff970515000 	C:\WINDOWS\System32\ucrtbase.dll
0x00007ff9705f0000 - 0x00007ff97065a000 	C:\WINDOWS\System32\bcryptPrimitives.dll
0x00007ff971610000 - 0x00007ff97163e000 	C:\WINDOWS\System32\IMM32.DLL
0x00000000558c0000 - 0x0000000055992000 	C:\Program Files\Java\jdk1.8.0_51\jre\bin\msvcr100.dll
0x0000000055030000 - 0x00000000558b3000 	C:\Program Files\Java\jdk1.8.0_51\jre\bin\server\jvm.dll
0x00007ff970de0000 - 0x00007ff970de8000 	C:\WINDOWS\System32\PSAPI.DLL
0x00007ff96dfa0000 - 0x00007ff96dfa9000 	C:\WINDOWS\SYSTEM32\WSOCK32.dll
0x00007ff9714a0000 - 0x00007ff97150a000 	C:\WINDOWS\System32\WS2_32.dll
0x00007ff96a3c0000 - 0x00007ff96a3ca000 	C:\WINDOWS\SYSTEM32\VERSION.dll
0x00007ff96e200000 - 0x00007ff96e223000 	C:\WINDOWS\SYSTEM32\WINMM.dll
0x00007ff96e1a0000 - 0x00007ff96e1cb000 	C:\WINDOWS\SYSTEM32\WINMMBASE.dll
0x00007ff970c40000 - 0x00007ff970c82000 	C:\WINDOWS\System32\cfgmgr32.dll
0x0000000055020000 - 0x000000005502f000 	C:\Program Files\Java\jdk1.8.0_51\jre\bin\verify.dll
0x0000000054ff0000 - 0x0000000055019000 	C:\Program Files\Java\jdk1.8.0_51\jre\bin\java.dll
0x0000000054fd0000 - 0x0000000054fe6000 	C:\Program Files\Java\jdk1.8.0_51\jre\bin\zip.dll
0x00007ff9717b0000 - 0x00007ff972cb9000 	C:\WINDOWS\System32\SHELL32.dll
0x00007ff96fd40000 - 0x00007ff97041a000 	C:\WINDOWS\System32\windows.storage.dll
0x00007ff96fce0000 - 0x00007ff96fd2c000 	C:\WINDOWS\System32\powrprof.dll
0x00007ff9732c0000 - 0x00007ff973312000 	C:\WINDOWS\System32\shlwapi.dll
0x00007ff96fd30000 - 0x00007ff96fd3f000 	C:\WINDOWS\System32\kernel.appcore.dll
0x00007ff970d30000 - 0x00007ff970dd9000 	C:\WINDOWS\System32\shcore.dll
0x00007ff96fcc0000 - 0x00007ff96fcd4000 	C:\WINDOWS\System32\profapi.dll
0x00007ff96aa40000 - 0x00007ff96abd2000 	C:\WINDOWS\SYSTEM32\dbghelp.dll

VM Arguments:
jvm_args: -Djava.awt.headless=true -Xmx1024M -Dfile.encoding=windows-1252 -Duser.country=IN -Duser.language=en -Duser.variant 
java_command: com.android.dx.command.Main --dex --force-jumbo --num-threads=4 --multi-dex --output F:\Android_Projects\Mine\TimeWork\app\build\intermediates\transforms\dex\debug\folders\1000\5\slice_1 F:\Android_Projects\Mine\TimeWork\app\build\intermediates\transforms\instantRunSlicer\debug\folders\1\5\slice_1
java_class_path (initial): C:\Users\Ganesh Prasad\AppData\Local\Android\sdk\build-tools\23.0.3\lib\dx.jar
Launcher Type: SUN_STANDARD

Environment Variables:
JAVA_HOME=C:\Program Files\Java\jdk1.8.0_51
PATH=C:\tools\ruby23\bin;C:\ProgramData\Oracle\Java\javapath;C:\Program Files (x86)\Intel\iCLS Client\;C:\Program Files\Intel\iCLS Client\;C:\Program Files (x86)\AMD APP\bin\x86_64;C:\Program Files (x86)\AMD APP\bin\x86;C:\WINDOWS\system32;C:\WINDOWS;C:\WINDOWS\System32\Wbem;C:\WINDOWS\System32\WindowsPowerShell\v1.0\;C:\Program Files (x86)\ATI Technologies\ATI.ACE\Core-Static;C:\Program Files\Intel\Intel(R) Management Engine Components\DAL;C:\Program Files\Intel\Intel(R) Management Engine Components\IPT;C:\Program Files (x86)\Intel\Intel(R) Management Engine Components\DAL;C:\Program Files (x86)\Intel\Intel(R) Management Engine Components\IPT;\;C:\Program Files (x86)\Sony\VAIO Startup Setting Tool;C:\Program Files (x86)\Java\jdk1.8.0_45\bin;C:\Program Files\nodejs\;C:\Users\Ganesh Prasad\AppData\Local\GitHub\PortableGit_d76a6a98c9315931ec4927243517bc09e9b731a0\usr\bin;C:\Users\Ganesh Prasad\AppData\Local\GitHub\PortableGit_d76a6a98c9315931ec4927243517bc09e9b731a0\cmd;C:\Program Files (x86)\AMD\ATI.ACE\Core-Static;C:\Users\Ganesh Prasad\AppData\Local\Android\sdk\platform-tools;C:\ProgramData\chocolatey\bin;C:\Users\Ganesh Prasad\Anaconda2;C:\Users\Ganesh Prasad\Anaconda2\Scripts;C:\Users\Ganesh Prasad\Anaconda2\Library\bin;C:\Users\Ganesh Prasad\AppData\Roaming\npm;C:\Users\Ganesh Prasad\AppData\Local\Microsoft\WindowsApps;C:\Users\Ganesh Prasad\AppData\Local\atom\bin
USERNAME=Ganesh Prasad
OS=Windows_NT
PROCESSOR_IDENTIFIER=Intel64 Family 6 Model 58 Stepping 9, GenuineIntel



---------------  S Y S T E M  ---------------

OS: Windows 10.0 , 64 bit Build 14393 (10.0.14393.0)

CPU:total 4 (2 cores per cpu, 2 threads per core) family 6 model 58 stepping 9, cmov, cx8, fxsr, mmx, sse, sse2, sse3, ssse3, sse4.1, sse4.2, popcnt, avx, clmul, erms, ht, tsc, tscinvbit, tscinv

Memory: 4k page, physical 4140316k(203524k free), swap 5574940k(241924k free)

vm_info: Java HotSpot(TM) 64-Bit Server VM (25.51-b03) for windows-amd64 JRE (1.8.0_51-b16), built on Jun  8 2015 18:03:07 by "java_re" with MS VC++ 10.0 (VS2010)

time: Tue Mar 21 12:34:49 2017
elapsed time: 1 seconds (0d 0h 0m 1s)

