#
# There is insufficient memory for the Java Runtime Environment to continue.
# Native memory allocation (malloc) failed to allocate 32784 bytes for Chunk::new
# Possible reasons:
#   The system is out of physical RAM or swap space
#   In 32 bit mode, the process size limit was hit
# Possible solutions:
#   Reduce memory load on the system
#   Increase physical memory or swap space
#   Check if swap backing store is full
#   Use 64 bit Java on a 64 bit OS
#   Decrease Java heap size (-Xmx/-Xms)
#   Decrease number of Java threads
#   Decrease Java thread stack sizes (-Xss)
#   Set larger code cache with -XX:ReservedCodeCacheSize=
# This output file may be truncated or incomplete.
#
#  Out of Memory Error (allocation.cpp:390), pid=168676, tid=169844
#
# JRE version: Java(TM) SE Runtime Environment (8.0_51-b16) (build 1.8.0_51-b16)
# Java VM: Java HotSpot(TM) 64-Bit Server VM (25.51-b03 mixed mode windows-amd64 compressed oops)
# Failed to write core dump. Minidumps are not enabled by default on client versions of Windows
#

---------------  T H R E A D  ---------------

Current thread (0x0000000014b44000):  JavaThread "C2 CompilerThread1" daemon [_thread_in_native, id=169844, stack(0x0000000016160000,0x0000000016260000)]

Stack: [0x0000000016160000,0x0000000016260000]
Native frames: (J=compiled Java code, j=interpreted, Vv=VM code, C=native code)
V  [jvm.dll+0x32b4ca]
V  [jvm.dll+0x2797e3]
V  [jvm.dll+0x27a479]
V  [jvm.dll+0x271765]
V  [jvm.dll+0xcba02]
V  [jvm.dll+0xcbecc]
V  [jvm.dll+0xcc224]
V  [jvm.dll+0x4ea2b0]
V  [jvm.dll+0x4b92ff]
V  [jvm.dll+0x46c011]
V  [jvm.dll+0x46cd4e]
V  [jvm.dll+0x4501a2]
V  [jvm.dll+0xa43a2]
V  [jvm.dll+0xa4cdf]
V  [jvm.dll+0x2418a4]
V  [jvm.dll+0x29846a]
C  [msvcr100.dll+0x21d9f]
C  [msvcr100.dll+0x21e3b]
C  [KERNEL32.DLL+0x18102]
C  [ntdll.dll+0x5c5b4]


Current CompileTask:
C2:  33333 2573       4       com.android.dx.dex.code.StdCatchBuilder::build (262 bytes)


---------------  P R O C E S S  ---------------

Java Threads: ( => current thread )
  0x0000000014b4d000 JavaThread "Service Thread" daemon [_thread_blocked, id=170380, stack(0x0000000016760000,0x0000000016860000)]
  0x0000000016268800 JavaThread "C1 CompilerThread2" daemon [_thread_blocked, id=170116, stack(0x0000000016660000,0x0000000016760000)]
=>0x0000000014b44000 JavaThread "C2 CompilerThread1" daemon [_thread_in_native, id=169844, stack(0x0000000016160000,0x0000000016260000)]
  0x0000000014aec000 JavaThread "C2 CompilerThread0" daemon [_thread_in_native, id=170172, stack(0x0000000016060000,0x0000000016160000)]
  0x0000000014aea800 JavaThread "Attach Listener" daemon [_thread_blocked, id=167596, stack(0x0000000015f60000,0x0000000016060000)]
  0x0000000014ae9800 JavaThread "Signal Dispatcher" daemon [_thread_blocked, id=169280, stack(0x0000000015e60000,0x0000000015f60000)]
  0x0000000002414000 JavaThread "Finalizer" daemon [_thread_blocked, id=169380, stack(0x0000000015d60000,0x0000000015e60000)]
  0x0000000002411000 JavaThread "Reference Handler" daemon [_thread_blocked, id=170540, stack(0x0000000015c60000,0x0000000015d60000)]
  0x000000000203e000 JavaThread "main" [_thread_in_Java, id=156276, stack(0x0000000002220000,0x0000000002320000)]

Other Threads:
  0x000000000240d000 VMThread [stack: 0x0000000015b60000,0x0000000015c60000] [id=170692]
  0x0000000014b4e000 WatcherThread [stack: 0x0000000016860000,0x0000000016960000] [id=168680]

VM state:not at safepoint (normal execution)

VM Mutex/Monitor currently owned by a thread: None

Heap:
 PSYoungGen      total 143360K, used 115780K [0x00000000eab00000, 0x00000000f4900000, 0x0000000100000000)
  eden space 129536K, 79% used [0x00000000eab00000,0x00000000f1004388,0x00000000f2980000)
  from space 13824K, 89% used [0x00000000f3880000,0x00000000f448cec0,0x00000000f4600000)
  to   space 15360K, 0% used [0x00000000f2980000,0x00000000f2980000,0x00000000f3880000)
 ParOldGen       total 44032K, used 23444K [0x00000000c0000000, 0x00000000c2b00000, 0x00000000eab00000)
  object space 44032K, 53% used [0x00000000c0000000,0x00000000c16e50f8,0x00000000c2b00000)
 Metaspace       used 6743K, capacity 7544K, committed 7680K, reserved 1056768K
  class space    used 632K, capacity 688K, committed 768K, reserved 1048576K

Card table byte_map: [0x00000000117e0000,0x00000000119f0000] byte_map_base: 0x00000000111e0000

Marking Bits: (ParMarkBitMap*) 0x000000006b494040
 Begin Bits: [0x0000000011f50000, 0x0000000012f50000)
 End Bits:   [0x0000000012f50000, 0x0000000013f50000)

Polling page: 0x0000000000850000

CodeCache: size=245760Kb used=12250Kb max_used=12250Kb free=233509Kb
 bounds [0x0000000002420000, 0x0000000003030000, 0x0000000011420000]
 total_blobs=2734 nmethods=2464 adapters=182
 compilation: enabled

Compilation events (10 events):
Event: 33.199 Thread 0x0000000016268800 nmethod 2568 0x0000000002577350 code [0x00000000025775a0, 0x0000000002578938]
Event: 33.201 Thread 0x0000000014b44000 2569       4       com.android.dx.rop.code.RegisterSpecList$Expander::expandRegister (85 bytes)
Event: 33.203 Thread 0x0000000016268800 2570       3       com.android.dx.dex.code.form.Form22b::isCompatible (103 bytes)
Event: 33.205 Thread 0x0000000016268800 nmethod 2570 0x0000000003009d90 code [0x0000000003009fc0, 0x000000000300b2b8]
Event: 33.206 Thread 0x0000000014b44000 nmethod 2569 0x0000000002573e50 code [0x0000000002573fc0, 0x0000000002574288]
Event: 33.210 Thread 0x0000000014b44000 2571       4       com.android.dx.dex.code.OutputFinisher::reserveRegisters (119 bytes)
Event: 33.217 Thread 0x0000000014b44000 nmethod 2571 0x000000000252b850 code [0x000000000252b9c0, 0x000000000252bdb8]
Event: 33.222 Thread 0x0000000014b44000 2572       4       com.android.dx.dex.code.CstInsn::withRegisters (53 bytes)
Event: 33.225 Thread 0x0000000014b44000 nmethod 2572 0x0000000003003750 code [0x00000000030038a0, 0x0000000003003a98]
Event: 33.227 Thread 0x0000000014b44000 2573       4       com.android.dx.dex.code.StdCatchBuilder::build (262 bytes)

GC Heap History (10 events):
Event: 3.555 GC heap before
{Heap before GC invocations=2 (full 0):
 PSYoungGen      total 18944K, used 18936K [0x00000000eab00000, 0x00000000ed000000, 0x0000000100000000)
  eden space 16384K, 100% used [0x00000000eab00000,0x00000000ebb00000,0x00000000ebb00000)
  from space 2560K, 99% used [0x00000000ebb00000,0x00000000ebd7e3f0,0x00000000ebd80000)
  to   space 2560K, 0% used [0x00000000ecd80000,0x00000000ecd80000,0x00000000ed000000)
 ParOldGen       total 44032K, used 951K [0x00000000c0000000, 0x00000000c2b00000, 0x00000000eab00000)
  object space 44032K, 2% used [0x00000000c0000000,0x00000000c00edee0,0x00000000c2b00000)
 Metaspace       used 5949K, capacity 6896K, committed 7040K, reserved 1056768K
  class space    used 592K, capacity 616K, committed 640K, reserved 1048576K
Event: 3.881 GC heap after
Heap after GC invocations=2 (full 0):
 PSYoungGen      total 35328K, used 2536K [0x00000000eab00000, 0x00000000ed000000, 0x0000000100000000)
  eden space 32768K, 0% used [0x00000000eab00000,0x00000000eab00000,0x00000000ecb00000)
  from space 2560K, 99% used [0x00000000ecd80000,0x00000000ecffa118,0x00000000ed000000)
  to   space 2560K, 0% used [0x00000000ecb00000,0x00000000ecb00000,0x00000000ecd80000)
 ParOldGen       total 44032K, used 3055K [0x00000000c0000000, 0x00000000c2b00000, 0x00000000eab00000)
  object space 44032K, 6% used [0x00000000c0000000,0x00000000c02fbc08,0x00000000c2b00000)
 Metaspace       used 5949K, capacity 6896K, committed 7040K, reserved 1056768K
  class space    used 592K, capacity 616K, committed 640K, reserved 1048576K
}
Event: 7.078 GC heap before
{Heap before GC invocations=3 (full 0):
 PSYoungGen      total 35328K, used 35304K [0x00000000eab00000, 0x00000000ed000000, 0x0000000100000000)
  eden space 32768K, 100% used [0x00000000eab00000,0x00000000ecb00000,0x00000000ecb00000)
  from space 2560K, 99% used [0x00000000ecd80000,0x00000000ecffa118,0x00000000ed000000)
  to   space 2560K, 0% used [0x00000000ecb00000,0x00000000ecb00000,0x00000000ecd80000)
 ParOldGen       total 44032K, used 3055K [0x00000000c0000000, 0x00000000c2b00000, 0x00000000eab00000)
  object space 44032K, 6% used [0x00000000c0000000,0x00000000c02fbc08,0x00000000c2b00000)
 Metaspace       used 6155K, capacity 7088K, committed 7296K, reserved 1056768K
  class space    used 593K, capacity 616K, committed 640K, reserved 1048576K
Event: 8.111 GC heap after
Heap after GC invocations=3 (full 0):
 PSYoungGen      total 35328K, used 2545K [0x00000000eab00000, 0x00000000ef000000, 0x0000000100000000)
  eden space 32768K, 0% used [0x00000000eab00000,0x00000000eab00000,0x00000000ecb00000)
  from space 2560K, 99% used [0x00000000ecb00000,0x00000000ecd7c4c8,0x00000000ecd80000)
  to   space 2560K, 0% used [0x00000000eed80000,0x00000000eed80000,0x00000000ef000000)
 ParOldGen       total 44032K, used 7866K [0x00000000c0000000, 0x00000000c2b00000, 0x00000000eab00000)
  object space 44032K, 17% used [0x00000000c0000000,0x00000000c07ae888,0x00000000c2b00000)
 Metaspace       used 6155K, capacity 7088K, committed 7296K, reserved 1056768K
  class space    used 593K, capacity 616K, committed 640K, reserved 1048576K
}
Event: 9.572 GC heap before
{Heap before GC invocations=4 (full 0):
 PSYoungGen      total 35328K, used 35313K [0x00000000eab00000, 0x00000000ef000000, 0x0000000100000000)
  eden space 32768K, 100% used [0x00000000eab00000,0x00000000ecb00000,0x00000000ecb00000)
  from space 2560K, 99% used [0x00000000ecb00000,0x00000000ecd7c4c8,0x00000000ecd80000)
  to   space 2560K, 0% used [0x00000000eed80000,0x00000000eed80000,0x00000000ef000000)
 ParOldGen       total 44032K, used 7866K [0x00000000c0000000, 0x00000000c2b00000, 0x00000000eab00000)
  object space 44032K, 17% used [0x00000000c0000000,0x00000000c07ae888,0x00000000c2b00000)
 Metaspace       used 6192K, capacity 7088K, committed 7296K, reserved 1056768K
  class space    used 593K, capacity 616K, committed 640K, reserved 1048576K
Event: 10.103 GC heap after
Heap after GC invocations=4 (full 0):
 PSYoungGen      total 68096K, used 2554K [0x00000000eab00000, 0x00000000ef000000, 0x0000000100000000)
  eden space 65536K, 0% used [0x00000000eab00000,0x00000000eab00000,0x00000000eeb00000)
  from space 2560K, 99% used [0x00000000eed80000,0x00000000eeffea58,0x00000000ef000000)
  to   space 2560K, 0% used [0x00000000eeb00000,0x00000000eeb00000,0x00000000eed80000)
 ParOldGen       total 44032K, used 13123K [0x00000000c0000000, 0x00000000c2b00000, 0x00000000eab00000)
  object space 44032K, 29% used [0x00000000c0000000,0x00000000c0cd0fa0,0x00000000c2b00000)
 Metaspace       used 6192K, capacity 7088K, committed 7296K, reserved 1056768K
  class space    used 593K, capacity 616K, committed 640K, reserved 1048576K
}
Event: 11.810 GC heap before
{Heap before GC invocations=5 (full 0):
 PSYoungGen      total 68096K, used 68090K [0x00000000eab00000, 0x00000000ef000000, 0x0000000100000000)
  eden space 65536K, 100% used [0x00000000eab00000,0x00000000eeb00000,0x00000000eeb00000)
  from space 2560K, 99% used [0x00000000eed80000,0x00000000eeffea58,0x00000000ef000000)
  to   space 2560K, 0% used [0x00000000eeb00000,0x00000000eeb00000,0x00000000eed80000)
 ParOldGen       total 44032K, used 13123K [0x00000000c0000000, 0x00000000c2b00000, 0x00000000eab00000)
  object space 44032K, 29% used [0x00000000c0000000,0x00000000c0cd0fa0,0x00000000c2b00000)
 Metaspace       used 6240K, capacity 7152K, committed 7296K, reserved 1056768K
  class space    used 594K, capacity 616K, committed 640K, reserved 1048576K
Event: 12.134 GC heap after
Heap after GC invocations=5 (full 0):
 PSYoungGen      total 68096K, used 2555K [0x00000000eab00000, 0x00000000f4600000, 0x0000000100000000)
  eden space 65536K, 0% used [0x00000000eab00000,0x00000000eab00000,0x00000000eeb00000)
  from space 2560K, 99% used [0x00000000eeb00000,0x00000000eed7ee50,0x00000000eed80000)
  to   space 13824K, 0% used [0x00000000f3880000,0x00000000f3880000,0x00000000f4600000)
 ParOldGen       total 44032K, used 23444K [0x00000000c0000000, 0x00000000c2b00000, 0x00000000eab00000)
  object space 44032K, 53% used [0x00000000c0000000,0x00000000c16e50f8,0x00000000c2b00000)
 Metaspace       used 6240K, capacity 7152K, committed 7296K, reserved 1056768K
  class space    used 594K, capacity 616K, committed 640K, reserved 1048576K
}
Event: 18.777 GC heap before
{Heap before GC invocations=6 (full 0):
 PSYoungGen      total 68096K, used 68091K [0x00000000eab00000, 0x00000000f4600000, 0x0000000100000000)
  eden space 65536K, 100% used [0x00000000eab00000,0x00000000eeb00000,0x00000000eeb00000)
  from space 2560K, 99% used [0x00000000eeb00000,0x00000000eed7ee50,0x00000000eed80000)
  to   space 13824K, 0% used [0x00000000f3880000,0x00000000f3880000,0x00000000f4600000)
 ParOldGen       total 44032K, used 23444K [0x00000000c0000000, 0x00000000c2b00000, 0x00000000eab00000)
  object space 44032K, 53% used [0x00000000c0000000,0x00000000c16e50f8,0x00000000c2b00000)
 Metaspace       used 6394K, capacity 7192K, committed 7424K, reserved 1056768K
  class space    used 614K, capacity 656K, committed 768K, reserved 1048576K
Event: 19.519 GC heap after
Heap after GC invocations=6 (full 0):
 PSYoungGen      total 143360K, used 12339K [0x00000000eab00000, 0x00000000f4900000, 0x0000000100000000)
  eden space 129536K, 0% used [0x00000000eab00000,0x00000000eab00000,0x00000000f2980000)
  from space 13824K, 89% used [0x00000000f3880000,0x00000000f448cec0,0x00000000f4600000)
  to   space 15360K, 0% used [0x00000000f2980000,0x00000000f2980000,0x00000000f3880000)
 ParOldGen       total 44032K, used 23444K [0x00000000c0000000, 0x00000000c2b00000, 0x00000000eab00000)
  object space 44032K, 53% used [0x00000000c0000000,0x00000000c16e50f8,0x00000000c2b00000)
 Metaspace       used 6394K, capacity 7192K, committed 7424K, reserved 1056768K
  class space    used 614K, capacity 656K, committed 768K, reserved 1048576K
}

Deoptimization events (10 events):
Event: 25.428 Thread 0x000000000203e000 Uncommon trap: reason=class_check action=maybe_recompile pc=0x00000000028d1688 method=java.util.Arrays.hashCode([Ljava/lang/Object;)I @ 43
Event: 25.428 Thread 0x000000000203e000 Uncommon trap: reason=class_check action=maybe_recompile pc=0x00000000028d1688 method=java.util.Arrays.hashCode([Ljava/lang/Object;)I @ 43
Event: 25.428 Thread 0x000000000203e000 Uncommon trap: reason=class_check action=maybe_recompile pc=0x00000000028d1688 method=java.util.Arrays.hashCode([Ljava/lang/Object;)I @ 43
Event: 25.428 Thread 0x000000000203e000 Uncommon trap: reason=class_check action=maybe_recompile pc=0x00000000028c6c68 method=java.util.Arrays.hashCode([Ljava/lang/Object;)I @ 43
Event: 30.734 Thread 0x000000000203e000 Uncommon trap: reason=speculate_class_check action=maybe_recompile pc=0x00000000027bae98 method=com.android.dx.util.FixedSizeList.equals(Ljava/lang/Object;)Z @ 25
Event: 30.873 Thread 0x000000000203e000 Uncommon trap: reason=speculate_class_check action=maybe_recompile pc=0x00000000027bae98 method=com.android.dx.util.FixedSizeList.equals(Ljava/lang/Object;)Z @ 25
Event: 30.873 Thread 0x000000000203e000 Uncommon trap: reason=speculate_class_check action=maybe_recompile pc=0x00000000027bae98 method=com.android.dx.util.FixedSizeList.equals(Ljava/lang/Object;)Z @ 25
Event: 30.873 Thread 0x000000000203e000 Uncommon trap: reason=speculate_class_check action=maybe_recompile pc=0x00000000027bae98 method=com.android.dx.util.FixedSizeList.equals(Ljava/lang/Object;)Z @ 25
Event: 31.702 Thread 0x000000000203e000 Uncommon trap: reason=unstable_if action=reinterpret pc=0x0000000002b2244c method=java.util.TreeMap.put(Ljava/lang/Object;Ljava/lang/Object;)Ljava/lang/Object; @ 163
Event: 31.785 Thread 0x000000000203e000 Uncommon trap: reason=unstable_if action=reinterpret pc=0x0000000002fa7d18 method=com.android.dx.rop.code.RegisterSpec.matchesVariable(Lcom/android/dx/rop/code/RegisterSpec;)Z @ 59

Internal exceptions (8 events):
Event: 0.069 Thread 0x000000000203e000 Exception <a 'java/lang/NoSuchMethodError': Method sun.misc.Unsafe.defineClass(Ljava/lang/String;[BII)Ljava/lang/Class; name or signature does not match> (0x00000000eab0d9b8) thrown at [C:\re\workspace\8-2-build-windows-amd64-cygwin\jdk8u51\3951\hotspot\srêÙ‘—Í”±?
Event: 0.069 Thread 0x000000000203e000 Exception <a 'java/lang/NoSuchMethodError': Method sun.misc.Unsafe.prefetchRead(Ljava/lang/Object;J)V name or signature does not match> (0x00000000eab0dc48) thrown at [C:\re\workspace\8-2-build-windows-amd64-cygwin\jdk8u51\3951\hotspot\src\share\vm\prims\j&¼7Åì@
Event: 2.616 Thread 0x000000001665e800 Implicit null exception at 0x000000000278d2e2 to 0x000000000278d3d2
Event: 2.787 Thread 0x000000001665a000 Implicit null exception at 0x0000000002749f2c to 0x000000000274c7bd
Event: 4.494 Thread 0x000000001665e800 Implicit null exception at 0x000000000275372d to 0x0000000002755c11
Event: 14.392 Thread 0x000000001665d000 Exception <a 'java/lang/ArrayIndexOutOfBoundsException': 18> (0x00000000eb33d268) thrown at [C:\re\workspace\8-2-build-windows-amd64-cygwin\jdk8u51\3951\hotspot\src\share\vm\interpreter\interpreterRuntime.cpp, line 366]
Event: 14.401 Thread 0x000000001665d000 Exception <a 'java/lang/ArrayIndexOutOfBoundsException'> (0x00000000eb33ed38) thrown at [C:\re\workspace\8-2-build-windows-amd64-cygwin\jdk8u51\3951\hotspot\src\share\vm\runtime\sharedRuntime.cpp, line 605]
Event: 14.708 Thread 0x000000001665d000 Exception <a 'java/lang/ArrayIndexOutOfBoundsException'> (0x00000000eb33ff70) thrown at [C:\re\workspace\8-2-build-windows-amd64-cygwin\jdk8u51\3951\hotspot\src\share\vm\runtime\sharedRuntime.cpp, line 605]

Events (10 events):
Event: 32.756 Thread 0x0000000016268800 flushing nmethod 0x00000000025737d0
Event: 32.756 Thread 0x0000000016268800 flushing nmethod 0x0000000002573e50
Event: 32.756 Thread 0x0000000016268800 flushing nmethod 0x0000000002574550
Event: 32.756 Thread 0x0000000016268800 flushing nmethod 0x0000000002575fd0
Event: 32.760 Thread 0x0000000016268800 flushing nmethod 0x00000000025766d0
Event: 32.760 Thread 0x0000000016268800 flushing nmethod 0x000000000257a010
Event: 32.760 Thread 0x000000000203e000 DEOPT PACKING pc=0x0000000002fa8bfb sp=0x000000000231eaa0
Event: 32.760 Thread 0x000000000203e000 DEOPT UNPACKING pc=0x000000000246787f sp=0x000000000231e820 mode 0
Event: 32.770 Thread 0x000000000203e000 DEOPT PACKING pc=0x0000000002fa8bfb sp=0x000000000231eaa0
Event: 32.770 Thread 0x000000000203e000 DEOPT UNPACKING pc=0x000000000246787f sp=0x000000000231e820 mode 0


Dynamic libraries:
0x00007ff6c0b90000 - 0x00007ff6c0bc7000 	C:\Program Files\Java\jdk1.8.0_51\bin\java.exe
0x00007ffaa6940000 - 0x00007ffaa6b01000 	C:\WINDOWS\SYSTEM32\ntdll.dll
0x00007ffaa44b0000 - 0x00007ffaa455d000 	C:\WINDOWS\system32\KERNEL32.DLL
0x00007ffaa39b0000 - 0x00007ffaa3b98000 	C:\WINDOWS\system32\KERNELBASE.dll
0x00007ffaa3d40000 - 0x00007ffaa3de7000 	C:\WINDOWS\system32\ADVAPI32.dll
0x00007ffaa4860000 - 0x00007ffaa48fd000 	C:\WINDOWS\system32\msvcrt.dll
0x00007ffaa6120000 - 0x00007ffaa617b000 	C:\WINDOWS\system32\sechost.dll
0x00007ffaa3df0000 - 0x00007ffaa3f0c000 	C:\WINDOWS\system32\RPCRT4.dll
0x00007ffaa6780000 - 0x00007ffaa68d6000 	C:\WINDOWS\system32\USER32.dll
0x00007ffaa4970000 - 0x00007ffaa4af6000 	C:\WINDOWS\system32\GDI32.dll
0x00007ffa973f0000 - 0x00007ffa97664000 	C:\WINDOWS\WinSxS\amd64_microsoft.windows.common-controls_6595b64144ccf1df_6.0.10586.494_none_a2d8b04ea53e3145\COMCTL32.dll
0x00007ffaa3f10000 - 0x00007ffaa418d000 	C:\WINDOWS\system32\combase.dll
0x00007ffaa3c60000 - 0x00007ffaa3cca000 	C:\WINDOWS\system32\bcryptPrimitives.dll
0x00007ffaa4820000 - 0x00007ffaa485b000 	C:\WINDOWS\system32\IMM32.DLL
0x000000006a760000 - 0x000000006a832000 	C:\Program Files\Java\jdk1.8.0_51\jre\bin\msvcr100.dll
0x000000006ac90000 - 0x000000006b513000 	C:\Program Files\Java\jdk1.8.0_51\jre\bin\server\jvm.dll
0x00007ffaa4b00000 - 0x00007ffaa4b08000 	C:\WINDOWS\system32\PSAPI.DLL
0x00007ffaa0c40000 - 0x00007ffaa0c49000 	C:\WINDOWS\SYSTEM32\WSOCK32.dll
0x00007ffaa41c0000 - 0x00007ffaa422b000 	C:\WINDOWS\system32\WS2_32.dll
0x00007ffaa1690000 - 0x00007ffaa16b3000 	C:\WINDOWS\SYSTEM32\WINMM.dll
0x00007ffa9d830000 - 0x00007ffa9d83a000 	C:\WINDOWS\SYSTEM32\VERSION.dll
0x00007ffaa1630000 - 0x00007ffaa165c000 	C:\WINDOWS\SYSTEM32\WINMMBASE.dll
0x00007ffaa3cf0000 - 0x00007ffaa3d33000 	C:\WINDOWS\system32\cfgmgr32.dll
0x000000006bb60000 - 0x000000006bb6f000 	C:\Program Files\Java\jdk1.8.0_51\jre\bin\verify.dll
0x000000006ab80000 - 0x000000006aba9000 	C:\Program Files\Java\jdk1.8.0_51\jre\bin\java.dll
0x000000006bb40000 - 0x000000006bb56000 	C:\Program Files\Java\jdk1.8.0_51\jre\bin\zip.dll
0x00007ffaa4b10000 - 0x00007ffaa606c000 	C:\WINDOWS\system32\SHELL32.dll
0x00007ffaa3360000 - 0x00007ffaa39a5000 	C:\WINDOWS\system32\windows.storage.dll
0x00007ffaa68e0000 - 0x00007ffaa6932000 	C:\WINDOWS\system32\shlwapi.dll
0x00007ffaa2f90000 - 0x00007ffaa2f9f000 	C:\WINDOWS\system32\kernel.appcore.dll
0x00007ffaa3ba0000 - 0x00007ffaa3c55000 	C:\WINDOWS\system32\shcore.dll
0x00007ffaa2fa0000 - 0x00007ffaa2feb000 	C:\WINDOWS\system32\powrprof.dll
0x00007ffaa2f70000 - 0x00007ffaa2f84000 	C:\WINDOWS\system32\profapi.dll
0x00007ffa96310000 - 0x00007ffa9649c000 	C:\WINDOWS\SYSTEM32\dbghelp.dll

VM Arguments:
jvm_args: -Djava.awt.headless=true -Xmx1024M -Dfile.encoding=windows-1252 -Duser.country=IN -Duser.language=en -Duser.variant 
java_command: com.android.dx.command.Main --dex --force-jumbo --num-threads=4 --output F:\STUDY\ANDROID\SAMPLES\TimeWork\app\build\intermediates\pre-dexed\debug\com.android.support-appcompat-v7-23.3.0_7ecea8525f2f21584c33707b909f7f9749c1c19c.jar F:\STUDY\ANDROID\SAMPLES\TimeWork\app\build\intermediates\exploded-aar\com.android.support\appcompat-v7\23.3.0\jars\classes.jar
java_class_path (initial): C:\Users\Ganesh Prasad\AppData\Local\Android\sdk\build-tools\23.0.3\lib\dx.jar
Launcher Type: SUN_STANDARD

Environment Variables:
JAVA_HOME=C:\Program Files\Java\jdk1.8.0_51
PATH=C:\ProgramData\Oracle\Java\javapath;C:\Program Files (x86)\Intel\iCLS Client\;C:\Program Files\Intel\iCLS Client\;C:\Program Files (x86)\AMD APP\bin\x86_64;C:\Program Files (x86)\AMD APP\bin\x86;C:\WINDOWS\system32;C:\WINDOWS;C:\WINDOWS\System32\Wbem;C:\WINDOWS\System32\WindowsPowerShell\v1.0\;C:\Program Files (x86)\ATI Technologies\ATI.ACE\Core-Static;C:\Program Files\Intel\Intel(R) Management Engine Components\DAL;C:\Program Files\Intel\Intel(R) Management Engine Components\IPT;C:\Program Files (x86)\Intel\Intel(R) Management Engine Components\DAL;C:\Program Files (x86)\Intel\Intel(R) Management Engine Components\IPT;\;C:\Program Files (x86)\Sony\VAIO Startup Setting Tool;C:\Program Files (x86)\Brackets\command;C:\Program Files (x86)\Java\jdk1.8.0_45\bin;C:\Program Files\nodejs\;C:\Users\Ganesh Prasad\AppData\Local\GitHub\PortableGit_c7e0cbde92ba565cb218a521411d0e854079a28c\bin;C:\Users\Ganesh Prasad\AppData\Local\GitHub\PortableGit_c7e0cbde92ba565cb218a521411d0e854079a28c\cmd;C:\Program Files (x86)\AMD\ATI.ACE\Core-Static;C:\Users\Ganesh Prasad\AppData\Local\Android\sdk\platform-tools;C:\Users\Ganesh Prasad\Anaconda2;C:\Users\Ganesh Prasad\Anaconda2\Scripts;C:\Users\Ganesh Prasad\Anaconda2\Library\bin;C:\Users\Ganesh Prasad\AppData\Roaming\npm
USERNAME=Ganesh Prasad
OS=Windows_NT
PROCESSOR_IDENTIFIER=Intel64 Family 6 Model 58 Stepping 9, GenuineIntel



---------------  S Y S T E M  ---------------

OS: Windows 10.0 , 64 bit Build 10586 (10.0.10586.0)

CPU:total 4 (2 cores per cpu, 2 threads per core) family 6 model 58 stepping 9, cmov, cx8, fxsr, mmx, sse, sse2, sse3, ssse3, sse4.1, sse4.2, popcnt, avx, clmul, erms, ht, tsc, tscinvbit, tscinv

Memory: 4k page, physical 4140316k(336360k free), swap 5574940k(6660k free)

vm_info: Java HotSpot(TM) 64-Bit Server VM (25.51-b03) for windows-amd64 JRE (1.8.0_51-b16), built on Jun  8 2015 18:03:07 by "java_re" with MS VC++ 10.0 (VS2010)

time: Sun Jul 31 19:47:39 2016
elapsed time: 33 seconds (0d 0h 0m 33s)

