#
# There is insufficient memory for the Java Runtime Environment to continue.
# Native memory allocation (malloc) failed to allocate 1589456 bytes for Chunk::new
# Possible reasons:
#   The system is out of physical RAM or swap space
#   In 32 bit mode, the process size limit was hit
# Possible solutions:
#   Reduce memory load on the system
#   Increase physical memory or swap space
#   Check if swap backing store is full
#   Use 64 bit Java on a 64 bit OS
#   Decrease Java heap size (-Xmx/-Xms)
#   Decrease number of Java threads
#   Decrease Java thread stack sizes (-Xss)
#   Set larger code cache with -XX:ReservedCodeCacheSize=
# This output file may be truncated or incomplete.
#
#  Out of Memory Error (allocation.cpp:390), pid=165996, tid=170180
#
# JRE version: Java(TM) SE Runtime Environment (8.0_51-b16) (build 1.8.0_51-b16)
# Java VM: Java HotSpot(TM) 64-Bit Server VM (25.51-b03 mixed mode windows-amd64 compressed oops)
# Failed to write core dump. Minidumps are not enabled by default on client versions of Windows
#

---------------  T H R E A D  ---------------

Current thread (0x00000000153ea000):  JavaThread "C2 CompilerThread0" daemon [_thread_in_native, id=170180, stack(0x0000000016950000,0x0000000016a50000)]

Stack: [0x0000000016950000,0x0000000016a50000]
Native frames: (J=compiled Java code, j=interpreted, Vv=VM code, C=native code)
V  [jvm.dll+0x32b4ca]


Current CompileTask:
C2:  33086 2002   !   4       com.android.dx.cf.code.Ropper::processBlock (1101 bytes)


---------------  P R O C E S S  ---------------

Java Threads: ( => current thread )
  0x0000000016dfd000 JavaThread "pool-1-thread-4" [_thread_blocked, id=170620, stack(0x0000000017650000,0x0000000017750000)]
  0x0000000016dfc000 JavaThread "pool-1-thread-3" [_thread_blocked, id=170104, stack(0x0000000017550000,0x0000000017650000)]
  0x0000000016dfa800 JavaThread "pool-1-thread-2" [_thread_in_Java, id=170624, stack(0x0000000017450000,0x0000000017550000)]
  0x0000000016e3b800 JavaThread "pool-2-thread-1" [_thread_blocked, id=165752, stack(0x0000000017350000,0x0000000017450000)]
  0x0000000016df0000 JavaThread "pool-1-thread-1" [_thread_blocked, id=169176, stack(0x0000000017250000,0x0000000017350000)]
  0x0000000016b5d800 JavaThread "Service Thread" daemon [_thread_blocked, id=170992, stack(0x0000000017050000,0x0000000017150000)]
  0x0000000016b58800 JavaThread "C1 CompilerThread2" daemon [_thread_blocked, id=169588, stack(0x0000000016f50000,0x0000000017050000)]
  0x00000000153f1000 JavaThread "C2 CompilerThread1" daemon [_thread_in_native, id=170812, stack(0x0000000016a50000,0x0000000016b50000)]
=>0x00000000153ea000 JavaThread "C2 CompilerThread0" daemon [_thread_in_native, id=170180, stack(0x0000000016950000,0x0000000016a50000)]
  0x00000000153e8800 JavaThread "Attach Listener" daemon [_thread_blocked, id=170872, stack(0x0000000016850000,0x0000000016950000)]
  0x00000000153e7000 JavaThread "Signal Dispatcher" daemon [_thread_blocked, id=170460, stack(0x0000000016750000,0x0000000016850000)]
  0x0000000002d11000 JavaThread "Finalizer" daemon [_thread_blocked, id=156792, stack(0x0000000016650000,0x0000000016750000)]
  0x00000000153b9800 JavaThread "Reference Handler" daemon [_thread_blocked, id=170468, stack(0x0000000016550000,0x0000000016650000)]
  0x0000000002c1e000 JavaThread "main" [_thread_in_vm, id=169208, stack(0x0000000002a80000,0x0000000002b80000)]

Other Threads:
  0x00000000153b7000 VMThread [stack: 0x0000000016450000,0x0000000016550000] [id=170528]
  0x0000000016b5f000 WatcherThread [stack: 0x0000000017150000,0x0000000017250000] [id=170352]

VM state:not at safepoint (normal execution)

VM Mutex/Monitor currently owned by a thread: None

Heap:
 PSYoungGen      total 146432K, used 19056K [0x00000000eab00000, 0x00000000fdf00000, 0x0000000100000000)
  eden space 129024K, 8% used [0x00000000eab00000,0x00000000eb5244d0,0x00000000f2900000)
  from space 17408K, 49% used [0x00000000f2900000,0x00000000f3177e08,0x00000000f3a00000)
  to   space 28672K, 0% used [0x00000000fc300000,0x00000000fc300000,0x00000000fdf00000)
 ParOldGen       total 87552K, used 43859K [0x00000000c0000000, 0x00000000c5580000, 0x00000000eab00000)
  object space 87552K, 50% used [0x00000000c0000000,0x00000000c2ad4ce8,0x00000000c5580000)
 Metaspace       used 6481K, capacity 7256K, committed 7424K, reserved 1056768K
  class space    used 614K, capacity 656K, committed 768K, reserved 1048576K

Card table byte_map: [0x00000000120e0000,0x00000000122f0000] byte_map_base: 0x0000000011ae0000

Marking Bits: (ParMarkBitMap*) 0x000000006b494040
 Begin Bits: [0x0000000012850000, 0x0000000013850000)
 End Bits:   [0x0000000013850000, 0x0000000014850000)

Polling page: 0x0000000001200000

CodeCache: size=245760Kb used=10344Kb max_used=10379Kb free=235415Kb
 bounds [0x0000000002d20000, 0x0000000003750000, 0x0000000011d20000]
 total_blobs=2400 nmethods=2130 adapters=182
 compilation: enabled

Compilation events (10 events):
Event: 18.852 Thread 0x00000000153f1000 nmethod 2322 0x00000000036e9310 code [0x00000000036e94a0, 0x00000000036e9928]
Event: 18.852 Thread 0x00000000153f1000 2328   !   4       com.android.dx.cf.code.BytecodeArray::parseInstruction (2764 bytes)
Event: 18.868 Thread 0x0000000016b58800 2340       2       com.android.dx.rop.code.Rops::opIfLt (13 bytes)
Event: 18.868 Thread 0x0000000016b58800 nmethod 2340 0x00000000036e8f90 code [0x00000000036e9100, 0x00000000036e9288]
Event: 18.877 Thread 0x0000000016b58800 2346       2       com.android.dx.cf.direct.AnnotationParser::<init> (69 bytes)
Event: 18.878 Thread 0x0000000016b58800 nmethod 2346 0x00000000036e8590 code [0x00000000036e8740, 0x00000000036e8c68]
Event: 18.887 Thread 0x0000000016b58800 2353       2       com.android.dx.rop.code.Rop::<init> (15 bytes)
Event: 18.887 Thread 0x0000000016b58800 nmethod 2353 0x00000000036eafd0 code [0x00000000036eb140, 0x00000000036eb2e8]
Event: 32.817 Thread 0x00000000153f1000 nmethod 2328 0x0000000003737d10 code [0x0000000003739380, 0x0000000003741b28]
Event: 32.817 Thread 0x00000000153f1000 2345       4       com.android.dx.ssa.back.IdenticalBlockCombiner::process (323 bytes)

GC Heap History (10 events):
Event: 5.383 GC heap before
{Heap before GC invocations=4 (full 0):
 PSYoungGen      total 35328K, used 35312K [0x00000000eab00000, 0x00000000ef000000, 0x0000000100000000)
  eden space 32768K, 100% used [0x00000000eab00000,0x00000000ecb00000,0x00000000ecb00000)
  from space 2560K, 99% used [0x00000000ecb00000,0x00000000ecd7c1c0,0x00000000ecd80000)
  to   space 2560K, 0% used [0x00000000eed80000,0x00000000eed80000,0x00000000ef000000)
 ParOldGen       total 44032K, used 8028K [0x00000000c0000000, 0x00000000c2b00000, 0x00000000eab00000)
  object space 44032K, 18% used [0x00000000c0000000,0x00000000c07d7010,0x00000000c2b00000)
 Metaspace       used 6209K, capacity 7088K, committed 7296K, reserved 1056768K
  class space    used 594K, capacity 616K, committed 640K, reserved 1048576K
Event: 5.653 GC heap after
Heap after GC invocations=4 (full 0):
 PSYoungGen      total 68096K, used 2528K [0x00000000eab00000, 0x00000000ef000000, 0x0000000100000000)
  eden space 65536K, 0% used [0x00000000eab00000,0x00000000eab00000,0x00000000eeb00000)
  from space 2560K, 98% used [0x00000000eed80000,0x00000000eeff81d0,0x00000000ef000000)
  to   space 2560K, 0% used [0x00000000eeb00000,0x00000000eeb00000,0x00000000eed80000)
 ParOldGen       total 44032K, used 13646K [0x00000000c0000000, 0x00000000c2b00000, 0x00000000eab00000)
  object space 44032K, 30% used [0x00000000c0000000,0x00000000c0d538e0,0x00000000c2b00000)
 Metaspace       used 6209K, capacity 7088K, committed 7296K, reserved 1056768K
  class space    used 594K, capacity 616K, committed 640K, reserved 1048576K
}
Event: 10.386 GC heap before
{Heap before GC invocations=5 (full 0):
 PSYoungGen      total 68096K, used 68064K [0x00000000eab00000, 0x00000000ef000000, 0x0000000100000000)
  eden space 65536K, 100% used [0x00000000eab00000,0x00000000eeb00000,0x00000000eeb00000)
  from space 2560K, 98% used [0x00000000eed80000,0x00000000eeff81d0,0x00000000ef000000)
  to   space 2560K, 0% used [0x00000000eeb00000,0x00000000eeb00000,0x00000000eed80000)
 ParOldGen       total 44032K, used 13646K [0x00000000c0000000, 0x00000000c2b00000, 0x00000000eab00000)
  object space 44032K, 30% used [0x00000000c0000000,0x00000000c0d538e0,0x00000000c2b00000)
 Metaspace       used 6273K, capacity 7152K, committed 7296K, reserved 1056768K
  class space    used 594K, capacity 616K, committed 640K, reserved 1048576K
Event: 11.109 GC heap after
Heap after GC invocations=5 (full 0):
 PSYoungGen      total 68096K, used 2544K [0x00000000eab00000, 0x00000000f4900000, 0x0000000100000000)
  eden space 65536K, 0% used [0x00000000eab00000,0x00000000eab00000,0x00000000eeb00000)
  from space 2560K, 99% used [0x00000000eeb00000,0x00000000eed7c1c0,0x00000000eed80000)
  to   space 15360K, 0% used [0x00000000f3a00000,0x00000000f3a00000,0x00000000f4900000)
 ParOldGen       total 44032K, used 23869K [0x00000000c0000000, 0x00000000c2b00000, 0x00000000eab00000)
  object space 44032K, 54% used [0x00000000c0000000,0x00000000c174f5f0,0x00000000c2b00000)
 Metaspace       used 6273K, capacity 7152K, committed 7296K, reserved 1056768K
  class space    used 594K, capacity 616K, committed 640K, reserved 1048576K
}
Event: 13.298 GC heap before
{Heap before GC invocations=6 (full 0):
 PSYoungGen      total 68096K, used 68080K [0x00000000eab00000, 0x00000000f4900000, 0x0000000100000000)
  eden space 65536K, 100% used [0x00000000eab00000,0x00000000eeb00000,0x00000000eeb00000)
  from space 2560K, 99% used [0x00000000eeb00000,0x00000000eed7c1c0,0x00000000eed80000)
  to   space 15360K, 0% used [0x00000000f3a00000,0x00000000f3a00000,0x00000000f4900000)
 ParOldGen       total 44032K, used 23869K [0x00000000c0000000, 0x00000000c2b00000, 0x00000000eab00000)
  object space 44032K, 54% used [0x00000000c0000000,0x00000000c174f5f0,0x00000000c2b00000)
 Metaspace       used 6362K, capacity 7216K, committed 7296K, reserved 1056768K
  class space    used 594K, capacity 616K, committed 640K, reserved 1048576K
Event: 13.510 GC heap after
Heap after GC invocations=6 (full 0):
 PSYoungGen      total 144384K, used 13440K [0x00000000eab00000, 0x00000000f4d00000, 0x0000000100000000)
  eden space 129024K, 0% used [0x00000000eab00000,0x00000000eab00000,0x00000000f2900000)
  from space 15360K, 87% used [0x00000000f3a00000,0x00000000f47201f0,0x00000000f4900000)
  to   space 17408K, 0% used [0x00000000f2900000,0x00000000f2900000,0x00000000f3a00000)
 ParOldGen       total 44032K, used 23869K [0x00000000c0000000, 0x00000000c2b00000, 0x00000000eab00000)
  object space 44032K, 54% used [0x00000000c0000000,0x00000000c174f5f0,0x00000000c2b00000)
 Metaspace       used 6362K, capacity 7216K, committed 7296K, reserved 1056768K
  class space    used 594K, capacity 616K, committed 640K, reserved 1048576K
}
Event: 19.427 GC heap before
{Heap before GC invocations=7 (full 0):
 PSYoungGen      total 144384K, used 142464K [0x00000000eab00000, 0x00000000f4d00000, 0x0000000100000000)
  eden space 129024K, 100% used [0x00000000eab00000,0x00000000f2900000,0x00000000f2900000)
  from space 15360K, 87% used [0x00000000f3a00000,0x00000000f47201f0,0x00000000f4900000)
  to   space 17408K, 0% used [0x00000000f2900000,0x00000000f2900000,0x00000000f3a00000)
 ParOldGen       total 44032K, used 23869K [0x00000000c0000000, 0x00000000c2b00000, 0x00000000eab00000)
  object space 44032K, 54% used [0x00000000c0000000,0x00000000c174f5f0,0x00000000c2b00000)
 Metaspace       used 6480K, capacity 7256K, committed 7424K, reserved 1056768K
  class space    used 614K, capacity 656K, committed 768K, reserved 1048576K
Event: 22.525 GC heap after
Heap after GC invocations=7 (full 0):
 PSYoungGen      total 146432K, used 17396K [0x00000000eab00000, 0x00000000fdf00000, 0x0000000100000000)
  eden space 129024K, 0% used [0x00000000eab00000,0x00000000eab00000,0x00000000f2900000)
  from space 17408K, 99% used [0x00000000f2900000,0x00000000f39fd288,0x00000000f3a00000)
  to   space 28672K, 0% used [0x00000000fc300000,0x00000000fc300000,0x00000000fdf00000)
 ParOldGen       total 44032K, used 39563K [0x00000000c0000000, 0x00000000c2b00000, 0x00000000eab00000)
  object space 44032K, 89% used [0x00000000c0000000,0x00000000c26a2e78,0x00000000c2b00000)
 Metaspace       used 6480K, capacity 7256K, committed 7424K, reserved 1056768K
  class space    used 614K, capacity 656K, committed 768K, reserved 1048576K
}
Event: 22.525 GC heap before
{Heap before GC invocations=8 (full 1):
 PSYoungGen      total 146432K, used 17396K [0x00000000eab00000, 0x00000000fdf00000, 0x0000000100000000)
  eden space 129024K, 0% used [0x00000000eab00000,0x00000000eab00000,0x00000000f2900000)
  from space 17408K, 99% used [0x00000000f2900000,0x00000000f39fd288,0x00000000f3a00000)
  to   space 28672K, 0% used [0x00000000fc300000,0x00000000fc300000,0x00000000fdf00000)
 ParOldGen       total 44032K, used 39563K [0x00000000c0000000, 0x00000000c2b00000, 0x00000000eab00000)
  object space 44032K, 89% used [0x00000000c0000000,0x00000000c26a2e78,0x00000000c2b00000)
 Metaspace       used 6480K, capacity 7256K, committed 7424K, reserved 1056768K
  class space    used 614K, capacity 656K, committed 768K, reserved 1048576K
Event: 32.816 GC heap after
Heap after GC invocations=8 (full 1):
 PSYoungGen      total 146432K, used 8671K [0x00000000eab00000, 0x00000000fdf00000, 0x0000000100000000)
  eden space 129024K, 0% used [0x00000000eab00000,0x00000000eab00000,0x00000000f2900000)
  from space 17408K, 49% used [0x00000000f2900000,0x00000000f3177e08,0x00000000f3a00000)
  to   space 28672K, 0% used [0x00000000fc300000,0x00000000fc300000,0x00000000fdf00000)
 ParOldGen       total 87552K, used 43859K [0x00000000c0000000, 0x00000000c5580000, 0x00000000eab00000)
  object space 87552K, 50% used [0x00000000c0000000,0x00000000c2ad4ce8,0x00000000c5580000)
 Metaspace       used 6480K, capacity 7256K, committed 7424K, reserved 1056768K
  class space    used 614K, capacity 656K, committed 768K, reserved 1048576K
}

Deoptimization events (10 events):
Event: 17.299 Thread 0x0000000016dfd000 Uncommon trap: reason=bimorphic action=maybe_recompile pc=0x00000000036b3030 method=com.android.dx.cf.code.BytecodeArray.parseInstruction(ILcom/android/dx/cf/code/BytecodeArray$Visitor;)I @ 1357
Event: 17.300 Thread 0x0000000016dfd000 Uncommon trap: reason=bimorphic action=maybe_recompile pc=0x00000000036b3030 method=com.android.dx.cf.code.BytecodeArray.parseInstruction(ILcom/android/dx/cf/code/BytecodeArray$Visitor;)I @ 1357
Event: 17.324 Thread 0x0000000016dfc000 Uncommon trap: reason=bimorphic action=maybe_recompile pc=0x00000000033906fc method=com.android.dx.ssa.LiteralOpUpgrader.tryReplacingWithConstant(Lcom/android/dx/ssa/NormalSsaInsn;)Z @ 62
Event: 17.325 Thread 0x0000000016dfc000 Uncommon trap: reason=unstable_if action=reinterpret pc=0x000000000360872c method=com.android.dx.ssa.LiteralOpUpgrader$1.visitNonMoveInsn(Lcom/android/dx/ssa/NormalSsaInsn;)V @ 24
Event: 17.331 Thread 0x0000000016dfc000 Uncommon trap: reason=bimorphic action=maybe_recompile pc=0x00000000033906fc method=com.android.dx.ssa.LiteralOpUpgrader.tryReplacingWithConstant(Lcom/android/dx/ssa/NormalSsaInsn;)Z @ 62
Event: 18.453 Thread 0x0000000016dfa800 Uncommon trap: reason=unstable_if action=reinterpret pc=0x0000000003396334 method=java.util.HashMap.putVal(ILjava/lang/Object;Ljava/lang/Object;ZZ)Ljava/lang/Object; @ 109
Event: 18.456 Thread 0x0000000016dfa800 Uncommon trap: reason=bimorphic action=maybe_recompile pc=0x00000000036f2140 method=com.android.dx.cf.code.BytecodeArray.parseInstruction(ILcom/android/dx/cf/code/BytecodeArray$Visitor;)I @ 971
Event: 18.456 Thread 0x0000000016dfa800 Uncommon trap: reason=bimorphic action=maybe_recompile pc=0x00000000036f2028 method=com.android.dx.cf.code.BytecodeArray.parseInstruction(ILcom/android/dx/cf/code/BytecodeArray$Visitor;)I @ 939
Event: 18.456 Thread 0x0000000016dfa800 Uncommon trap: reason=bimorphic action=maybe_recompile pc=0x00000000036f20b4 method=com.android.dx.cf.code.BytecodeArray.parseInstruction(ILcom/android/dx/cf/code/BytecodeArray$Visitor;)I @ 955
Event: 18.457 Thread 0x0000000016dfa800 Uncommon trap: reason=bimorphic action=maybe_recompile pc=0x00000000036f2140 method=com.android.dx.cf.code.BytecodeArray.parseInstruction(ILcom/android/dx/cf/code/BytecodeArray$Visitor;)I @ 971

Internal exceptions (8 events):
Event: 0.069 Thread 0x0000000002c1e000 Exception <a 'java/lang/NoSuchMethodError': Method sun.misc.Unsafe.defineClass(Ljava/lang/String;[BII)Ljava/lang/Class; name or signature does not match> (0x00000000eab0d9b0) thrown at [C:\re\workspace\8-2-build-windows-amd64-cygwin\jdk8u51\3951\hotspot\sr:Å?‹ﬁ—±?
Event: 0.070 Thread 0x0000000002c1e000 Exception <a 'java/lang/NoSuchMethodError': Method sun.misc.Unsafe.prefetchRead(Ljava/lang/Object;J)V name or signature does not match> (0x00000000eab0dc40) thrown at [C:\re\workspace\8-2-build-windows-amd64-cygwin\jdk8u51\3951\hotspot\src\share\vm\prims\jUífA«ü¯?
Event: 1.539 Thread 0x0000000016dfd000 Implicit null exception at 0x0000000003074b22 to 0x0000000003074c21
Event: 9.419 Thread 0x0000000016df0000 Implicit null exception at 0x00000000034fb2a4 to 0x000000000350123d
Event: 12.147 Thread 0x0000000016df0000 Implicit null exception at 0x000000000340b166 to 0x000000000340c89d
Event: 14.413 Thread 0x0000000016dfd000 Exception <a 'java/lang/ArrayIndexOutOfBoundsException': 18> (0x00000000edc73298) thrown at [C:\re\workspace\8-2-build-windows-amd64-cygwin\jdk8u51\3951\hotspot\src\share\vm\interpreter\interpreterRuntime.cpp, line 366]
Event: 14.414 Thread 0x0000000016dfd000 Exception <a 'java/lang/ArrayIndexOutOfBoundsException'> (0x00000000edc74d68) thrown at [C:\re\workspace\8-2-build-windows-amd64-cygwin\jdk8u51\3951\hotspot\src\share\vm\runtime\sharedRuntime.cpp, line 605]
Event: 14.792 Thread 0x0000000016dfd000 Exception <a 'java/lang/ArrayIndexOutOfBoundsException'> (0x00000000edc75fa0) thrown at [C:\re\workspace\8-2-build-windows-amd64-cygwin\jdk8u51\3951\hotspot\src\share\vm\runtime\sharedRuntime.cpp, line 605]

Events (10 events):
Event: 18.456 Thread 0x0000000016dfa800 DEOPT UNPACKING pc=0x0000000002d6582a sp=0x000000001754e918 mode 2
Event: 18.457 Thread 0x0000000016dfa800 Uncommon trap: trap_request=0xffffffc6 fr.pc=0x00000000036f2140
Event: 18.457 Thread 0x0000000016dfa800 DEOPT PACKING pc=0x00000000036f2140 sp=0x000000001754e7e0
Event: 18.457 Thread 0x0000000016dfa800 DEOPT UNPACKING pc=0x0000000002d6582a sp=0x000000001754e7b8 mode 2
Event: 19.338 Thread 0x0000000016df0000 DEOPT PACKING pc=0x00000000031de7e3 sp=0x000000001734e880
Event: 19.338 Thread 0x0000000016df0000 DEOPT UNPACKING pc=0x0000000002d6787f sp=0x000000001734e5d8 mode 0
Event: 19.426 Thread 0x0000000016dfa800 DEOPT PACKING pc=0x0000000003210a5c sp=0x000000001754ec40
Event: 19.426 Thread 0x0000000016dfa800 DEOPT UNPACKING pc=0x0000000002d6787f sp=0x000000001754ea00 mode 0
Event: 19.426 Executing VM operation: ParallelGCFailedAllocation
Event: 32.816 Executing VM operation: ParallelGCFailedAllocation done


Dynamic libraries:
0x00007ff6c0b90000 - 0x00007ff6c0bc7000 	C:\Program Files\Java\jdk1.8.0_51\bin\java.exe
0x00007ffaa6940000 - 0x00007ffaa6b01000 	C:\WINDOWS\SYSTEM32\ntdll.dll
0x00007ffaa44b0000 - 0x00007ffaa455d000 	C:\WINDOWS\system32\KERNEL32.DLL
0x00007ffaa39b0000 - 0x00007ffaa3b98000 	C:\WINDOWS\system32\KERNELBASE.dll
0x00007ffaa3d40000 - 0x00007ffaa3de7000 	C:\WINDOWS\system32\ADVAPI32.dll
0x00007ffaa4860000 - 0x00007ffaa48fd000 	C:\WINDOWS\system32\msvcrt.dll
0x00007ffaa6120000 - 0x00007ffaa617b000 	C:\WINDOWS\system32\sechost.dll
0x00007ffaa3df0000 - 0x00007ffaa3f0c000 	C:\WINDOWS\system32\RPCRT4.dll
0x00007ffaa6780000 - 0x00007ffaa68d6000 	C:\WINDOWS\system32\USER32.dll
0x00007ffaa4970000 - 0x00007ffaa4af6000 	C:\WINDOWS\system32\GDI32.dll
0x00007ffa973f0000 - 0x00007ffa97664000 	C:\WINDOWS\WinSxS\amd64_microsoft.windows.common-controls_6595b64144ccf1df_6.0.10586.494_none_a2d8b04ea53e3145\COMCTL32.dll
0x00007ffaa3f10000 - 0x00007ffaa418d000 	C:\WINDOWS\system32\combase.dll
0x00007ffaa3c60000 - 0x00007ffaa3cca000 	C:\WINDOWS\system32\bcryptPrimitives.dll
0x00007ffaa4820000 - 0x00007ffaa485b000 	C:\WINDOWS\system32\IMM32.DLL
0x000000006a760000 - 0x000000006a832000 	C:\Program Files\Java\jdk1.8.0_51\jre\bin\msvcr100.dll
0x000000006ac90000 - 0x000000006b513000 	C:\Program Files\Java\jdk1.8.0_51\jre\bin\server\jvm.dll
0x00007ffaa4b00000 - 0x00007ffaa4b08000 	C:\WINDOWS\system32\PSAPI.DLL
0x00007ffaa0c40000 - 0x00007ffaa0c49000 	C:\WINDOWS\SYSTEM32\WSOCK32.dll
0x00007ffaa41c0000 - 0x00007ffaa422b000 	C:\WINDOWS\system32\WS2_32.dll
0x00007ffaa1690000 - 0x00007ffaa16b3000 	C:\WINDOWS\SYSTEM32\WINMM.dll
0x00007ffa9d830000 - 0x00007ffa9d83a000 	C:\WINDOWS\SYSTEM32\VERSION.dll
0x00000000011b0000 - 0x00000000011dc000 	C:\WINDOWS\SYSTEM32\WINMMBASE.dll
0x00007ffaa3cf0000 - 0x00007ffaa3d33000 	C:\WINDOWS\system32\cfgmgr32.dll
0x000000006bb60000 - 0x000000006bb6f000 	C:\Program Files\Java\jdk1.8.0_51\jre\bin\verify.dll
0x000000006ab80000 - 0x000000006aba9000 	C:\Program Files\Java\jdk1.8.0_51\jre\bin\java.dll
0x000000006bb40000 - 0x000000006bb56000 	C:\Program Files\Java\jdk1.8.0_51\jre\bin\zip.dll
0x00007ffaa4b10000 - 0x00007ffaa606c000 	C:\WINDOWS\system32\SHELL32.dll
0x00007ffaa3360000 - 0x00007ffaa39a5000 	C:\WINDOWS\system32\windows.storage.dll
0x00007ffaa68e0000 - 0x00007ffaa6932000 	C:\WINDOWS\system32\shlwapi.dll
0x00007ffaa2f90000 - 0x00007ffaa2f9f000 	C:\WINDOWS\system32\kernel.appcore.dll
0x00007ffaa3ba0000 - 0x00007ffaa3c55000 	C:\WINDOWS\system32\shcore.dll
0x00007ffaa2fa0000 - 0x00007ffaa2feb000 	C:\WINDOWS\system32\powrprof.dll
0x00007ffaa2f70000 - 0x00007ffaa2f84000 	C:\WINDOWS\system32\profapi.dll
0x00007ffa96310000 - 0x00007ffa9649c000 	C:\WINDOWS\SYSTEM32\dbghelp.dll

VM Arguments:
jvm_args: -Djava.awt.headless=true -Xmx1024M -Dfile.encoding=windows-1252 -Duser.country=IN -Duser.language=en -Duser.variant 
java_command: com.android.dx.command.Main --dex --force-jumbo --num-threads=4 --output F:\STUDY\ANDROID\SAMPLES\TimeWork\app\build\intermediates\pre-dexed\debug\com.android.support-support-v4-23.3.0_104914a2f048a7a7f5de017ec0ceefe2a5203d96.jar F:\STUDY\ANDROID\SAMPLES\TimeWork\app\build\intermediates\exploded-aar\com.android.support\support-v4\23.3.0\jars\classes.jar
java_class_path (initial): C:\Users\Ganesh Prasad\AppData\Local\Android\sdk\build-tools\23.0.3\lib\dx.jar
Launcher Type: SUN_STANDARD

Environment Variables:
JAVA_HOME=C:\Program Files\Java\jdk1.8.0_51
PATH=C:\ProgramData\Oracle\Java\javapath;C:\Program Files (x86)\Intel\iCLS Client\;C:\Program Files\Intel\iCLS Client\;C:\Program Files (x86)\AMD APP\bin\x86_64;C:\Program Files (x86)\AMD APP\bin\x86;C:\WINDOWS\system32;C:\WINDOWS;C:\WINDOWS\System32\Wbem;C:\WINDOWS\System32\WindowsPowerShell\v1.0\;C:\Program Files (x86)\ATI Technologies\ATI.ACE\Core-Static;C:\Program Files\Intel\Intel(R) Management Engine Components\DAL;C:\Program Files\Intel\Intel(R) Management Engine Components\IPT;C:\Program Files (x86)\Intel\Intel(R) Management Engine Components\DAL;C:\Program Files (x86)\Intel\Intel(R) Management Engine Components\IPT;\;C:\Program Files (x86)\Sony\VAIO Startup Setting Tool;C:\Program Files (x86)\Brackets\command;C:\Program Files (x86)\Java\jdk1.8.0_45\bin;C:\Program Files\nodejs\;C:\Users\Ganesh Prasad\AppData\Local\GitHub\PortableGit_c7e0cbde92ba565cb218a521411d0e854079a28c\bin;C:\Users\Ganesh Prasad\AppData\Local\GitHub\PortableGit_c7e0cbde92ba565cb218a521411d0e854079a28c\cmd;C:\Program Files (x86)\AMD\ATI.ACE\Core-Static;C:\Users\Ganesh Prasad\AppData\Local\Android\sdk\platform-tools;C:\Users\Ganesh Prasad\Anaconda2;C:\Users\Ganesh Prasad\Anaconda2\Scripts;C:\Users\Ganesh Prasad\Anaconda2\Library\bin;C:\Users\Ganesh Prasad\AppData\Roaming\npm
USERNAME=Ganesh Prasad
OS=Windows_NT
PROCESSOR_IDENTIFIER=Intel64 Family 6 Model 58 Stepping 9, GenuineIntel



---------------  S Y S T E M  ---------------

OS: Windows 10.0 , 64 bit Build 10586 (10.0.10586.0)

CPU:total 4 (2 cores per cpu, 2 threads per core) family 6 model 58 stepping 9, cmov, cx8, fxsr, mmx, sse, sse2, sse3, ssse3, sse4.1, sse4.2, popcnt, avx, clmul, erms, ht, tsc, tscinvbit, tscinv

Memory: 4k page, physical 4140316k(336360k free), swap 5574940k(6660k free)

vm_info: Java HotSpot(TM) 64-Bit Server VM (25.51-b03) for windows-amd64 JRE (1.8.0_51-b16), built on Jun  8 2015 18:03:07 by "java_re" with MS VC++ 10.0 (VS2010)

time: Sun Jul 31 19:47:39 2016
elapsed time: 33 seconds (0d 0h 0m 33s)

