#
# There is insufficient memory for the Java Runtime Environment to continue.
# Native memory allocation (malloc) failed to allocate 58112 bytes for Chunk::new
# Possible reasons:
#   The system is out of physical RAM or swap space
#   In 32 bit mode, the process size limit was hit
# Possible solutions:
#   Reduce memory load on the system
#   Increase physical memory or swap space
#   Check if swap backing store is full
#   Use 64 bit Java on a 64 bit OS
#   Decrease Java heap size (-Xmx/-Xms)
#   Decrease number of Java threads
#   Decrease Java thread stack sizes (-Xss)
#   Set larger code cache with -XX:ReservedCodeCacheSize=
# This output file may be truncated or incomplete.
#
#  Out of Memory Error (allocation.cpp:390), pid=198356, tid=196396
#
# JRE version: Java(TM) SE Runtime Environment (8.0_51-b16) (build 1.8.0_51-b16)
# Java VM: Java HotSpot(TM) 64-Bit Server VM (25.51-b03 mixed mode windows-amd64 compressed oops)
# Failed to write core dump. Minidumps are not enabled by default on client versions of Windows
#

---------------  T H R E A D  ---------------

Current thread (0x0000000014a71800):  JavaThread "C2 CompilerThread1" daemon [_thread_in_native, id=196396, stack(0x00000000160f0000,0x00000000161f0000)]

Stack: [0x00000000160f0000,0x00000000161f0000]
Native frames: (J=compiled Java code, j=interpreted, Vv=VM code, C=native code)
V  [jvm.dll+0x32b4ca]


Current CompileTask:
C2:  17289 2695       4       com.android.dx.dex.code.LocalList$MakeState::snapshot (110 bytes)


---------------  P R O C E S S  ---------------

Java Threads: ( => current thread )
  0x00000000165cd000 JavaThread "pool-1-thread-1" [_thread_in_Java, id=198552, stack(0x00000000185c0000,0x00000000186c0000)]
  0x00000000161fe800 JavaThread "Service Thread" daemon [_thread_blocked, id=197156, stack(0x00000000166f0000,0x00000000167f0000)]
  0x00000000161f8800 JavaThread "C1 CompilerThread2" daemon [_thread_blocked, id=197996, stack(0x00000000165f0000,0x00000000166f0000)]
=>0x0000000014a71800 JavaThread "C2 CompilerThread1" daemon [_thread_in_native, id=196396, stack(0x00000000160f0000,0x00000000161f0000)]
  0x0000000014a70000 JavaThread "C2 CompilerThread0" daemon [_thread_in_native, id=192668, stack(0x0000000015ff0000,0x00000000160f0000)]
  0x0000000014a6b800 JavaThread "Attach Listener" daemon [_thread_blocked, id=198456, stack(0x0000000015ef0000,0x0000000015ff0000)]
  0x0000000014a6a000 JavaThread "Signal Dispatcher" daemon [_thread_blocked, id=198468, stack(0x0000000015df0000,0x0000000015ef0000)]
  0x0000000002390800 JavaThread "Finalizer" daemon [_thread_blocked, id=194980, stack(0x0000000015cf0000,0x0000000015df0000)]
  0x000000000238d800 JavaThread "Reference Handler" daemon [_thread_blocked, id=198644, stack(0x0000000015bf0000,0x0000000015cf0000)]
  0x000000000229e000 JavaThread "main" [_thread_blocked, id=198096, stack(0x0000000002120000,0x0000000002220000)]

Other Threads:
  0x0000000014a38800 VMThread [stack: 0x0000000015af0000,0x0000000015bf0000] [id=190112]
  0x0000000016200000 WatcherThread [stack: 0x00000000167f0000,0x00000000168f0000] [id=198012]

VM state:not at safepoint (normal execution)

VM Mutex/Monitor currently owned by a thread: None

Heap:
 PSYoungGen      total 169472K, used 45463K [0x00000000eab00000, 0x00000000fa000000, 0x0000000100000000)
  eden space 145408K, 14% used [0x00000000eab00000,0x00000000ebff0808,0x00000000f3900000)
  from space 24064K, 99% used [0x00000000f8880000,0x00000000f9ff5698,0x00000000fa000000)
  to   space 32768K, 0% used [0x00000000f6000000,0x00000000f6000000,0x00000000f8000000)
 ParOldGen       total 82944K, used 49523K [0x00000000c0000000, 0x00000000c5100000, 0x00000000eab00000)
  object space 82944K, 59% used [0x00000000c0000000,0x00000000c305cc20,0x00000000c5100000)
 Metaspace       used 6809K, capacity 7544K, committed 7680K, reserved 1056768K
  class space    used 632K, capacity 688K, committed 768K, reserved 1048576K

Card table byte_map: [0x0000000011760000,0x0000000011970000] byte_map_base: 0x0000000011160000

Marking Bits: (ParMarkBitMap*) 0x0000000055834040
 Begin Bits: [0x0000000011ed0000, 0x0000000012ed0000)
 End Bits:   [0x0000000012ed0000, 0x0000000013ed0000)

Polling page: 0x0000000000520000

CodeCache: size=245760Kb used=10390Kb max_used=10421Kb free=235369Kb
 bounds [0x00000000023a0000, 0x0000000002de0000, 0x00000000113a0000]
 total_blobs=2825 nmethods=2555 adapters=182
 compilation: enabled

Compilation events (10 events):
Event: 16.928 Thread 0x00000000161f8800 2710       2       com.android.dx.dex.code.DalvInsn::expandedVersion (20 bytes)
Event: 16.929 Thread 0x00000000161f8800 nmethod 2710 0x0000000002dbda10 code [0x0000000002dbdb80, 0x0000000002dbdd38]
Event: 16.985 Thread 0x0000000014a71800 nmethod 2661 0x0000000002dc6ed0 code [0x0000000002dc7400, 0x0000000002dcd648]
Event: 16.986 Thread 0x0000000014a71800 2695       4       com.android.dx.dex.code.LocalList$MakeState::snapshot (110 bytes)
Event: 17.228 Thread 0x00000000161f8800 2713       2       com.android.dx.dex.code.form.Form21h::isCompatible (121 bytes)
Event: 17.229 Thread 0x00000000161f8800 nmethod 2713 0x0000000002dc6490 code [0x0000000002dc6660, 0x0000000002dc6ad8]
Event: 17.252 Thread 0x00000000161f8800 2714       2       com.android.dx.dex.code.form.Form35c::compatibleRegs (69 bytes)
Event: 17.253 Thread 0x00000000161f8800 nmethod 2714 0x0000000002dc5b90 code [0x0000000002dc5d40, 0x0000000002dc60b8]
Event: 17.254 Thread 0x00000000161f8800 2715       2       com.android.dx.dex.code.SimpleInsn::withOpcode (17 bytes)
Event: 17.254 Thread 0x00000000161f8800 nmethod 2715 0x0000000002dc5750 code [0x0000000002dc58c0, 0x0000000002dc5aa8]

GC Heap History (10 events):
Event: 6.345 GC heap before
{Heap before GC invocations=7 (full 0):
 PSYoungGen      total 72704K, used 72269K [0x00000000eab00000, 0x00000000eff00000, 0x0000000100000000)
  eden space 64000K, 100% used [0x00000000eab00000,0x00000000ee980000,0x00000000ee980000)
  from space 8704K, 95% used [0x00000000ef380000,0x00000000efb93470,0x00000000efc00000)
  to   space 10240K, 0% used [0x00000000ee980000,0x00000000ee980000,0x00000000ef380000)
 ParOldGen       total 44032K, used 12359K [0x00000000c0000000, 0x00000000c2b00000, 0x00000000eab00000)
  object space 44032K, 28% used [0x00000000c0000000,0x00000000c0c11e40,0x00000000c2b00000)
 Metaspace       used 6325K, capacity 7216K, committed 7296K, reserved 1056768K
  class space    used 593K, capacity 616K, committed 640K, reserved 1048576K
Event: 6.379 GC heap after
Heap after GC invocations=7 (full 0):
 PSYoungGen      total 74240K, used 10222K [0x00000000eab00000, 0x00000000f4700000, 0x0000000100000000)
  eden space 64000K, 0% used [0x00000000eab00000,0x00000000eab00000,0x00000000ee980000)
  from space 10240K, 99% used [0x00000000ee980000,0x00000000ef37ba80,0x00000000ef380000)
  to   space 15872K, 0% used [0x00000000f3780000,0x00000000f3780000,0x00000000f4700000)
 ParOldGen       total 44032K, used 20149K [0x00000000c0000000, 0x00000000c2b00000, 0x00000000eab00000)
  object space 44032K, 45% used [0x00000000c0000000,0x00000000c13ad400,0x00000000c2b00000)
 Metaspace       used 6325K, capacity 7216K, committed 7296K, reserved 1056768K
  class space    used 593K, capacity 616K, committed 640K, reserved 1048576K
}
Event: 6.973 GC heap before
{Heap before GC invocations=8 (full 0):
 PSYoungGen      total 74240K, used 74222K [0x00000000eab00000, 0x00000000f4700000, 0x0000000100000000)
  eden space 64000K, 100% used [0x00000000eab00000,0x00000000ee980000,0x00000000ee980000)
  from space 10240K, 99% used [0x00000000ee980000,0x00000000ef37ba80,0x00000000ef380000)
  to   space 15872K, 0% used [0x00000000f3780000,0x00000000f3780000,0x00000000f4700000)
 ParOldGen       total 44032K, used 20149K [0x00000000c0000000, 0x00000000c2b00000, 0x00000000eab00000)
  object space 44032K, 45% used [0x00000000c0000000,0x00000000c13ad400,0x00000000c2b00000)
 Metaspace       used 6360K, capacity 7216K, committed 7296K, reserved 1056768K
  class space    used 593K, capacity 616K, committed 640K, reserved 1048576K
Event: 7.117 GC heap after
Heap after GC invocations=8 (full 0):
 PSYoungGen      total 138752K, used 15845K [0x00000000eab00000, 0x00000000f5100000, 0x0000000100000000)
  eden space 122880K, 0% used [0x00000000eab00000,0x00000000eab00000,0x00000000f2300000)
  from space 15872K, 99% used [0x00000000f3780000,0x00000000f46f95e0,0x00000000f4700000)
  to   space 20992K, 0% used [0x00000000f2300000,0x00000000f2300000,0x00000000f3780000)
 ParOldGen       total 44032K, used 25000K [0x00000000c0000000, 0x00000000c2b00000, 0x00000000eab00000)
  object space 44032K, 56% used [0x00000000c0000000,0x00000000c186a0f8,0x00000000c2b00000)
 Metaspace       used 6360K, capacity 7216K, committed 7296K, reserved 1056768K
  class space    used 593K, capacity 616K, committed 640K, reserved 1048576K
}
Event: 10.674 GC heap before
{Heap before GC invocations=9 (full 0):
 PSYoungGen      total 138752K, used 138725K [0x00000000eab00000, 0x00000000f5100000, 0x0000000100000000)
  eden space 122880K, 100% used [0x00000000eab00000,0x00000000f2300000,0x00000000f2300000)
  from space 15872K, 99% used [0x00000000f3780000,0x00000000f46f95e0,0x00000000f4700000)
  to   space 20992K, 0% used [0x00000000f2300000,0x00000000f2300000,0x00000000f3780000)
 ParOldGen       total 44032K, used 25000K [0x00000000c0000000, 0x00000000c2b00000, 0x00000000eab00000)
  object space 44032K, 56% used [0x00000000c0000000,0x00000000c186a0f8,0x00000000c2b00000)
 Metaspace       used 6474K, capacity 7256K, committed 7424K, reserved 1056768K
  class space    used 614K, capacity 656K, committed 768K, reserved 1048576K
Event: 10.821 GC heap after
Heap after GC invocations=9 (full 0):
 PSYoungGen      total 143872K, used 20988K [0x00000000eab00000, 0x00000000fa600000, 0x0000000100000000)
  eden space 122880K, 0% used [0x00000000eab00000,0x00000000eab00000,0x00000000f2300000)
  from space 20992K, 99% used [0x00000000f2300000,0x00000000f377f2d0,0x00000000f3780000)
  to   space 30208K, 0% used [0x00000000f8880000,0x00000000f8880000,0x00000000fa600000)
 ParOldGen       total 44032K, used 38776K [0x00000000c0000000, 0x00000000c2b00000, 0x00000000eab00000)
  object space 44032K, 88% used [0x00000000c0000000,0x00000000c25de1c0,0x00000000c2b00000)
 Metaspace       used 6474K, capacity 7256K, committed 7424K, reserved 1056768K
  class space    used 614K, capacity 656K, committed 768K, reserved 1048576K
}
Event: 10.821 GC heap before
{Heap before GC invocations=10 (full 1):
 PSYoungGen      total 143872K, used 20988K [0x00000000eab00000, 0x00000000fa600000, 0x0000000100000000)
  eden space 122880K, 0% used [0x00000000eab00000,0x00000000eab00000,0x00000000f2300000)
  from space 20992K, 99% used [0x00000000f2300000,0x00000000f377f2d0,0x00000000f3780000)
  to   space 30208K, 0% used [0x00000000f8880000,0x00000000f8880000,0x00000000fa600000)
 ParOldGen       total 44032K, used 38776K [0x00000000c0000000, 0x00000000c2b00000, 0x00000000eab00000)
  object space 44032K, 88% used [0x00000000c0000000,0x00000000c25de1c0,0x00000000c2b00000)
 Metaspace       used 6474K, capacity 7256K, committed 7424K, reserved 1056768K
  class space    used 614K, capacity 656K, committed 768K, reserved 1048576K
Event: 12.667 GC heap after
Heap after GC invocations=10 (full 1):
 PSYoungGen      total 143872K, used 11748K [0x00000000eab00000, 0x00000000fa600000, 0x0000000100000000)
  eden space 122880K, 0% used [0x00000000eab00000,0x00000000eab00000,0x00000000f2300000)
  from space 20992K, 55% used [0x00000000f2300000,0x00000000f2e79360,0x00000000f3780000)
  to   space 30208K, 0% used [0x00000000f8880000,0x00000000f8880000,0x00000000fa600000)
 ParOldGen       total 82944K, used 43533K [0x00000000c0000000, 0x00000000c5100000, 0x00000000eab00000)
  object space 82944K, 52% used [0x00000000c0000000,0x00000000c2a83718,0x00000000c5100000)
 Metaspace       used 6474K, capacity 7256K, committed 7424K, reserved 1056768K
  class space    used 614K, capacity 656K, committed 768K, reserved 1048576K
}
Event: 13.415 GC heap before
{Heap before GC invocations=11 (full 1):
 PSYoungGen      total 143872K, used 134628K [0x00000000eab00000, 0x00000000fa600000, 0x0000000100000000)
  eden space 122880K, 100% used [0x00000000eab00000,0x00000000f2300000,0x00000000f2300000)
  from space 20992K, 55% used [0x00000000f2300000,0x00000000f2e79360,0x00000000f3780000)
  to   space 30208K, 0% used [0x00000000f8880000,0x00000000f8880000,0x00000000fa600000)
 ParOldGen       total 82944K, used 43533K [0x00000000c0000000, 0x00000000c5100000, 0x00000000eab00000)
  object space 82944K, 52% used [0x00000000c0000000,0x00000000c2a83718,0x00000000c5100000)
 Metaspace       used 6494K, capacity 7256K, committed 7424K, reserved 1056768K
  class space    used 615K, capacity 656K, committed 768K, reserved 1048576K
Event: 13.515 GC heap after
Heap after GC invocations=11 (full 1):
 PSYoungGen      total 169472K, used 24021K [0x00000000eab00000, 0x00000000fa000000, 0x0000000100000000)
  eden space 145408K, 0% used [0x00000000eab00000,0x00000000eab00000,0x00000000f3900000)
  from space 24064K, 99% used [0x00000000f8880000,0x00000000f9ff5698,0x00000000fa000000)
  to   space 32768K, 0% used [0x00000000f6000000,0x00000000f6000000,0x00000000f8000000)
 ParOldGen       total 82944K, used 49523K [0x00000000c0000000, 0x00000000c5100000, 0x00000000eab00000)
  object space 82944K, 59% used [0x00000000c0000000,0x00000000c305cc20,0x00000000c5100000)
 Metaspace       used 6494K, capacity 7256K, committed 7424K, reserved 1056768K
  class space    used 615K, capacity 656K, committed 768K, reserved 1048576K
}

Deoptimization events (10 events):
Event: 15.691 Thread 0x00000000165cd000 Uncommon trap: reason=class_check action=maybe_recompile pc=0x00000000026abf20 method=java.util.Arrays.equals([Ljava/lang/Object;[Ljava/lang/Object;)Z @ 62
Event: 15.691 Thread 0x00000000165cd000 Uncommon trap: reason=speculate_class_check action=maybe_recompile pc=0x00000000026b2a64 method=com.android.dx.util.FixedSizeList.equals(Ljava/lang/Object;)Z @ 25
Event: 15.691 Thread 0x00000000165cd000 Uncommon trap: reason=unstable_if action=reinterpret pc=0x00000000026abef8 method=java.util.Arrays.equals([Ljava/lang/Object;[Ljava/lang/Object;)Z @ 23
Event: 15.692 Thread 0x00000000165cd000 Uncommon trap: reason=speculate_class_check action=maybe_recompile pc=0x00000000026b2a64 method=com.android.dx.util.FixedSizeList.equals(Ljava/lang/Object;)Z @ 25
Event: 15.693 Thread 0x00000000165cd000 Uncommon trap: reason=unstable_if action=reinterpret pc=0x0000000002bddbec method=java.util.TreeMap.put(Ljava/lang/Object;Ljava/lang/Object;)Ljava/lang/Object; @ 163
Event: 15.784 Thread 0x00000000165cd000 Uncommon trap: reason=unstable_if action=reinterpret pc=0x0000000002d253cc method=com.android.dx.dex.code.OutputFinisher.findOpcodeForInsn(Lcom/android/dx/dex/code/DalvInsn;Lcom/android/dx/dex/code/Dop;)Lcom/android/dx/dex/code/Dop; @ 1
Event: 15.948 Thread 0x00000000165cd000 Uncommon trap: reason=unstable_if action=reinterpret pc=0x0000000002d37868 method=com.android.dx.rop.code.RegisterSpec.matchesVariable(Lcom/android/dx/rop/code/RegisterSpec;)Z @ 59
Event: 16.564 Thread 0x00000000165cd000 Uncommon trap: reason=unstable_if action=reinterpret pc=0x0000000002d533f4 method=com.android.dx.dex.code.LocalList$MakeState.snapshot(ILcom/android/dx/rop/code/RegisterSpecSet;)V @ 86
Event: 16.707 Thread 0x00000000165cd000 Uncommon trap: reason=unstable_if action=reinterpret pc=0x0000000002da9614 method=com.android.dx.dex.code.OutputFinisher.align64bits([Lcom/android/dx/dex/code/Dop;)V @ 205
Event: 16.923 Thread 0x00000000165cd000 Uncommon trap: reason=unstable_if action=reinterpret pc=0x0000000002d83db4 method=com.android.dx.dex.code.OutputFinisher.align64bits([Lcom/android/dx/dex/code/Dop;)V @ 205

Internal exceptions (6 events):
Event: 1.592 Thread 0x000000000229e000 Exception <a 'java/lang/NoSuchMethodError': Method sun.misc.Unsafe.defineClass(Ljava/lang/String;[BII)Ljava/lang/Class; name or signature does not match> (0x00000000eab0dad0) thrown at [C:\re\workspace\8-2-build-windows-amd64-cygwin\jdk8u51\3951\hotspot\sr¢î3£Þwù?
Event: 1.592 Thread 0x000000000229e000 Exception <a 'java/lang/NoSuchMethodError': Method sun.misc.Unsafe.prefetchRead(Ljava/lang/Object;J)V name or signature does not match> (0x00000000eab0dd60) thrown at [C:\re\workspace\8-2-build-windows-amd64-cygwin\jdk8u51\3951\hotspot\src\share\vm\prims\jÚÞQŠN¤@
Event: 6.660 Thread 0x00000000165cc000 Implicit null exception at 0x00000000029fdc36 to 0x00000000029ff129
Event: 7.347 Thread 0x00000000165cc000 Exception <a 'java/lang/ArrayIndexOutOfBoundsException': 18> (0x00000000ebe7d9a0) thrown at [C:\re\workspace\8-2-build-windows-amd64-cygwin\jdk8u51\3951\hotspot\src\share\vm\interpreter\interpreterRuntime.cpp, line 366]
Event: 7.348 Thread 0x00000000165cc000 Exception <a 'java/lang/ArrayIndexOutOfBoundsException': 145> (0x00000000ebe7f470) thrown at [C:\re\workspace\8-2-build-windows-amd64-cygwin\jdk8u51\3951\hotspot\src\share\vm\interpreter\interpreterRuntime.cpp, line 366]
Event: 7.349 Thread 0x00000000165cc000 Exception <a 'java/lang/ArrayIndexOutOfBoundsException'> (0x00000000ebe806a8) thrown at [C:\re\workspace\8-2-build-windows-amd64-cygwin\jdk8u51\3951\hotspot\src\share\vm\runtime\sharedRuntime.cpp, line 605]

Events (10 events):
Event: 17.238 Thread 0x00000000165cd000 DEOPT PACKING pc=0x0000000002d2839e sp=0x00000000186bec40
Event: 17.238 Thread 0x00000000165cd000 DEOPT UNPACKING pc=0x00000000023e787f sp=0x00000000186be998 mode 0
Event: 17.243 Thread 0x00000000165cd000 DEOPT PACKING pc=0x0000000002d264db sp=0x00000000186bed20
Event: 17.243 Thread 0x00000000165cd000 DEOPT UNPACKING pc=0x00000000023e787f sp=0x00000000186beaa0 mode 0
Event: 17.246 Thread 0x00000000165cd000 DEOPT PACKING pc=0x0000000002d2839e sp=0x00000000186bec40
Event: 17.246 Thread 0x00000000165cd000 DEOPT UNPACKING pc=0x00000000023e787f sp=0x00000000186be998 mode 0
Event: 17.254 Thread 0x00000000165cd000 DEOPT PACKING pc=0x0000000002d264db sp=0x00000000186bed20
Event: 17.254 Thread 0x00000000165cd000 DEOPT UNPACKING pc=0x00000000023e787f sp=0x00000000186beaa0 mode 0
Event: 17.255 Thread 0x00000000165cd000 DEOPT PACKING pc=0x0000000002d2839e sp=0x00000000186bec40
Event: 17.255 Thread 0x00000000165cd000 DEOPT UNPACKING pc=0x00000000023e787f sp=0x00000000186be998 mode 0


Dynamic libraries:
0x00007ff6113a0000 - 0x00007ff6113d7000 	C:\Program Files\Java\jdk1.8.0_51\bin\java.exe
0x00007ff973850000 - 0x00007ff973a21000 	C:\WINDOWS\SYSTEM32\ntdll.dll
0x00007ff972d20000 - 0x00007ff972dcb000 	C:\WINDOWS\System32\KERNEL32.DLL
0x00007ff970660000 - 0x00007ff97087d000 	C:\WINDOWS\System32\KERNELBASE.dll
0x00007ff972f10000 - 0x00007ff972fb2000 	C:\WINDOWS\System32\ADVAPI32.dll
0x00007ff9737b0000 - 0x00007ff97384e000 	C:\WINDOWS\System32\msvcrt.dll
0x00007ff9736b0000 - 0x00007ff973709000 	C:\WINDOWS\System32\sechost.dll
0x00007ff973320000 - 0x00007ff973441000 	C:\WINDOWS\System32\RPCRT4.dll
0x00007ff971640000 - 0x00007ff9717a5000 	C:\WINDOWS\System32\USER32.dll
0x00007ff970520000 - 0x00007ff97053e000 	C:\WINDOWS\System32\win32u.dll
0x00007ff973770000 - 0x00007ff9737a4000 	C:\WINDOWS\System32\GDI32.dll
0x00007ff970880000 - 0x00007ff970a02000 	C:\WINDOWS\System32\gdi32full.dll
0x00007ff963f10000 - 0x00007ff96418a000 	C:\WINDOWS\WinSxS\amd64_microsoft.windows.common-controls_6595b64144ccf1df_6.0.14393.953_none_42151e83c686086b\COMCTL32.dll
0x00007ff972fc0000 - 0x00007ff973288000 	C:\WINDOWS\System32\combase.dll
0x00007ff970420000 - 0x00007ff970515000 	C:\WINDOWS\System32\ucrtbase.dll
0x00007ff9705f0000 - 0x00007ff97065a000 	C:\WINDOWS\System32\bcryptPrimitives.dll
0x00007ff971610000 - 0x00007ff97163e000 	C:\WINDOWS\System32\IMM32.DLL
0x00000000558c0000 - 0x0000000055992000 	C:\Program Files\Java\jdk1.8.0_51\jre\bin\msvcr100.dll
0x0000000055030000 - 0x00000000558b3000 	C:\Program Files\Java\jdk1.8.0_51\jre\bin\server\jvm.dll
0x00007ff970de0000 - 0x00007ff970de8000 	C:\WINDOWS\System32\PSAPI.DLL
0x00007ff96dfa0000 - 0x00007ff96dfa9000 	C:\WINDOWS\SYSTEM32\WSOCK32.dll
0x00007ff9714a0000 - 0x00007ff97150a000 	C:\WINDOWS\System32\WS2_32.dll
0x00007ff96e200000 - 0x00007ff96e223000 	C:\WINDOWS\SYSTEM32\WINMM.dll
0x00007ff96a3c0000 - 0x00007ff96a3ca000 	C:\WINDOWS\SYSTEM32\VERSION.dll
0x00007ff96e1a0000 - 0x00007ff96e1cb000 	C:\WINDOWS\SYSTEM32\WINMMBASE.dll
0x00007ff970c40000 - 0x00007ff970c82000 	C:\WINDOWS\System32\cfgmgr32.dll
0x0000000055020000 - 0x000000005502f000 	C:\Program Files\Java\jdk1.8.0_51\jre\bin\verify.dll
0x0000000054ff0000 - 0x0000000055019000 	C:\Program Files\Java\jdk1.8.0_51\jre\bin\java.dll
0x0000000054fd0000 - 0x0000000054fe6000 	C:\Program Files\Java\jdk1.8.0_51\jre\bin\zip.dll
0x00007ff9717b0000 - 0x00007ff972cb9000 	C:\WINDOWS\System32\SHELL32.dll
0x00007ff96fd40000 - 0x00007ff97041a000 	C:\WINDOWS\System32\windows.storage.dll
0x00007ff96fce0000 - 0x00007ff96fd2c000 	C:\WINDOWS\System32\powrprof.dll
0x00007ff9732c0000 - 0x00007ff973312000 	C:\WINDOWS\System32\shlwapi.dll
0x00007ff96fd30000 - 0x00007ff96fd3f000 	C:\WINDOWS\System32\kernel.appcore.dll
0x00007ff970d30000 - 0x00007ff970dd9000 	C:\WINDOWS\System32\shcore.dll
0x00007ff96fcc0000 - 0x00007ff96fcd4000 	C:\WINDOWS\System32\profapi.dll
0x00007ff96aa40000 - 0x00007ff96abd2000 	C:\WINDOWS\SYSTEM32\dbghelp.dll

VM Arguments:
jvm_args: -Djava.awt.headless=true -Xmx1024M -Dfile.encoding=windows-1252 -Duser.country=IN -Duser.language=en -Duser.variant 
java_command: com.android.dx.command.Main --dex --force-jumbo --num-threads=4 --multi-dex --output F:\Android_Projects\Mine\TimeWork\app\build\intermediates\transforms\dex\debug\folders\1000\10\com.android.support-support-v4-23.3.0_0de9034faa9ff3efd271e83a54ca11389e899ddc F:\Android_Projects\Mine\TimeWork\app\build\intermediates\exploded-aar\com.android.support\support-v4\23.3.0\jars\classes.jar
java_class_path (initial): C:\Users\Ganesh Prasad\AppData\Local\Android\sdk\build-tools\23.0.3\lib\dx.jar
Launcher Type: SUN_STANDARD

Environment Variables:
JAVA_HOME=C:\Program Files\Java\jdk1.8.0_51
PATH=C:\tools\ruby23\bin;C:\ProgramData\Oracle\Java\javapath;C:\Program Files (x86)\Intel\iCLS Client\;C:\Program Files\Intel\iCLS Client\;C:\Program Files (x86)\AMD APP\bin\x86_64;C:\Program Files (x86)\AMD APP\bin\x86;C:\WINDOWS\system32;C:\WINDOWS;C:\WINDOWS\System32\Wbem;C:\WINDOWS\System32\WindowsPowerShell\v1.0\;C:\Program Files (x86)\ATI Technologies\ATI.ACE\Core-Static;C:\Program Files\Intel\Intel(R) Management Engine Components\DAL;C:\Program Files\Intel\Intel(R) Management Engine Components\IPT;C:\Program Files (x86)\Intel\Intel(R) Management Engine Components\DAL;C:\Program Files (x86)\Intel\Intel(R) Management Engine Components\IPT;\;C:\Program Files (x86)\Sony\VAIO Startup Setting Tool;C:\Program Files (x86)\Java\jdk1.8.0_45\bin;C:\Program Files\nodejs\;C:\Users\Ganesh Prasad\AppData\Local\GitHub\PortableGit_d76a6a98c9315931ec4927243517bc09e9b731a0\usr\bin;C:\Users\Ganesh Prasad\AppData\Local\GitHub\PortableGit_d76a6a98c9315931ec4927243517bc09e9b731a0\cmd;C:\Program Files (x86)\AMD\ATI.ACE\Core-Static;C:\Users\Ganesh Prasad\AppData\Local\Android\sdk\platform-tools;C:\ProgramData\chocolatey\bin;C:\Users\Ganesh Prasad\Anaconda2;C:\Users\Ganesh Prasad\Anaconda2\Scripts;C:\Users\Ganesh Prasad\Anaconda2\Library\bin;C:\Users\Ganesh Prasad\AppData\Roaming\npm;C:\Users\Ganesh Prasad\AppData\Local\Microsoft\WindowsApps;C:\Users\Ganesh Prasad\AppData\Local\atom\bin
USERNAME=Ganesh Prasad
OS=Windows_NT
PROCESSOR_IDENTIFIER=Intel64 Family 6 Model 58 Stepping 9, GenuineIntel



---------------  S Y S T E M  ---------------

OS: Windows 10.0 , 64 bit Build 14393 (10.0.14393.0)

CPU:total 4 (2 cores per cpu, 2 threads per core) family 6 model 58 stepping 9, cmov, cx8, fxsr, mmx, sse, sse2, sse3, ssse3, sse4.1, sse4.2, popcnt, avx, clmul, erms, ht, tsc, tscinvbit, tscinv

Memory: 4k page, physical 4140316k(479660k free), swap 5574940k(3500k free)

vm_info: Java HotSpot(TM) 64-Bit Server VM (25.51-b03) for windows-amd64 JRE (1.8.0_51-b16), built on Jun  8 2015 18:03:07 by "java_re" with MS VC++ 10.0 (VS2010)

time: Tue Mar 21 12:41:09 2017
elapsed time: 17 seconds (0d 0h 0m 17s)

