#
# There is insufficient memory for the Java Runtime Environment to continue.
# Native memory allocation (malloc) failed to allocate 133296 bytes for Chunk::new
# Possible reasons:
#   The system is out of physical RAM or swap space
#   In 32 bit mode, the process size limit was hit
# Possible solutions:
#   Reduce memory load on the system
#   Increase physical memory or swap space
#   Check if swap backing store is full
#   Use 64 bit Java on a 64 bit OS
#   Decrease Java heap size (-Xmx/-Xms)
#   Decrease number of Java threads
#   Decrease Java thread stack sizes (-Xss)
#   Set larger code cache with -XX:ReservedCodeCacheSize=
# This output file may be truncated or incomplete.
#
#  Out of Memory Error (allocation.cpp:390), pid=345452, tid=357776
#
# JRE version: Java(TM) SE Runtime Environment (8.0_51-b16) (build 1.8.0_51-b16)
# Java VM: Java HotSpot(TM) 64-Bit Server VM (25.51-b03 mixed mode windows-amd64 compressed oops)
# Failed to write core dump. Minidumps are not enabled by default on client versions of Windows
#

---------------  T H R E A D  ---------------

Current thread (0x0000000015230800):  JavaThread "C2 CompilerThread1" daemon [_thread_in_native, id=357776, stack(0x0000000016880000,0x0000000016980000)]

Stack: [0x0000000016880000,0x0000000016980000]
Native frames: (J=compiled Java code, j=interpreted, Vv=VM code, C=native code)
V  [jvm.dll+0x32b4ca]
V  [jvm.dll+0x2797e3]
V  [jvm.dll+0x27a479]
V  [jvm.dll+0x271765]
V  [jvm.dll+0xcba02]
V  [jvm.dll+0xcbecc]
V  [jvm.dll+0x492ad7]
V  [jvm.dll+0x45f4da]
V  [jvm.dll+0x46a7cb]
V  [jvm.dll+0x46cde2]
V  [jvm.dll+0x4501a2]
V  [jvm.dll+0xa43a2]
V  [jvm.dll+0xa4cdf]
V  [jvm.dll+0x2418a4]
V  [jvm.dll+0x29846a]
C  [msvcr100.dll+0x21d9f]
C  [msvcr100.dll+0x21e3b]
C  [KERNEL32.DLL+0x18102]
C  [ntdll.dll+0x5c5b4]


Current CompileTask:
C2:  18023 1204   !   4       com.android.dx.rop.code.RegisterSpec::intern (70 bytes)


---------------  P R O C E S S  ---------------

Java Threads: ( => current thread )
  0x0000000016cea000 JavaThread "pool-1-thread-4" [_thread_blocked, id=357692, stack(0x0000000017480000,0x0000000017580000)]
  0x0000000016ce6000 JavaThread "pool-1-thread-3" [_thread_blocked, id=357884, stack(0x0000000017380000,0x0000000017480000)]
  0x0000000016cdd000 JavaThread "pool-1-thread-2" [_thread_blocked, id=357420, stack(0x0000000017280000,0x0000000017380000)]
  0x0000000016cd7000 JavaThread "pool-2-thread-1" [_thread_blocked, id=358028, stack(0x0000000017180000,0x0000000017280000)]
  0x0000000016d0b800 JavaThread "pool-1-thread-1" [_thread_blocked, id=358248, stack(0x0000000017080000,0x0000000017180000)]
  0x0000000016a8c800 JavaThread "Service Thread" daemon [_thread_blocked, id=356416, stack(0x0000000016e80000,0x0000000016f80000)]
  0x0000000015289800 JavaThread "C1 CompilerThread2" daemon [_thread_blocked, id=357812, stack(0x0000000016980000,0x0000000016a80000)]
=>0x0000000015230800 JavaThread "C2 CompilerThread1" daemon [_thread_in_native, id=357776, stack(0x0000000016880000,0x0000000016980000)]
  0x000000001522a800 JavaThread "C2 CompilerThread0" daemon [_thread_in_native, id=358200, stack(0x0000000016780000,0x0000000016880000)]
  0x0000000015228800 JavaThread "Attach Listener" daemon [_thread_blocked, id=358388, stack(0x0000000016680000,0x0000000016780000)]
  0x0000000015227800 JavaThread "Signal Dispatcher" daemon [_thread_blocked, id=346660, stack(0x0000000016580000,0x0000000016680000)]
  0x0000000002b51000 JavaThread "Finalizer" daemon [_thread_blocked, id=358276, stack(0x0000000016480000,0x0000000016580000)]
  0x00000000151f9800 JavaThread "Reference Handler" daemon [_thread_blocked, id=350552, stack(0x0000000016380000,0x0000000016480000)]
  0x000000000298e000 JavaThread "main" [_thread_in_Java, id=358188, stack(0x0000000002870000,0x0000000002970000)]

Other Threads:
  0x00000000151f7000 VMThread [stack: 0x0000000016280000,0x0000000016380000] [id=357560]
  0x0000000016a82800 WatcherThread [stack: 0x0000000016f80000,0x0000000017080000] [id=357904]

VM state:not at safepoint (normal execution)

VM Mutex/Monitor currently owned by a thread: None

Heap:
 PSYoungGen      total 35328K, used 17155K [0x00000000eab00000, 0x00000000ed000000, 0x0000000100000000)
  eden space 32768K, 44% used [0x00000000eab00000,0x00000000eb947370,0x00000000ecb00000)
  from space 2560K, 99% used [0x00000000ecd80000,0x00000000ecff9c68,0x00000000ed000000)
  to   space 2560K, 0% used [0x00000000ecb00000,0x00000000ecb00000,0x00000000ecd80000)
 ParOldGen       total 44032K, used 3417K [0x00000000c0000000, 0x00000000c2b00000, 0x00000000eab00000)
  object space 44032K, 7% used [0x00000000c0000000,0x00000000c0356648,0x00000000c2b00000)
 Metaspace       used 6018K, capacity 6960K, committed 7040K, reserved 1056768K
  class space    used 593K, capacity 616K, committed 640K, reserved 1048576K

Card table byte_map: [0x0000000011f20000,0x0000000012130000] byte_map_base: 0x0000000011920000

Marking Bits: (ParMarkBitMap*) 0x0000000058b24040
 Begin Bits: [0x0000000012690000, 0x0000000013690000)
 End Bits:   [0x0000000013690000, 0x0000000014690000)

Polling page: 0x0000000001050000

CodeCache: size=245760Kb used=5340Kb max_used=5340Kb free=240419Kb
 bounds [0x0000000002b60000, 0x00000000030a0000, 0x0000000011b60000]
 total_blobs=1578 nmethods=1307 adapters=182
 compilation: disabled (not enough contiguous free space left)

Compilation events (10 events):
Event: 17.725 Thread 0x0000000015289800 1246       3       com.android.dx.cf.code.ConcreteMethod::getMaxStack (8 bytes)
Event: 17.725 Thread 0x0000000015289800 nmethod 1246 0x000000000305ee90 code [0x000000000305efe0, 0x000000000305f1d0]
Event: 17.725 Thread 0x0000000015289800 1248       3       com.android.dx.ssa.back.FirstFitLocalCombiningAllocator::handleNormalUnassociated (99 bytes)
Event: 17.727 Thread 0x0000000015289800 nmethod 1248 0x000000000305b310 code [0x000000000305b5c0, 0x000000000305c978]
Event: 17.727 Thread 0x000000001522a800 

Event: 17.727 Thread 0x000000001522a800 1247       4       com.android.dx.cf.code.Ropper::labelToResultIndex (47 bytes)
Event: 17.728 Thread 0x0000000015289800 1249       3       com.android.dx.ssa.back.LivenessAnalyzer::coInterferePhis (128 bytes)
Event: 17.729 Thread 0x0000000015289800 nmethod 1249 0x000000000305f290 code [0x000000000305f520, 0x0000000003060818]
Event: 17.733 Thread 0x000000001522a800 nmethod 1247 0x000000000305e8d0 code [0x000000000305ea20, 0x000000000305ecd8]
Event: 17.733 Thread 0x000000001522a800 1252       4       com.android.dx.ssa.SsaRenamer$BlockRenamer::addMapping (143 bytes)

GC Heap History (2 events):
Event: 16.799 GC heap before
{Heap before GC invocations=1 (full 0):
 PSYoungGen      total 18944K, used 16384K [0x00000000eab00000, 0x00000000ec000000, 0x0000000100000000)
  eden space 16384K, 100% used [0x00000000eab00000,0x00000000ebb00000,0x00000000ebb00000)
  from space 2560K, 0% used [0x00000000ebd80000,0x00000000ebd80000,0x00000000ec000000)
  to   space 2560K, 0% used [0x00000000ebb00000,0x00000000ebb00000,0x00000000ebd80000)
 ParOldGen       total 44032K, used 0K [0x00000000c0000000, 0x00000000c2b00000, 0x00000000eab00000)
  object space 44032K, 0% used [0x00000000c0000000,0x00000000c0000000,0x00000000c2b00000)
 Metaspace       used 5649K, capacity 6640K, committed 6784K, reserved 1056768K
  class space    used 586K, capacity 616K, committed 640K, reserved 1048576K
Event: 16.977 GC heap after
Heap after GC invocations=1 (full 0):
 PSYoungGen      total 18944K, used 2554K [0x00000000eab00000, 0x00000000ed000000, 0x0000000100000000)
  eden space 16384K, 0% used [0x00000000eab00000,0x00000000eab00000,0x00000000ebb00000)
  from space 2560K, 99% used [0x00000000ebb00000,0x00000000ebd7eab8,0x00000000ebd80000)
  to   space 2560K, 0% used [0x00000000ecd80000,0x00000000ecd80000,0x00000000ed000000)
 ParOldGen       total 44032K, used 1283K [0x00000000c0000000, 0x00000000c2b00000, 0x00000000eab00000)
  object space 44032K, 2% used [0x00000000c0000000,0x00000000c0140cc0,0x00000000c2b00000)
 Metaspace       used 5649K, capacity 6640K, committed 6784K, reserved 1056768K
  class space    used 586K, capacity 616K, committed 640K, reserved 1048576K
}

Deoptimization events (9 events):
Event: 14.839 Thread 0x000000000298e000 Uncommon trap: reason=unstable_if action=reinterpret pc=0x0000000002cbf414 method=java.lang.String.compareTo(Ljava/lang/String;)I @ 38
Event: 17.104 Thread 0x0000000016cdd000 Uncommon trap: reason=unstable_if action=reinterpret pc=0x0000000002de6d30 method=java.util.BitSet.nextSetBit(I)I @ 87
Event: 17.105 Thread 0x0000000016cdd000 Uncommon trap: reason=unstable_if action=reinterpret pc=0x0000000002ec2cb0 method=java.util.HashMap.getNode(ILjava/lang/Object;)Ljava/util/HashMap$Node; @ 129
Event: 17.151 Thread 0x0000000016ce6000 Uncommon trap: reason=unstable_if action=reinterpret pc=0x0000000002e22134 method=java.util.BitSet.ensureCapacity(I)V @ 6
Event: 17.440 Thread 0x0000000016cdd000 Uncommon trap: reason=unstable_if action=reinterpret pc=0x0000000002fd1378 method=com.android.dx.ssa.SsaRenamer$BlockRenamer.addMapping(ILcom/android/dx/rop/code/RegisterSpec;)V @ 120
Event: 17.482 Thread 0x0000000016cea000 Uncommon trap: reason=unstable_if action=reinterpret pc=0x0000000002db90d4 method=java.util.HashMap.getNode(ILjava/lang/Object;)Ljava/util/HashMap$Node; @ 129
Event: 17.717 Thread 0x0000000016cea000 Uncommon trap: reason=unstable_if action=reinterpret pc=0x0000000002f95620 method=com.android.dx.rop.code.RegisterSpec.equals(ILcom/android/dx/rop/type/TypeBearer;Lcom/android/dx/rop/code/LocalItem;)Z @ 16
Event: 17.717 Thread 0x0000000016cea000 Uncommon trap: reason=unstable_if action=reinterpret pc=0x0000000002f1a9d4 method=com.android.dx.rop.code.RegisterSpec.equals(ILcom/android/dx/rop/type/TypeBearer;Lcom/android/dx/rop/code/LocalItem;)Z @ 16
Event: 17.721 Thread 0x000000000298e000 Uncommon trap: reason=unstable_if action=reinterpret pc=0x0000000002fae93c method=com.android.dx.rop.code.RegisterSpec.equals(ILcom/android/dx/rop/type/TypeBearer;Lcom/android/dx/rop/code/LocalItem;)Z @ 16

Internal exceptions (2 events):
Event: 10.526 Thread 0x000000000298e000 Exception <a 'java/lang/NoSuchMethodError': Method sun.misc.Unsafe.defineClass(Ljava/lang/String;[BII)Ljava/lang/Class; name or signature does not match> (0x00000000eab0d850) thrown at [C:\re\workspace\8-2-build-windows-amd64-cygwin\jdk8u51\3951\hotspot\sr#æ“?%@
Event: 10.526 Thread 0x000000000298e000 Exception <a 'java/lang/NoSuchMethodError': Method sun.misc.Unsafe.prefetchRead(Ljava/lang/Object;J)V name or signature does not match> (0x00000000eab0dae0) thrown at [C:\re\workspace\8-2-build-windows-amd64-cygwin\jdk8u51\3951\hotspot\src\share\vm\prims\j

Events (10 events):
Event: 17.702 Executing VM operation: Deoptimize done
Event: 17.717 Thread 0x0000000016cea000 Uncommon trap: trap_request=0xffffff65 fr.pc=0x0000000002f95620
Event: 17.717 Thread 0x0000000016cea000 DEOPT PACKING pc=0x0000000002f95620 sp=0x000000001757dfa0
Event: 17.717 Thread 0x0000000016cea000 DEOPT UNPACKING pc=0x0000000002ba582a sp=0x000000001757de50 mode 2
Event: 17.717 Thread 0x0000000016cea000 Uncommon trap: trap_request=0xffffff65 fr.pc=0x0000000002f1a9d4
Event: 17.717 Thread 0x0000000016cea000 DEOPT PACKING pc=0x0000000002f1a9d4 sp=0x000000001757df30
Event: 17.717 Thread 0x0000000016cea000 DEOPT UNPACKING pc=0x0000000002ba582a sp=0x000000001757deb8 mode 2
Event: 17.721 Thread 0x000000000298e000 Uncommon trap: trap_request=0xffffff65 fr.pc=0x0000000002fae93c
Event: 17.721 Thread 0x000000000298e000 DEOPT PACKING pc=0x0000000002fae93c sp=0x000000000296e600
Event: 17.721 Thread 0x000000000298e000 DEOPT UNPACKING pc=0x0000000002ba582a sp=0x000000000296e250 mode 2


Dynamic libraries:
0x00007ff6cd9d0000 - 0x00007ff6cda07000 	C:\Program Files\Java\jdk1.8.0_51\bin\java.exe
0x00007ffa6c320000 - 0x00007ffa6c4e1000 	C:\WINDOWS\SYSTEM32\ntdll.dll
0x00007ffa6a450000 - 0x00007ffa6a4fd000 	C:\WINDOWS\system32\KERNEL32.DLL
0x00007ffa689d0000 - 0x00007ffa68bb8000 	C:\WINDOWS\system32\KERNELBASE.dll
0x00007ffa69e90000 - 0x00007ffa69f37000 	C:\WINDOWS\system32\ADVAPI32.dll
0x00007ffa69df0000 - 0x00007ffa69e8d000 	C:\WINDOWS\system32\msvcrt.dll
0x00007ffa6a500000 - 0x00007ffa6a55b000 	C:\WINDOWS\system32\sechost.dll
0x00007ffa69f40000 - 0x00007ffa6a05c000 	C:\WINDOWS\system32\RPCRT4.dll
0x00007ffa6a2f0000 - 0x00007ffa6a446000 	C:\WINDOWS\system32\USER32.dll
0x00007ffa69880000 - 0x00007ffa69a06000 	C:\WINDOWS\system32\GDI32.dll
0x00007ffa5ccd0000 - 0x00007ffa5cf44000 	C:\WINDOWS\WinSxS\amd64_microsoft.windows.common-controls_6595b64144ccf1df_6.0.10586.494_none_a2d8b04ea53e3145\COMCTL32.dll
0x00007ffa6a060000 - 0x00007ffa6a2dd000 	C:\WINDOWS\system32\combase.dll
0x00007ffa694f0000 - 0x00007ffa6955a000 	C:\WINDOWS\system32\bcryptPrimitives.dll
0x00007ffa69a10000 - 0x00007ffa69a4b000 	C:\WINDOWS\system32\IMM32.DLL
0x0000000057df0000 - 0x0000000057ec2000 	C:\Program Files\Java\jdk1.8.0_51\jre\bin\msvcr100.dll
0x0000000058320000 - 0x0000000058ba3000 	C:\Program Files\Java\jdk1.8.0_51\jre\bin\server\jvm.dll
0x00007ffa6c310000 - 0x00007ffa6c318000 	C:\WINDOWS\system32\PSAPI.DLL
0x00007ffa63c50000 - 0x00007ffa63c5a000 	C:\WINDOWS\SYSTEM32\VERSION.dll
0x00007ffa58b60000 - 0x00007ffa58b69000 	C:\WINDOWS\SYSTEM32\WSOCK32.dll
0x00007ffa66bc0000 - 0x00007ffa66be3000 	C:\WINDOWS\SYSTEM32\WINMM.dll
0x00007ffa6aac0000 - 0x00007ffa6ab2b000 	C:\WINDOWS\system32\WS2_32.dll
0x00007ffa66b10000 - 0x00007ffa66b3c000 	C:\WINDOWS\SYSTEM32\WINMMBASE.dll
0x00007ffa696d0000 - 0x00007ffa69713000 	C:\WINDOWS\system32\cfgmgr32.dll
0x00000000591f0000 - 0x00000000591ff000 	C:\Program Files\Java\jdk1.8.0_51\jre\bin\verify.dll
0x0000000058210000 - 0x0000000058239000 	C:\Program Files\Java\jdk1.8.0_51\jre\bin\java.dll
0x00000000591d0000 - 0x00000000591e6000 	C:\Program Files\Java\jdk1.8.0_51\jre\bin\zip.dll
0x00007ffa6adb0000 - 0x00007ffa6c30c000 	C:\WINDOWS\system32\SHELL32.dll
0x00007ffa68e10000 - 0x00007ffa69455000 	C:\WINDOWS\system32\windows.storage.dll
0x00007ffa69d90000 - 0x00007ffa69de2000 	C:\WINDOWS\system32\shlwapi.dll
0x00007ffa689c0000 - 0x00007ffa689cf000 	C:\WINDOWS\system32\kernel.appcore.dll
0x00007ffa69610000 - 0x00007ffa696c5000 	C:\WINDOWS\system32\shcore.dll
0x00007ffa68940000 - 0x00007ffa6898b000 	C:\WINDOWS\system32\powrprof.dll
0x00007ffa68990000 - 0x00007ffa689a4000 	C:\WINDOWS\system32\profapi.dll
0x00007ffa65db0000 - 0x00007ffa65f3c000 	C:\WINDOWS\SYSTEM32\dbghelp.dll

VM Arguments:
jvm_args: -Djava.awt.headless=true -Xmx1024M -Dfile.encoding=windows-1252 -Duser.country=IN -Duser.language=en -Duser.variant 
java_command: com.android.dx.command.Main --dex --num-threads=4 --output F:\STUDY\ANDROID\SAMPLES\TimeWork\app\build\intermediates\pre-dexed\debug\com.android.support-design-23.3.0_038d2bb99463c877ec03fd8d680ae0019c5abcf0.jar F:\STUDY\ANDROID\SAMPLES\TimeWork\app\build\intermediates\exploded-aar\com.android.support\design\23.3.0\jars\classes.jar
java_class_path (initial): C:\Users\Ganesh Prasad\AppData\Local\Android\sdk\build-tools\23.0.3\lib\dx.jar
Launcher Type: SUN_STANDARD

Environment Variables:
JAVA_HOME=C:\Program Files\Java\jdk1.8.0_51
PATH=C:\ProgramData\Oracle\Java\javapath;C:\Program Files (x86)\Intel\iCLS Client\;C:\Program Files\Intel\iCLS Client\;C:\Program Files (x86)\AMD APP\bin\x86_64;C:\Program Files (x86)\AMD APP\bin\x86;C:\WINDOWS\system32;C:\WINDOWS;C:\WINDOWS\System32\Wbem;C:\WINDOWS\System32\WindowsPowerShell\v1.0\;C:\Program Files (x86)\ATI Technologies\ATI.ACE\Core-Static;C:\Program Files\Intel\Intel(R) Management Engine Components\DAL;C:\Program Files\Intel\Intel(R) Management Engine Components\IPT;C:\Program Files (x86)\Intel\Intel(R) Management Engine Components\DAL;C:\Program Files (x86)\Intel\Intel(R) Management Engine Components\IPT;\;C:\Program Files (x86)\Sony\VAIO Startup Setting Tool;C:\Program Files (x86)\Brackets\command;C:\Program Files (x86)\Java\jdk1.8.0_45\bin;C:\Program Files\nodejs\;C:\Users\Ganesh Prasad\AppData\Local\GitHub\PortableGit_c7e0cbde92ba565cb218a521411d0e854079a28c\bin;C:\Users\Ganesh Prasad\AppData\Local\GitHub\PortableGit_c7e0cbde92ba565cb218a521411d0e854079a28c\cmd;C:\Program Files (x86)\AMD\ATI.ACE\Core-Static;C:\Users\Ganesh Prasad\AppData\Local\Android\sdk\platform-tools;C:\Users\Ganesh Prasad\Anaconda2;C:\Users\Ganesh Prasad\Anaconda2\Scripts;C:\Users\Ganesh Prasad\Anaconda2\Library\bin;C:\Users\Ganesh Prasad\AppData\Roaming\npm
USERNAME=Ganesh Prasad
OS=Windows_NT
PROCESSOR_IDENTIFIER=Intel64 Family 6 Model 58 Stepping 9, GenuineIntel



---------------  S Y S T E M  ---------------

OS: Windows 10.0 , 64 bit Build 10586 (10.0.10586.0)

CPU:total 4 (2 cores per cpu, 2 threads per core) family 6 model 58 stepping 9, cmov, cx8, fxsr, mmx, sse, sse2, sse3, ssse3, sse4.1, sse4.2, popcnt, avx, clmul, erms, ht, tsc, tscinvbit, tscinv

Memory: 4k page, physical 4140316k(116724k free), swap 5574940k(1588k free)

vm_info: Java HotSpot(TM) 64-Bit Server VM (25.51-b03) for windows-amd64 JRE (1.8.0_51-b16), built on Jun  8 2015 18:03:07 by "java_re" with MS VC++ 10.0 (VS2010)

time: Tue Jul 19 19:08:29 2016
elapsed time: 18 seconds (0d 0h 0m 18s)

