#
# There is insufficient memory for the Java Runtime Environment to continue.
# Native memory allocation (malloc) failed to allocate 112016 bytes for Chunk::new
# Possible reasons:
#   The system is out of physical RAM or swap space
#   In 32 bit mode, the process size limit was hit
# Possible solutions:
#   Reduce memory load on the system
#   Increase physical memory or swap space
#   Check if swap backing store is full
#   Use 64 bit Java on a 64 bit OS
#   Decrease Java heap size (-Xmx/-Xms)
#   Decrease number of Java threads
#   Decrease Java thread stack sizes (-Xss)
#   Set larger code cache with -XX:ReservedCodeCacheSize=
# This output file may be truncated or incomplete.
#
#  Out of Memory Error (allocation.cpp:390), pid=212884, tid=216720
#
# JRE version: Java(TM) SE Runtime Environment (8.0_51-b16) (build 1.8.0_51-b16)
# Java VM: Java HotSpot(TM) 64-Bit Server VM (25.51-b03 mixed mode windows-amd64 compressed oops)
# Failed to write core dump. Minidumps are not enabled by default on client versions of Windows
#

---------------  T H R E A D  ---------------

Current thread (0x000000001554b800):  JavaThread "C2 CompilerThread0" daemon [_thread_in_native, id=216720, stack(0x0000000016ac0000,0x0000000016bc0000)]

Stack: [0x0000000016ac0000,0x0000000016bc0000]
Native frames: (J=compiled Java code, j=interpreted, Vv=VM code, C=native code)
V  [jvm.dll+0x32b4ca]
V  [jvm.dll+0x2797e3]
V  [jvm.dll+0x27a479]
V  [jvm.dll+0x271765]
V  [jvm.dll+0xcba02]
V  [jvm.dll+0xcbecc]
V  [jvm.dll+0x492ad7]
V  [jvm.dll+0x45f4da]
V  [jvm.dll+0x46a7cb]
V  [jvm.dll+0x46cde2]
V  [jvm.dll+0x4501a2]
V  [jvm.dll+0xa43a2]
V  [jvm.dll+0xa4cdf]
V  [jvm.dll+0x2418a4]
V  [jvm.dll+0x29846a]
C  [msvcr100.dll+0x21d9f]
C  [msvcr100.dll+0x21e3b]
C  [KERNEL32.DLL+0x18102]
C  [ntdll.dll+0x5c5b4]


Current CompileTask:
C2:  25096 2239 %     4       com.android.dx.dex.code.DalvInsnList::getOutsSize @ 9 (105 bytes)


---------------  P R O C E S S  ---------------

Java Threads: ( => current thread )
  0x0000000016df0800 JavaThread "Service Thread" daemon [_thread_blocked, id=212124, stack(0x00000000171c0000,0x00000000172c0000)]
  0x0000000015557800 JavaThread "C1 CompilerThread2" daemon [_thread_blocked, id=202720, stack(0x0000000016cc0000,0x0000000016dc0000)]
  0x000000001554d800 JavaThread "C2 CompilerThread1" daemon [_thread_in_native, id=216284, stack(0x0000000016bc0000,0x0000000016cc0000)]
=>0x000000001554b800 JavaThread "C2 CompilerThread0" daemon [_thread_in_native, id=216720, stack(0x0000000016ac0000,0x0000000016bc0000)]
  0x000000001554a000 JavaThread "Attach Listener" daemon [_thread_blocked, id=213388, stack(0x00000000169c0000,0x0000000016ac0000)]
  0x0000000015548800 JavaThread "Signal Dispatcher" daemon [_thread_blocked, id=210316, stack(0x00000000168c0000,0x00000000169c0000)]
  0x0000000002e78800 JavaThread "Finalizer" daemon [_thread_blocked, id=200136, stack(0x00000000167c0000,0x00000000168c0000)]
  0x0000000002e70800 JavaThread "Reference Handler" daemon [_thread_blocked, id=150972, stack(0x00000000166c0000,0x00000000167c0000)]
  0x0000000002cfe000 JavaThread "main" [_thread_in_native, id=215296, stack(0x0000000002b80000,0x0000000002c80000)]

Other Threads:
  0x0000000015517800 VMThread [stack: 0x00000000165c0000,0x00000000166c0000] [id=217072]
  0x0000000016df5000 WatcherThread [stack: 0x00000000172c0000,0x00000000173c0000] [id=214528]

VM state:not at safepoint (normal execution)

VM Mutex/Monitor currently owned by a thread: None

Heap:
 PSYoungGen      total 68096K, used 57252K [0x00000000eab00000, 0x00000000ef000000, 0x0000000100000000)
  eden space 65536K, 83% used [0x00000000eab00000,0x00000000ee0712a8,0x00000000eeb00000)
  from space 2560K, 98% used [0x00000000eeb00000,0x00000000eed78040,0x00000000eed80000)
  to   space 2560K, 0% used [0x00000000eed80000,0x00000000eed80000,0x00000000ef000000)
 ParOldGen       total 44032K, used 23609K [0x00000000c0000000, 0x00000000c2b00000, 0x00000000eab00000)
  object space 44032K, 53% used [0x00000000c0000000,0x00000000c170e460,0x00000000c2b00000)
 Metaspace       used 7201K, capacity 7768K, committed 7936K, reserved 1056768K
  class space    used 685K, capacity 720K, committed 768K, reserved 1048576K

Card table byte_map: [0x0000000012240000,0x0000000012450000] byte_map_base: 0x0000000011c40000

Marking Bits: (ParMarkBitMap*) 0x0000000058434040
 Begin Bits: [0x00000000129b0000, 0x00000000139b0000)
 End Bits:   [0x00000000139b0000, 0x00000000149b0000)

Polling page: 0x00000000013a0000

CodeCache: size=245760Kb used=7439Kb max_used=9816Kb free=238321Kb
 bounds [0x0000000002e80000, 0x0000000003820000, 0x0000000011e80000]
 total_blobs=2115 nmethods=1834 adapters=190
 compilation: enabled

Compilation events (10 events):
Event: 24.174 Thread 0x0000000015557800 2279       3       com.android.dx.rop.cst.CstString::getUtf16Size (8 bytes)
Event: 24.174 Thread 0x0000000015557800 nmethod 2279 0x0000000003226e10 code [0x0000000003226f80, 0x00000000032271d0]
Event: 24.175 Thread 0x0000000015557800 2282       1       com.android.dx.rop.cst.CstString::getBytes (5 bytes)
Event: 24.175 Thread 0x0000000015557800 nmethod 2282 0x0000000002fb3cd0 code [0x0000000002fb3e20, 0x0000000002fb3f30]
Event: 24.175 Thread 0x0000000015557800 2283       3       com.android.dx.dex.file.StringDataItem::writeTo0 (103 bytes)
Event: 24.177 Thread 0x0000000015557800 nmethod 2283 0x0000000003168950 code [0x0000000003168c80, 0x000000000316a608]
Event: 24.177 Thread 0x0000000015557800 2284       3       com.android.dx.util.ByteArray::getBytes (39 bytes)
Event: 24.178 Thread 0x0000000015557800 nmethod 2284 0x00000000034dff50 code [0x00000000034e00e0, 0x00000000034e0418]
Event: 24.178 Thread 0x0000000015557800 2285       3       com.android.dx.util.ByteArrayAnnotatedOutput::write (61 bytes)
Event: 24.178 Thread 0x0000000015557800 nmethod 2285 0x0000000002ff0650 code [0x0000000002ff07e0, 0x0000000002ff0ca8]

GC Heap History (10 events):
Event: 3.427 GC heap before
{Heap before GC invocations=1 (full 0):
 PSYoungGen      total 18944K, used 16384K [0x00000000eab00000, 0x00000000ec000000, 0x0000000100000000)
  eden space 16384K, 100% used [0x00000000eab00000,0x00000000ebb00000,0x00000000ebb00000)
  from space 2560K, 0% used [0x00000000ebd80000,0x00000000ebd80000,0x00000000ec000000)
  to   space 2560K, 0% used [0x00000000ebb00000,0x00000000ebb00000,0x00000000ebd80000)
 ParOldGen       total 44032K, used 0K [0x00000000c0000000, 0x00000000c2b00000, 0x00000000eab00000)
  object space 44032K, 0% used [0x00000000c0000000,0x00000000c0000000,0x00000000c2b00000)
 Metaspace       used 5723K, capacity 6768K, committed 7040K, reserved 1056768K
  class space    used 588K, capacity 616K, committed 640K, reserved 1048576K
Event: 3.623 GC heap after
Heap after GC invocations=1 (full 0):
 PSYoungGen      total 18944K, used 2554K [0x00000000eab00000, 0x00000000ed000000, 0x0000000100000000)
  eden space 16384K, 0% used [0x00000000eab00000,0x00000000eab00000,0x00000000ebb00000)
  from space 2560K, 99% used [0x00000000ebb00000,0x00000000ebd7eab8,0x00000000ebd80000)
  to   space 2560K, 0% used [0x00000000ecd80000,0x00000000ecd80000,0x00000000ed000000)
 ParOldGen       total 44032K, used 1557K [0x00000000c0000000, 0x00000000c2b00000, 0x00000000eab00000)
  object space 44032K, 3% used [0x00000000c0000000,0x00000000c0185660,0x00000000c2b00000)
 Metaspace       used 5723K, capacity 6768K, committed 7040K, reserved 1056768K
  class space    used 588K, capacity 616K, committed 640K, reserved 1048576K
}
Event: 4.839 GC heap before
{Heap before GC invocations=2 (full 0):
 PSYoungGen      total 18944K, used 18938K [0x00000000eab00000, 0x00000000ed000000, 0x0000000100000000)
  eden space 16384K, 100% used [0x00000000eab00000,0x00000000ebb00000,0x00000000ebb00000)
  from space 2560K, 99% used [0x00000000ebb00000,0x00000000ebd7eab8,0x00000000ebd80000)
  to   space 2560K, 0% used [0x00000000ecd80000,0x00000000ecd80000,0x00000000ed000000)
 ParOldGen       total 44032K, used 1557K [0x00000000c0000000, 0x00000000c2b00000, 0x00000000eab00000)
  object space 44032K, 3% used [0x00000000c0000000,0x00000000c0185660,0x00000000c2b00000)
 Metaspace       used 5952K, capacity 6896K, committed 7040K, reserved 1056768K
  class space    used 590K, capacity 616K, committed 640K, reserved 1048576K
Event: 4.852 GC heap after
Heap after GC invocations=2 (full 0):
 PSYoungGen      total 35328K, used 2558K [0x00000000eab00000, 0x00000000ed000000, 0x0000000100000000)
  eden space 32768K, 0% used [0x00000000eab00000,0x00000000eab00000,0x00000000ecb00000)
  from space 2560K, 99% used [0x00000000ecd80000,0x00000000ecfffb80,0x00000000ed000000)
  to   space 2560K, 0% used [0x00000000ecb00000,0x00000000ecb00000,0x00000000ecd80000)
 ParOldGen       total 44032K, used 4003K [0x00000000c0000000, 0x00000000c2b00000, 0x00000000eab00000)
  object space 44032K, 9% used [0x00000000c0000000,0x00000000c03e8dc8,0x00000000c2b00000)
 Metaspace       used 5952K, capacity 6896K, committed 7040K, reserved 1056768K
  class space    used 590K, capacity 616K, committed 640K, reserved 1048576K
}
Event: 7.526 GC heap before
{Heap before GC invocations=3 (full 0):
 PSYoungGen      total 35328K, used 35326K [0x00000000eab00000, 0x00000000ed000000, 0x0000000100000000)
  eden space 32768K, 100% used [0x00000000eab00000,0x00000000ecb00000,0x00000000ecb00000)
  from space 2560K, 99% used [0x00000000ecd80000,0x00000000ecfffb80,0x00000000ed000000)
  to   space 2560K, 0% used [0x00000000ecb00000,0x00000000ecb00000,0x00000000ecd80000)
 ParOldGen       total 44032K, used 4003K [0x00000000c0000000, 0x00000000c2b00000, 0x00000000eab00000)
  object space 44032K, 9% used [0x00000000c0000000,0x00000000c03e8dc8,0x00000000c2b00000)
 Metaspace       used 6115K, capacity 7088K, committed 7296K, reserved 1056768K
  class space    used 593K, capacity 616K, committed 640K, reserved 1048576K
Event: 8.233 GC heap after
Heap after GC invocations=3 (full 0):
 PSYoungGen      total 35328K, used 2552K [0x00000000eab00000, 0x00000000ef000000, 0x0000000100000000)
  eden space 32768K, 0% used [0x00000000eab00000,0x00000000eab00000,0x00000000ecb00000)
  from space 2560K, 99% used [0x00000000ecb00000,0x00000000ecd7e378,0x00000000ecd80000)
  to   space 2560K, 0% used [0x00000000eed80000,0x00000000eed80000,0x00000000ef000000)
 ParOldGen       total 44032K, used 8287K [0x00000000c0000000, 0x00000000c2b00000, 0x00000000eab00000)
  object space 44032K, 18% used [0x00000000c0000000,0x00000000c0817e90,0x00000000c2b00000)
 Metaspace       used 6115K, capacity 7088K, committed 7296K, reserved 1056768K
  class space    used 593K, capacity 616K, committed 640K, reserved 1048576K
}
Event: 12.044 GC heap before
{Heap before GC invocations=4 (full 0):
 PSYoungGen      total 35328K, used 35320K [0x00000000eab00000, 0x00000000ef000000, 0x0000000100000000)
  eden space 32768K, 100% used [0x00000000eab00000,0x00000000ecb00000,0x00000000ecb00000)
  from space 2560K, 99% used [0x00000000ecb00000,0x00000000ecd7e378,0x00000000ecd80000)
  to   space 2560K, 0% used [0x00000000eed80000,0x00000000eed80000,0x00000000ef000000)
 ParOldGen       total 44032K, used 8287K [0x00000000c0000000, 0x00000000c2b00000, 0x00000000eab00000)
  object space 44032K, 18% used [0x00000000c0000000,0x00000000c0817e90,0x00000000c2b00000)
 Metaspace       used 6261K, capacity 7128K, committed 7424K, reserved 1056768K
  class space    used 615K, capacity 656K, committed 768K, reserved 1048576K
Event: 13.210 GC heap after
Heap after GC invocations=4 (full 0):
 PSYoungGen      total 68096K, used 2541K [0x00000000eab00000, 0x00000000ef000000, 0x0000000100000000)
  eden space 65536K, 0% used [0x00000000eab00000,0x00000000eab00000,0x00000000eeb00000)
  from space 2560K, 99% used [0x00000000eed80000,0x00000000eeffb428,0x00000000ef000000)
  to   space 2560K, 0% used [0x00000000eeb00000,0x00000000eeb00000,0x00000000eed80000)
 ParOldGen       total 44032K, used 13965K [0x00000000c0000000, 0x00000000c2b00000, 0x00000000eab00000)
  object space 44032K, 31% used [0x00000000c0000000,0x00000000c0da3560,0x00000000c2b00000)
 Metaspace       used 6261K, capacity 7128K, committed 7424K, reserved 1056768K
  class space    used 615K, capacity 656K, committed 768K, reserved 1048576K
}
Event: 18.372 GC heap before
{Heap before GC invocations=5 (full 0):
 PSYoungGen      total 68096K, used 68077K [0x00000000eab00000, 0x00000000ef000000, 0x0000000100000000)
  eden space 65536K, 100% used [0x00000000eab00000,0x00000000eeb00000,0x00000000eeb00000)
  from space 2560K, 99% used [0x00000000eed80000,0x00000000eeffb428,0x00000000ef000000)
  to   space 2560K, 0% used [0x00000000eeb00000,0x00000000eeb00000,0x00000000eed80000)
 ParOldGen       total 44032K, used 13965K [0x00000000c0000000, 0x00000000c2b00000, 0x00000000eab00000)
  object space 44032K, 31% used [0x00000000c0000000,0x00000000c0da3560,0x00000000c2b00000)
 Metaspace       used 6298K, capacity 7192K, committed 7424K, reserved 1056768K
  class space    used 615K, capacity 656K, committed 768K, reserved 1048576K
Event: 18.479 GC heap after
Heap after GC invocations=5 (full 0):
 PSYoungGen      total 68096K, used 2528K [0x00000000eab00000, 0x00000000ef000000, 0x0000000100000000)
  eden space 65536K, 0% used [0x00000000eab00000,0x00000000eab00000,0x00000000eeb00000)
  from space 2560K, 98% used [0x00000000eeb00000,0x00000000eed78040,0x00000000eed80000)
  to   space 2560K, 0% used [0x00000000eed80000,0x00000000eed80000,0x00000000ef000000)
 ParOldGen       total 44032K, used 23609K [0x00000000c0000000, 0x00000000c2b00000, 0x00000000eab00000)
  object space 44032K, 53% used [0x00000000c0000000,0x00000000c170e460,0x00000000c2b00000)
 Metaspace       used 6298K, capacity 7192K, committed 7424K, reserved 1056768K
  class space    used 615K, capacity 656K, committed 768K, reserved 1048576K
}

Deoptimization events (10 events):
Event: 21.037 Thread 0x0000000002cfe000 Uncommon trap: reason=class_check action=maybe_recompile pc=0x000000000335ff48 method=java.util.Arrays.hashCode([Ljava/lang/Object;)I @ 43
Event: 21.037 Thread 0x0000000002cfe000 Uncommon trap: reason=class_check action=maybe_recompile pc=0x000000000335bd68 method=java.util.Arrays.hashCode([Ljava/lang/Object;)I @ 43
Event: 22.192 Thread 0x0000000002cfe000 Uncommon trap: reason=speculate_class_check action=maybe_recompile pc=0x0000000003229254 method=com.android.dx.util.FixedSizeList.equals(Ljava/lang/Object;)Z @ 25
Event: 22.192 Thread 0x0000000002cfe000 Uncommon trap: reason=unstable_if action=reinterpret pc=0x0000000003225e08 method=java.util.Arrays.equals([Ljava/lang/Object;[Ljava/lang/Object;)Z @ 23
Event: 22.205 Thread 0x0000000002cfe000 Uncommon trap: reason=speculate_class_check action=maybe_recompile pc=0x0000000003229254 method=com.android.dx.util.FixedSizeList.equals(Ljava/lang/Object;)Z @ 25
Event: 22.205 Thread 0x0000000002cfe000 Uncommon trap: reason=speculate_class_check action=maybe_recompile pc=0x0000000003229254 method=com.android.dx.util.FixedSizeList.equals(Ljava/lang/Object;)Z @ 25
Event: 22.205 Thread 0x0000000002cfe000 Uncommon trap: reason=speculate_class_check action=maybe_recompile pc=0x0000000003229254 method=com.android.dx.util.FixedSizeList.equals(Ljava/lang/Object;)Z @ 25
Event: 22.205 Thread 0x0000000002cfe000 Uncommon trap: reason=unstable_if action=reinterpret pc=0x0000000003769448 method=java.util.TreeMap.put(Ljava/lang/Object;Ljava/lang/Object;)Ljava/lang/Object; @ 163
Event: 22.862 Thread 0x0000000002cfe000 Uncommon trap: reason=unstable_if action=reinterpret pc=0x00000000037e2040 method=com.android.dx.dex.code.OutputFinisher.findOpcodeForInsn(Lcom/android/dx/dex/code/DalvInsn;Lcom/android/dx/dex/code/Dop;)Lcom/android/dx/dex/code/Dop; @ 1
Event: 23.743 Thread 0x0000000002cfe000 Uncommon trap: reason=unstable_if action=reinterpret pc=0x00000000036473e4 method=java.util.ArrayList.<init>(I)V @ 5

Internal exceptions (7 events):
Event: 0.140 Thread 0x0000000002cfe000 Exception <a 'java/lang/NoSuchMethodError': Method sun.misc.Unsafe.defineClass(Ljava/lang/String;[BII)Ljava/lang/Class; name or signature does not match> (0x00000000eab0d9a8) thrown at [C:\re\workspace\8-2-build-windows-amd64-cygwin\jdk8u51\3951\hotspot\srMK∆-]Ù¡?
Event: 0.140 Thread 0x0000000002cfe000 Exception <a 'java/lang/NoSuchMethodError': Method sun.misc.Unsafe.prefetchRead(Ljava/lang/Object;J)V name or signature does not match> (0x00000000eab0dc38) thrown at [C:\re\workspace\8-2-build-windows-amd64-cygwin\jdk8u51\3951\hotspot\src\share\vm\prims\j∂∑L(à@
Event: 3.691 Thread 0x0000000017020000 Implicit null exception at 0x0000000003196c22 to 0x0000000003196d12
Event: 7.272 Thread 0x0000000017020000 Implicit null exception at 0x000000000317fdb3 to 0x0000000003182225
Event: 9.925 Thread 0x0000000017026000 Exception <a 'java/lang/ArrayIndexOutOfBoundsException': 18> (0x00000000eb559718) thrown at [C:\re\workspace\8-2-build-windows-amd64-cygwin\jdk8u51\3951\hotspot\src\share\vm\interpreter\interpreterRuntime.cpp, line 366]
Event: 9.943 Thread 0x0000000017026000 Exception <a 'java/lang/ArrayIndexOutOfBoundsException': 145> (0x00000000eb55b1e8) thrown at [C:\re\workspace\8-2-build-windows-amd64-cygwin\jdk8u51\3951\hotspot\src\share\vm\interpreter\interpreterRuntime.cpp, line 366]
Event: 10.067 Thread 0x0000000017026000 Exception <a 'java/lang/ArrayIndexOutOfBoundsException'> (0x00000000eb55c420) thrown at [C:\re\workspace\8-2-build-windows-amd64-cygwin\jdk8u51\3951\hotspot\src\share\vm\runtime\sharedRuntime.cpp, line 605]

Events (10 events):
Event: 24.100 Thread 0x000000001554b800 flushing nmethod 0x00000000035bdd90
Event: 24.100 Thread 0x000000001554b800 flushing nmethod 0x00000000035c7d50
Event: 24.100 Thread 0x000000001554b800 flushing nmethod 0x00000000035f9f10
Event: 24.100 Thread 0x000000001554b800 flushing nmethod 0x00000000035fac50
Event: 24.100 Thread 0x000000001554b800 flushing nmethod 0x0000000003634c10
Event: 24.100 Thread 0x000000001554b800 flushing nmethod 0x0000000003647810
Event: 24.100 Thread 0x000000001554b800 flushing nmethod 0x0000000003649250
Event: 24.100 Thread 0x000000001554b800 flushing nmethod 0x0000000003666e10
Event: 24.100 Thread 0x000000001554b800 flushing nmethod 0x00000000036814d0
Event: 24.100 Thread 0x000000001554b800 flushing nmethod 0x00000000036bacd0


Dynamic libraries:
0x00007ff6c17e0000 - 0x00007ff6c1817000 	C:\Program Files\Java\jdk1.8.0_51\bin\java.exe
0x00007ffa6c320000 - 0x00007ffa6c4e1000 	C:\WINDOWS\SYSTEM32\ntdll.dll
0x00007ffa6a450000 - 0x00007ffa6a4fd000 	C:\WINDOWS\system32\KERNEL32.DLL
0x00007ffa689d0000 - 0x00007ffa68bb8000 	C:\WINDOWS\system32\KERNELBASE.dll
0x00007ffa69e90000 - 0x00007ffa69f37000 	C:\WINDOWS\system32\ADVAPI32.dll
0x00007ffa69df0000 - 0x00007ffa69e8d000 	C:\WINDOWS\system32\msvcrt.dll
0x00007ffa6a500000 - 0x00007ffa6a55b000 	C:\WINDOWS\system32\sechost.dll
0x00007ffa69f40000 - 0x00007ffa6a05c000 	C:\WINDOWS\system32\RPCRT4.dll
0x00007ffa6a2f0000 - 0x00007ffa6a446000 	C:\WINDOWS\system32\USER32.dll
0x00007ffa69880000 - 0x00007ffa69a06000 	C:\WINDOWS\system32\GDI32.dll
0x00007ffa5ccd0000 - 0x00007ffa5cf44000 	C:\WINDOWS\WinSxS\amd64_microsoft.windows.common-controls_6595b64144ccf1df_6.0.10586.494_none_a2d8b04ea53e3145\COMCTL32.dll
0x00007ffa6a060000 - 0x00007ffa6a2dd000 	C:\WINDOWS\system32\combase.dll
0x00007ffa694f0000 - 0x00007ffa6955a000 	C:\WINDOWS\system32\bcryptPrimitives.dll
0x00007ffa69a10000 - 0x00007ffa69a4b000 	C:\WINDOWS\system32\IMM32.DLL
0x0000000058730000 - 0x0000000058802000 	C:\Program Files\Java\jdk1.8.0_51\jre\bin\msvcr100.dll
0x0000000057c30000 - 0x00000000584b3000 	C:\Program Files\Java\jdk1.8.0_51\jre\bin\server\jvm.dll
0x00007ffa6c310000 - 0x00007ffa6c318000 	C:\WINDOWS\system32\PSAPI.DLL
0x00007ffa66bc0000 - 0x00007ffa66be3000 	C:\WINDOWS\SYSTEM32\WINMM.dll
0x00007ffa47d00000 - 0x00007ffa47d09000 	C:\WINDOWS\SYSTEM32\WSOCK32.dll
0x00007ffa63c50000 - 0x00007ffa63c5a000 	C:\WINDOWS\SYSTEM32\VERSION.dll
0x00007ffa6aac0000 - 0x00007ffa6ab2b000 	C:\WINDOWS\system32\WS2_32.dll
0x00007ffa66b10000 - 0x00007ffa66b3c000 	C:\WINDOWS\SYSTEM32\WINMMBASE.dll
0x00007ffa696d0000 - 0x00007ffa69713000 	C:\WINDOWS\system32\cfgmgr32.dll
0x0000000059250000 - 0x000000005925f000 	C:\Program Files\Java\jdk1.8.0_51\jre\bin\verify.dll
0x0000000059220000 - 0x0000000059249000 	C:\Program Files\Java\jdk1.8.0_51\jre\bin\java.dll
0x0000000059200000 - 0x0000000059216000 	C:\Program Files\Java\jdk1.8.0_51\jre\bin\zip.dll
0x00007ffa6adb0000 - 0x00007ffa6c30c000 	C:\WINDOWS\system32\SHELL32.dll
0x00007ffa68e10000 - 0x00007ffa69455000 	C:\WINDOWS\system32\windows.storage.dll
0x00007ffa69d90000 - 0x00007ffa69de2000 	C:\WINDOWS\system32\shlwapi.dll
0x00007ffa689c0000 - 0x00007ffa689cf000 	C:\WINDOWS\system32\kernel.appcore.dll
0x00007ffa69610000 - 0x00007ffa696c5000 	C:\WINDOWS\system32\shcore.dll
0x00007ffa68940000 - 0x00007ffa6898b000 	C:\WINDOWS\system32\powrprof.dll
0x00007ffa68990000 - 0x00007ffa689a4000 	C:\WINDOWS\system32\profapi.dll
0x00007ffa65db0000 - 0x00007ffa65f3c000 	C:\WINDOWS\SYSTEM32\dbghelp.dll

VM Arguments:
jvm_args: -Djava.awt.headless=true -Xmx1024M -Dfile.encoding=windows-1252 -Duser.country=IN -Duser.language=en -Duser.variant 
java_command: com.android.dx.command.Main --dex --num-threads=4 --output F:\STUDY\ANDROID\SAMPLES\TimeWork\app\build\intermediates\pre-dexed\debug\com.android.support-recyclerview-v7-23.3.0_b3d3f5d6ace924781f497e19368cf897e57615c8.jar F:\STUDY\ANDROID\SAMPLES\TimeWork\app\build\intermediates\exploded-aar\com.android.support\recyclerview-v7\23.3.0\jars\classes.jar
java_class_path (initial): C:\Users\Ganesh Prasad\AppData\Local\Android\sdk\build-tools\23.0.3\lib\dx.jar
Launcher Type: SUN_STANDARD

Environment Variables:
JAVA_HOME=C:\Program Files\Java\jdk1.8.0_51
PATH=C:\ProgramData\Oracle\Java\javapath;C:\Program Files (x86)\Intel\iCLS Client\;C:\Program Files\Intel\iCLS Client\;C:\Program Files (x86)\AMD APP\bin\x86_64;C:\Program Files (x86)\AMD APP\bin\x86;C:\WINDOWS\system32;C:\WINDOWS;C:\WINDOWS\System32\Wbem;C:\WINDOWS\System32\WindowsPowerShell\v1.0\;C:\Program Files (x86)\ATI Technologies\ATI.ACE\Core-Static;C:\Program Files\Intel\Intel(R) Management Engine Components\DAL;C:\Program Files\Intel\Intel(R) Management Engine Components\IPT;C:\Program Files (x86)\Intel\Intel(R) Management Engine Components\DAL;C:\Program Files (x86)\Intel\Intel(R) Management Engine Components\IPT;\;C:\Program Files (x86)\Sony\VAIO Startup Setting Tool;C:\Program Files (x86)\Brackets\command;C:\Program Files (x86)\Java\jdk1.8.0_45\bin;C:\Program Files\nodejs\;C:\Users\Ganesh Prasad\AppData\Local\GitHub\PortableGit_c7e0cbde92ba565cb218a521411d0e854079a28c\bin;C:\Users\Ganesh Prasad\AppData\Local\GitHub\PortableGit_c7e0cbde92ba565cb218a521411d0e854079a28c\cmd;C:\Program Files (x86)\AMD\ATI.ACE\Core-Static;C:\Users\Ganesh Prasad\AppData\Local\Android\sdk\platform-tools;C:\Users\Ganesh Prasad\Anaconda2;C:\Users\Ganesh Prasad\Anaconda2\Scripts;C:\Users\Ganesh Prasad\Anaconda2\Library\bin;C:\Users\Ganesh Prasad\AppData\Roaming\npm
USERNAME=Ganesh Prasad
OS=Windows_NT
PROCESSOR_IDENTIFIER=Intel64 Family 6 Model 58 Stepping 9, GenuineIntel



---------------  S Y S T E M  ---------------

OS: Windows 10.0 , 64 bit Build 10586 (10.0.10586.0)

CPU:total 4 (2 cores per cpu, 2 threads per core) family 6 model 58 stepping 9, cmov, cx8, fxsr, mmx, sse, sse2, sse3, ssse3, sse4.1, sse4.2, popcnt, avx, clmul, erms, ht, tsc, tscinvbit, tscinv

Memory: 4k page, physical 4140316k(71544k free), swap 5574940k(2764k free)

vm_info: Java HotSpot(TM) 64-Bit Server VM (25.51-b03) for windows-amd64 JRE (1.8.0_51-b16), built on Jun  8 2015 18:03:07 by "java_re" with MS VC++ 10.0 (VS2010)

time: Sun Jul 17 15:05:52 2016
elapsed time: 27 seconds (0d 0h 0m 27s)

