#
# There is insufficient memory for the Java Runtime Environment to continue.
# Native memory allocation (malloc) failed to allocate 1545056 bytes for Chunk::new
# Possible reasons:
#   The system is out of physical RAM or swap space
#   In 32 bit mode, the process size limit was hit
# Possible solutions:
#   Reduce memory load on the system
#   Increase physical memory or swap space
#   Check if swap backing store is full
#   Use 64 bit Java on a 64 bit OS
#   Decrease Java heap size (-Xmx/-Xms)
#   Decrease number of Java threads
#   Decrease Java thread stack sizes (-Xss)
#   Set larger code cache with -XX:ReservedCodeCacheSize=
# This output file may be truncated or incomplete.
#
#  Out of Memory Error (allocation.cpp:390), pid=212300, tid=212600
#
# JRE version: Java(TM) SE Runtime Environment (8.0_51-b16) (build 1.8.0_51-b16)
# Java VM: Java HotSpot(TM) 64-Bit Server VM (25.51-b03 mixed mode windows-amd64 compressed oops)
# Failed to write core dump. Minidumps are not enabled by default on client versions of Windows
#

---------------  T H R E A D  ---------------

Current thread (0x000000001508a000):  JavaThread "C2 CompilerThread1" daemon [_thread_in_native, id=212600, stack(0x0000000016690000,0x0000000016790000)]

Stack: [0x0000000016690000,0x0000000016790000]
Native frames: (J=compiled Java code, j=interpreted, Vv=VM code, C=native code)
V  [jvm.dll+0x32b4ca]
V  [jvm.dll+0x2797e3]
V  [jvm.dll+0x27a479]
V  [jvm.dll+0x271765]
V  [jvm.dll+0xcba02]
V  [jvm.dll+0xcbecc]
V  [jvm.dll+0x476f72]
V  [jvm.dll+0x4b95ff]
V  [jvm.dll+0x46c011]
V  [jvm.dll+0x46cd4e]
V  [jvm.dll+0x4501a2]
V  [jvm.dll+0xa43a2]
V  [jvm.dll+0xa4cdf]
V  [jvm.dll+0x2418a4]
V  [jvm.dll+0x29846a]
C  [msvcr100.dll+0x21d9f]
C  [msvcr100.dll+0x21e3b]
C  [KERNEL32.DLL+0x18102]
C  [ntdll.dll+0x5c5b4]


Current CompileTask:
C2:   6157 1447   !   4       com.android.dx.cf.cst.ConstantPoolParser::parse0 (731 bytes)


---------------  P R O C E S S  ---------------

Java Threads: ( => current thread )
  0x0000000016af5000 JavaThread "pool-1-thread-4" [_thread_blocked, id=212880, stack(0x0000000017290000,0x0000000017390000)]
  0x0000000016af4800 JavaThread "pool-1-thread-3" [_thread_in_Java, id=212856, stack(0x0000000017190000,0x0000000017290000)]
  0x0000000016af3800 JavaThread "pool-1-thread-2" [_thread_in_vm, id=212884, stack(0x0000000017090000,0x0000000017190000)]
  0x0000000016af1000 JavaThread "pool-2-thread-1" [_thread_blocked, id=212888, stack(0x0000000016f90000,0x0000000017090000)]
  0x0000000016ae8000 JavaThread "pool-1-thread-1" [_thread_in_Java, id=212156, stack(0x0000000016e90000,0x0000000016f90000)]
  0x0000000016896800 JavaThread "Service Thread" daemon [_thread_blocked, id=212332, stack(0x0000000016c90000,0x0000000016d90000)]
  0x000000001508c800 JavaThread "C1 CompilerThread2" daemon [_thread_blocked, id=212596, stack(0x0000000016790000,0x0000000016890000)]
=>0x000000001508a000 JavaThread "C2 CompilerThread1" daemon [_thread_in_native, id=212600, stack(0x0000000016690000,0x0000000016790000)]
  0x000000001502a800 JavaThread "C2 CompilerThread0" daemon [_thread_in_native, id=212068, stack(0x0000000016590000,0x0000000016690000)]
  0x0000000015028800 JavaThread "Attach Listener" daemon [_thread_blocked, id=212644, stack(0x0000000016490000,0x0000000016590000)]
  0x0000000015027000 JavaThread "Signal Dispatcher" daemon [_thread_blocked, id=212184, stack(0x0000000016390000,0x0000000016490000)]
  0x0000000002951000 JavaThread "Finalizer" daemon [_thread_blocked, id=212508, stack(0x0000000016290000,0x0000000016390000)]
  0x0000000014ff9800 JavaThread "Reference Handler" daemon [_thread_blocked, id=212640, stack(0x0000000016190000,0x0000000016290000)]
  0x0000000000f0e000 JavaThread "main" [_thread_blocked, id=197736, stack(0x0000000002760000,0x0000000002860000)]

Other Threads:
  0x0000000014ff7000 VMThread [stack: 0x0000000016090000,0x0000000016190000] [id=212940]
  0x0000000016897000 WatcherThread [stack: 0x0000000016d90000,0x0000000016e90000] [id=212624]

VM state:not at safepoint (normal execution)

VM Mutex/Monitor currently owned by a thread: None

Heap:
 PSYoungGen      total 18944K, used 17862K [0x00000000eab00000, 0x00000000ec000000, 0x0000000100000000)
  eden space 16384K, 93% used [0x00000000eab00000,0x00000000eb9f9a90,0x00000000ebb00000)
  from space 2560K, 98% used [0x00000000ebb00000,0x00000000ebd78028,0x00000000ebd80000)
  to   space 2560K, 0% used [0x00000000ebd80000,0x00000000ebd80000,0x00000000ec000000)
 ParOldGen       total 44032K, used 4529K [0x00000000c0000000, 0x00000000c2b00000, 0x00000000eab00000)
  object space 44032K, 10% used [0x00000000c0000000,0x00000000c046c5d0,0x00000000c2b00000)
 Metaspace       used 6189K, capacity 7088K, committed 7296K, reserved 1056768K
  class space    used 592K, capacity 616K, committed 640K, reserved 1048576K

Card table byte_map: [0x0000000011d20000,0x0000000011f30000] byte_map_base: 0x0000000011720000

Marking Bits: (ParMarkBitMap*) 0x0000000057ec4040
 Begin Bits: [0x0000000012490000, 0x0000000013490000)
 End Bits:   [0x0000000013490000, 0x0000000014490000)

Polling page: 0x0000000000c30000

CodeCache: size=245760Kb used=6270Kb max_used=6270Kb free=239489Kb
 bounds [0x0000000002960000, 0x0000000002f90000, 0x0000000011960000]
 total_blobs=1849 nmethods=1580 adapters=182
 compilation: enabled

Compilation events (10 events):
Event: 5.517 Thread 0x000000001508c800 1478       3       com.android.dx.ssa.SCCP::replaceBranches (142 bytes)
Event: 5.518 Thread 0x000000001508c800 nmethod 1478 0x0000000002f0bd90 code [0x0000000002f0bfe0, 0x0000000002f0cfa8]
Event: 5.518 Thread 0x000000001508c800 1479       3       com.android.dx.rop.code.ThrowingInsn::accept (8 bytes)
Event: 5.519 Thread 0x000000001508c800 nmethod 1479 0x0000000002f0d710 code [0x0000000002f0d880, 0x0000000002f0daa8]
Event: 5.521 Thread 0x000000001508c800 1481       3       com.android.dx.rop.code.InsnList::contentEquals (54 bytes)
Event: 5.522 Thread 0x000000001508c800 nmethod 1481 0x0000000002f0db90 code [0x0000000002f0dd60, 0x0000000002f0e808]
Event: 5.522 Thread 0x000000001508c800 1482       3       java.util.concurrent.locks.AbstractQueuedSynchronizer::setState (6 bytes)
Event: 5.522 Thread 0x000000001508c800 nmethod 1482 0x0000000002f0eb50 code [0x0000000002f0eca0, 0x0000000002f0edf0]
Event: 5.546 Thread 0x000000001502a800 nmethod 1470 0x0000000002f128d0 code [0x0000000002f12a80, 0x0000000002f138b8]
Event: 5.546 Thread 0x000000001502a800 1477       4       com.android.dx.ssa.SCCP::simulateBranch (666 bytes)

GC Heap History (4 events):
Event: 4.384 GC heap before
{Heap before GC invocations=1 (full 0):
 PSYoungGen      total 18944K, used 16384K [0x00000000eab00000, 0x00000000ec000000, 0x0000000100000000)
  eden space 16384K, 100% used [0x00000000eab00000,0x00000000ebb00000,0x00000000ebb00000)
  from space 2560K, 0% used [0x00000000ebd80000,0x00000000ebd80000,0x00000000ec000000)
  to   space 2560K, 0% used [0x00000000ebb00000,0x00000000ebb00000,0x00000000ebd80000)
 ParOldGen       total 44032K, used 0K [0x00000000c0000000, 0x00000000c2b00000, 0x00000000eab00000)
  object space 44032K, 0% used [0x00000000c0000000,0x00000000c0000000,0x00000000c2b00000)
 Metaspace       used 5381K, capacity 6384K, committed 6528K, reserved 1056768K
  class space    used 581K, capacity 616K, committed 640K, reserved 1048576K
Event: 4.390 GC heap after
Heap after GC invocations=1 (full 0):
 PSYoungGen      total 18944K, used 2551K [0x00000000eab00000, 0x00000000ec000000, 0x0000000100000000)
  eden space 16384K, 0% used [0x00000000eab00000,0x00000000eab00000,0x00000000ebb00000)
  from space 2560K, 99% used [0x00000000ebb00000,0x00000000ebd7df90,0x00000000ebd80000)
  to   space 2560K, 0% used [0x00000000ebd80000,0x00000000ebd80000,0x00000000ec000000)
 ParOldGen       total 44032K, used 736K [0x00000000c0000000, 0x00000000c2b00000, 0x00000000eab00000)
  object space 44032K, 1% used [0x00000000c0000000,0x00000000c00b8020,0x00000000c2b00000)
 Metaspace       used 5381K, capacity 6384K, committed 6528K, reserved 1056768K
  class space    used 581K, capacity 616K, committed 640K, reserved 1048576K
}
Event: 5.082 GC heap before
{Heap before GC invocations=2 (full 0):
 PSYoungGen      total 18944K, used 18935K [0x00000000eab00000, 0x00000000ec000000, 0x0000000100000000)
  eden space 16384K, 100% used [0x00000000eab00000,0x00000000ebb00000,0x00000000ebb00000)
  from space 2560K, 99% used [0x00000000ebb00000,0x00000000ebd7df90,0x00000000ebd80000)
  to   space 2560K, 0% used [0x00000000ebd80000,0x00000000ebd80000,0x00000000ec000000)
 ParOldGen       total 44032K, used 736K [0x00000000c0000000, 0x00000000c2b00000, 0x00000000eab00000)
  object space 44032K, 1% used [0x00000000c0000000,0x00000000c00b8020,0x00000000c2b00000)
 Metaspace       used 5920K, capacity 6896K, committed 7040K, reserved 1056768K
  class space    used 586K, capacity 616K, committed 640K, reserved 1048576K
Event: 5.090 GC heap after
Heap after GC invocations=2 (full 0):
 PSYoungGen      total 18944K, used 2551K [0x00000000eab00000, 0x00000000ec000000, 0x0000000100000000)
  eden space 16384K, 0% used [0x00000000eab00000,0x00000000eab00000,0x00000000ebb00000)
  from space 2560K, 99% used [0x00000000ebd80000,0x00000000ebffdc88,0x00000000ec000000)
  to   space 2560K, 0% used [0x00000000ebb00000,0x00000000ebb00000,0x00000000ebd80000)
 ParOldGen       total 44032K, used 2242K [0x00000000c0000000, 0x00000000c2b00000, 0x00000000eab00000)
  object space 44032K, 5% used [0x00000000c0000000,0x00000000c02309e8,0x00000000c2b00000)
 Metaspace       used 5920K, capacity 6896K, committed 7040K, reserved 1056768K
  class space    used 586K, capacity 616K, committed 640K, reserved 1048576K
}

Deoptimization events (4 events):
Event: 4.031 Thread 0x0000000000f0e000 Uncommon trap: reason=unstable_if action=reinterpret pc=0x0000000002acadd4 method=java.lang.String.compareTo(Ljava/lang/String;)I @ 38
Event: 4.488 Thread 0x0000000016af4800 Uncommon trap: reason=unstable_if action=reinterpret pc=0x0000000002baa170 method=java.util.BitSet.nextSetBit(I)I @ 87
Event: 4.534 Thread 0x0000000016af3800 Uncommon trap: reason=unstable_if action=reinterpret pc=0x0000000002bb736c method=java.util.HashMap.getNode(ILjava/lang/Object;)Ljava/util/HashMap$Node; @ 129
Event: 4.873 Thread 0x0000000016af5000 Uncommon trap: reason=unstable_if action=reinterpret pc=0x0000000002cc6f5c method=com.android.dx.rop.cst.Constant.compareTo(Lcom/android/dx/rop/cst/Constant;)I @ 12

Internal exceptions (2 events):
Event: 1.302 Thread 0x0000000000f0e000 Exception <a 'java/lang/NoSuchMethodError': Method sun.misc.Unsafe.defineClass(Ljava/lang/String;[BII)Ljava/lang/Class; name or signature does not match> (0x00000000eab0d998) thrown at [C:\re\workspace\8-2-build-windows-amd64-cygwin\jdk8u51\3951\hotspot\sr¡»∑¬‘Ù?
Event: 1.302 Thread 0x0000000000f0e000 Exception <a 'java/lang/NoSuchMethodError': Method sun.misc.Unsafe.prefetchRead(Ljava/lang/Object;J)V name or signature does not match> (0x00000000eab0dc28) thrown at [C:\re\workspace\8-2-build-windows-amd64-cygwin\jdk8u51\3951\hotspot\src\share\vm\prims\j

Events (10 events):
Event: 5.466 loading class com/android/dx/dex/file/UniformListItem
Event: 5.466 loading class com/android/dx/dex/file/UniformListItem done
Event: 5.467 loading class com/android/dx/dex/file/AnnotationSetRefItem
Event: 5.467 loading class com/android/dx/dex/file/AnnotationSetRefItem done
Event: 5.488 loading class com/android/dx/cf/attrib/AttExceptions
Event: 5.488 loading class com/android/dx/cf/attrib/AttExceptions done
Event: 5.489 loading class com/android/dx/rop/code/RegisterSpec$1
Event: 5.489 loading class com/android/dx/rop/code/RegisterSpec$1 done
Event: 5.499 Thread 0x0000000016af3800 DEOPT PACKING pc=0x0000000002c81793 sp=0x000000001718ec00
Event: 5.499 Thread 0x0000000016af3800 DEOPT UNPACKING pc=0x00000000029a787f sp=0x000000001718e9c8 mode 0


Dynamic libraries:
0x00007ff6a3f20000 - 0x00007ff6a3f57000 	C:\Program Files\Java\jdk1.8.0_51\bin\java.exe
0x00007ffa6c320000 - 0x00007ffa6c4e1000 	C:\WINDOWS\SYSTEM32\ntdll.dll
0x00007ffa6a450000 - 0x00007ffa6a4fd000 	C:\WINDOWS\system32\KERNEL32.DLL
0x00007ffa689d0000 - 0x00007ffa68bb8000 	C:\WINDOWS\system32\KERNELBASE.dll
0x00007ffa69e90000 - 0x00007ffa69f37000 	C:\WINDOWS\system32\ADVAPI32.dll
0x00007ffa69df0000 - 0x00007ffa69e8d000 	C:\WINDOWS\system32\msvcrt.dll
0x00007ffa6a500000 - 0x00007ffa6a55b000 	C:\WINDOWS\system32\sechost.dll
0x00007ffa69f40000 - 0x00007ffa6a05c000 	C:\WINDOWS\system32\RPCRT4.dll
0x00007ffa6a2f0000 - 0x00007ffa6a446000 	C:\WINDOWS\system32\USER32.dll
0x00007ffa69880000 - 0x00007ffa69a06000 	C:\WINDOWS\system32\GDI32.dll
0x00007ffa5ccd0000 - 0x00007ffa5cf44000 	C:\WINDOWS\WinSxS\amd64_microsoft.windows.common-controls_6595b64144ccf1df_6.0.10586.494_none_a2d8b04ea53e3145\COMCTL32.dll
0x00007ffa6a060000 - 0x00007ffa6a2dd000 	C:\WINDOWS\system32\combase.dll
0x00007ffa694f0000 - 0x00007ffa6955a000 	C:\WINDOWS\system32\bcryptPrimitives.dll
0x00007ffa69a10000 - 0x00007ffa69a4b000 	C:\WINDOWS\system32\IMM32.DLL
0x0000000058730000 - 0x0000000058802000 	C:\Program Files\Java\jdk1.8.0_51\jre\bin\msvcr100.dll
0x00000000576c0000 - 0x0000000057f43000 	C:\Program Files\Java\jdk1.8.0_51\jre\bin\server\jvm.dll
0x00007ffa6c310000 - 0x00007ffa6c318000 	C:\WINDOWS\system32\PSAPI.DLL
0x00007ffa670a0000 - 0x00007ffa670a9000 	C:\WINDOWS\SYSTEM32\WSOCK32.dll
0x00007ffa6aac0000 - 0x00007ffa6ab2b000 	C:\WINDOWS\system32\WS2_32.dll
0x00007ffa66bc0000 - 0x00007ffa66be3000 	C:\WINDOWS\SYSTEM32\WINMM.dll
0x00007ffa63c50000 - 0x00007ffa63c5a000 	C:\WINDOWS\SYSTEM32\VERSION.dll
0x00007ffa66b10000 - 0x00007ffa66b3c000 	C:\WINDOWS\SYSTEM32\WINMMBASE.dll
0x00007ffa696d0000 - 0x00007ffa69713000 	C:\WINDOWS\system32\cfgmgr32.dll
0x0000000059250000 - 0x000000005925f000 	C:\Program Files\Java\jdk1.8.0_51\jre\bin\verify.dll
0x0000000059220000 - 0x0000000059249000 	C:\Program Files\Java\jdk1.8.0_51\jre\bin\java.dll
0x0000000059200000 - 0x0000000059216000 	C:\Program Files\Java\jdk1.8.0_51\jre\bin\zip.dll
0x00007ffa6adb0000 - 0x00007ffa6c30c000 	C:\WINDOWS\system32\SHELL32.dll
0x00007ffa68e10000 - 0x00007ffa69455000 	C:\WINDOWS\system32\windows.storage.dll
0x00007ffa69d90000 - 0x00007ffa69de2000 	C:\WINDOWS\system32\shlwapi.dll
0x00007ffa689c0000 - 0x00007ffa689cf000 	C:\WINDOWS\system32\kernel.appcore.dll
0x00007ffa69610000 - 0x00007ffa696c5000 	C:\WINDOWS\system32\shcore.dll
0x00007ffa68940000 - 0x00007ffa6898b000 	C:\WINDOWS\system32\powrprof.dll
0x00007ffa68990000 - 0x00007ffa689a4000 	C:\WINDOWS\system32\profapi.dll
0x00007ffa65db0000 - 0x00007ffa65f3c000 	C:\WINDOWS\SYSTEM32\dbghelp.dll

VM Arguments:
jvm_args: -Djava.awt.headless=true -Xmx1024M -Dfile.encoding=windows-1252 -Duser.country=IN -Duser.language=en -Duser.variant 
java_command: com.android.dx.command.Main --dex --num-threads=4 --output F:\STUDY\ANDROID\SAMPLES\TimeWork\app\build\intermediates\pre-dexed\debug\internal_impl-23.3.0_bf637d85cb1c740dad1493d76e06aca28f4add75.jar F:\STUDY\ANDROID\SAMPLES\TimeWork\app\build\intermediates\exploded-aar\com.android.support\support-v4\23.3.0\jars\libs\internal_impl-23.3.0.jar
java_class_path (initial): C:\Users\Ganesh Prasad\AppData\Local\Android\sdk\build-tools\23.0.3\lib\dx.jar
Launcher Type: SUN_STANDARD

Environment Variables:
JAVA_HOME=C:\Program Files\Java\jdk1.8.0_51
PATH=C:\ProgramData\Oracle\Java\javapath;C:\Program Files (x86)\Intel\iCLS Client\;C:\Program Files\Intel\iCLS Client\;C:\Program Files (x86)\AMD APP\bin\x86_64;C:\Program Files (x86)\AMD APP\bin\x86;C:\WINDOWS\system32;C:\WINDOWS;C:\WINDOWS\System32\Wbem;C:\WINDOWS\System32\WindowsPowerShell\v1.0\;C:\Program Files (x86)\ATI Technologies\ATI.ACE\Core-Static;C:\Program Files\Intel\Intel(R) Management Engine Components\DAL;C:\Program Files\Intel\Intel(R) Management Engine Components\IPT;C:\Program Files (x86)\Intel\Intel(R) Management Engine Components\DAL;C:\Program Files (x86)\Intel\Intel(R) Management Engine Components\IPT;\;C:\Program Files (x86)\Sony\VAIO Startup Setting Tool;C:\Program Files (x86)\Brackets\command;C:\Program Files (x86)\Java\jdk1.8.0_45\bin;C:\Program Files\nodejs\;C:\Users\Ganesh Prasad\AppData\Local\GitHub\PortableGit_c7e0cbde92ba565cb218a521411d0e854079a28c\bin;C:\Users\Ganesh Prasad\AppData\Local\GitHub\PortableGit_c7e0cbde92ba565cb218a521411d0e854079a28c\cmd;C:\Program Files (x86)\AMD\ATI.ACE\Core-Static;C:\Users\Ganesh Prasad\AppData\Local\Android\sdk\platform-tools;C:\Users\Ganesh Prasad\Anaconda2;C:\Users\Ganesh Prasad\Anaconda2\Scripts;C:\Users\Ganesh Prasad\Anaconda2\Library\bin;C:\Users\Ganesh Prasad\AppData\Roaming\npm
USERNAME=Ganesh Prasad
OS=Windows_NT
PROCESSOR_IDENTIFIER=Intel64 Family 6 Model 58 Stepping 9, GenuineIntel



---------------  S Y S T E M  ---------------

OS: Windows 10.0 , 64 bit Build 10586 (10.0.10586.0)

CPU:total 4 (2 cores per cpu, 2 threads per core) family 6 model 58 stepping 9, cmov, cx8, fxsr, mmx, sse, sse2, sse3, ssse3, sse4.1, sse4.2, popcnt, avx, clmul, erms, ht, tsc, tscinvbit, tscinv

Memory: 4k page, physical 4140316k(172376k free), swap 5574940k(20824k free)

vm_info: Java HotSpot(TM) 64-Bit Server VM (25.51-b03) for windows-amd64 JRE (1.8.0_51-b16), built on Jun  8 2015 18:03:07 by "java_re" with MS VC++ 10.0 (VS2010)

time: Sun Jul 17 14:34:31 2016
elapsed time: 6 seconds (0d 0h 0m 6s)

