#
# There is insufficient memory for the Java Runtime Environment to continue.
# Native memory allocation (malloc) failed to allocate 757616 bytes for Chunk::new
# Possible reasons:
#   The system is out of physical RAM or swap space
#   In 32 bit mode, the process size limit was hit
# Possible solutions:
#   Reduce memory load on the system
#   Increase physical memory or swap space
#   Check if swap backing store is full
#   Use 64 bit Java on a 64 bit OS
#   Decrease Java heap size (-Xmx/-Xms)
#   Decrease number of Java threads
#   Decrease Java thread stack sizes (-Xss)
#   Set larger code cache with -XX:ReservedCodeCacheSize=
# This output file may be truncated or incomplete.
#
#  Out of Memory Error (allocation.cpp:390), pid=120192, tid=176764
#
# JRE version: Java(TM) SE Runtime Environment (8.0_51-b16) (build 1.8.0_51-b16)
# Java VM: Java HotSpot(TM) 64-Bit Server VM (25.51-b03 mixed mode windows-amd64 compressed oops)
# Failed to write core dump. Minidumps are not enabled by default on client versions of Windows
#

---------------  T H R E A D  ---------------

Current thread (0x000000001508a000):  JavaThread "C2 CompilerThread0" daemon [_thread_in_native, id=176764, stack(0x0000000016600000,0x0000000016700000)]

Stack: [0x0000000016600000,0x0000000016700000]
Native frames: (J=compiled Java code, j=interpreted, Vv=VM code, C=native code)
V  [jvm.dll+0x32b4ca]


Current CompileTask:
C2:   4348 1259       4       com.android.dx.ssa.SCCP::simulateBranch (666 bytes)


---------------  P R O C E S S  ---------------

Java Threads: ( => current thread )
  0x0000000016a5d800 JavaThread "pool-2-thread-1" [_thread_blocked, id=176440, stack(0x0000000017000000,0x0000000017100000)]
  0x0000000016a5a000 JavaThread "pool-1-thread-1" [_thread_in_vm, id=178756, stack(0x0000000016f00000,0x0000000017000000)]
  0x0000000016906000 JavaThread "Service Thread" daemon [_thread_blocked, id=188204, stack(0x0000000016d00000,0x0000000016e00000)]
  0x00000000150ed000 JavaThread "C1 CompilerThread2" daemon [_thread_blocked, id=186780, stack(0x0000000016800000,0x0000000016900000)]
  0x00000000150e2000 JavaThread "C2 CompilerThread1" daemon [_thread_in_native, id=188696, stack(0x0000000016700000,0x0000000016800000)]
=>0x000000001508a000 JavaThread "C2 CompilerThread0" daemon [_thread_in_native, id=176764, stack(0x0000000016600000,0x0000000016700000)]
  0x0000000015088000 JavaThread "Attach Listener" daemon [_thread_blocked, id=188712, stack(0x0000000016500000,0x0000000016600000)]
  0x0000000015087000 JavaThread "Signal Dispatcher" daemon [_thread_blocked, id=188720, stack(0x0000000016400000,0x0000000016500000)]
  0x00000000029b1000 JavaThread "Finalizer" daemon [_thread_blocked, id=188604, stack(0x0000000016300000,0x0000000016400000)]
  0x0000000015059800 JavaThread "Reference Handler" daemon [_thread_blocked, id=189436, stack(0x0000000016200000,0x0000000016300000)]
  0x0000000000c4e000 JavaThread "main" [_thread_blocked, id=188444, stack(0x00000000026e0000,0x00000000027e0000)]

Other Threads:
  0x0000000015057000 VMThread [stack: 0x0000000016100000,0x0000000016200000] [id=187120]
  0x0000000016907800 WatcherThread [stack: 0x0000000016e00000,0x0000000016f00000] [id=188616]

VM state:not at safepoint (normal execution)

VM Mutex/Monitor currently owned by a thread: None

Heap:
 PSYoungGen      total 18944K, used 7100K [0x00000000eab00000, 0x00000000ec000000, 0x0000000100000000)
  eden space 16384K, 27% used [0x00000000eab00000,0x00000000eaf71898,0x00000000ebb00000)
  from space 2560K, 99% used [0x00000000ebd80000,0x00000000ebffd840,0x00000000ec000000)
  to   space 2560K, 0% used [0x00000000ebb00000,0x00000000ebb00000,0x00000000ebd80000)
 ParOldGen       total 44032K, used 3945K [0x00000000c0000000, 0x00000000c2b00000, 0x00000000eab00000)
  object space 44032K, 8% used [0x00000000c0000000,0x00000000c03da6d0,0x00000000c2b00000)
 Metaspace       used 5985K, capacity 6960K, committed 7040K, reserved 1056768K
  class space    used 594K, capacity 616K, committed 640K, reserved 1048576K

Card table byte_map: [0x0000000011d80000,0x0000000011f90000] byte_map_base: 0x0000000011780000

Marking Bits: (ParMarkBitMap*) 0x000000006d984040
 Begin Bits: [0x00000000124f0000, 0x00000000134f0000)
 End Bits:   [0x00000000134f0000, 0x00000000144f0000)

Polling page: 0x0000000000c30000

CodeCache: size=245760Kb used=5413Kb max_used=5413Kb free=240346Kb
 bounds [0x00000000029c0000, 0x0000000002f10000, 0x00000000119c0000]
 total_blobs=1570 nmethods=1301 adapters=182
 compilation: enabled

Compilation events (10 events):
Event: 4.239 Thread 0x00000000150ed000 1280       3       com.android.dx.rop.annotation.Annotations::size (8 bytes)
Event: 4.239 Thread 0x00000000150ed000 nmethod 1280 0x0000000002efb810 code [0x0000000002efb960, 0x0000000002efbaf0]
Event: 4.239 Thread 0x00000000150ed000 1285       1       com.android.dx.rop.code.LocalItem::getName (5 bytes)
Event: 4.239 Thread 0x00000000150ed000 nmethod 1285 0x0000000002ecadd0 code [0x0000000002ecaf20, 0x0000000002ecb030]
Event: 4.248 Thread 0x00000000150ed000 1287       3       com.android.dx.cf.direct.DirectClassFile::parseToEndIfNecessary (12 bytes)
Event: 4.248 Thread 0x00000000150ed000 nmethod 1287 0x0000000002efbb90 code [0x0000000002efbd00, 0x0000000002efbec8]
Event: 4.249 Thread 0x00000000150ed000 1289       3       com.android.dx.ssa.SCCP::replaceConstants (209 bytes)
Event: 4.251 Thread 0x00000000150ed000 nmethod 1289 0x0000000002efbf50 code [0x0000000002efc260, 0x0000000002efddb8]
Event: 4.251 Thread 0x00000000150ed000 1290       3       com.android.dx.util.Bits::isEmpty (26 bytes)
Event: 4.251 Thread 0x00000000150ed000 nmethod 1290 0x0000000002efecd0 code [0x0000000002efee40, 0x0000000002eff090]

GC Heap History (4 events):
Event: 2.357 GC heap before
{Heap before GC invocations=1 (full 0):
 PSYoungGen      total 18944K, used 16384K [0x00000000eab00000, 0x00000000ec000000, 0x0000000100000000)
  eden space 16384K, 100% used [0x00000000eab00000,0x00000000ebb00000,0x00000000ebb00000)
  from space 2560K, 0% used [0x00000000ebd80000,0x00000000ebd80000,0x00000000ec000000)
  to   space 2560K, 0% used [0x00000000ebb00000,0x00000000ebb00000,0x00000000ebd80000)
 ParOldGen       total 44032K, used 0K [0x00000000c0000000, 0x00000000c2b00000, 0x00000000eab00000)
  object space 44032K, 0% used [0x00000000c0000000,0x00000000c0000000,0x00000000c2b00000)
 Metaspace       used 5757K, capacity 6832K, committed 7040K, reserved 1056768K
  class space    used 591K, capacity 616K, committed 640K, reserved 1048576K
Event: 2.365 GC heap after
Heap after GC invocations=1 (full 0):
 PSYoungGen      total 18944K, used 2554K [0x00000000eab00000, 0x00000000ec000000, 0x0000000100000000)
  eden space 16384K, 0% used [0x00000000eab00000,0x00000000eab00000,0x00000000ebb00000)
  from space 2560K, 99% used [0x00000000ebb00000,0x00000000ebd7eab8,0x00000000ebd80000)
  to   space 2560K, 0% used [0x00000000ebd80000,0x00000000ebd80000,0x00000000ec000000)
 ParOldGen       total 44032K, used 1871K [0x00000000c0000000, 0x00000000c2b00000, 0x00000000eab00000)
  object space 44032K, 4% used [0x00000000c0000000,0x00000000c01d3c78,0x00000000c2b00000)
 Metaspace       used 5757K, capacity 6832K, committed 7040K, reserved 1056768K
  class space    used 591K, capacity 616K, committed 640K, reserved 1048576K
}
Event: 3.897 GC heap before
{Heap before GC invocations=2 (full 0):
 PSYoungGen      total 18944K, used 18938K [0x00000000eab00000, 0x00000000ec000000, 0x0000000100000000)
  eden space 16384K, 100% used [0x00000000eab00000,0x00000000ebb00000,0x00000000ebb00000)
  from space 2560K, 99% used [0x00000000ebb00000,0x00000000ebd7eab8,0x00000000ebd80000)
  to   space 2560K, 0% used [0x00000000ebd80000,0x00000000ebd80000,0x00000000ec000000)
 ParOldGen       total 44032K, used 1871K [0x00000000c0000000, 0x00000000c2b00000, 0x00000000eab00000)
  object space 44032K, 4% used [0x00000000c0000000,0x00000000c01d3c78,0x00000000c2b00000)
 Metaspace       used 5963K, capacity 6960K, committed 7040K, reserved 1056768K
  class space    used 594K, capacity 616K, committed 640K, reserved 1048576K
Event: 4.206 GC heap after
Heap after GC invocations=2 (full 0):
 PSYoungGen      total 18944K, used 2550K [0x00000000eab00000, 0x00000000ec000000, 0x0000000100000000)
  eden space 16384K, 0% used [0x00000000eab00000,0x00000000eab00000,0x00000000ebb00000)
  from space 2560K, 99% used [0x00000000ebd80000,0x00000000ebffd840,0x00000000ec000000)
  to   space 2560K, 0% used [0x00000000ebb00000,0x00000000ebb00000,0x00000000ebd80000)
 ParOldGen       total 44032K, used 3945K [0x00000000c0000000, 0x00000000c2b00000, 0x00000000eab00000)
  object space 44032K, 8% used [0x00000000c0000000,0x00000000c03da6d0,0x00000000c2b00000)
 Metaspace       used 5963K, capacity 6960K, committed 7040K, reserved 1056768K
  class space    used 594K, capacity 616K, committed 640K, reserved 1048576K
}

Deoptimization events (10 events):
Event: 3.384 Thread 0x0000000016b58000 Uncommon trap: reason=unstable_if action=reinterpret pc=0x0000000002c62d90 method=com.android.dx.rop.code.RegisterSpec.equals(ILcom/android/dx/rop/type/TypeBearer;Lcom/android/dx/rop/code/LocalItem;)Z @ 42
Event: 3.428 Thread 0x0000000016a5a000 Uncommon trap: reason=unstable_if action=reinterpret pc=0x0000000002db7d3c method=com.android.dx.util.IntList.binarysearch(I)I @ 105
Event: 3.435 Thread 0x0000000016b58000 Uncommon trap: reason=bimorphic action=maybe_recompile pc=0x0000000002e02d4c method=com.android.dx.cf.code.BytecodeArray.parseInstruction(ILcom/android/dx/cf/code/BytecodeArray$Visitor;)I @ 1035
Event: 3.435 Thread 0x0000000016b58000 Uncommon trap: reason=bimorphic action=maybe_recompile pc=0x0000000002e02dc8 method=com.android.dx.cf.code.BytecodeArray.parseInstruction(ILcom/android/dx/cf/code/BytecodeArray$Visitor;)I @ 1051
Event: 3.435 Thread 0x0000000016b58000 Uncommon trap: reason=bimorphic action=maybe_recompile pc=0x0000000002e02dc8 method=com.android.dx.cf.code.BytecodeArray.parseInstruction(ILcom/android/dx/cf/code/BytecodeArray$Visitor;)I @ 1051
Event: 3.435 Thread 0x0000000016b58000 Uncommon trap: reason=bimorphic action=maybe_recompile pc=0x0000000002e02d4c method=com.android.dx.cf.code.BytecodeArray.parseInstruction(ILcom/android/dx/cf/code/BytecodeArray$Visitor;)I @ 1035
Event: 3.449 Thread 0x0000000016a60800 Uncommon trap: reason=unstable_if action=reinterpret pc=0x0000000002d66dec method=com.android.dx.rop.code.RegisterSpecSet.put(Lcom/android/dx/rop/code/RegisterSpec;)V @ 77
Event: 3.449 Thread 0x0000000016a60800 Uncommon trap: reason=unstable_if action=reinterpret pc=0x0000000002d64cec method=com.android.dx.rop.code.RegisterSpecSet.put(Lcom/android/dx/rop/code/RegisterSpec;)V @ 77
Event: 3.892 Thread 0x0000000016a5a000 Uncommon trap: reason=bimorphic action=maybe_recompile pc=0x0000000002c99e14 method=java.util.HashMap.getNode(ILjava/lang/Object;)Ljava/util/HashMap$Node; @ 126
Event: 3.892 Thread 0x0000000016a5a000 Uncommon trap: reason=class_check action=maybe_recompile pc=0x0000000002ddc0d0 method=java.util.HashMap.putVal(ILjava/lang/Object;Ljava/lang/Object;ZZ)Ljava/lang/Object; @ 203

Internal exceptions (3 events):
Event: 0.086 Thread 0x0000000000c4e000 Exception <a 'java/lang/NoSuchMethodError': Method sun.misc.Unsafe.defineClass(Ljava/lang/String;[BII)Ljava/lang/Class; name or signature does not match> (0x00000000eab0daa0) thrown at [C:\re\workspace\8-2-build-windows-amd64-cygwin\jdk8u51\3951\hotspot\srÌÉ>JÏµ?
Event: 0.086 Thread 0x0000000000c4e000 Exception <a 'java/lang/NoSuchMethodError': Method sun.misc.Unsafe.prefetchRead(Ljava/lang/Object;J)V name or signature does not match> (0x00000000eab0dd30) thrown at [C:\re\workspace\8-2-build-windows-amd64-cygwin\jdk8u51\3951\hotspot\src\share\vm\prims\jæhÿw*
@
Event: 3.271 Thread 0x0000000016b58000 Implicit null exception at 0x0000000002ce2ba2 to 0x0000000002ce2c92

Events (10 events):
Event: 3.476 Thread 0x0000000016b54800 Thread exited: 0x0000000016b54800
Event: 3.892 Thread 0x0000000016a5a000 Uncommon trap: trap_request=0xffffffc6 fr.pc=0x0000000002c99e14
Event: 3.892 Thread 0x0000000016a5a000 DEOPT PACKING pc=0x0000000002c99e14 sp=0x0000000016ffeb00
Event: 3.892 Thread 0x0000000016a5a000 DEOPT UNPACKING pc=0x0000000002a0582a sp=0x0000000016ffea80 mode 2
Event: 3.892 Thread 0x0000000016a5a000 Uncommon trap: trap_request=0xffffffde fr.pc=0x0000000002ddc0d0
Event: 3.892 Thread 0x0000000016a5a000 DEOPT PACKING pc=0x0000000002ddc0d0 sp=0x0000000016ffead0
Event: 3.892 Thread 0x0000000016a5a000 DEOPT UNPACKING pc=0x0000000002a0582a sp=0x0000000016ffea58 mode 2
Event: 3.897 Executing VM operation: ParallelGCFailedAllocation
Event: 4.206 Executing VM operation: ParallelGCFailedAllocation done
Event: 4.249 Thread 0x0000000016b58000 Thread exited: 0x0000000016b58000


Dynamic libraries:
0x00007ff75fa10000 - 0x00007ff75fa47000 	C:\Program Files\Java\jdk1.8.0_51\bin\java.exe
0x00007ff839280000 - 0x00007ff839451000 	C:\WINDOWS\SYSTEM32\ntdll.dll
0x00007ff8369e0000 - 0x00007ff836a8b000 	C:\WINDOWS\System32\KERNEL32.DLL
0x00007ff8365f0000 - 0x00007ff83680d000 	C:\WINDOWS\System32\KERNELBASE.dll
0x00007ff836cb0000 - 0x00007ff836d52000 	C:\WINDOWS\System32\ADVAPI32.dll
0x00007ff837050000 - 0x00007ff8370ee000 	C:\WINDOWS\System32\msvcrt.dll
0x00007ff836d60000 - 0x00007ff836db9000 	C:\WINDOWS\System32\sechost.dll
0x00007ff8368a0000 - 0x00007ff8369c1000 	C:\WINDOWS\System32\RPCRT4.dll
0x00007ff836e80000 - 0x00007ff836fe5000 	C:\WINDOWS\System32\USER32.dll
0x00007ff835d20000 - 0x00007ff835d3e000 	C:\WINDOWS\System32\win32u.dll
0x00007ff838d10000 - 0x00007ff838d44000 	C:\WINDOWS\System32\GDI32.dll
0x00007ff835b90000 - 0x00007ff835d12000 	C:\WINDOWS\System32\gdi32full.dll
0x00007ff82fc30000 - 0x00007ff82fea9000 	C:\WINDOWS\WinSxS\amd64_microsoft.windows.common-controls_6595b64144ccf1df_6.0.14393.447_none_42191651c6827bb3\COMCTL32.dll
0x00007ff8389a0000 - 0x00007ff838c68000 	C:\WINDOWS\System32\combase.dll
0x00007ff8359e0000 - 0x00007ff835ad5000 	C:\WINDOWS\System32\ucrtbase.dll
0x00007ff8358c0000 - 0x00007ff83592a000 	C:\WINDOWS\System32\bcryptPrimitives.dll
0x00007ff838dc0000 - 0x00007ff838dee000 	C:\WINDOWS\System32\IMM32.DLL
0x000000006da10000 - 0x000000006dae2000 	C:\Program Files\Java\jdk1.8.0_51\jre\bin\msvcr100.dll
0x000000006d180000 - 0x000000006da03000 	C:\Program Files\Java\jdk1.8.0_51\jre\bin\server\jvm.dll
0x00007ff8369d0000 - 0x00007ff8369d8000 	C:\WINDOWS\System32\PSAPI.DLL
0x00007ff82faf0000 - 0x00007ff82faf9000 	C:\WINDOWS\SYSTEM32\WSOCK32.dll
0x00007ff836c40000 - 0x00007ff836caa000 	C:\WINDOWS\System32\WS2_32.dll
0x00007ff833c20000 - 0x00007ff833c43000 	C:\WINDOWS\SYSTEM32\WINMM.dll
0x00007ff831320000 - 0x00007ff83132a000 	C:\WINDOWS\SYSTEM32\VERSION.dll
0x00007ff833bc0000 - 0x00007ff833beb000 	C:\WINDOWS\SYSTEM32\WINMMBASE.dll
0x00007ff835ae0000 - 0x00007ff835b22000 	C:\WINDOWS\System32\cfgmgr32.dll
0x000000006e640000 - 0x000000006e64f000 	C:\Program Files\Java\jdk1.8.0_51\jre\bin\verify.dll
0x000000006e610000 - 0x000000006e639000 	C:\Program Files\Java\jdk1.8.0_51\jre\bin\java.dll
0x000000006e5f0000 - 0x000000006e606000 	C:\Program Files\Java\jdk1.8.0_51\jre\bin\zip.dll
0x00007ff8371f0000 - 0x00007ff8386f9000 	C:\WINDOWS\System32\SHELL32.dll
0x00007ff835d40000 - 0x00007ff83641a000 	C:\WINDOWS\System32\windows.storage.dll
0x00007ff8356f0000 - 0x00007ff83573c000 	C:\WINDOWS\System32\powrprof.dll
0x00007ff836830000 - 0x00007ff836882000 	C:\WINDOWS\System32\shlwapi.dll
0x00007ff8356e0000 - 0x00007ff8356ef000 	C:\WINDOWS\System32\kernel.appcore.dll
0x00007ff835810000 - 0x00007ff8358b9000 	C:\WINDOWS\System32\shcore.dll
0x00007ff835740000 - 0x00007ff835754000 	C:\WINDOWS\System32\profapi.dll

VM Arguments:
jvm_args: -Djava.awt.headless=true -Xmx1024M -Dfile.encoding=windows-1252 -Duser.country=IN -Duser.language=en -Duser.variant 
java_command: com.android.dx.command.Main --dex --num-threads=4 --output F:\Android_Projects\Mine\TimeWork\app\build\intermediates\pre-dexed\debug\com.android.support-support-vector-drawable-23.3.0_3083617a3c47cd4bd710bfa4aaec1c864f3880b8.jar F:\Android_Projects\Mine\TimeWork\app\build\intermediates\exploded-aar\com.android.support\support-vector-drawable\23.3.0\jars\classes.jar
java_class_path (initial): C:\Users\Ganesh Prasad\AppData\Local\Android\sdk\build-tools\23.0.3\lib\dx.jar
Launcher Type: SUN_STANDARD

Environment Variables:
JAVA_HOME=C:\Program Files\Java\jdk1.8.0_51
PATH=C:\tools\ruby23\bin;C:\ProgramData\Oracle\Java\javapath;C:\Program Files (x86)\Intel\iCLS Client\;C:\Program Files\Intel\iCLS Client\;C:\Program Files (x86)\AMD APP\bin\x86_64;C:\Program Files (x86)\AMD APP\bin\x86;C:\WINDOWS\system32;C:\WINDOWS;C:\WINDOWS\System32\Wbem;C:\WINDOWS\System32\WindowsPowerShell\v1.0\;C:\Program Files (x86)\ATI Technologies\ATI.ACE\Core-Static;C:\Program Files\Intel\Intel(R) Management Engine Components\DAL;C:\Program Files\Intel\Intel(R) Management Engine Components\IPT;C:\Program Files (x86)\Intel\Intel(R) Management Engine Components\DAL;C:\Program Files (x86)\Intel\Intel(R) Management Engine Components\IPT;\;C:\Program Files (x86)\Sony\VAIO Startup Setting Tool;C:\Program Files (x86)\Java\jdk1.8.0_45\bin;C:\Program Files\nodejs\;C:\Users\Ganesh Prasad\AppData\Local\GitHub\PortableGit_c7e0cbde92ba565cb218a521411d0e854079a28c\bin;C:\Users\Ganesh Prasad\AppData\Local\GitHub\PortableGit_c7e0cbde92ba565cb218a521411d0e854079a28c\cmd;C:\Program Files (x86)\AMD\ATI.ACE\Core-Static;C:\Users\Ganesh Prasad\AppData\Local\Android\sdk\platform-tools;C:\Program Files (x86)\Brackets\command;C:\ProgramData\chocolatey\bin;C:\Users\Ganesh Prasad\Anaconda2;C:\Users\Ganesh Prasad\Anaconda2\Scripts;C:\Users\Ganesh Prasad\Anaconda2\Library\bin;C:\Users\Ganesh Prasad\AppData\Roaming\npm;C:\Users\Ganesh Prasad\AppData\Local\Microsoft\WindowsApps;
USERNAME=Ganesh Prasad
OS=Windows_NT
PROCESSOR_IDENTIFIER=Intel64 Family 6 Model 58 Stepping 9, GenuineIntel



---------------  S Y S T E M  ---------------

OS: Windows 10.0 , 64 bit Build 14393 (10.0.14393.0)

CPU:total 4 (2 cores per cpu, 2 threads per core) family 6 model 58 stepping 9, cmov, cx8, fxsr, mmx, sse, sse2, sse3, ssse3, sse4.1, sse4.2, popcnt, avx, clmul, erms, ht, tsc, tscinvbit, tscinv

Memory: 4k page, physical 4140316k(203592k free), swap 5574940k(3292k free)

vm_info: Java HotSpot(TM) 64-Bit Server VM (25.51-b03) for windows-amd64 JRE (1.8.0_51-b16), built on Jun  8 2015 18:03:07 by "java_re" with MS VC++ 10.0 (VS2010)

time: Wed Feb 15 17:46:25 2017
elapsed time: 4 seconds (0d 0h 0m 4s)

