#
# There is insufficient memory for the Java Runtime Environment to continue.
# Native memory allocation (malloc) failed to allocate 1048576 bytes for AllocateHeap
# Possible reasons:
#   The system is out of physical RAM or swap space
#   In 32 bit mode, the process size limit was hit
# Possible solutions:
#   Reduce memory load on the system
#   Increase physical memory or swap space
#   Check if swap backing store is full
#   Use 64 bit Java on a 64 bit OS
#   Decrease Java heap size (-Xmx/-Xms)
#   Decrease number of Java threads
#   Decrease Java thread stack sizes (-Xss)
#   Set larger code cache with -XX:ReservedCodeCacheSize=
# This output file may be truncated or incomplete.
#
#  Out of Memory Error (memory/allocation.inline.hpp:61), pid=135244, tid=135332
#
# JRE version:  (8.0_51-b16) (build )
# Java VM: Java HotSpot(TM) 64-Bit Server VM (25.51-b03 mixed mode windows-amd64 compressed oops)
# Failed to write core dump. Minidumps are not enabled by default on client versions of Windows
#

---------------  T H R E A D  ---------------

Current thread (0x00000000030ee000):  JavaThread "Unknown thread" [_thread_in_vm, id=135332, stack(0x0000000002f90000,0x0000000003090000)]

Stack: [0x0000000002f90000,0x0000000003090000]
Native frames: (J=compiled Java code, j=interpreted, Vv=VM code, C=native code)
V  [jvm.dll+0x32b4ca]


---------------  P R O C E S S  ---------------

Java Threads: ( => current thread )

Other Threads:

=>0x00000000030ee000 (exited) JavaThread "Unknown thread" [_thread_in_vm, id=135332, stack(0x0000000002f90000,0x0000000003090000)]

VM state:not at safepoint (normal execution)

VM Mutex/Monitor currently owned by a thread: None

Heap:
 PSYoungGen      total 18944K, used 327K [0x00000000eab00000, 0x00000000ec000000, 0x0000000100000000)
  eden space 16384K, 2% used [0x00000000eab00000,0x00000000eab51ec8,0x00000000ebb00000)
  from space 2560K, 0% used [0x00000000ebd80000,0x00000000ebd80000,0x00000000ec000000)
  to   space 2560K, 0% used [0x00000000ebb00000,0x00000000ebb00000,0x00000000ebd80000)
 ParOldGen       total 44032K, used 0K [0x00000000c0000000, 0x00000000c2b00000, 0x00000000eab00000)
  object space 44032K, 0% used [0x00000000c0000000,0x00000000c0000000,0x00000000c2b00000)
 Metaspace       used 766K, capacity 4480K, committed 4480K, reserved 1056768K
  class space    used 75K, capacity 384K, committed 384K, reserved 1048576K

Card table byte_map: [0x00000000125b0000,0x00000000127c0000] byte_map_base: 0x0000000011fb0000

Marking Bits: (ParMarkBitMap*) 0x0000000057c84040
 Begin Bits: [0x0000000012d20000, 0x0000000013d20000)
 End Bits:   [0x0000000013d20000, 0x0000000014d20000)

Polling page: 0x0000000001410000

CodeCache: size=245760Kb used=328Kb max_used=328Kb free=245431Kb
 bounds [0x00000000031f0000, 0x0000000003460000, 0x00000000121f0000]
 total_blobs=57 nmethods=0 adapters=37
 compilation: enabled

Compilation events (0 events):
No events

GC Heap History (0 events):
No events

Deoptimization events (0 events):
No events

Internal exceptions (0 events):
No events

Events (10 events):
Event: 0.947 loading class java/lang/Short
Event: 0.947 loading class java/lang/Short done
Event: 0.947 loading class java/lang/Integer
Event: 0.947 loading class java/lang/Integer done
Event: 0.947 loading class java/lang/Long
Event: 0.948 loading class java/lang/Long done
Event: 1.093 loading class java/lang/NullPointerException
Event: 1.093 loading class java/lang/NullPointerException done
Event: 1.093 loading class java/lang/ArithmeticException
Event: 1.093 loading class java/lang/ArithmeticException done


Dynamic libraries:
0x00007ff6f9dd0000 - 0x00007ff6f9e07000 	C:\Program Files\Java\jdk1.8.0_51\bin\java.exe
0x00007fffd8be0000 - 0x00007fffd8da1000 	C:\WINDOWS\SYSTEM32\ntdll.dll
0x00007fffd6330000 - 0x00007fffd63dd000 	C:\WINDOWS\system32\KERNEL32.DLL
0x00007fffd53c0000 - 0x00007fffd55a8000 	C:\WINDOWS\system32\KERNELBASE.dll
0x00007fffd69a0000 - 0x00007fffd6a47000 	C:\WINDOWS\system32\ADVAPI32.dll
0x00007fffd6780000 - 0x00007fffd681d000 	C:\WINDOWS\system32\msvcrt.dll
0x00007fffd6cb0000 - 0x00007fffd6d0b000 	C:\WINDOWS\system32\sechost.dll
0x00007fffd6420000 - 0x00007fffd653c000 	C:\WINDOWS\system32\RPCRT4.dll
0x00007fffd7200000 - 0x00007fffd7356000 	C:\WINDOWS\system32\USER32.dll
0x00007fffd6a50000 - 0x00007fffd6bd6000 	C:\WINDOWS\system32\GDI32.dll
0x00007fffc88f0000 - 0x00007fffc8b64000 	C:\WINDOWS\WinSxS\amd64_microsoft.windows.common-controls_6595b64144ccf1df_6.0.10586.0_none_8c15ae12515e1c22\COMCTL32.dll
0x00007fffd60a0000 - 0x00007fffd631d000 	C:\WINDOWS\system32\combase.dll
0x00007fffd5f70000 - 0x00007fffd5fda000 	C:\WINDOWS\system32\bcryptPrimitives.dll
0x00007fffd63e0000 - 0x00007fffd641b000 	C:\WINDOWS\system32\IMM32.DLL
0x0000000057060000 - 0x0000000057132000 	C:\Program Files\Java\jdk1.8.0_51\jre\bin\msvcr100.dll
0x0000000057480000 - 0x0000000057d03000 	C:\Program Files\Java\jdk1.8.0_51\jre\bin\server\jvm.dll
0x00007fffd6820000 - 0x00007fffd6828000 	C:\WINDOWS\system32\PSAPI.DLL
0x00007fffd24c0000 - 0x00007fffd24c9000 	C:\WINDOWS\SYSTEM32\WSOCK32.dll
0x00007fffd6710000 - 0x00007fffd677b000 	C:\WINDOWS\system32\WS2_32.dll
0x00007fffd32e0000 - 0x00007fffd3303000 	C:\WINDOWS\SYSTEM32\WINMM.dll
0x00007fffd0c80000 - 0x00007fffd0c8a000 	C:\WINDOWS\SYSTEM32\VERSION.dll
0x00007fffd32b0000 - 0x00007fffd32dc000 	C:\WINDOWS\SYSTEM32\WINMMBASE.dll
0x00007fffd5290000 - 0x00007fffd52d3000 	C:\WINDOWS\system32\cfgmgr32.dll
0x0000000058450000 - 0x000000005845f000 	C:\Program Files\Java\jdk1.8.0_51\jre\bin\verify.dll
0x0000000058420000 - 0x0000000058449000 	C:\Program Files\Java\jdk1.8.0_51\jre\bin\java.dll
0x0000000058400000 - 0x0000000058416000 	C:\Program Files\Java\jdk1.8.0_51\jre\bin\zip.dll
0x00007fffc6b80000 - 0x00007fffc6d0c000 	C:\WINDOWS\SYSTEM32\dbghelp.dll

VM Arguments:
jvm_args: -Djava.awt.headless=true -Xmx1024M -Dfile.encoding=windows-1252 -Duser.country=IN -Duser.language=en -Duser.variant 
java_command: com.android.dx.command.Main --dex --force-jumbo --num-threads=4 --multi-dex --output F:\STUDY\ANDROID\SAMPLES\TimeWork\app\build\intermediates\transforms\dex\debug\folders\1000\10\com.android.support-animated-vector-drawable-23.3.0_48df5d499349dfa58f0f9bd682ce35bf794d3b1e F:\STUDY\ANDROID\SAMPLES\TimeWork\app\build\intermediates\exploded-aar\com.android.support\animated-vector-drawable\23.3.0\jars\classes.jar
java_class_path (initial): C:\Users\Ganesh Prasad\AppData\Local\Android\sdk\build-tools\23.0.3\lib\dx.jar
Launcher Type: SUN_STANDARD

Environment Variables:
JAVA_HOME=C:\Program Files\Java\jdk1.8.0_51
PATH=C:\ProgramData\Oracle\Java\javapath;C:\Program Files (x86)\Intel\iCLS Client\;C:\Program Files\Intel\iCLS Client\;C:\Program Files (x86)\AMD APP\bin\x86_64;C:\Program Files (x86)\AMD APP\bin\x86;C:\WINDOWS\system32;C:\WINDOWS;C:\WINDOWS\System32\Wbem;C:\WINDOWS\System32\WindowsPowerShell\v1.0\;C:\Program Files (x86)\ATI Technologies\ATI.ACE\Core-Static;C:\Program Files\Intel\Intel(R) Management Engine Components\DAL;C:\Program Files\Intel\Intel(R) Management Engine Components\IPT;C:\Program Files (x86)\Intel\Intel(R) Management Engine Components\DAL;C:\Program Files (x86)\Intel\Intel(R) Management Engine Components\IPT;\;C:\Program Files (x86)\Sony\VAIO Startup Setting Tool;C:\Program Files (x86)\Brackets\command;C:\Program Files (x86)\Java\jdk1.8.0_45\bin;C:\Program Files\nodejs\;C:\Users\Ganesh Prasad\AppData\Local\GitHub\PortableGit_c7e0cbde92ba565cb218a521411d0e854079a28c\bin;C:\Users\Ganesh Prasad\AppData\Local\GitHub\PortableGit_c7e0cbde92ba565cb218a521411d0e854079a28c\cmd;C:\Program Files (x86)\AMD\ATI.ACE\Core-Static;C:\Users\Ganesh Prasad\AppData\Local\Android\sdk\platform-tools;C:\Users\Ganesh Prasad\Anaconda2;C:\Users\Ganesh Prasad\Anaconda2\Scripts;C:\Users\Ganesh Prasad\Anaconda2\Library\bin;C:\Users\Ganesh Prasad\AppData\Roaming\npm
USERNAME=Ganesh Prasad
OS=Windows_NT
PROCESSOR_IDENTIFIER=Intel64 Family 6 Model 58 Stepping 9, GenuineIntel



---------------  S Y S T E M  ---------------

OS: Windows 10.0 , 64 bit Build 10586 (10.0.10586.0)

CPU:total 4 (2 cores per cpu, 2 threads per core) family 6 model 58 stepping 9, cmov, cx8, fxsr, mmx, sse, sse2, sse3, ssse3, sse4.1, sse4.2, popcnt, avx, clmul, erms, ht, tsc, tscinvbit, tscinv

Memory: 4k page, physical 4140316k(265792k free), swap 5574940k(1204k free)

vm_info: Java HotSpot(TM) 64-Bit Server VM (25.51-b03) for windows-amd64 JRE (1.8.0_51-b16), built on Jun  8 2015 18:03:07 by "java_re" with MS VC++ 10.0 (VS2010)

time: Tue Jul 12 13:20:38 2016
elapsed time: 1 seconds (0d 0h 0m 1s)

