#
# There is insufficient memory for the Java Runtime Environment to continue.
# Native memory allocation (malloc) failed to allocate 1666576 bytes for Chunk::new
# Possible reasons:
#   The system is out of physical RAM or swap space
#   In 32 bit mode, the process size limit was hit
# Possible solutions:
#   Reduce memory load on the system
#   Increase physical memory or swap space
#   Check if swap backing store is full
#   Use 64 bit Java on a 64 bit OS
#   Decrease Java heap size (-Xmx/-Xms)
#   Decrease number of Java threads
#   Decrease Java thread stack sizes (-Xss)
#   Set larger code cache with -XX:ReservedCodeCacheSize=
# This output file may be truncated or incomplete.
#
#  Out of Memory Error (allocation.cpp:390), pid=207828, tid=204108
#
# JRE version: Java(TM) SE Runtime Environment (8.0_51-b16) (build 1.8.0_51-b16)
# Java VM: Java HotSpot(TM) 64-Bit Server VM (25.51-b03 mixed mode windows-amd64 compressed oops)
# Failed to write core dump. Minidumps are not enabled by default on client versions of Windows
#

---------------  T H R E A D  ---------------

Current thread (0x0000000015760800):  JavaThread "C2 CompilerThread1" daemon [_thread_in_native, id=204108, stack(0x0000000016dc0000,0x0000000016ec0000)]

Stack: [0x0000000016dc0000,0x0000000016ec0000]
Native frames: (J=compiled Java code, j=interpreted, Vv=VM code, C=native code)
V  [jvm.dll+0x32b4ca]
V  [jvm.dll+0x2797e3]
V  [jvm.dll+0x27a479]
V  [jvm.dll+0x271765]
V  [jvm.dll+0xcba02]
V  [jvm.dll+0xcbecc]
V  [jvm.dll+0x476f72]
V  [jvm.dll+0x4b95ff]
V  [jvm.dll+0x46bca4]
V  [jvm.dll+0x46cd4e]
V  [jvm.dll+0x4501a2]
V  [jvm.dll+0xa43a2]
V  [jvm.dll+0xa4cdf]
V  [jvm.dll+0x2418a4]
V  [jvm.dll+0x29846a]
C  [msvcr100.dll+0x21d9f]
C  [msvcr100.dll+0x21e3b]
C  [KERNEL32.DLL+0x18102]
C  [ntdll.dll+0x5c5b4]


Current CompileTask:
C2:  13236 1771       4       com.android.dx.rop.code.Rops::ropFor (771 bytes)


---------------  P R O C E S S  ---------------

Java Threads: ( => current thread )
  0x00000000172dc000 JavaThread "pool-1-thread-4" [_thread_blocked, id=204992, stack(0x00000000179c0000,0x0000000017ac0000)]
  0x00000000172da800 JavaThread "pool-1-thread-3" [_thread_blocked, id=207016, stack(0x00000000178c0000,0x00000000179c0000)]
  0x0000000017265000 JavaThread "pool-1-thread-2" [_thread_in_Java, id=207036, stack(0x00000000177c0000,0x00000000178c0000)]
  0x0000000017260800 JavaThread "pool-2-thread-1" [_thread_blocked, id=205992, stack(0x00000000176c0000,0x00000000177c0000)]
  0x000000001723e000 JavaThread "pool-1-thread-1" [_thread_blocked, id=206644, stack(0x00000000175c0000,0x00000000176c0000)]
  0x00000000157be800 JavaThread "Service Thread" daemon [_thread_blocked, id=180268, stack(0x00000000173c0000,0x00000000174c0000)]
  0x00000000157b9800 JavaThread "C1 CompilerThread2" daemon [_thread_blocked, id=206456, stack(0x0000000016ec0000,0x0000000016fc0000)]
=>0x0000000015760800 JavaThread "C2 CompilerThread1" daemon [_thread_in_native, id=204108, stack(0x0000000016dc0000,0x0000000016ec0000)]
  0x000000001575a800 JavaThread "C2 CompilerThread0" daemon [_thread_in_native, id=201304, stack(0x0000000016cc0000,0x0000000016dc0000)]
  0x0000000015758800 JavaThread "Attach Listener" daemon [_thread_blocked, id=205788, stack(0x0000000016bc0000,0x0000000016cc0000)]
  0x0000000015757000 JavaThread "Signal Dispatcher" daemon [_thread_blocked, id=206172, stack(0x0000000016ac0000,0x0000000016bc0000)]
  0x0000000003081000 JavaThread "Finalizer" daemon [_thread_blocked, id=206012, stack(0x00000000169c0000,0x0000000016ac0000)]
  0x0000000015729800 JavaThread "Reference Handler" daemon [_thread_blocked, id=179240, stack(0x00000000168c0000,0x00000000169c0000)]
  0x0000000002e8e000 JavaThread "main" [_thread_in_Java, id=206736, stack(0x0000000002e90000,0x0000000002f90000)]

Other Threads:
  0x0000000015727000 VMThread [stack: 0x00000000167c0000,0x00000000168c0000] [id=207132]
  0x0000000016fd3800 WatcherThread [stack: 0x00000000174c0000,0x00000000175c0000] [id=206852]

VM state:not at safepoint (normal execution)

VM Mutex/Monitor currently owned by a thread: None

Heap:
 PSYoungGen      total 68096K, used 26950K [0x00000000eab00000, 0x00000000ef000000, 0x0000000100000000)
  eden space 65536K, 37% used [0x00000000eab00000,0x00000000ec2d7b68,0x00000000eeb00000)
  from space 2560K, 99% used [0x00000000eed80000,0x00000000eeffa030,0x00000000ef000000)
  to   space 2560K, 0% used [0x00000000eeb00000,0x00000000eeb00000,0x00000000eed80000)
 ParOldGen       total 44032K, used 14454K [0x00000000c0000000, 0x00000000c2b00000, 0x00000000eab00000)
  object space 44032K, 32% used [0x00000000c0000000,0x00000000c0e1d9b8,0x00000000c2b00000)
 Metaspace       used 6258K, capacity 7128K, committed 7424K, reserved 1056768K
  class space    used 614K, capacity 656K, committed 768K, reserved 1048576K

Card table byte_map: [0x0000000012450000,0x0000000012660000] byte_map_base: 0x0000000011e50000

Marking Bits: (ParMarkBitMap*) 0x0000000057ec4040
 Begin Bits: [0x0000000012bc0000, 0x0000000013bc0000)
 End Bits:   [0x0000000013bc0000, 0x0000000014bc0000)

Polling page: 0x0000000002dd0000

CodeCache: size=245760Kb used=8114Kb max_used=8114Kb free=237645Kb
 bounds [0x0000000003090000, 0x0000000003890000, 0x0000000012090000]
 total_blobs=2020 nmethods=1751 adapters=182
 compilation: enabled

Compilation events (10 events):
Event: 12.836 Thread 0x000000001575a800 1776       4       com.android.dx.ssa.SsaInsn::<init> (29 bytes)
Event: 12.837 Thread 0x000000001575a800 nmethod 1776 0x0000000003792450 code [0x0000000003792580, 0x0000000003792618]
Event: 12.837 Thread 0x000000001575a800 1783       4       com.android.dx.ssa.back.SsaToRop::convertBasicBlock (126 bytes)
Event: 12.879 Thread 0x000000001575a800 nmethod 1783 0x000000000384d990 code [0x000000000384dba0, 0x000000000384ec48]
Event: 12.879 Thread 0x000000001575a800 1780       4       java.util.TreeMap$PrivateEntryIterator::hasNext (13 bytes)
Event: 12.880 Thread 0x000000001575a800 nmethod 1780 0x0000000003729d90 code [0x0000000003729ec0, 0x0000000003729f38]
Event: 12.889 Thread 0x000000001575a800 1795       4       com.android.dx.cf.code.OneLocalsArray::get (20 bytes)
Event: 12.890 Thread 0x000000001575a800 nmethod 1795 0x00000000037dbf10 code [0x00000000037dc040, 0x00000000037dc0f8]
Event: 12.903 Thread 0x000000001575a800 1796       4       com.android.dx.cf.code.Merger::mergeType (142 bytes)
Event: 12.909 Thread 0x000000001575a800 nmethod 1796 0x000000000384b9d0 code [0x000000000384bb80, 0x000000000384bfa0]

GC Heap History (8 events):
Event: 1.353 GC heap before
{Heap before GC invocations=1 (full 0):
 PSYoungGen      total 18944K, used 16384K [0x00000000eab00000, 0x00000000ec000000, 0x0000000100000000)
  eden space 16384K, 100% used [0x00000000eab00000,0x00000000ebb00000,0x00000000ebb00000)
  from space 2560K, 0% used [0x00000000ebd80000,0x00000000ebd80000,0x00000000ec000000)
  to   space 2560K, 0% used [0x00000000ebb00000,0x00000000ebb00000,0x00000000ebd80000)
 ParOldGen       total 44032K, used 0K [0x00000000c0000000, 0x00000000c2b00000, 0x00000000eab00000)
  object space 44032K, 0% used [0x00000000c0000000,0x00000000c0000000,0x00000000c2b00000)
 Metaspace       used 5672K, capacity 6704K, committed 6784K, reserved 1056768K
  class space    used 588K, capacity 616K, committed 640K, reserved 1048576K
Event: 1.658 GC heap after
Heap after GC invocations=1 (full 0):
 PSYoungGen      total 18944K, used 2554K [0x00000000eab00000, 0x00000000ed000000, 0x0000000100000000)
  eden space 16384K, 0% used [0x00000000eab00000,0x00000000eab00000,0x00000000ebb00000)
  from space 2560K, 99% used [0x00000000ebb00000,0x00000000ebd7ea98,0x00000000ebd80000)
  to   space 2560K, 0% used [0x00000000ecd80000,0x00000000ecd80000,0x00000000ed000000)
 ParOldGen       total 44032K, used 1324K [0x00000000c0000000, 0x00000000c2b00000, 0x00000000eab00000)
  object space 44032K, 3% used [0x00000000c0000000,0x00000000c014b138,0x00000000c2b00000)
 Metaspace       used 5672K, capacity 6704K, committed 6784K, reserved 1056768K
  class space    used 588K, capacity 616K, committed 640K, reserved 1048576K
}
Event: 3.328 GC heap before
{Heap before GC invocations=2 (full 0):
 PSYoungGen      total 18944K, used 18938K [0x00000000eab00000, 0x00000000ed000000, 0x0000000100000000)
  eden space 16384K, 100% used [0x00000000eab00000,0x00000000ebb00000,0x00000000ebb00000)
  from space 2560K, 99% used [0x00000000ebb00000,0x00000000ebd7ea98,0x00000000ebd80000)
  to   space 2560K, 0% used [0x00000000ecd80000,0x00000000ecd80000,0x00000000ed000000)
 ParOldGen       total 44032K, used 1324K [0x00000000c0000000, 0x00000000c2b00000, 0x00000000eab00000)
  object space 44032K, 3% used [0x00000000c0000000,0x00000000c014b138,0x00000000c2b00000)
 Metaspace       used 5974K, capacity 6960K, committed 7040K, reserved 1056768K
  class space    used 589K, capacity 616K, committed 640K, reserved 1048576K
Event: 3.660 GC heap after
Heap after GC invocations=2 (full 0):
 PSYoungGen      total 35328K, used 2528K [0x00000000eab00000, 0x00000000ed000000, 0x0000000100000000)
  eden space 32768K, 0% used [0x00000000eab00000,0x00000000eab00000,0x00000000ecb00000)
  from space 2560K, 98% used [0x00000000ecd80000,0x00000000ecff8028,0x00000000ed000000)
  to   space 2560K, 0% used [0x00000000ecb00000,0x00000000ecb00000,0x00000000ecd80000)
 ParOldGen       total 44032K, used 3420K [0x00000000c0000000, 0x00000000c2b00000, 0x00000000eab00000)
  object space 44032K, 7% used [0x00000000c0000000,0x00000000c0357308,0x00000000c2b00000)
 Metaspace       used 5974K, capacity 6960K, committed 7040K, reserved 1056768K
  class space    used 589K, capacity 616K, committed 640K, reserved 1048576K
}
Event: 5.814 GC heap before
{Heap before GC invocations=3 (full 0):
 PSYoungGen      total 35328K, used 35296K [0x00000000eab00000, 0x00000000ed000000, 0x0000000100000000)
  eden space 32768K, 100% used [0x00000000eab00000,0x00000000ecb00000,0x00000000ecb00000)
  from space 2560K, 98% used [0x00000000ecd80000,0x00000000ecff8028,0x00000000ed000000)
  to   space 2560K, 0% used [0x00000000ecb00000,0x00000000ecb00000,0x00000000ecd80000)
 ParOldGen       total 44032K, used 3420K [0x00000000c0000000, 0x00000000c2b00000, 0x00000000eab00000)
  object space 44032K, 7% used [0x00000000c0000000,0x00000000c0357308,0x00000000c2b00000)
 Metaspace       used 6125K, capacity 7088K, committed 7296K, reserved 1056768K
  class space    used 593K, capacity 616K, committed 640K, reserved 1048576K
Event: 5.862 GC heap after
Heap after GC invocations=3 (full 0):
 PSYoungGen      total 35328K, used 2544K [0x00000000eab00000, 0x00000000ef000000, 0x0000000100000000)
  eden space 32768K, 0% used [0x00000000eab00000,0x00000000eab00000,0x00000000ecb00000)
  from space 2560K, 99% used [0x00000000ecb00000,0x00000000ecd7c148,0x00000000ecd80000)
  to   space 2560K, 0% used [0x00000000eed80000,0x00000000eed80000,0x00000000ef000000)
 ParOldGen       total 44032K, used 9657K [0x00000000c0000000, 0x00000000c2b00000, 0x00000000eab00000)
  object space 44032K, 21% used [0x00000000c0000000,0x00000000c096e760,0x00000000c2b00000)
 Metaspace       used 6125K, capacity 7088K, committed 7296K, reserved 1056768K
  class space    used 593K, capacity 616K, committed 640K, reserved 1048576K
}
Event: 12.414 GC heap before
{Heap before GC invocations=4 (full 0):
 PSYoungGen      total 35328K, used 35312K [0x00000000eab00000, 0x00000000ef000000, 0x0000000100000000)
  eden space 32768K, 100% used [0x00000000eab00000,0x00000000ecb00000,0x00000000ecb00000)
  from space 2560K, 99% used [0x00000000ecb00000,0x00000000ecd7c148,0x00000000ecd80000)
  to   space 2560K, 0% used [0x00000000eed80000,0x00000000eed80000,0x00000000ef000000)
 ParOldGen       total 44032K, used 9657K [0x00000000c0000000, 0x00000000c2b00000, 0x00000000eab00000)
  object space 44032K, 21% used [0x00000000c0000000,0x00000000c096e760,0x00000000c2b00000)
 Metaspace       used 6247K, capacity 7128K, committed 7424K, reserved 1056768K
  class space    used 614K, capacity 656K, committed 768K, reserved 1048576K
Event: 12.755 GC heap after
Heap after GC invocations=4 (full 0):
 PSYoungGen      total 68096K, used 2536K [0x00000000eab00000, 0x00000000ef000000, 0x0000000100000000)
  eden space 65536K, 0% used [0x00000000eab00000,0x00000000eab00000,0x00000000eeb00000)
  from space 2560K, 99% used [0x00000000eed80000,0x00000000eeffa030,0x00000000ef000000)
  to   space 2560K, 0% used [0x00000000eeb00000,0x00000000eeb00000,0x00000000eed80000)
 ParOldGen       total 44032K, used 14454K [0x00000000c0000000, 0x00000000c2b00000, 0x00000000eab00000)
  object space 44032K, 32% used [0x00000000c0000000,0x00000000c0e1d9b8,0x00000000c2b00000)
 Metaspace       used 6247K, capacity 7128K, committed 7424K, reserved 1056768K
  class space    used 614K, capacity 656K, committed 768K, reserved 1048576K
}

Deoptimization events (10 events):
Event: 6.728 Thread 0x00000000172da800 Uncommon trap: reason=unstable_if action=reinterpret pc=0x000000000369bb6c method=com.android.dx.ssa.SCCP.simulateBranch(Lcom/android/dx/ssa/SsaInsn;)V @ 64
Event: 6.747 Thread 0x000000001723e000 Uncommon trap: reason=unstable_if action=reinterpret pc=0x00000000036b2a98 method=com.android.dx.cf.code.BaseMachine.getLocalTarget(Z)Lcom/android/dx/rop/code/RegisterSpec; @ 131
Event: 7.428 Thread 0x0000000017265000 Uncommon trap: reason=unstable_if action=reinterpret pc=0x00000000033a0f3c method=java.util.HashMap.putVal(ILjava/lang/Object;Ljava/lang/Object;ZZ)Ljava/lang/Object; @ 162
Event: 10.760 Thread 0x0000000017265000 Uncommon trap: reason=unstable_if action=reinterpret pc=0x000000000362f550 method=java.util.HashMap.getNode(ILjava/lang/Object;)Ljava/util/HashMap$Node; @ 84
Event: 10.766 Thread 0x0000000017265000 Uncommon trap: reason=unstable_if action=reinterpret pc=0x000000000363f388 method=java.util.HashMap.putVal(ILjava/lang/Object;Ljava/lang/Object;ZZ)Ljava/lang/Object; @ 162
Event: 11.379 Thread 0x0000000002e8e000 Uncommon trap: reason=bimorphic action=maybe_recompile pc=0x000000000379f884 method=com.android.dx.cf.code.RopperMachine.run(Lcom/android/dx/cf/code/Frame;II)V @ 310
Event: 11.379 Thread 0x0000000002e8e000 Uncommon trap: reason=bimorphic action=maybe_recompile pc=0x000000000379f884 method=com.android.dx.cf.code.RopperMachine.run(Lcom/android/dx/cf/code/Frame;II)V @ 310
Event: 11.379 Thread 0x0000000002e8e000 Uncommon trap: reason=bimorphic action=maybe_recompile pc=0x000000000379f884 method=com.android.dx.cf.code.RopperMachine.run(Lcom/android/dx/cf/code/Frame;II)V @ 310
Event: 12.791 Thread 0x0000000002e8e000 Uncommon trap: reason=unstable_if action=reinterpret pc=0x000000000380fc04 method=java.util.HashMap.putVal(ILjava/lang/Object;Ljava/lang/Object;ZZ)Ljava/lang/Object; @ 109
Event: 12.791 Thread 0x0000000002e8e000 Uncommon trap: reason=unstable_if action=reinterpret pc=0x0000000003630fac method=java.util.HashMap.getNode(ILjava/lang/Object;)Ljava/util/HashMap$Node; @ 84

Internal exceptions (7 events):
Event: 0.077 Thread 0x0000000002e8e000 Exception <a 'java/lang/NoSuchMethodError': Method sun.misc.Unsafe.defineClass(Ljava/lang/String;[BII)Ljava/lang/Class; name or signature does not match> (0x00000000eab0d9a8) thrown at [C:\re\workspace\8-2-build-windows-amd64-cygwin\jdk8u51\3951\hotspot\sr–§¤Â³?
Event: 0.077 Thread 0x0000000002e8e000 Exception <a 'java/lang/NoSuchMethodError': Method sun.misc.Unsafe.prefetchRead(Ljava/lang/Object;J)V name or signature does not match> (0x00000000eab0dc38) thrown at [C:\re\workspace\8-2-build-windows-amd64-cygwin\jdk8u51\3951\hotspot\src\share\vm\prims\jíÛóÕ„ûô?
Event: 1.311 Thread 0x0000000002e8e000 Implicit null exception at 0x000000000335ac58 to 0x000000000335d0e5
Event: 4.703 Thread 0x00000000172da800 Implicit null exception at 0x000000000332994d to 0x000000000332c12d
Event: 9.173 Thread 0x0000000017265000 Exception <a 'java/lang/ArrayIndexOutOfBoundsException': 18> (0x00000000ebfe85f0) thrown at [C:\re\workspace\8-2-build-windows-amd64-cygwin\jdk8u51\3951\hotspot\src\share\vm\interpreter\interpreterRuntime.cpp, line 366]
Event: 9.544 Thread 0x0000000017265000 Exception <a 'java/lang/ArrayIndexOutOfBoundsException'> (0x00000000ebfea0c0) thrown at [C:\re\workspace\8-2-build-windows-amd64-cygwin\jdk8u51\3951\hotspot\src\share\vm\runtime\sharedRuntime.cpp, line 605]
Event: 10.278 Thread 0x0000000017265000 Exception <a 'java/lang/ArrayIndexOutOfBoundsException'> (0x00000000ebfeb2f8) thrown at [C:\re\workspace\8-2-build-windows-amd64-cygwin\jdk8u51\3951\hotspot\src\share\vm\runtime\sharedRuntime.cpp, line 605]

Events (10 events):
Event: 12.414 Executing VM operation: ParallelGCFailedAllocation
Event: 12.755 Executing VM operation: ParallelGCFailedAllocation done
Event: 12.768 Thread 0x0000000002e8e000 DEOPT PACKING pc=0x000000000337ad0c sp=0x0000000002f8e4d0
Event: 12.768 Thread 0x0000000002e8e000 DEOPT UNPACKING pc=0x00000000030d787f sp=0x0000000002f8e1e8 mode 0
Event: 12.791 Thread 0x0000000002e8e000 Uncommon trap: trap_request=0xffffff65 fr.pc=0x000000000380fc04
Event: 12.791 Thread 0x0000000002e8e000 DEOPT PACKING pc=0x000000000380fc04 sp=0x0000000002f8e270
Event: 12.791 Thread 0x0000000002e8e000 DEOPT UNPACKING pc=0x00000000030d582a sp=0x0000000002f8e118 mode 2
Event: 12.791 Thread 0x0000000002e8e000 Uncommon trap: trap_request=0xffffff65 fr.pc=0x0000000003630fac
Event: 12.791 Thread 0x0000000002e8e000 DEOPT PACKING pc=0x0000000003630fac sp=0x0000000002f8e1b0
Event: 12.791 Thread 0x0000000002e8e000 DEOPT UNPACKING pc=0x00000000030d582a sp=0x0000000002f8e0d0 mode 2


Dynamic libraries:
0x00007ff6430d0000 - 0x00007ff643107000 	C:\Program Files\Java\jdk1.8.0_51\bin\java.exe
0x00007ffa6c320000 - 0x00007ffa6c4e1000 	C:\WINDOWS\SYSTEM32\ntdll.dll
0x00007ffa6a450000 - 0x00007ffa6a4fd000 	C:\WINDOWS\system32\KERNEL32.DLL
0x00007ffa689d0000 - 0x00007ffa68bb8000 	C:\WINDOWS\system32\KERNELBASE.dll
0x00007ffa69e90000 - 0x00007ffa69f37000 	C:\WINDOWS\system32\ADVAPI32.dll
0x00007ffa69df0000 - 0x00007ffa69e8d000 	C:\WINDOWS\system32\msvcrt.dll
0x00007ffa6a500000 - 0x00007ffa6a55b000 	C:\WINDOWS\system32\sechost.dll
0x00007ffa69f40000 - 0x00007ffa6a05c000 	C:\WINDOWS\system32\RPCRT4.dll
0x00007ffa6a2f0000 - 0x00007ffa6a446000 	C:\WINDOWS\system32\USER32.dll
0x00007ffa69880000 - 0x00007ffa69a06000 	C:\WINDOWS\system32\GDI32.dll
0x00007ffa5ccd0000 - 0x00007ffa5cf44000 	C:\WINDOWS\WinSxS\amd64_microsoft.windows.common-controls_6595b64144ccf1df_6.0.10586.494_none_a2d8b04ea53e3145\COMCTL32.dll
0x00007ffa6a060000 - 0x00007ffa6a2dd000 	C:\WINDOWS\system32\combase.dll
0x00007ffa694f0000 - 0x00007ffa6955a000 	C:\WINDOWS\system32\bcryptPrimitives.dll
0x00007ffa69a10000 - 0x00007ffa69a4b000 	C:\WINDOWS\system32\IMM32.DLL
0x0000000058730000 - 0x0000000058802000 	C:\Program Files\Java\jdk1.8.0_51\jre\bin\msvcr100.dll
0x00000000576c0000 - 0x0000000057f43000 	C:\Program Files\Java\jdk1.8.0_51\jre\bin\server\jvm.dll
0x00007ffa6c310000 - 0x00007ffa6c318000 	C:\WINDOWS\system32\PSAPI.DLL
0x00007ffa670a0000 - 0x00007ffa670a9000 	C:\WINDOWS\SYSTEM32\WSOCK32.dll
0x00007ffa6aac0000 - 0x00007ffa6ab2b000 	C:\WINDOWS\system32\WS2_32.dll
0x00007ffa66bc0000 - 0x00007ffa66be3000 	C:\WINDOWS\SYSTEM32\WINMM.dll
0x00007ffa63c50000 - 0x00007ffa63c5a000 	C:\WINDOWS\SYSTEM32\VERSION.dll
0x00007ffa66b10000 - 0x00007ffa66b3c000 	C:\WINDOWS\SYSTEM32\WINMMBASE.dll
0x00007ffa696d0000 - 0x00007ffa69713000 	C:\WINDOWS\system32\cfgmgr32.dll
0x0000000059250000 - 0x000000005925f000 	C:\Program Files\Java\jdk1.8.0_51\jre\bin\verify.dll
0x0000000059220000 - 0x0000000059249000 	C:\Program Files\Java\jdk1.8.0_51\jre\bin\java.dll
0x0000000059200000 - 0x0000000059216000 	C:\Program Files\Java\jdk1.8.0_51\jre\bin\zip.dll
0x00007ffa6adb0000 - 0x00007ffa6c30c000 	C:\WINDOWS\system32\SHELL32.dll
0x00007ffa68e10000 - 0x00007ffa69455000 	C:\WINDOWS\system32\windows.storage.dll
0x00007ffa69d90000 - 0x00007ffa69de2000 	C:\WINDOWS\system32\shlwapi.dll
0x00007ffa689c0000 - 0x00007ffa689cf000 	C:\WINDOWS\system32\kernel.appcore.dll
0x00007ffa69610000 - 0x00007ffa696c5000 	C:\WINDOWS\system32\shcore.dll
0x00007ffa68940000 - 0x00007ffa6898b000 	C:\WINDOWS\system32\powrprof.dll
0x00007ffa68990000 - 0x00007ffa689a4000 	C:\WINDOWS\system32\profapi.dll
0x00007ffa65db0000 - 0x00007ffa65f3c000 	C:\WINDOWS\SYSTEM32\dbghelp.dll

VM Arguments:
jvm_args: -Djava.awt.headless=true -Xmx1024M -Dfile.encoding=windows-1252 -Duser.country=IN -Duser.language=en -Duser.variant 
java_command: com.android.dx.command.Main --dex --num-threads=4 --output F:\STUDY\ANDROID\SAMPLES\TimeWork\app\build\intermediates\pre-dexed\debug\com.android.support-recyclerview-v7-23.3.0_b3d3f5d6ace924781f497e19368cf897e57615c8.jar F:\STUDY\ANDROID\SAMPLES\TimeWork\app\build\intermediates\exploded-aar\com.android.support\recyclerview-v7\23.3.0\jars\classes.jar
java_class_path (initial): C:\Users\Ganesh Prasad\AppData\Local\Android\sdk\build-tools\23.0.3\lib\dx.jar
Launcher Type: SUN_STANDARD

Environment Variables:
JAVA_HOME=C:\Program Files\Java\jdk1.8.0_51
PATH=C:\ProgramData\Oracle\Java\javapath;C:\Program Files (x86)\Intel\iCLS Client\;C:\Program Files\Intel\iCLS Client\;C:\Program Files (x86)\AMD APP\bin\x86_64;C:\Program Files (x86)\AMD APP\bin\x86;C:\WINDOWS\system32;C:\WINDOWS;C:\WINDOWS\System32\Wbem;C:\WINDOWS\System32\WindowsPowerShell\v1.0\;C:\Program Files (x86)\ATI Technologies\ATI.ACE\Core-Static;C:\Program Files\Intel\Intel(R) Management Engine Components\DAL;C:\Program Files\Intel\Intel(R) Management Engine Components\IPT;C:\Program Files (x86)\Intel\Intel(R) Management Engine Components\DAL;C:\Program Files (x86)\Intel\Intel(R) Management Engine Components\IPT;\;C:\Program Files (x86)\Sony\VAIO Startup Setting Tool;C:\Program Files (x86)\Brackets\command;C:\Program Files (x86)\Java\jdk1.8.0_45\bin;C:\Program Files\nodejs\;C:\Users\Ganesh Prasad\AppData\Local\GitHub\PortableGit_c7e0cbde92ba565cb218a521411d0e854079a28c\bin;C:\Users\Ganesh Prasad\AppData\Local\GitHub\PortableGit_c7e0cbde92ba565cb218a521411d0e854079a28c\cmd;C:\Program Files (x86)\AMD\ATI.ACE\Core-Static;C:\Users\Ganesh Prasad\AppData\Local\Android\sdk\platform-tools;C:\Users\Ganesh Prasad\Anaconda2;C:\Users\Ganesh Prasad\Anaconda2\Scripts;C:\Users\Ganesh Prasad\Anaconda2\Library\bin;C:\Users\Ganesh Prasad\AppData\Roaming\npm
USERNAME=Ganesh Prasad
OS=Windows_NT
PROCESSOR_IDENTIFIER=Intel64 Family 6 Model 58 Stepping 9, GenuineIntel



---------------  S Y S T E M  ---------------

OS: Windows 10.0 , 64 bit Build 10586 (10.0.10586.0)

CPU:total 4 (2 cores per cpu, 2 threads per core) family 6 model 58 stepping 9, cmov, cx8, fxsr, mmx, sse, sse2, sse3, ssse3, sse4.1, sse4.2, popcnt, avx, clmul, erms, ht, tsc, tscinvbit, tscinv

Memory: 4k page, physical 4140316k(234328k free), swap 5574940k(3660k free)

vm_info: Java HotSpot(TM) 64-Bit Server VM (25.51-b03) for windows-amd64 JRE (1.8.0_51-b16), built on Jun  8 2015 18:03:07 by "java_re" with MS VC++ 10.0 (VS2010)

time: Sun Jul 17 13:34:55 2016
elapsed time: 13 seconds (0d 0h 0m 13s)

