#
# There is insufficient memory for the Java Runtime Environment to continue.
# Native memory allocation (malloc) failed to allocate 1066896 bytes for Chunk::new
# Possible reasons:
#   The system is out of physical RAM or swap space
#   In 32 bit mode, the process size limit was hit
# Possible solutions:
#   Reduce memory load on the system
#   Increase physical memory or swap space
#   Check if swap backing store is full
#   Use 64 bit Java on a 64 bit OS
#   Decrease Java heap size (-Xmx/-Xms)
#   Decrease number of Java threads
#   Decrease Java thread stack sizes (-Xss)
#   Set larger code cache with -XX:ReservedCodeCacheSize=
# This output file may be truncated or incomplete.
#
#  Out of Memory Error (allocation.cpp:390), pid=189148, tid=188664
#
# JRE version: Java(TM) SE Runtime Environment (8.0_51-b16) (build 1.8.0_51-b16)
# Java VM: Java HotSpot(TM) 64-Bit Server VM (25.51-b03 mixed mode windows-amd64 compressed oops)
# Failed to write core dump. Minidumps are not enabled by default on client versions of Windows
#

---------------  T H R E A D  ---------------

Current thread (0x000000001553a800):  JavaThread "C2 CompilerThread0" daemon [_thread_in_native, id=188664, stack(0x0000000016ab0000,0x0000000016bb0000)]

Stack: [0x0000000016ab0000,0x0000000016bb0000]
Native frames: (J=compiled Java code, j=interpreted, Vv=VM code, C=native code)
V  [jvm.dll+0x32b4ca]


Current CompileTask:
C2:   4258 1141       4       com.android.dx.dex.code.OutputFinisher::addConstants (93 bytes)


---------------  P R O C E S S  ---------------

Java Threads: ( => current thread )
  0x0000000016dda800 JavaThread "Service Thread" daemon [_thread_blocked, id=176192, stack(0x00000000171b0000,0x00000000172b0000)]
  0x000000001554c000 JavaThread "C1 CompilerThread2" daemon [_thread_in_native, id=176228, stack(0x0000000016cb0000,0x0000000016db0000)]
  0x0000000015542800 JavaThread "C2 CompilerThread1" daemon [_thread_blocked, id=188768, stack(0x0000000016bb0000,0x0000000016cb0000)]
=>0x000000001553a800 JavaThread "C2 CompilerThread0" daemon [_thread_in_native, id=188664, stack(0x0000000016ab0000,0x0000000016bb0000)]
  0x0000000015538800 JavaThread "Attach Listener" daemon [_thread_blocked, id=188808, stack(0x00000000169b0000,0x0000000016ab0000)]
  0x0000000015537000 JavaThread "Signal Dispatcher" daemon [_thread_blocked, id=188776, stack(0x00000000168b0000,0x00000000169b0000)]
  0x0000000002e61000 JavaThread "Finalizer" daemon [_thread_blocked, id=188624, stack(0x00000000167b0000,0x00000000168b0000)]
  0x0000000015509800 JavaThread "Reference Handler" daemon [_thread_blocked, id=188656, stack(0x00000000166b0000,0x00000000167b0000)]
  0x0000000002d0e000 JavaThread "main" [_thread_in_Java, id=188592, stack(0x0000000002b90000,0x0000000002c90000)]

Other Threads:
  0x0000000015507000 VMThread [stack: 0x00000000165b0000,0x00000000166b0000] [id=189184]
  0x0000000016de3000 WatcherThread [stack: 0x00000000172b0000,0x00000000173b0000] [id=186888]

VM state:not at safepoint (normal execution)

VM Mutex/Monitor currently owned by a thread: None

Heap:
 PSYoungGen      total 18944K, used 6480K [0x00000000eab00000, 0x00000000ed000000, 0x0000000100000000)
  eden space 16384K, 24% used [0x00000000eab00000,0x00000000eaedc030,0x00000000ebb00000)
  from space 2560K, 98% used [0x00000000ebb00000,0x00000000ebd78038,0x00000000ebd80000)
  to   space 2560K, 0% used [0x00000000ecd80000,0x00000000ecd80000,0x00000000ed000000)
 ParOldGen       total 44032K, used 1407K [0x00000000c0000000, 0x00000000c2b00000, 0x00000000eab00000)
  object space 44032K, 3% used [0x00000000c0000000,0x00000000c015fd80,0x00000000c2b00000)
 Metaspace       used 5911K, capacity 6896K, committed 7040K, reserved 1056768K
  class space    used 597K, capacity 616K, committed 640K, reserved 1048576K

Card table byte_map: [0x0000000012230000,0x0000000012440000] byte_map_base: 0x0000000011c30000

Marking Bits: (ParMarkBitMap*) 0x000000006d984040
 Begin Bits: [0x00000000129a0000, 0x00000000139a0000)
 End Bits:   [0x00000000139a0000, 0x00000000149a0000)

Polling page: 0x0000000001430000

CodeCache: size=245760Kb used=4601Kb max_used=4608Kb free=241158Kb
 bounds [0x0000000002e70000, 0x0000000003300000, 0x0000000011e70000]
 total_blobs=1442 nmethods=1173 adapters=182
 compilation: enabled

Compilation events (10 events):
Event: 4.245 Thread 0x000000001554c000 nmethod 1160 0x00000000032ec4d0 code [0x00000000032ec620, 0x00000000032ec730]
Event: 4.245 Thread 0x000000001554c000 1161       3       com.android.dx.dex.file.StringIdItem::addContents (36 bytes)
Event: 4.246 Thread 0x000000001554c000 nmethod 1161 0x00000000032ec790 code [0x00000000032ec960, 0x00000000032ed298]
Event: 4.246 Thread 0x000000001554c000 1162       3       com.android.dx.dex.file.StringDataItem::<init> (15 bytes)
Event: 4.247 Thread 0x000000001554c000 nmethod 1162 0x00000000032ed810 code [0x00000000032ed9c0, 0x00000000032ee048]
Event: 4.247 Thread 0x000000001554c000 1164       3       com.android.dx.dex.file.CodeItem::itemType (4 bytes)
Event: 4.247 Thread 0x000000001554c000 nmethod 1164 0x00000000032ee3d0 code [0x00000000032ee520, 0x00000000032ee670]
Event: 4.247 Thread 0x000000001554c000 1163       3       com.android.dx.dex.file.StringDataItem::writeSize (17 bytes)
Event: 4.247 Thread 0x0000000015542800 1165       4       java.lang.String::indexOf (166 bytes)
Event: 4.248 Thread 0x000000001554c000 nmethod 1163 0x00000000032ee710 code [0x00000000032ee8a0, 0x00000000032eee30]

GC Heap History (2 events):
Event: 3.234 GC heap before
{Heap before GC invocations=1 (full 0):
 PSYoungGen      total 18944K, used 16384K [0x00000000eab00000, 0x00000000ec000000, 0x0000000100000000)
  eden space 16384K, 100% used [0x00000000eab00000,0x00000000ebb00000,0x00000000ebb00000)
  from space 2560K, 0% used [0x00000000ebd80000,0x00000000ebd80000,0x00000000ec000000)
  to   space 2560K, 0% used [0x00000000ebb00000,0x00000000ebb00000,0x00000000ebd80000)
 ParOldGen       total 44032K, used 0K [0x00000000c0000000, 0x00000000c2b00000, 0x00000000eab00000)
  object space 44032K, 0% used [0x00000000c0000000,0x00000000c0000000,0x00000000c2b00000)
 Metaspace       used 5745K, capacity 6832K, committed 7040K, reserved 1056768K
  class space    used 584K, capacity 616K, committed 640K, reserved 1048576K
Event: 3.590 GC heap after
Heap after GC invocations=1 (full 0):
 PSYoungGen      total 18944K, used 2528K [0x00000000eab00000, 0x00000000ed000000, 0x0000000100000000)
  eden space 16384K, 0% used [0x00000000eab00000,0x00000000eab00000,0x00000000ebb00000)
  from space 2560K, 98% used [0x00000000ebb00000,0x00000000ebd78038,0x00000000ebd80000)
  to   space 2560K, 0% used [0x00000000ecd80000,0x00000000ecd80000,0x00000000ed000000)
 ParOldGen       total 44032K, used 1407K [0x00000000c0000000, 0x00000000c2b00000, 0x00000000eab00000)
  object space 44032K, 3% used [0x00000000c0000000,0x00000000c015fd80,0x00000000c2b00000)
 Metaspace       used 5745K, capacity 6832K, committed 7040K, reserved 1056768K
  class space    used 584K, capacity 616K, committed 640K, reserved 1048576K
}

Deoptimization events (7 events):
Event: 1.561 Thread 0x0000000016f02800 Uncommon trap: reason=unstable_if action=reinterpret pc=0x00000000030761f0 method=java.util.HashMap.getNode(ILjava/lang/Object;)Ljava/util/HashMap$Node; @ 62
Event: 1.920 Thread 0x0000000016f02800 Uncommon trap: reason=unstable_if action=reinterpret pc=0x00000000030ca634 method=java.util.BitSet.ensureCapacity(I)V @ 6
Event: 3.604 Thread 0x0000000016f02800 Uncommon trap: reason=bimorphic action=maybe_recompile pc=0x00000000030b5e3c method=java.util.HashMap.getNode(ILjava/lang/Object;)Ljava/util/HashMap$Node; @ 126
Event: 3.604 Thread 0x0000000016f02800 Uncommon trap: reason=bimorphic action=maybe_recompile pc=0x00000000030b5e3c method=java.util.HashMap.getNode(ILjava/lang/Object;)Ljava/util/HashMap$Node; @ 126
Event: 3.605 Thread 0x0000000016f02800 Uncommon trap: reason=bimorphic action=maybe_recompile pc=0x00000000030b5e3c method=java.util.HashMap.getNode(ILjava/lang/Object;)Ljava/util/HashMap$Node; @ 126
Event: 3.605 Thread 0x0000000016f02800 Uncommon trap: reason=bimorphic action=maybe_recompile pc=0x00000000030b5e3c method=java.util.HashMap.getNode(ILjava/lang/Object;)Ljava/util/HashMap$Node; @ 126
Event: 3.605 Thread 0x0000000016f02800 Uncommon trap: reason=bimorphic action=maybe_recompile pc=0x00000000030cd968 method=java.util.HashMap.getNode(ILjava/lang/Object;)Ljava/util/HashMap$Node; @ 126

Internal exceptions (2 events):
Event: 0.091 Thread 0x0000000002d0e000 Exception <a 'java/lang/NoSuchMethodError': Method sun.misc.Unsafe.defineClass(Ljava/lang/String;[BII)Ljava/lang/Class; name or signature does not match> (0x00000000eab0da70) thrown at [C:\re\workspace\8-2-build-windows-amd64-cygwin\jdk8u51\3951\hotspot\srQŸJJœZ·?
Event: 0.091 Thread 0x0000000002d0e000 Exception <a 'java/lang/NoSuchMethodError': Method sun.misc.Unsafe.prefetchRead(Ljava/lang/Object;J)V name or signature does not match> (0x00000000eab0dd00) thrown at [C:\re\workspace\8-2-build-windows-amd64-cygwin\jdk8u51\3951\hotspot\src\share\vm\prims\j

Events (10 events):
Event: 4.208 loading class com/android/dx/dex/file/ProtoIdItem
Event: 4.208 loading class com/android/dx/dex/file/ProtoIdItem done
Event: 4.216 loading class com/android/dex/Leb128
Event: 4.216 loading class com/android/dex/Leb128 done
Event: 4.246 loading class java/util/Collections$1
Event: 4.246 loading class java/util/Collections$1 done
Event: 4.246 loading class com/android/dx/dex/file/MixedItemSection$2
Event: 4.246 loading class com/android/dx/dex/file/MixedItemSection$2 done
Event: 4.247 loading class com/android/dx/dex/file/CodeItem$1
Event: 4.247 loading class com/android/dx/dex/file/CodeItem$1 done


Dynamic libraries:
0x00007ff75fa10000 - 0x00007ff75fa47000 	C:\Program Files\Java\jdk1.8.0_51\bin\java.exe
0x00007ff839280000 - 0x00007ff839451000 	C:\WINDOWS\SYSTEM32\ntdll.dll
0x00007ff8369e0000 - 0x00007ff836a8b000 	C:\WINDOWS\System32\KERNEL32.DLL
0x00007ff8365f0000 - 0x00007ff83680d000 	C:\WINDOWS\System32\KERNELBASE.dll
0x00007ff836cb0000 - 0x00007ff836d52000 	C:\WINDOWS\System32\ADVAPI32.dll
0x00007ff837050000 - 0x00007ff8370ee000 	C:\WINDOWS\System32\msvcrt.dll
0x00007ff836d60000 - 0x00007ff836db9000 	C:\WINDOWS\System32\sechost.dll
0x00007ff8368a0000 - 0x00007ff8369c1000 	C:\WINDOWS\System32\RPCRT4.dll
0x00007ff836e80000 - 0x00007ff836fe5000 	C:\WINDOWS\System32\USER32.dll
0x00007ff835d20000 - 0x00007ff835d3e000 	C:\WINDOWS\System32\win32u.dll
0x00007ff838d10000 - 0x00007ff838d44000 	C:\WINDOWS\System32\GDI32.dll
0x00007ff835b90000 - 0x00007ff835d12000 	C:\WINDOWS\System32\gdi32full.dll
0x00007ff82fc30000 - 0x00007ff82fea9000 	C:\WINDOWS\WinSxS\amd64_microsoft.windows.common-controls_6595b64144ccf1df_6.0.14393.447_none_42191651c6827bb3\COMCTL32.dll
0x00007ff8389a0000 - 0x00007ff838c68000 	C:\WINDOWS\System32\combase.dll
0x00007ff8359e0000 - 0x00007ff835ad5000 	C:\WINDOWS\System32\ucrtbase.dll
0x00007ff8358c0000 - 0x00007ff83592a000 	C:\WINDOWS\System32\bcryptPrimitives.dll
0x00007ff838dc0000 - 0x00007ff838dee000 	C:\WINDOWS\System32\IMM32.DLL
0x000000006da10000 - 0x000000006dae2000 	C:\Program Files\Java\jdk1.8.0_51\jre\bin\msvcr100.dll
0x000000006d180000 - 0x000000006da03000 	C:\Program Files\Java\jdk1.8.0_51\jre\bin\server\jvm.dll
0x00007ff8369d0000 - 0x00007ff8369d8000 	C:\WINDOWS\System32\PSAPI.DLL
0x00007ff833c20000 - 0x00007ff833c43000 	C:\WINDOWS\SYSTEM32\WINMM.dll
0x00007ff82faf0000 - 0x00007ff82faf9000 	C:\WINDOWS\SYSTEM32\WSOCK32.dll
0x00007ff836c40000 - 0x00007ff836caa000 	C:\WINDOWS\System32\WS2_32.dll
0x00007ff831320000 - 0x00007ff83132a000 	C:\WINDOWS\SYSTEM32\VERSION.dll
0x00007ff833bc0000 - 0x00007ff833beb000 	C:\WINDOWS\SYSTEM32\WINMMBASE.dll
0x00007ff835ae0000 - 0x00007ff835b22000 	C:\WINDOWS\System32\cfgmgr32.dll
0x000000006e640000 - 0x000000006e64f000 	C:\Program Files\Java\jdk1.8.0_51\jre\bin\verify.dll
0x000000006e610000 - 0x000000006e639000 	C:\Program Files\Java\jdk1.8.0_51\jre\bin\java.dll
0x000000006e5f0000 - 0x000000006e606000 	C:\Program Files\Java\jdk1.8.0_51\jre\bin\zip.dll
0x00007ff8371f0000 - 0x00007ff8386f9000 	C:\WINDOWS\System32\SHELL32.dll
0x00007ff835d40000 - 0x00007ff83641a000 	C:\WINDOWS\System32\windows.storage.dll
0x00007ff8356f0000 - 0x00007ff83573c000 	C:\WINDOWS\System32\powrprof.dll
0x00007ff836830000 - 0x00007ff836882000 	C:\WINDOWS\System32\shlwapi.dll
0x00007ff8356e0000 - 0x00007ff8356ef000 	C:\WINDOWS\System32\kernel.appcore.dll
0x00007ff835810000 - 0x00007ff8358b9000 	C:\WINDOWS\System32\shcore.dll
0x00007ff835740000 - 0x00007ff835754000 	C:\WINDOWS\System32\profapi.dll

VM Arguments:
jvm_args: -Djava.awt.headless=true -Xmx1024M -Dfile.encoding=windows-1252 -Duser.country=IN -Duser.language=en -Duser.variant 
java_command: com.android.dx.command.Main --dex --num-threads=4 --output F:\Android_Projects\Mine\TimeWork\app\build\intermediates\pre-dexed\debug\com.android.support-cardview-v7-23.3.0_14153261712d521235c31c561ce6e27796fa2b99.jar F:\Android_Projects\Mine\TimeWork\app\build\intermediates\exploded-aar\com.android.support\cardview-v7\23.3.0\jars\classes.jar
java_class_path (initial): C:\Users\Ganesh Prasad\AppData\Local\Android\sdk\build-tools\23.0.3\lib\dx.jar
Launcher Type: SUN_STANDARD

Environment Variables:
JAVA_HOME=C:\Program Files\Java\jdk1.8.0_51
PATH=C:\tools\ruby23\bin;C:\ProgramData\Oracle\Java\javapath;C:\Program Files (x86)\Intel\iCLS Client\;C:\Program Files\Intel\iCLS Client\;C:\Program Files (x86)\AMD APP\bin\x86_64;C:\Program Files (x86)\AMD APP\bin\x86;C:\WINDOWS\system32;C:\WINDOWS;C:\WINDOWS\System32\Wbem;C:\WINDOWS\System32\WindowsPowerShell\v1.0\;C:\Program Files (x86)\ATI Technologies\ATI.ACE\Core-Static;C:\Program Files\Intel\Intel(R) Management Engine Components\DAL;C:\Program Files\Intel\Intel(R) Management Engine Components\IPT;C:\Program Files (x86)\Intel\Intel(R) Management Engine Components\DAL;C:\Program Files (x86)\Intel\Intel(R) Management Engine Components\IPT;\;C:\Program Files (x86)\Sony\VAIO Startup Setting Tool;C:\Program Files (x86)\Java\jdk1.8.0_45\bin;C:\Program Files\nodejs\;C:\Users\Ganesh Prasad\AppData\Local\GitHub\PortableGit_c7e0cbde92ba565cb218a521411d0e854079a28c\bin;C:\Users\Ganesh Prasad\AppData\Local\GitHub\PortableGit_c7e0cbde92ba565cb218a521411d0e854079a28c\cmd;C:\Program Files (x86)\AMD\ATI.ACE\Core-Static;C:\Users\Ganesh Prasad\AppData\Local\Android\sdk\platform-tools;C:\Program Files (x86)\Brackets\command;C:\ProgramData\chocolatey\bin;C:\Users\Ganesh Prasad\Anaconda2;C:\Users\Ganesh Prasad\Anaconda2\Scripts;C:\Users\Ganesh Prasad\Anaconda2\Library\bin;C:\Users\Ganesh Prasad\AppData\Roaming\npm;C:\Users\Ganesh Prasad\AppData\Local\Microsoft\WindowsApps;
USERNAME=Ganesh Prasad
OS=Windows_NT
PROCESSOR_IDENTIFIER=Intel64 Family 6 Model 58 Stepping 9, GenuineIntel



---------------  S Y S T E M  ---------------

OS: Windows 10.0 , 64 bit Build 14393 (10.0.14393.0)

CPU:total 4 (2 cores per cpu, 2 threads per core) family 6 model 58 stepping 9, cmov, cx8, fxsr, mmx, sse, sse2, sse3, ssse3, sse4.1, sse4.2, popcnt, avx, clmul, erms, ht, tsc, tscinvbit, tscinv

Memory: 4k page, physical 4140316k(203592k free), swap 5574940k(3292k free)

vm_info: Java HotSpot(TM) 64-Bit Server VM (25.51-b03) for windows-amd64 JRE (1.8.0_51-b16), built on Jun  8 2015 18:03:07 by "java_re" with MS VC++ 10.0 (VS2010)

time: Wed Feb 15 17:46:25 2017
elapsed time: 4 seconds (0d 0h 0m 4s)

