#
# There is insufficient memory for the Java Runtime Environment to continue.
# Native memory allocation (malloc) failed to allocate 1550208 bytes for Chunk::new
# Possible reasons:
#   The system is out of physical RAM or swap space
#   In 32 bit mode, the process size limit was hit
# Possible solutions:
#   Reduce memory load on the system
#   Increase physical memory or swap space
#   Check if swap backing store is full
#   Use 64 bit Java on a 64 bit OS
#   Decrease Java heap size (-Xmx/-Xms)
#   Decrease number of Java threads
#   Decrease Java thread stack sizes (-Xss)
#   Set larger code cache with -XX:ReservedCodeCacheSize=
# This output file may be truncated or incomplete.
#
#  Out of Memory Error (allocation.cpp:390), pid=23064, tid=14052
#
# JRE version: Java(TM) SE Runtime Environment (8.0_51-b16) (build 1.8.0_51-b16)
# Java VM: Java HotSpot(TM) 64-Bit Server VM (25.51-b03 mixed mode windows-amd64 compressed oops)
# Failed to write core dump. Minidumps are not enabled by default on client versions of Windows
#

---------------  T H R E A D  ---------------

Current thread (0x0000000014a8a800):  JavaThread "C2 CompilerThread0" daemon [_thread_in_native, id=14052, stack(0x0000000016000000,0x0000000016100000)]

Stack: [0x0000000016000000,0x0000000016100000]
Native frames: (J=compiled Java code, j=interpreted, Vv=VM code, C=native code)
V  [jvm.dll+0x32b4ca]
V  [jvm.dll+0x2797e3]
V  [jvm.dll+0x27a479]
V  [jvm.dll+0x271765]
V  [jvm.dll+0xcba02]
V  [jvm.dll+0xcbecc]
V  [jvm.dll+0x492ad7]
V  [jvm.dll+0x45f98a]
V  [jvm.dll+0x46a7cb]
V  [jvm.dll+0x46cde2]
V  [jvm.dll+0x4501a2]
V  [jvm.dll+0xa43a2]
V  [jvm.dll+0xa4cdf]
V  [jvm.dll+0x2418a4]
V  [jvm.dll+0x29846a]
C  [msvcr100.dll+0x21d9f]
C  [msvcr100.dll+0x21e3b]
C  [KERNEL32.DLL+0x8364]
C  [ntdll.dll+0x670d1]


Current CompileTask:
C2:   2825 1238   !   4       com.android.dx.cf.cst.ConstantPoolParser::parse0 (731 bytes)


---------------  P R O C E S S  ---------------

Java Threads: ( => current thread )
  0x0000000016657800 JavaThread "pool-2-thread-4" [_thread_blocked, id=23532, stack(0x0000000017500000,0x0000000017600000)]
  0x0000000016654000 JavaThread "pool-2-thread-3" [_thread_blocked, id=22584, stack(0x0000000017400000,0x0000000017500000)]
  0x000000001664a800 JavaThread "pool-2-thread-2" [_thread_blocked, id=22644, stack(0x0000000017300000,0x0000000017400000)]
  0x0000000016647800 JavaThread "pool-3-thread-1" [_thread_blocked, id=22580, stack(0x0000000017200000,0x0000000017300000)]
  0x0000000016644800 JavaThread "pool-2-thread-1" [_thread_blocked, id=23320, stack(0x0000000017100000,0x0000000017200000)]
  0x000000001630d800 JavaThread "Service Thread" daemon [_thread_blocked, id=22572, stack(0x0000000016700000,0x0000000016800000)]
  0x0000000014aec800 JavaThread "C1 CompilerThread2" daemon [_thread_blocked, id=22260, stack(0x0000000016200000,0x0000000016300000)]
  0x0000000014a90800 JavaThread "C2 CompilerThread1" daemon [_thread_in_native, id=22444, stack(0x0000000016100000,0x0000000016200000)]
=>0x0000000014a8a800 JavaThread "C2 CompilerThread0" daemon [_thread_in_native, id=14052, stack(0x0000000016000000,0x0000000016100000)]
  0x0000000014a88800 JavaThread "Attach Listener" daemon [_thread_blocked, id=23452, stack(0x0000000015f00000,0x0000000016000000)]
  0x0000000014a87000 JavaThread "Signal Dispatcher" daemon [_thread_blocked, id=23072, stack(0x0000000015e00000,0x0000000015f00000)]
  0x0000000002350800 JavaThread "Finalizer" daemon [_thread_blocked, id=23436, stack(0x0000000015d00000,0x0000000015e00000)]
  0x000000000234d800 JavaThread "Reference Handler" daemon [_thread_blocked, id=20316, stack(0x0000000015c00000,0x0000000015d00000)]
  0x00000000023be000 JavaThread "main" [_thread_in_vm, id=18952, stack(0x0000000002100000,0x0000000002200000)]

Other Threads:
  0x0000000014a58000 VMThread [stack: 0x0000000015b00000,0x0000000015c00000] [id=22272]
  0x000000001630f000 WatcherThread [stack: 0x0000000016800000,0x0000000016900000] [id=22576]

VM state:not at safepoint (normal execution)

VM Mutex/Monitor currently owned by a thread: None

Heap:
 PSYoungGen      total 35328K, used 17122K [0x00000000eab00000, 0x00000000ed000000, 0x0000000100000000)
  eden space 32768K, 44% used [0x00000000eab00000,0x00000000eb93e7d0,0x00000000ecb00000)
  from space 2560K, 99% used [0x00000000ecd80000,0x00000000ecffa118,0x00000000ed000000)
  to   space 2560K, 0% used [0x00000000ecb00000,0x00000000ecb00000,0x00000000ecd80000)
 ParOldGen       total 44032K, used 2870K [0x00000000c0000000, 0x00000000c2b00000, 0x00000000eab00000)
  object space 44032K, 6% used [0x00000000c0000000,0x00000000c02cd918,0x00000000c2b00000)
 Metaspace       used 6056K, capacity 7024K, committed 7296K, reserved 1056768K
  class space    used 592K, capacity 616K, committed 640K, reserved 1048576K

Card table byte_map: [0x0000000011780000,0x0000000011990000] byte_map_base: 0x0000000011180000

Marking Bits: (ParMarkBitMap*) 0x0000000069774040
 Begin Bits: [0x0000000011ef0000, 0x0000000012ef0000)
 End Bits:   [0x0000000012ef0000, 0x0000000013ef0000)

Polling page: 0x0000000002200000

CodeCache: size=245760Kb used=5543Kb max_used=5556Kb free=240216Kb
 bounds [0x00000000023c0000, 0x0000000002940000, 0x00000000113c0000]
 total_blobs=1669 nmethods=1400 adapters=182
 compilation: enabled

Compilation events (10 events):
Event: 2.740 Thread 0x0000000014a90800 1399       4       com.android.dx.ssa.SsaMethod$2::visitNonMoveInsn (6 bytes)
Event: 2.741 Thread 0x0000000014a90800 nmethod 1399 0x00000000027d9d90 code [0x00000000027d9ee0, 0x00000000027d9f68]
Event: 2.741 Thread 0x0000000014a90800 1328       4       com.android.dx.rop.code.BasicBlockList$RegCountVisitor::visitPlainInsn (6 bytes)
Event: 2.747 Thread 0x0000000014a90800 nmethod 1328 0x000000000292f3d0 code [0x000000000292f540, 0x000000000292f7f8]
Event: 2.748 Thread 0x0000000014a90800 1371       4       java.util.Collections$UnmodifiableCollection::iterator (9 bytes)
Event: 2.753 Thread 0x0000000014a90800 nmethod 1371 0x0000000002924310 code [0x0000000002924480, 0x0000000002924738]
Event: 2.753 Thread 0x0000000014a90800 1345       4       com.android.dx.ssa.SCCP::addBlockToWorklist (47 bytes)
Event: 2.775 Thread 0x0000000014a90800 nmethod 1345 0x0000000002925290 code [0x0000000002925420, 0x0000000002925ca8]
Event: 2.775 Thread 0x0000000014a90800 1378       4       com.android.dx.rop.type.Type::isCategory2 (36 bytes)
Event: 2.775 Thread 0x0000000014a90800 nmethod 1378 0x0000000002756d50 code [0x0000000002756e80, 0x0000000002756ef8]

GC Heap History (4 events):
Event: 1.012 GC heap before
{Heap before GC invocations=1 (full 0):
 PSYoungGen      total 18944K, used 16384K [0x00000000eab00000, 0x00000000ec000000, 0x0000000100000000)
  eden space 16384K, 100% used [0x00000000eab00000,0x00000000ebb00000,0x00000000ebb00000)
  from space 2560K, 0% used [0x00000000ebd80000,0x00000000ebd80000,0x00000000ec000000)
  to   space 2560K, 0% used [0x00000000ebb00000,0x00000000ebb00000,0x00000000ebd80000)
 ParOldGen       total 44032K, used 0K [0x00000000c0000000, 0x00000000c2b00000, 0x00000000eab00000)
  object space 44032K, 0% used [0x00000000c0000000,0x00000000c0000000,0x00000000c2b00000)
 Metaspace       used 5451K, capacity 6448K, committed 6528K, reserved 1056768K
  class space    used 587K, capacity 616K, committed 640K, reserved 1048576K
Event: 1.133 GC heap after
Heap after GC invocations=1 (full 0):
 PSYoungGen      total 18944K, used 2548K [0x00000000eab00000, 0x00000000ed000000, 0x0000000100000000)
  eden space 16384K, 0% used [0x00000000eab00000,0x00000000eab00000,0x00000000ebb00000)
  from space 2560K, 99% used [0x00000000ebb00000,0x00000000ebd7d298,0x00000000ebd80000)
  to   space 2560K, 0% used [0x00000000ecd80000,0x00000000ecd80000,0x00000000ed000000)
 ParOldGen       total 44032K, used 782K [0x00000000c0000000, 0x00000000c2b00000, 0x00000000eab00000)
  object space 44032K, 1% used [0x00000000c0000000,0x00000000c00c3b78,0x00000000c2b00000)
 Metaspace       used 5451K, capacity 6448K, committed 6528K, reserved 1056768K
  class space    used 587K, capacity 616K, committed 640K, reserved 1048576K
}
Event: 2.164 GC heap before
{Heap before GC invocations=2 (full 0):
 PSYoungGen      total 18944K, used 18932K [0x00000000eab00000, 0x00000000ed000000, 0x0000000100000000)
  eden space 16384K, 100% used [0x00000000eab00000,0x00000000ebb00000,0x00000000ebb00000)
  from space 2560K, 99% used [0x00000000ebb00000,0x00000000ebd7d298,0x00000000ebd80000)
  to   space 2560K, 0% used [0x00000000ecd80000,0x00000000ecd80000,0x00000000ed000000)
 ParOldGen       total 44032K, used 782K [0x00000000c0000000, 0x00000000c2b00000, 0x00000000eab00000)
  object space 44032K, 1% used [0x00000000c0000000,0x00000000c00c3b78,0x00000000c2b00000)
 Metaspace       used 5972K, capacity 6896K, committed 7040K, reserved 1056768K
  class space    used 592K, capacity 616K, committed 640K, reserved 1048576K
Event: 2.265 GC heap after
Heap after GC invocations=2 (full 0):
 PSYoungGen      total 35328K, used 2536K [0x00000000eab00000, 0x00000000ed000000, 0x0000000100000000)
  eden space 32768K, 0% used [0x00000000eab00000,0x00000000eab00000,0x00000000ecb00000)
  from space 2560K, 99% used [0x00000000ecd80000,0x00000000ecffa118,0x00000000ed000000)
  to   space 2560K, 0% used [0x00000000ecb00000,0x00000000ecb00000,0x00000000ecd80000)
 ParOldGen       total 44032K, used 2870K [0x00000000c0000000, 0x00000000c2b00000, 0x00000000eab00000)
  object space 44032K, 6% used [0x00000000c0000000,0x00000000c02cd918,0x00000000c2b00000)
 Metaspace       used 5972K, capacity 6896K, committed 7040K, reserved 1056768K
  class space    used 592K, capacity 616K, committed 640K, reserved 1048576K
}

Deoptimization events (5 events):
Event: 0.453 Thread 0x00000000023be000 Uncommon trap: reason=unstable_if action=reinterpret pc=0x0000000002534b14 method=java.lang.String.compareTo(Ljava/lang/String;)I @ 38
Event: 1.476 Thread 0x000000001664a800 Uncommon trap: reason=null_check action=make_not_entrant pc=0x00000000026fa060 method=com.android.dx.rop.type.Type.equals(Ljava/lang/Object;)Z @ 8
Event: 1.691 Thread 0x0000000016654000 Uncommon trap: reason=unstable_if action=reinterpret pc=0x000000000274f9ac method=com.android.dx.rop.code.RegisterSpecSet.put(Lcom/android/dx/rop/code/RegisterSpec;)V @ 77
Event: 2.316 Thread 0x0000000016644800 Uncommon trap: reason=unstable_if action=reinterpret pc=0x000000000268a0e0 method=com.android.dx.rop.code.RegisterSpec.equals(ILcom/android/dx/rop/type/TypeBearer;Lcom/android/dx/rop/code/LocalItem;)Z @ 42
Event: 2.662 Thread 0x00000000023be000 Uncommon trap: reason=unstable_if action=reinterpret pc=0x00000000026093dc method=com.android.dx.rop.cst.Constant.compareTo(Lcom/android/dx/rop/cst/Constant;)I @ 12

Internal exceptions (3 events):
Event: 0.055 Thread 0x00000000023be000 Exception <a 'java/lang/NoSuchMethodError': Method sun.misc.Unsafe.defineClass(Ljava/lang/String;[BII)Ljava/lang/Class; name or signature does not match> (0x00000000eab0da68) thrown at [C:\re\workspace\8-2-build-windows-amd64-cygwin\jdk8u51\3951\hotspot\srãbg½k¬?
Event: 0.056 Thread 0x00000000023be000 Exception <a 'java/lang/NoSuchMethodError': Method sun.misc.Unsafe.prefetchRead(Ljava/lang/Object;J)V name or signature does not match> (0x00000000eab0dcf8) thrown at [C:\re\workspace\8-2-build-windows-amd64-cygwin\jdk8u51\3951\hotspot\src\share\vm\prims\jî°Øöœ÷?
Event: 1.476 Thread 0x000000001664a800 Implicit null exception at 0x00000000026f9f62 to 0x00000000026fa052

Events (10 events):
Event: 2.316 Thread 0x0000000016644800 DEOPT UNPACKING pc=0x000000000240582a sp=0x00000000171fea18 mode 2
Event: 2.468 Thread 0x0000000016644800 DEOPT PACKING pc=0x00000000027ace6d sp=0x00000000171fe9d0
Event: 2.468 Thread 0x0000000016644800 DEOPT UNPACKING pc=0x000000000240787f sp=0x00000000171fe768 mode 0
Event: 2.594 Thread 0x0000000016657800 DEOPT PACKING pc=0x00000000027ace6d sp=0x00000000175fe670
Event: 2.594 Thread 0x0000000016657800 DEOPT UNPACKING pc=0x000000000240787f sp=0x00000000175fe408 mode 0
Event: 2.662 Thread 0x00000000023be000 Uncommon trap: trap_request=0xffffff65 fr.pc=0x00000000026093dc
Event: 2.662 Thread 0x00000000023be000 DEOPT PACKING pc=0x00000000026093dc sp=0x00000000021fdff0
Event: 2.662 Thread 0x00000000023be000 DEOPT UNPACKING pc=0x000000000240582a sp=0x00000000021fdf90 mode 2
Event: 2.671 Thread 0x00000000023be000 DEOPT PACKING pc=0x00000000027ace6d sp=0x00000000021fe300
Event: 2.671 Thread 0x00000000023be000 DEOPT UNPACKING pc=0x000000000240787f sp=0x00000000021fe098 mode 0


Dynamic libraries:
0x00007ff62ffd0000 - 0x00007ff630007000 	C:\Program Files\Java\jdk1.8.0_51\bin\java.exe
0x00007ffb211e0000 - 0x00007ffb213b1000 	C:\WINDOWS\SYSTEM32\ntdll.dll
0x00007ffb20e50000 - 0x00007ffb20efb000 	C:\WINDOWS\System32\KERNEL32.DLL
0x00007ffb1da70000 - 0x00007ffb1dc8d000 	C:\WINDOWS\System32\KERNELBASE.dll
0x00007ffb1e770000 - 0x00007ffb1e812000 	C:\WINDOWS\System32\ADVAPI32.dll
0x00007ffb1f720000 - 0x00007ffb1f7be000 	C:\WINDOWS\System32\msvcrt.dll
0x00007ffb21180000 - 0x00007ffb211d9000 	C:\WINDOWS\System32\sechost.dll
0x00007ffb1e890000 - 0x00007ffb1e9b1000 	C:\WINDOWS\System32\RPCRT4.dll
0x00007ffb1ee10000 - 0x00007ffb1ef75000 	C:\WINDOWS\System32\USER32.dll
0x00007ffb1e410000 - 0x00007ffb1e42e000 	C:\WINDOWS\System32\win32u.dll
0x00007ffb1f7c0000 - 0x00007ffb1f7f4000 	C:\WINDOWS\System32\GDI32.dll
0x00007ffb1e430000 - 0x00007ffb1e5b2000 	C:\WINDOWS\System32\gdi32full.dll
0x00007ffb0bdd0000 - 0x00007ffb0c049000 	C:\WINDOWS\WinSxS\amd64_microsoft.windows.common-controls_6595b64144ccf1df_6.0.14393.447_none_42191651c6827bb3\COMCTL32.dll
0x00007ffb1f020000 - 0x00007ffb1f2e8000 	C:\WINDOWS\System32\combase.dll
0x00007ffb1e5c0000 - 0x00007ffb1e6b5000 	C:\WINDOWS\System32\ucrtbase.dll
0x00007ffb1d8a0000 - 0x00007ffb1d90a000 	C:\WINDOWS\System32\bcryptPrimitives.dll
0x00007ffb21150000 - 0x00007ffb2117e000 	C:\WINDOWS\System32\IMM32.DLL
0x0000000069800000 - 0x00000000698d2000 	C:\Program Files\Java\jdk1.8.0_51\jre\bin\msvcr100.dll
0x0000000068f70000 - 0x00000000697f3000 	C:\Program Files\Java\jdk1.8.0_51\jre\bin\server\jvm.dll
0x00007ffb20e40000 - 0x00007ffb20e48000 	C:\WINDOWS\System32\PSAPI.DLL
0x00007ffb15dc0000 - 0x00007ffb15dc9000 	C:\WINDOWS\SYSTEM32\WSOCK32.dll
0x00007ffb1e820000 - 0x00007ffb1e88a000 	C:\WINDOWS\System32\WS2_32.dll
0x00007ffb1b560000 - 0x00007ffb1b583000 	C:\WINDOWS\SYSTEM32\WINMM.dll
0x00007ffb19f60000 - 0x00007ffb19f6a000 	C:\WINDOWS\SYSTEM32\VERSION.dll
0x00007ffb1b530000 - 0x00007ffb1b55b000 	C:\WINDOWS\SYSTEM32\WINMMBASE.dll
0x00007ffb1e6c0000 - 0x00007ffb1e702000 	C:\WINDOWS\System32\cfgmgr32.dll
0x0000000068f60000 - 0x0000000068f6f000 	C:\Program Files\Java\jdk1.8.0_51\jre\bin\verify.dll
0x0000000068f30000 - 0x0000000068f59000 	C:\Program Files\Java\jdk1.8.0_51\jre\bin\java.dll
0x0000000068f10000 - 0x0000000068f26000 	C:\Program Files\Java\jdk1.8.0_51\jre\bin\zip.dll
0x00007ffb1f800000 - 0x00007ffb20d09000 	C:\WINDOWS\System32\SHELL32.dll
0x00007ffb1dc90000 - 0x00007ffb1e36a000 	C:\WINDOWS\System32\windows.storage.dll
0x00007ffb1d680000 - 0x00007ffb1d6cc000 	C:\WINDOWS\System32\powrprof.dll
0x00007ffb20de0000 - 0x00007ffb20e32000 	C:\WINDOWS\System32\shlwapi.dll
0x00007ffb1d670000 - 0x00007ffb1d67f000 	C:\WINDOWS\System32\kernel.appcore.dll
0x00007ffb1d9c0000 - 0x00007ffb1da69000 	C:\WINDOWS\System32\shcore.dll
0x00007ffb1d640000 - 0x00007ffb1d654000 	C:\WINDOWS\System32\profapi.dll
0x00007ffb16a80000 - 0x00007ffb16c12000 	C:\WINDOWS\SYSTEM32\dbghelp.dll

VM Arguments:
jvm_args: -Djava.awt.headless=true -Xmx1024M -Dfile.encoding=windows-1252 -Duser.country=IN -Duser.language=en -Duser.variant 
java_command: com.android.dx.command.Main --dex --force-jumbo --num-threads=4 --multi-dex --output F:\Android_Projects\Mine\TimeWork\app\build\intermediates\transforms\dex\debug\folders\1000\10\com.android.support-appcompat-v7-23.3.0_21e3ff0ef20181184200874d977e7bf3d5a7e897 F:\Android_Projects\Mine\TimeWork\app\build\intermediates\exploded-aar\com.android.support\appcompat-v7\23.3.0\jars\classes.jar
java_class_path (initial): C:\Users\Ganesh Prasad\AppData\Local\Android\sdk\build-tools\23.0.3\lib\dx.jar
Launcher Type: SUN_STANDARD

Environment Variables:
JAVA_HOME=C:\Program Files\Java\jdk1.8.0_51
PATH=C:\ProgramData\Oracle\Java\javapath;C:\Program Files (x86)\Intel\iCLS Client\;C:\Program Files\Intel\iCLS Client\;C:\Program Files (x86)\AMD APP\bin\x86_64;C:\Program Files (x86)\AMD APP\bin\x86;C:\WINDOWS\system32;C:\WINDOWS;C:\WINDOWS\System32\Wbem;C:\WINDOWS\System32\WindowsPowerShell\v1.0\;C:\Program Files (x86)\ATI Technologies\ATI.ACE\Core-Static;C:\Program Files\Intel\Intel(R) Management Engine Components\DAL;C:\Program Files\Intel\Intel(R) Management Engine Components\IPT;C:\Program Files (x86)\Intel\Intel(R) Management Engine Components\DAL;C:\Program Files (x86)\Intel\Intel(R) Management Engine Components\IPT;\;C:\Program Files (x86)\Sony\VAIO Startup Setting Tool;C:\Program Files (x86)\Java\jdk1.8.0_45\bin;C:\Program Files\nodejs\;C:\Users\Ganesh Prasad\AppData\Local\GitHub\PortableGit_c7e0cbde92ba565cb218a521411d0e854079a28c\bin;C:\Users\Ganesh Prasad\AppData\Local\GitHub\PortableGit_c7e0cbde92ba565cb218a521411d0e854079a28c\cmd;C:\Program Files (x86)\AMD\ATI.ACE\Core-Static;C:\Users\Ganesh Prasad\AppData\Local\Android\sdk\platform-tools;C:\Program Files (x86)\Brackets\command;C:\Users\Ganesh Prasad\Anaconda2;C:\Users\Ganesh Prasad\Anaconda2\Scripts;C:\Users\Ganesh Prasad\Anaconda2\Library\bin;C:\Users\Ganesh Prasad\AppData\Roaming\npm;C:\Users\Ganesh Prasad\AppData\Local\Microsoft\WindowsApps;
USERNAME=Ganesh Prasad
OS=Windows_NT
PROCESSOR_IDENTIFIER=Intel64 Family 6 Model 58 Stepping 9, GenuineIntel



---------------  S Y S T E M  ---------------

OS: Windows 10.0 , 64 bit Build 14393 (10.0.14393.0)

CPU:total 4 (2 cores per cpu, 2 threads per core) family 6 model 58 stepping 9, cmov, cx8, fxsr, mmx, sse, sse2, sse3, ssse3, sse4.1, sse4.2, popcnt, avx, clmul, erms, ht, tsc, tscinvbit, tscinv

Memory: 4k page, physical 4140316k(493056k free), swap 5574940k(5120k free)

vm_info: Java HotSpot(TM) 64-Bit Server VM (25.51-b03) for windows-amd64 JRE (1.8.0_51-b16), built on Jun  8 2015 18:03:07 by "java_re" with MS VC++ 10.0 (VS2010)

time: Fri Jan 27 17:44:55 2017
elapsed time: 2 seconds (0d 0h 0m 2s)

