#
# There is insufficient memory for the Java Runtime Environment to continue.
# Native memory allocation (malloc) failed to allocate 1402416 bytes for Chunk::new
# Possible reasons:
#   The system is out of physical RAM or swap space
#   In 32 bit mode, the process size limit was hit
# Possible solutions:
#   Reduce memory load on the system
#   Increase physical memory or swap space
#   Check if swap backing store is full
#   Use 64 bit Java on a 64 bit OS
#   Decrease Java heap size (-Xmx/-Xms)
#   Decrease number of Java threads
#   Decrease Java thread stack sizes (-Xss)
#   Set larger code cache with -XX:ReservedCodeCacheSize=
# This output file may be truncated or incomplete.
#
#  Out of Memory Error (allocation.cpp:390), pid=135540, tid=135760
#
# JRE version: Java(TM) SE Runtime Environment (8.0_51-b16) (build 1.8.0_51-b16)
# Java VM: Java HotSpot(TM) 64-Bit Server VM (25.51-b03 mixed mode windows-amd64 compressed oops)
# Failed to write core dump. Minidumps are not enabled by default on client versions of Windows
#

---------------  T H R E A D  ---------------

Current thread (0x0000000014b56800):  JavaThread "C2 CompilerThread1" daemon [_thread_in_native, id=135760, stack(0x0000000016150000,0x0000000016250000)]

Stack: [0x0000000016150000,0x0000000016250000]
Native frames: (J=compiled Java code, j=interpreted, Vv=VM code, C=native code)
V  [jvm.dll+0x32b4ca]


Current CompileTask:
C2:   8393 2013 %     4       com.android.dx.ssa.SCCP::run @ 53 (298 bytes)


---------------  P R O C E S S  ---------------

Java Threads: ( => current thread )
  0x00000000165ee000 JavaThread "pool-2-thread-4" [_thread_blocked, id=135916, stack(0x0000000016d50000,0x0000000016e50000)]
  0x00000000165ed800 JavaThread "pool-2-thread-3" [_thread_blocked, id=135912, stack(0x0000000016c50000,0x0000000016d50000)]
  0x00000000165ec800 JavaThread "pool-2-thread-2" [_thread_blocked, id=135908, stack(0x0000000016b50000,0x0000000016c50000)]
  0x00000000165b6000 JavaThread "pool-3-thread-1" [_thread_blocked, id=135904, stack(0x0000000016a50000,0x0000000016b50000)]
  0x00000000165b3800 JavaThread "pool-2-thread-1" [_thread_blocked, id=135900, stack(0x0000000016950000,0x0000000016a50000)]
  0x0000000016350800 JavaThread "Service Thread" daemon [_thread_blocked, id=135768, stack(0x0000000016750000,0x0000000016850000)]
  0x0000000014b59000 JavaThread "C1 CompilerThread2" daemon [_thread_blocked, id=135764, stack(0x0000000016250000,0x0000000016350000)]
=>0x0000000014b56800 JavaThread "C2 CompilerThread1" daemon [_thread_in_native, id=135760, stack(0x0000000016150000,0x0000000016250000)]
  0x0000000014afa800 JavaThread "C2 CompilerThread0" daemon [_thread_in_native, id=135748, stack(0x0000000016050000,0x0000000016150000)]
  0x0000000014af8800 JavaThread "Attach Listener" daemon [_thread_blocked, id=135744, stack(0x0000000015f50000,0x0000000016050000)]
  0x0000000014af7000 JavaThread "Signal Dispatcher" daemon [_thread_blocked, id=135740, stack(0x0000000015e50000,0x0000000015f50000)]
  0x0000000002420800 JavaThread "Finalizer" daemon [_thread_blocked, id=135736, stack(0x0000000015d50000,0x0000000015e50000)]
  0x000000000241d800 JavaThread "Reference Handler" daemon [_thread_blocked, id=135732, stack(0x0000000015c50000,0x0000000015d50000)]
  0x000000000222e000 JavaThread "main" [_thread_in_Java, id=135636, stack(0x0000000002230000,0x0000000002330000)]

Other Threads:
  0x0000000014ac8000 VMThread [stack: 0x0000000015b50000,0x0000000015c50000] [id=135704]
  0x0000000016351800 WatcherThread [stack: 0x0000000016850000,0x0000000016950000] [id=135772]

VM state:not at safepoint (normal execution)

VM Mutex/Monitor currently owned by a thread: None

Heap:
 PSYoungGen      total 73728K, used 51505K [0x00000000eab00000, 0x00000000f4500000, 0x0000000100000000)
  eden space 64512K, 65% used [0x00000000eab00000,0x00000000ed453968,0x00000000eea00000)
  from space 9216K, 99% used [0x00000000eea00000,0x00000000ef2f8ba0,0x00000000ef300000)
  to   space 14336K, 0% used [0x00000000f3700000,0x00000000f3700000,0x00000000f4500000)
 ParOldGen       total 44032K, used 20749K [0x00000000c0000000, 0x00000000c2b00000, 0x00000000eab00000)
  object space 44032K, 47% used [0x00000000c0000000,0x00000000c14434c8,0x00000000c2b00000)
 Metaspace       used 6367K, capacity 7192K, committed 7424K, reserved 1056768K
  class space    used 613K, capacity 656K, committed 768K, reserved 1048576K

Card table byte_map: [0x00000000117f0000,0x0000000011a00000] byte_map_base: 0x00000000111f0000

Marking Bits: (ParMarkBitMap*) 0x0000000057c84040
 Begin Bits: [0x0000000011f60000, 0x0000000012f60000)
 End Bits:   [0x0000000012f60000, 0x0000000013f60000)

Polling page: 0x0000000000680000

CodeCache: size=245760Kb used=8906Kb max_used=8930Kb free=236853Kb
 bounds [0x0000000002430000, 0x0000000002d00000, 0x0000000011430000]
 total_blobs=2173 nmethods=1903 adapters=182
 compilation: enabled

Compilation events (10 events):
Event: 8.000 Thread 0x0000000014b56800 nmethod 2007% 0x0000000002c61e90 code [0x0000000002c61fe0, 0x0000000002c62158]
Event: 8.000 Thread 0x0000000014b56800 2001       4       com.android.dx.cf.code.LocalVariableList::pcAndIndexToLocal (51 bytes)
Event: 8.005 Thread 0x0000000014b56800 nmethod 2001 0x0000000002c98590 code [0x0000000002c986e0, 0x0000000002c988f8]
Event: 8.005 Thread 0x0000000014b56800 2009 %     4       com.android.dx.ssa.SsaConverter::placePhiFunctions @ 229 (394 bytes)
Event: 8.107 Thread 0x0000000014b59000 2012       3       java.util.HashMap::resize (359 bytes)
Event: 8.108 Thread 0x0000000014b59000 nmethod 2012 0x0000000002cc3e90 code [0x0000000002cc40e0, 0x0000000002cc5308]
Event: 8.260 Thread 0x0000000014b56800 nmethod 2009% 0x0000000002ce9ed0 code [0x0000000002cea2e0, 0x0000000002cedbe8]
Event: 8.260 Thread 0x0000000014b56800 2015       4       java.util.ArrayList::remove (77 bytes)
Event: 8.269 Thread 0x0000000014b56800 nmethod 2015 0x0000000002cbd6d0 code [0x0000000002cbd820, 0x0000000002cbdbb8]
Event: 8.269 Thread 0x0000000014b56800 2013 %     4       com.android.dx.ssa.SCCP::run @ 53 (298 bytes)

GC Heap History (10 events):
Event: 2.785 GC heap before
{Heap before GC invocations=3 (full 0):
 PSYoungGen      total 18944K, used 18919K [0x00000000eab00000, 0x00000000ed000000, 0x0000000100000000)
  eden space 16384K, 100% used [0x00000000eab00000,0x00000000ebb00000,0x00000000ebb00000)
  from space 2560K, 99% used [0x00000000ebd80000,0x00000000ebff9c88,0x00000000ec000000)
  to   space 2560K, 0% used [0x00000000ebb00000,0x00000000ebb00000,0x00000000ebd80000)
 ParOldGen       total 44032K, used 2455K [0x00000000c0000000, 0x00000000c2b00000, 0x00000000eab00000)
  object space 44032K, 5% used [0x00000000c0000000,0x00000000c0265dd8,0x00000000c2b00000)
 Metaspace       used 6126K, capacity 7024K, committed 7296K, reserved 1056768K
  class space    used 592K, capacity 616K, committed 640K, reserved 1048576K
Event: 2.808 GC heap after
Heap after GC invocations=3 (full 0):
 PSYoungGen      total 18944K, used 2529K [0x00000000eab00000, 0x00000000ed000000, 0x0000000100000000)
  eden space 16384K, 0% used [0x00000000eab00000,0x00000000eab00000,0x00000000ebb00000)
  from space 2560K, 98% used [0x00000000ebb00000,0x00000000ebd78500,0x00000000ebd80000)
  to   space 2560K, 0% used [0x00000000ecd80000,0x00000000ecd80000,0x00000000ed000000)
 ParOldGen       total 44032K, used 5136K [0x00000000c0000000, 0x00000000c2b00000, 0x00000000eab00000)
  object space 44032K, 11% used [0x00000000c0000000,0x00000000c0504050,0x00000000c2b00000)
 Metaspace       used 6126K, capacity 7024K, committed 7296K, reserved 1056768K
  class space    used 592K, capacity 616K, committed 640K, reserved 1048576K
}
Event: 3.291 GC heap before
{Heap before GC invocations=4 (full 0):
 PSYoungGen      total 18944K, used 18913K [0x00000000eab00000, 0x00000000ed000000, 0x0000000100000000)
  eden space 16384K, 100% used [0x00000000eab00000,0x00000000ebb00000,0x00000000ebb00000)
  from space 2560K, 98% used [0x00000000ebb00000,0x00000000ebd78500,0x00000000ebd80000)
  to   space 2560K, 0% used [0x00000000ecd80000,0x00000000ecd80000,0x00000000ed000000)
 ParOldGen       total 44032K, used 5136K [0x00000000c0000000, 0x00000000c2b00000, 0x00000000eab00000)
  object space 44032K, 11% used [0x00000000c0000000,0x00000000c0504050,0x00000000c2b00000)
 Metaspace       used 6174K, capacity 7088K, committed 7296K, reserved 1056768K
  class space    used 592K, capacity 616K, committed 640K, reserved 1048576K
Event: 3.348 GC heap after
Heap after GC invocations=4 (full 0):
 PSYoungGen      total 35328K, used 2551K [0x00000000eab00000, 0x00000000ed000000, 0x0000000100000000)
  eden space 32768K, 0% used [0x00000000eab00000,0x00000000eab00000,0x00000000ecb00000)
  from space 2560K, 99% used [0x00000000ecd80000,0x00000000ecffdc58,0x00000000ed000000)
  to   space 2560K, 0% used [0x00000000ecb00000,0x00000000ecb00000,0x00000000ecd80000)
 ParOldGen       total 44032K, used 8230K [0x00000000c0000000, 0x00000000c2b00000, 0x00000000eab00000)
  object space 44032K, 18% used [0x00000000c0000000,0x00000000c08099d0,0x00000000c2b00000)
 Metaspace       used 6174K, capacity 7088K, committed 7296K, reserved 1056768K
  class space    used 592K, capacity 616K, committed 640K, reserved 1048576K
}
Event: 4.600 GC heap before
{Heap before GC invocations=5 (full 0):
 PSYoungGen      total 35328K, used 35319K [0x00000000eab00000, 0x00000000ed000000, 0x0000000100000000)
  eden space 32768K, 100% used [0x00000000eab00000,0x00000000ecb00000,0x00000000ecb00000)
  from space 2560K, 99% used [0x00000000ecd80000,0x00000000ecffdc58,0x00000000ed000000)
  to   space 2560K, 0% used [0x00000000ecb00000,0x00000000ecb00000,0x00000000ecd80000)
 ParOldGen       total 44032K, used 8230K [0x00000000c0000000, 0x00000000c2b00000, 0x00000000eab00000)
  object space 44032K, 18% used [0x00000000c0000000,0x00000000c08099d0,0x00000000c2b00000)
 Metaspace       used 6216K, capacity 7152K, committed 7296K, reserved 1056768K
  class space    used 592K, capacity 616K, committed 640K, reserved 1048576K
Event: 4.758 GC heap after
Heap after GC invocations=5 (full 0):
 PSYoungGen      total 35328K, used 2552K [0x00000000eab00000, 0x00000000efb00000, 0x0000000100000000)
  eden space 32768K, 0% used [0x00000000eab00000,0x00000000eab00000,0x00000000ecb00000)
  from space 2560K, 99% used [0x00000000ecb00000,0x00000000ecd7e3c0,0x00000000ecd80000)
  to   space 8192K, 0% used [0x00000000ef300000,0x00000000ef300000,0x00000000efb00000)
 ParOldGen       total 44032K, used 13226K [0x00000000c0000000, 0x00000000c2b00000, 0x00000000eab00000)
  object space 44032K, 30% used [0x00000000c0000000,0x00000000c0ceaa58,0x00000000c2b00000)
 Metaspace       used 6216K, capacity 7152K, committed 7296K, reserved 1056768K
  class space    used 592K, capacity 616K, committed 640K, reserved 1048576K
}
Event: 5.177 GC heap before
{Heap before GC invocations=6 (full 0):
 PSYoungGen      total 35328K, used 35320K [0x00000000eab00000, 0x00000000efb00000, 0x0000000100000000)
  eden space 32768K, 100% used [0x00000000eab00000,0x00000000ecb00000,0x00000000ecb00000)
  from space 2560K, 99% used [0x00000000ecb00000,0x00000000ecd7e3c0,0x00000000ecd80000)
  to   space 8192K, 0% used [0x00000000ef300000,0x00000000ef300000,0x00000000efb00000)
 ParOldGen       total 44032K, used 13226K [0x00000000c0000000, 0x00000000c2b00000, 0x00000000eab00000)
  object space 44032K, 30% used [0x00000000c0000000,0x00000000c0ceaa58,0x00000000c2b00000)
 Metaspace       used 6247K, capacity 7152K, committed 7296K, reserved 1056768K
  class space    used 593K, capacity 616K, committed 640K, reserved 1048576K
Event: 5.416 GC heap after
Heap after GC invocations=6 (full 0):
 PSYoungGen      total 72704K, used 8030K [0x00000000eab00000, 0x00000000efd00000, 0x0000000100000000)
  eden space 64512K, 0% used [0x00000000eab00000,0x00000000eab00000,0x00000000eea00000)
  from space 8192K, 98% used [0x00000000ef300000,0x00000000efad7a40,0x00000000efb00000)
  to   space 9216K, 0% used [0x00000000eea00000,0x00000000eea00000,0x00000000ef300000)
 ParOldGen       total 44032K, used 13226K [0x00000000c0000000, 0x00000000c2b00000, 0x00000000eab00000)
  object space 44032K, 30% used [0x00000000c0000000,0x00000000c0ceaa58,0x00000000c2b00000)
 Metaspace       used 6247K, capacity 7152K, committed 7296K, reserved 1056768K
  class space    used 593K, capacity 616K, committed 640K, reserved 1048576K
}
Event: 6.481 GC heap before
{Heap before GC invocations=7 (full 0):
 PSYoungGen      total 72704K, used 72542K [0x00000000eab00000, 0x00000000efd00000, 0x0000000100000000)
  eden space 64512K, 100% used [0x00000000eab00000,0x00000000eea00000,0x00000000eea00000)
  from space 8192K, 98% used [0x00000000ef300000,0x00000000efad7a40,0x00000000efb00000)
  to   space 9216K, 0% used [0x00000000eea00000,0x00000000eea00000,0x00000000ef300000)
 ParOldGen       total 44032K, used 13226K [0x00000000c0000000, 0x00000000c2b00000, 0x00000000eab00000)
  object space 44032K, 30% used [0x00000000c0000000,0x00000000c0ceaa58,0x00000000c2b00000)
 Metaspace       used 6352K, capacity 7192K, committed 7424K, reserved 1056768K
  class space    used 613K, capacity 656K, committed 768K, reserved 1048576K
Event: 6.595 GC heap after
Heap after GC invocations=7 (full 0):
 PSYoungGen      total 73728K, used 9186K [0x00000000eab00000, 0x00000000f4500000, 0x0000000100000000)
  eden space 64512K, 0% used [0x00000000eab00000,0x00000000eab00000,0x00000000eea00000)
  from space 9216K, 99% used [0x00000000eea00000,0x00000000ef2f8ba0,0x00000000ef300000)
  to   space 14336K, 0% used [0x00000000f3700000,0x00000000f3700000,0x00000000f4500000)
 ParOldGen       total 44032K, used 20749K [0x00000000c0000000, 0x00000000c2b00000, 0x00000000eab00000)
  object space 44032K, 47% used [0x00000000c0000000,0x00000000c14434c8,0x00000000c2b00000)
 Metaspace       used 6352K, capacity 7192K, committed 7424K, reserved 1056768K
  class space    used 613K, capacity 656K, committed 768K, reserved 1048576K
}

Deoptimization events (10 events):
Event: 6.131 Thread 0x00000000165ee000 Uncommon trap: reason=bimorphic action=maybe_recompile pc=0x00000000028a64f4 method=java.util.HashMap.putVal(ILjava/lang/Object;Ljava/lang/Object;ZZ)Ljava/lang/Object; @ 203
Event: 6.135 Thread 0x00000000165ee000 Uncommon trap: reason=unstable_if action=reinterpret pc=0x00000000028a60ac method=java.util.HashMap.putVal(ILjava/lang/Object;Ljava/lang/Object;ZZ)Ljava/lang/Object; @ 162
Event: 6.136 Thread 0x00000000165ee000 Uncommon trap: reason=unstable_if action=reinterpret pc=0x000000000266fb50 method=java.util.HashMap.getNode(ILjava/lang/Object;)Ljava/util/HashMap$Node; @ 84
Event: 6.610 Thread 0x00000000165b3800 Uncommon trap: reason=bimorphic action=maybe_recompile pc=0x0000000002bd1904 method=com.android.dx.cf.code.BytecodeArray.parseInstruction(ILcom/android/dx/cf/code/BytecodeArray$Visitor;)I @ 1130
Event: 6.610 Thread 0x00000000165b3800 Uncommon trap: reason=bimorphic action=maybe_recompile pc=0x0000000002bd1904 method=com.android.dx.cf.code.BytecodeArray.parseInstruction(ILcom/android/dx/cf/code/BytecodeArray$Visitor;)I @ 1130
Event: 6.631 Thread 0x00000000165ee000 Uncommon trap: reason=unstable_if action=reinterpret pc=0x0000000002bfd088 method=java.util.HashMap.getNode(ILjava/lang/Object;)Ljava/util/HashMap$Node; @ 84
Event: 7.244 Thread 0x00000000165ec800 Uncommon trap: reason=unstable_if action=reinterpret pc=0x0000000002a81094 method=com.android.dx.ssa.MoveParamCombiner$1.visitNonMoveInsn(Lcom/android/dx/ssa/NormalSsaInsn;)V @ 27
Event: 7.609 Thread 0x00000000165ec800 Uncommon trap: reason=unstable_if action=reinterpret pc=0x0000000002b26d9c method=com.android.dx.rop.code.DexTranslationAdvice.hasConstantOperation(Lcom/android/dx/rop/code/Rop;Lcom/android/dx/rop/code/RegisterSpec;Lcom/android/dx/rop/code/RegisterSpec;)Z Zä§‰“@
Event: 7.956 Thread 0x000000000222e000 Uncommon trap: reason=unstable_if action=reinterpret pc=0x0000000002b601bc method=java.util.HashMap.resize()[Ljava/util/HashMap$Node; @ 206
Event: 8.116 Thread 0x000000000222e000 Uncommon trap: reason=unstable_if action=reinterpret pc=0x0000000002ccc0c4 method=java.util.HashMap.putVal(ILjava/lang/Object;Ljava/lang/Object;ZZ)Ljava/lang/Object; @ 206

Internal exceptions (7 events):
Event: 0.102 Thread 0x000000000222e000 Exception <a 'java/lang/NoSuchMethodError': Method sun.misc.Unsafe.defineClass(Ljava/lang/String;[BII)Ljava/lang/Class; name or signature does not match> (0x00000000eab0d9f0) thrown at [C:\re\workspace\8-2-build-windows-amd64-cygwin\jdk8u51\3951\hotspot\srÂﬂÎéŒ>∫?
Event: 0.103 Thread 0x000000000222e000 Exception <a 'java/lang/NoSuchMethodError': Method sun.misc.Unsafe.prefetchRead(Ljava/lang/Object;J)V name or signature does not match> (0x00000000eab0dc80) thrown at [C:\re\workspace\8-2-build-windows-amd64-cygwin\jdk8u51\3951\hotspot\src\share\vm\prims\jûß)D@
Event: 2.283 Thread 0x00000000165ed800 Implicit null exception at 0x0000000002775578 to 0x0000000002777ded
Event: 2.288 Thread 0x00000000165ee000 Implicit null exception at 0x0000000002775578 to 0x0000000002777ded
Event: 5.930 Thread 0x00000000165ec800 Exception <a 'java/lang/ArrayIndexOutOfBoundsException': 18> (0x00000000ed1250a0) thrown at [C:\re\workspace\8-2-build-windows-amd64-cygwin\jdk8u51\3951\hotspot\src\share\vm\interpreter\interpreterRuntime.cpp, line 366]
Event: 5.931 Thread 0x00000000165ec800 Exception <a 'java/lang/ArrayIndexOutOfBoundsException'> (0x00000000ed126b70) thrown at [C:\re\workspace\8-2-build-windows-amd64-cygwin\jdk8u51\3951\hotspot\src\share\vm\runtime\sharedRuntime.cpp, line 605]
Event: 5.932 Thread 0x00000000165ec800 Exception <a 'java/lang/ArrayIndexOutOfBoundsException'> (0x00000000ed127da8) thrown at [C:\re\workspace\8-2-build-windows-amd64-cygwin\jdk8u51\3951\hotspot\src\share\vm\runtime\sharedRuntime.cpp, line 605]

Events (10 events):
Event: 7.850 Thread 0x000000000222e000 DEOPT PACKING pc=0x0000000002c1086c sp=0x000000000232e3f0
Event: 7.850 Thread 0x000000000222e000 DEOPT UNPACKING pc=0x000000000247787f sp=0x000000000232e170 mode 0
Event: 7.956 Thread 0x000000000222e000 Uncommon trap: trap_request=0xffffff65 fr.pc=0x0000000002b601bc
Event: 7.956 Thread 0x000000000222e000 DEOPT PACKING pc=0x0000000002b601bc sp=0x000000000232e140
Event: 7.956 Thread 0x000000000222e000 DEOPT UNPACKING pc=0x000000000247582a sp=0x000000000232e0a8 mode 2
Event: 8.116 Thread 0x000000000222e000 Uncommon trap: trap_request=0xffffff65 fr.pc=0x0000000002ccc0c4
Event: 8.116 Thread 0x000000000222e000 DEOPT PACKING pc=0x0000000002ccc0c4 sp=0x000000000232e380
Event: 8.116 Thread 0x000000000222e000 DEOPT UNPACKING pc=0x000000000247582a sp=0x000000000232e260 mode 2
Event: 8.149 Thread 0x000000000222e000 DEOPT PACKING pc=0x00000000028c1a2c sp=0x000000000232e230
Event: 8.149 Thread 0x000000000222e000 DEOPT UNPACKING pc=0x000000000247787f sp=0x000000000232df40 mode 0


Dynamic libraries:
0x00007ff6f9dd0000 - 0x00007ff6f9e07000 	C:\Program Files\Java\jdk1.8.0_51\bin\java.exe
0x00007fffd8be0000 - 0x00007fffd8da1000 	C:\WINDOWS\SYSTEM32\ntdll.dll
0x00007fffd6330000 - 0x00007fffd63dd000 	C:\WINDOWS\system32\KERNEL32.DLL
0x00007fffd53c0000 - 0x00007fffd55a8000 	C:\WINDOWS\system32\KERNELBASE.dll
0x00007fffd69a0000 - 0x00007fffd6a47000 	C:\WINDOWS\system32\ADVAPI32.dll
0x00007fffd6780000 - 0x00007fffd681d000 	C:\WINDOWS\system32\msvcrt.dll
0x00007fffd6cb0000 - 0x00007fffd6d0b000 	C:\WINDOWS\system32\sechost.dll
0x00007fffd6420000 - 0x00007fffd653c000 	C:\WINDOWS\system32\RPCRT4.dll
0x00007fffd7200000 - 0x00007fffd7356000 	C:\WINDOWS\system32\USER32.dll
0x00007fffd6a50000 - 0x00007fffd6bd6000 	C:\WINDOWS\system32\GDI32.dll
0x00007fffc88f0000 - 0x00007fffc8b64000 	C:\WINDOWS\WinSxS\amd64_microsoft.windows.common-controls_6595b64144ccf1df_6.0.10586.0_none_8c15ae12515e1c22\COMCTL32.dll
0x00007fffd60a0000 - 0x00007fffd631d000 	C:\WINDOWS\system32\combase.dll
0x00007fffd5f70000 - 0x00007fffd5fda000 	C:\WINDOWS\system32\bcryptPrimitives.dll
0x00007fffd63e0000 - 0x00007fffd641b000 	C:\WINDOWS\system32\IMM32.DLL
0x0000000057060000 - 0x0000000057132000 	C:\Program Files\Java\jdk1.8.0_51\jre\bin\msvcr100.dll
0x0000000057480000 - 0x0000000057d03000 	C:\Program Files\Java\jdk1.8.0_51\jre\bin\server\jvm.dll
0x00007fffd6820000 - 0x00007fffd6828000 	C:\WINDOWS\system32\PSAPI.DLL
0x00007fffd24c0000 - 0x00007fffd24c9000 	C:\WINDOWS\SYSTEM32\WSOCK32.dll
0x00007fffd6710000 - 0x00007fffd677b000 	C:\WINDOWS\system32\WS2_32.dll
0x00007fffd32e0000 - 0x00007fffd3303000 	C:\WINDOWS\SYSTEM32\WINMM.dll
0x00007fffd0c80000 - 0x00007fffd0c8a000 	C:\WINDOWS\SYSTEM32\VERSION.dll
0x00007fffd32b0000 - 0x00007fffd32dc000 	C:\WINDOWS\SYSTEM32\WINMMBASE.dll
0x00007fffd5290000 - 0x00007fffd52d3000 	C:\WINDOWS\system32\cfgmgr32.dll
0x0000000058450000 - 0x000000005845f000 	C:\Program Files\Java\jdk1.8.0_51\jre\bin\verify.dll
0x0000000058420000 - 0x0000000058449000 	C:\Program Files\Java\jdk1.8.0_51\jre\bin\java.dll
0x0000000058400000 - 0x0000000058416000 	C:\Program Files\Java\jdk1.8.0_51\jre\bin\zip.dll
0x00007fffd7570000 - 0x00007fffd8acc000 	C:\WINDOWS\system32\SHELL32.dll
0x00007fffd5660000 - 0x00007fffd5ca4000 	C:\WINDOWS\system32\windows.storage.dll
0x00007fffd6d10000 - 0x00007fffd6d62000 	C:\WINDOWS\system32\shlwapi.dll
0x00007fffd5210000 - 0x00007fffd521f000 	C:\WINDOWS\system32\kernel.appcore.dll
0x00007fffd5300000 - 0x00007fffd53b5000 	C:\WINDOWS\system32\shcore.dll
0x00007fffd5220000 - 0x00007fffd526b000 	C:\WINDOWS\system32\powrprof.dll
0x00007fffd5270000 - 0x00007fffd5284000 	C:\WINDOWS\system32\profapi.dll

VM Arguments:
jvm_args: -Djava.awt.headless=true -Xmx1024M -Dfile.encoding=windows-1252 -Duser.country=IN -Duser.language=en -Duser.variant 
java_command: com.android.dx.command.Main --dex --force-jumbo --num-threads=4 --multi-dex --output F:\STUDY\ANDROID\SAMPLES\TimeWork\app\build\intermediates\transforms\dex\debug\folders\1000\10\com.android.support-appcompat-v7-23.3.0_7ecea8525f2f21584c33707b909f7f9749c1c19c F:\STUDY\ANDROID\SAMPLES\TimeWork\app\build\intermediates\exploded-aar\com.android.support\appcompat-v7\23.3.0\jars\classes.jar
java_class_path (initial): C:\Users\Ganesh Prasad\AppData\Local\Android\sdk\build-tools\23.0.3\lib\dx.jar
Launcher Type: SUN_STANDARD

Environment Variables:
JAVA_HOME=C:\Program Files\Java\jdk1.8.0_51
PATH=C:\ProgramData\Oracle\Java\javapath;C:\Program Files (x86)\Intel\iCLS Client\;C:\Program Files\Intel\iCLS Client\;C:\Program Files (x86)\AMD APP\bin\x86_64;C:\Program Files (x86)\AMD APP\bin\x86;C:\WINDOWS\system32;C:\WINDOWS;C:\WINDOWS\System32\Wbem;C:\WINDOWS\System32\WindowsPowerShell\v1.0\;C:\Program Files (x86)\ATI Technologies\ATI.ACE\Core-Static;C:\Program Files\Intel\Intel(R) Management Engine Components\DAL;C:\Program Files\Intel\Intel(R) Management Engine Components\IPT;C:\Program Files (x86)\Intel\Intel(R) Management Engine Components\DAL;C:\Program Files (x86)\Intel\Intel(R) Management Engine Components\IPT;\;C:\Program Files (x86)\Sony\VAIO Startup Setting Tool;C:\Program Files (x86)\Brackets\command;C:\Program Files (x86)\Java\jdk1.8.0_45\bin;C:\Program Files\nodejs\;C:\Users\Ganesh Prasad\AppData\Local\GitHub\PortableGit_c7e0cbde92ba565cb218a521411d0e854079a28c\bin;C:\Users\Ganesh Prasad\AppData\Local\GitHub\PortableGit_c7e0cbde92ba565cb218a521411d0e854079a28c\cmd;C:\Program Files (x86)\AMD\ATI.ACE\Core-Static;C:\Users\Ganesh Prasad\AppData\Local\Android\sdk\platform-tools;C:\Users\Ganesh Prasad\Anaconda2;C:\Users\Ganesh Prasad\Anaconda2\Scripts;C:\Users\Ganesh Prasad\Anaconda2\Library\bin;C:\Users\Ganesh Prasad\AppData\Roaming\npm
USERNAME=Ganesh Prasad
OS=Windows_NT
PROCESSOR_IDENTIFIER=Intel64 Family 6 Model 58 Stepping 9, GenuineIntel



---------------  S Y S T E M  ---------------

OS: Windows 10.0 , 64 bit Build 10586 (10.0.10586.0)

CPU:total 4 (2 cores per cpu, 2 threads per core) family 6 model 58 stepping 9, cmov, cx8, fxsr, mmx, sse, sse2, sse3, ssse3, sse4.1, sse4.2, popcnt, avx, clmul, erms, ht, tsc, tscinvbit, tscinv

Memory: 4k page, physical 4140316k(314332k free), swap 5574940k(4120k free)

vm_info: Java HotSpot(TM) 64-Bit Server VM (25.51-b03) for windows-amd64 JRE (1.8.0_51-b16), built on Jun  8 2015 18:03:07 by "java_re" with MS VC++ 10.0 (VS2010)

time: Tue Jul 12 13:20:47 2016
elapsed time: 8 seconds (0d 0h 0m 8s)

