0x000000001760f540:   0000000016e68800 0000000016c184f0
0x000000001760f550:   0000000016e68800 000000005753ff1d
0x000000001760f560:   000000001760f868 00000001000069a0
0x000000001760f570:   00000001000069a0 0000000000000000 

Instructions: (pc=0x000000005768fe87)
0x000000005768fe67:   48 89 6c 24 30 33 ed 66 90 e8 db 35 08 00 ff c3
0x000000005768fe77:   48 63 c8 48 8b c6 48 0f af cf 48 ff c7 48 2b c1
0x000000005768fe87:   89 28 48 63 c3 48 3b 05 7d 67 58 00 7e db 48 8b
0x000000005768fe97:   6c 24 30 48 8b 5c 24 38 48 8b 74 24 40 48 83 c4 


Register to memory mapping:

RAX=0x000000001760b480 is pointing into the stack for thread: 0x0000000016e68800
RBX=0x0000000000000005 is an unknown value
RCX=0x0000000000004000 is an unknown value
RDX=0x0000000000000006 is an unknown value
RSP=0x000000001760f480 is pointing into the stack for thread: 0x0000000016e68800
RBP=0x0000000000000000 is an unknown value
RSI=0x000000001760f480 is pointing into the stack for thread: 0x0000000016e68800
RDI=0x0000000000000005 is an unknown value
R8 =0x0000000000000006 is an unknown value
R9 =0x0000000016e675f0 is an unknown value
R10={method} {0x0000000014a4d360} 'run' '()V' in 'java/lang/Thread'
R11=0x000000001751a148 is pointing into the stack for thread: 0x0000000016e68800
R12=0x0000000016e675f0 is an unknown value
R13=0x0000000016e68800 is a thread
R14=0x000000001760f548 is pointing into the stack for thread: 0x0000000016e68800
R15={method} {0x0000000014a4d360} 'run' '()V' in 'java/lang/Thread'


Stack: [0x0000000017510000,0x0000000017610000],  sp=0x000000001760f480,  free space=1021k
Native frames: (J=compiled Java code, j=interpreted, Vv=VM code, C=native code)


---------------  P R O C E S S  ---------------

Java Threads: ( => current thread )
  0x0000000016e72000 JavaThread "pool-2-thread-4" [_thread_in_vm, id=205624, stack(0x0000000017610000,0x0000000017710000)]
=>0x0000000016e68800 JavaThread "pool-2-thread-3" [_thread_in_vm, id=205620, stack(0x0000000017510000,0x0000000017610000)]
  0x0000000016e6e800 JavaThread "pool-2-thread-2" [_thread_blocked, id=205616, stack(0x0000000017410000,0x0000000017510000)]
  0x0000000016d63800 JavaThread "pool-3-thread-1" [_thread_blocked, id=205600, stack(0x0000000017310000,0x0000000017410000)]
  0x0000000016d62800 JavaThread "pool-2-thread-1" [_thread_blocked, id=205596, stack(0x0000000017210000,0x0000000017310000)]
  0x0000000016c15800 JavaThread "Service Thread" daemon [_thread_blocked, id=205540, stack(0x0000000017010000,0x0000000017110000)]
  0x0000000015419000 JavaThread "C1 CompilerThread2" daemon [_thread_blocked, id=205520, stack(0x0000000016b10000,0x0000000016c10000)]
  0x00000000153bf800 JavaThread "C2 CompilerThread1" daemon [_thread_blocked, id=205512, stack(0x0000000016a10000,0x0000000016b10000)]
  0x00000000153b9800 JavaThread "C2 CompilerThread0" daemon [_thread_blocked, id=205508, stack(0x0000000016910000,0x0000000016a10000)]
  0x00000000153b8000 JavaThread "Attach Listener" daemon [_thread_blocked, id=205504, stack(0x0000000016810000,0x0000000016910000)]
  0x00000000153cb800 JavaThread "Signal Dispatcher" daemon [_thread_blocked, id=205500, stack(0x0000000016710000,0x0000000016810000)]
  0x0000000002ce1000 JavaThread "Finalizer" daemon [_thread_blocked, id=205488, stack(0x0000000016610000,0x0000000016710000)]
  0x0000000015389800 JavaThread "Reference Handler" daemon [_thread_blocked, id=205484, stack(0x0000000016510000,0x0000000016610000)]
  0x000000000130e000 JavaThread "main" [_thread_blocked, id=205284, stack(0x0000000002af0000,0x0000000002bf0000)]

Other Threads:
  0x0000000015387000 VMThread [stack: 0x0000000016410000,0x0000000016510000] [id=205476]
  0x0000000016c17000 WatcherThread [stack: 0x0000000017110000,0x0000000017210000] [id=205544]

VM state:synchronizing (normal execution)

VM Mutex/Monitor currently owned by a thread:  ([mutex/lock_event])
[0x000000000130d0b0] Threads_lock - owner thread: 0x0000000015387000
[0x000000000130cc30] Heap_lock - owner thread: 0x0000000016e6e800

Heap:
 PSYoungGen      total 18944K, used 6294K [0x00000000eab00000, 0x00000000ec000000, 0x0000000100000000)
  eden space 16384K, 38% used [0x00000000eab00000,0x00000000eb1259a0,0x00000000ebb00000)
  from space 2560K, 0% used [0x00000000ebd80000,0x00000000ebd80000,0x00000000ec000000)
  to   space 2560K, 0% used [0x00000000ebb00000,0x00000000ebb00000,0x00000000ebd80000)
 ParOldGen       total 44032K, used 0K [0x00000000c0000000, 0x00000000c2b00000, 0x00000000eab00000)
  object space 44032K, 0% used [0x00000000c0000000,0x00000000c0000000,0x00000000c2b00000)
 Metaspace       used 4415K, capacity 5584K, committed 5760K, reserved 1058816K
  class space    used 488K, capacity 520K, committed 640K, reserved 1048576K

Card table byte_map: [0x00000000120b0000,0x00000000122c0000] byte_map_base: 0x0000000011ab0000

Marking Bits: (ParMarkBitMap*) 0x0000000057c84040
 Begin Bits: [0x0000000012820000, 0x0000000013820000)
 End Bits:   [0x0000000013820000, 0x0000000014820000)

Polling page: 0x0000000001280000

CodeCache: size=245760Kb used=1600Kb max_used=1600Kb free=244159Kb
 bounds [0x0000000002cf0000, 0x0000000002f60000, 0x0000000011cf0000]
 total_blobs=519 nmethods=255 adapters=177
 compilation: enabled

Compilation events (10 events):
Event: 1.162 Thread 0x0000000015419000  236       3       sun.util.calendar.CalendarDate::setYear (20 bytes)
Event: 1.162 Thread 0x0000000015419000 nmethod 236 0x0000000002e77310 code [0x0000000002e77460, 0x0000000002e775f0]
Event: 1.162 Thread 0x0000000015419000  237       3       sun.util.calendar.CalendarDate::setMonth (20 bytes)
Event: 1.162 Thread 0x0000000015419000 nmethod 237 0x0000000002e77650 code [0x0000000002e777a0, 0x0000000002e77930]
Event: 1.162 Thread 0x0000000015419000  238       3       sun.util.calendar.CalendarDate::setDayOfMonth (20 bytes)
Event: 1.162 Thread 0x0000000015419000 nmethod 238 0x0000000002e77990 code [0x0000000002e77ae0, 0x0000000002e77c70]
Event: 1.162 Thread 0x0000000015419000  240       3       java.security.CodeSource::getCertificates (98 bytes)
Event: 1.164 Thread 0x0000000015419000 nmethod 240 0x0000000002e77cd0 code [0x0000000002e77f00, 0x0000000002e78ad8]
Event: 1.169 Thread 0x0000000015419000  241   !   3       java.lang.ClassLoader::getPackage (118 bytes)
Event: 1.170 Thread 0x0000000015419000 nmethod 241 0x0000000002e78f10 code [0x0000000002e79120, 0x0000000002e79e58]

GC Heap History (0 events):
No events

Deoptimization events (0 events):
No events

Internal exceptions (2 events):
Event: 0.196 Thread 0x000000000130e000 Exception <a 'java/lang/NoSuchMethodError': Method sun.misc.Unsafe.defineClass(Ljava/lang/String;[BII)Ljava/lang/Class; name or signature does not match> (0x00000000eab0d940) thrown at [C:\re\workspace\8-2-build-windows-amd64-cygwin\jdk8u51\3951\hotspot\srœEö)ÍÉ?
Event: 0.196 Thread 0x000000000130e000 Exception <a 'java/lang/NoSuchMethodError': Method sun.misc.Unsafe.prefetchRead(Ljava/lang/Object;J)V name or signature does not match> (0x00000000eab0dbd0) thrown at [C:\re\workspace\8-2-build-windows-amd64-cygwin\jdk8u51\3951\hotspot\src\share\vm\prims\j

Events (10 events):
Event: 1.165 loading class com/android/dx/rop/code/InsnList
Event: 1.165 loading class com/android/dx/rop/code/InsnList done
Event: 1.166 loading class com/android/dx/rop/code/LocalItem
Event: 1.166 loading class com/android/dx/rop/code/LocalItem done
Event: 1.167 loading class com/android/dx/rop/code/RegisterSpec
Event: 1.167 loading class com/android/dx/rop/code/RegisterSpec done
Event: 1.168 loading class com/android/dx/rop/code/RegisterSpec$ForComparison
Event: 1.168 loading class com/android/dx/rop/code/RegisterSpec$ForComparison done
Event: 1.169 loading class com/android/dx/rop/code/Rops
Event: 1.169 loading class com/android/dx/rop/code/Rops done


Dynamic libraries:
0x00007ff725bf0000 - 0x00007ff725c27000 	C:\Program Files\Java\jdk1.8.0_51\bin\java.exe
0x00007fffd8be0000 - 0x00007fffd8da1000 	C:\WINDOWS\SYSTEM32\ntdll.dll
0x00007fffd6330000 - 0x00007fffd63dd000 	C:\WINDOWS\system32\KERNEL32.DLL
0x00007fffd53c0000 - 0x00007fffd55a8000 	C:\WINDOWS\system32\KERNELBASE.dll
0x00007fffd69a0000 - 0x00007fffd6a47000 	C:\WINDOWS\system32\ADVAPI32.dll
0x00007fffd6780000 - 0x00007fffd681d000 	C:\WINDOWS\system32\msvcrt.dll
0x00007fffd6cb0000 - 0x00007fffd6d0b000 	C:\WINDOWS\system32\sechost.dll
0x00007fffd6420000 - 0x00007fffd653c000 	C:\WINDOWS\system32\RPCRT4.dll
0x00007fffd7200000 - 0x00007fffd7356000 	C:\WINDOWS\system32\USER32.dll
0x00007fffd6a50000 - 0x00007fffd6bd6000 	C:\WINDOWS\system32\GDI32.dll
0x00007fffc88f0000 - 0x00007fffc8b64000 	C:\WINDOWS\WinSxS\amd64_microsoft.windows.common-controls_6595b64144ccf1df_6.0.10586.0_none_8c15ae12515e1c22\COMCTL32.dll
0x00007fffd60a0000 - 0x00007fffd631d000 	C:\WINDOWS\system32\combase.dll
0x00007fffd5f70000 - 0x00007fffd5fda000 	C:\WINDOWS\system32\bcryptPrimitives.dll
0x00007fffd63e0000 - 0x00007fffd641b000 	C:\WINDOWS\system32\IMM32.DLL
0x0000000057060000 - 0x0000000057132000 	C:\Program Files\Java\jdk1.8.0_51\jre\bin\msvcr100.dll
0x0000000057480000 - 0x0000000057d03000 	C:\Program Files\Java\jdk1.8.0_51\jre\bin\server\jvm.dll
0x00007fffd6820000 - 0x00007fffd6828000 	C:\WINDOWS\system32\PSAPI.DLL
0x00007fffd3080000 - 0x00007fffd3089000 	C:\WINDOWS\SYSTEM32\WSOCK32.dll
0x00007fffd6710000 - 0x00007fffd677b000 	C:\WINDOWS\system32\WS2_32.dll
0x00007fffd32e0000 - 0x00007fffd3303000 	C:\WINDOWS\SYSTEM32\WINMM.dll
0x00007fffd0c80000 - 0x00007fffd0c8a000 	C:\WINDOWS\SYSTEM32\VERSION.dll
0x00007fffd32b0000 - 0x00007fffd32dc000 	C:\WINDOWS\SYSTEM32\WINMMBASE.dll
0x00007fffd5290000 - 0x00007fffd52d3000 	C:\WINDOWS\system32\cfgmgr32.dll
0x0000000058450000 - 0x000000005845f000 	C:\Program Files\Java\jdk1.8.0_51\jre\bin\verify.dll
0x0000000058420000 - 0x0000000058449000 	C:\Program Files\Java\jdk1.8.0_51\jre\bin\java.dll
0x0000000058400000 - 0x0000000058416000 	C:\Program Files\Java\jdk1.8.0_51\jre\bin\zip.dll
0x00007fffd7570000 - 0x00007fffd8acc000 	C:\WINDOWS\system32\SHELL32.dll
0x00007fffd5660000 - 0x00007fffd5ca4000 	C:\WINDOWS\system32\windows.storage.dll
0x00007fffd6d10000 - 0x00007fffd6d62000 	C:\WINDOWS\system32\shlwapi.dll
0x00007fffd5210000 - 0x00007fffd521f000 	C:\WINDOWS\system32\kernel.appcore.dll
0x00007fffd5300000 - 0x00007fffd53b5000 	C:\WINDOWS\system32\shcore.dll
0x00007fffd5220000 - 0x00007fffd526b000 	C:\WINDOWS\system32\powrprof.dll
0x00007fffd5270000 - 0x00007fffd5284000 	C:\WINDOWS\system32\profapi.dll

VM Arguments:
jvm_args: -Djava.awt.headless=true -Xmx1024M -Dfile.encoding=windows-1252 -Duser.country=IN -Duser.language=en -Duser.variant 
java_command: com.android.dx.command.Main --dex --force-jumbo --num-threads=4 --multi-dex --output F:\STUDY\ANDROID\SAMPLES\TimeWork\app\build\intermediates\transforms\dex\debug\folders\1000\5\slice_8 F:\STUDY\ANDROID\SAMPLES\TimeWork\app\build\intermediates\transforms\instantRunSlicer\debug\folders\1\5\slice_8
java_class_path (initial): C:\Users\Ganesh Prasad\AppData\Local\Android\sdk\build-tools\23.0.3\lib\dx.jar
Launcher Type: SUN_STANDARD

Environment Variables:
JAVA_HOME=C:\Program Files\Java\jdk1.8.0_51
PATH=C:\ProgramData\Oracle\Java\javapath;C:\Program Files (x86)\Intel\iCLS Client\;C:\Program Files\Intel\iCLS Client\;C:\Program Files (x86)\AMD APP\bin\x86_64;C:\Program Files (x86)\AMD APP\bin\x86;C:\WINDOWS\system32;C:\WINDOWS;C:\WINDOWS\System32\Wbem;C:\WINDOWS\System32\WindowsPowerShell\v1.0\;C:\Program Files (x86)\ATI Technologies\ATI.ACE\Core-Static;C:\Program Files\Intel\Intel(R) Management Engine Components\DAL;C:\Program Files\Intel\Intel(R) Management Engine Components\IPT;C:\Program Files (x86)\Intel\Intel(R) Management Engine Components\DAL;C:\Program Files (x86)\Intel\Intel(R) Management Engine Components\IPT;\;C:\Program Files (x86)\Sony\VAIO Startup Setting Tool;C:\Program Files (x86)\Brackets\command;C:\Program Files (x86)\Java\jdk1.8.0_45\bin;C:\Program Files\nodejs\;C:\Users\Ganesh Prasad\AppData\Local\GitHub\PortableGit_c7e0cbde92ba565cb218a521411d0e854079a28c\bin;C:\Users\Ganesh Prasad\AppData\Local\GitHub\PortableGit_c7e0cbde92ba565cb218a521411d0e854079a28c\cmd;C:\Program Files (x86)\AMD\ATI.ACE\Core-Static;C:\Users\Ganesh Prasad\AppData\Local\Android\sdk\platform-tools;C:\Users\Ganesh Prasad\Anaconda2;C:\Users\Ganesh Prasad\Anaconda2\Scripts;C:\Users\Ganesh Prasad\Anaconda2\Library\bin;C:\Users\Ganesh Prasad\AppData\Roaming\npm
USERNAME=Ganesh Prasad
OS=Windows_NT
PROCESSOR_IDENTIFIER=Intel64 Family 6 Model 58 Stepping 9, GenuineIntel



---------------  S Y S T E M  ---------------

OS: Windows 10.0 , 64 bit Build 10586 (10.0.10586.0)

CPU:total 4 (2 cores per cpu, 2 threads per core) family 6 model 58 stepping 9, cmov, cx8, fxsr, mmx, sse, sse2, sse3, ssse3, sse4.1, sse4.2, popcnt, avx, clmul, erms, ht, tsc, tscinvbit, tscinv

Memory: 4k page, physical 4140316k(292952k free), swap 5574940k(68k free)

vm_info: Java HotSpot(TM) 64-Bit Server VM (25.51-b03) for windows-amd64 JRE (1.8.0_51-b16), built on Jun  8 2015 18:03:07 by "java_re" with MS VC++ 10.0 (VS2010)

time: Wed Jul 13 16:32:20 2016
elapsed time: 1 seconds (0d 0h 0m 1s)

