#
# There is insufficient memory for the Java Runtime Environment to continue.
# Native memory allocation (malloc) failed to allocate 88256 bytes for Chunk::new
# Possible reasons:
#   The system is out of physical RAM or swap space
#   In 32 bit mode, the process size limit was hit
# Possible solutions:
#   Reduce memory load on the system
#   Increase physical memory or swap space
#   Check if swap backing store is full
#   Use 64 bit Java on a 64 bit OS
#   Decrease Java heap size (-Xmx/-Xms)
#   Decrease number of Java threads
#   Decrease Java thread stack sizes (-Xss)
#   Set larger code cache with -XX:ReservedCodeCacheSize=
# This output file may be truncated or incomplete.
#
#  Out of Memory Error (allocation.cpp:390), pid=22948, tid=22628
#
# JRE version: Java(TM) SE Runtime Environment (8.0_51-b16) (build 1.8.0_51-b16)
# Java VM: Java HotSpot(TM) 64-Bit Server VM (25.51-b03 mixed mode windows-amd64 compressed oops)
# Failed to write core dump. Minidumps are not enabled by default on client versions of Windows
#

---------------  T H R E A D  ---------------

Current thread (0x00000000157eb000):  JavaThread "C2 CompilerThread0" daemon [_thread_in_native, id=22628, stack(0x0000000016d40000,0x0000000016e40000)]

Stack: [0x0000000016d40000,0x0000000016e40000]
Native frames: (J=compiled Java code, j=interpreted, Vv=VM code, C=native code)
V  [jvm.dll+0x32b4ca]


Current CompileTask:
C2:   2887 1242       4       com.android.dx.rop.cst.CstBaseMethodRef::compareTo0 (29 bytes)


---------------  P R O C E S S  ---------------

Java Threads: ( => current thread )
  0x00000000171b6000 JavaThread "pool-1-thread-1" [_thread_in_vm, id=22904, stack(0x0000000019310000,0x0000000019410000)]
  0x0000000016f4f000 JavaThread "Service Thread" daemon [_thread_blocked, id=23340, stack(0x0000000017440000,0x0000000017540000)]
  0x0000000016f48800 JavaThread "C1 CompilerThread2" daemon [_thread_in_native, id=23220, stack(0x0000000017340000,0x0000000017440000)]
  0x00000000157f0800 JavaThread "C2 CompilerThread1" daemon [_thread_in_native, id=23028, stack(0x0000000016e40000,0x0000000016f40000)]
=>0x00000000157eb000 JavaThread "C2 CompilerThread0" daemon [_thread_in_native, id=22628, stack(0x0000000016d40000,0x0000000016e40000)]
  0x00000000157e8000 JavaThread "Attach Listener" daemon [_thread_blocked, id=21876, stack(0x0000000016c40000,0x0000000016d40000)]
  0x00000000157e7000 JavaThread "Signal Dispatcher" daemon [_thread_blocked, id=21920, stack(0x0000000016b40000,0x0000000016c40000)]
  0x00000000030d1000 JavaThread "Finalizer" daemon [_thread_blocked, id=22676, stack(0x0000000016a40000,0x0000000016b40000)]
  0x00000000030ce000 JavaThread "Reference Handler" daemon [_thread_blocked, id=22536, stack(0x0000000016940000,0x0000000016a40000)]
  0x000000000311e000 JavaThread "main" [_thread_blocked, id=22008, stack(0x0000000002eb0000,0x0000000002fb0000)]

Other Threads:
  0x00000000157b7000 VMThread [stack: 0x0000000016840000,0x0000000016940000] [id=22924]
  0x0000000016f50800 WatcherThread [stack: 0x0000000017540000,0x0000000017640000] [id=23144]

VM state:not at safepoint (normal execution)

VM Mutex/Monitor currently owned by a thread: None

Heap:
 PSYoungGen      total 35328K, used 8281K [0x00000000eab00000, 0x00000000ed000000, 0x0000000100000000)
  eden space 32768K, 17% used [0x00000000eab00000,0x00000000eb098f90,0x00000000ecb00000)
  from space 2560K, 99% used [0x00000000ecd80000,0x00000000ecffd840,0x00000000ed000000)
  to   space 2560K, 0% used [0x00000000ecb00000,0x00000000ecb00000,0x00000000ecd80000)
 ParOldGen       total 44032K, used 3851K [0x00000000c0000000, 0x00000000c2b00000, 0x00000000eab00000)
  object space 44032K, 8% used [0x00000000c0000000,0x00000000c03c2ca0,0x00000000c2b00000)
 Metaspace       used 5957K, capacity 6960K, committed 7040K, reserved 1056768K
  class space    used 597K, capacity 616K, committed 640K, reserved 1048576K

Card table byte_map: [0x00000000124e0000,0x00000000126f0000] byte_map_base: 0x0000000011ee0000

Marking Bits: (ParMarkBitMap*) 0x0000000069774040
 Begin Bits: [0x0000000012c50000, 0x0000000013c50000)
 End Bits:   [0x0000000013c50000, 0x0000000014c50000)

Polling page: 0x0000000000ff0000

CodeCache: size=245760Kb used=5251Kb max_used=5251Kb free=240508Kb
 bounds [0x0000000003120000, 0x0000000003650000, 0x0000000012120000]
 total_blobs=1520 nmethods=1251 adapters=182
 compilation: enabled

Compilation events (10 events):
Event: 2.878 Thread 0x0000000016f48800 nmethod 1248 0x0000000003622990 code [0x0000000003622b00, 0x0000000003622ee8]
Event: 2.878 Thread 0x0000000016f48800 1249       3       com.android.dx.dex.file.EncodedMethod::compareTo (12 bytes)
Event: 2.878 Thread 0x00000000157f0800 nmethod 1243 0x0000000003634290 code [0x0000000003634400, 0x0000000003634618]
Event: 2.878 Thread 0x00000000157f0800 1250       4       java.util.Arrays::hashCode (56 bytes)
Event: 2.879 Thread 0x0000000016f48800 nmethod 1249 0x0000000003635190 code [0x0000000003635360, 0x0000000003635d08]
Event: 2.879 Thread 0x0000000016f48800 1251       3       com.android.dx.rop.cst.CstType::hashCode (8 bytes)
Event: 2.879 Thread 0x0000000016f48800 nmethod 1251 0x0000000003634c10 code [0x0000000003634d80, 0x0000000003635068]
Event: 2.879 Thread 0x0000000016f48800 1247       1       com.android.dx.dex.file.DexFile::getWordData (5 bytes)
Event: 2.879 Thread 0x0000000016f48800 nmethod 1247 0x0000000003634950 code [0x0000000003634aa0, 0x0000000003634bb0]
Event: 2.879 Thread 0x0000000016f48800 1245       1       com.android.dx.dex.file.OffsettedItem::getAlignment (5 bytes)

GC Heap History (4 events):
Event: 0.983 GC heap before
{Heap before GC invocations=1 (full 0):
 PSYoungGen      total 18944K, used 16384K [0x00000000eab00000, 0x00000000ec000000, 0x0000000100000000)
  eden space 16384K, 100% used [0x00000000eab00000,0x00000000ebb00000,0x00000000ebb00000)
  from space 2560K, 0% used [0x00000000ebd80000,0x00000000ebd80000,0x00000000ec000000)
  to   space 2560K, 0% used [0x00000000ebb00000,0x00000000ebb00000,0x00000000ebd80000)
 ParOldGen       total 44032K, used 0K [0x00000000c0000000, 0x00000000c2b00000, 0x00000000eab00000)
  object space 44032K, 0% used [0x00000000c0000000,0x00000000c0000000,0x00000000c2b00000)
 Metaspace       used 5719K, capacity 6768K, committed 7040K, reserved 1056768K
  class space    used 590K, capacity 616K, committed 640K, reserved 1048576K
Event: 1.024 GC heap after
Heap after GC invocations=1 (full 0):
 PSYoungGen      total 18944K, used 2544K [0x00000000eab00000, 0x00000000ed000000, 0x0000000100000000)
  eden space 16384K, 0% used [0x00000000eab00000,0x00000000eab00000,0x00000000ebb00000)
  from space 2560K, 99% used [0x00000000ebb00000,0x00000000ebd7c028,0x00000000ebd80000)
  to   space 2560K, 0% used [0x00000000ecd80000,0x00000000ecd80000,0x00000000ed000000)
 ParOldGen       total 44032K, used 2024K [0x00000000c0000000, 0x00000000c2b00000, 0x00000000eab00000)
  object space 44032K, 4% used [0x00000000c0000000,0x00000000c01fa3f0,0x00000000c2b00000)
 Metaspace       used 5719K, capacity 6768K, committed 7040K, reserved 1056768K
  class space    used 590K, capacity 616K, committed 640K, reserved 1048576K
}
Event: 2.016 GC heap before
{Heap before GC invocations=2 (full 0):
 PSYoungGen      total 18944K, used 18928K [0x00000000eab00000, 0x00000000ed000000, 0x0000000100000000)
  eden space 16384K, 100% used [0x00000000eab00000,0x00000000ebb00000,0x00000000ebb00000)
  from space 2560K, 99% used [0x00000000ebb00000,0x00000000ebd7c028,0x00000000ebd80000)
  to   space 2560K, 0% used [0x00000000ecd80000,0x00000000ecd80000,0x00000000ed000000)
 ParOldGen       total 44032K, used 2024K [0x00000000c0000000, 0x00000000c2b00000, 0x00000000eab00000)
  object space 44032K, 4% used [0x00000000c0000000,0x00000000c01fa3f0,0x00000000c2b00000)
 Metaspace       used 5905K, capacity 6896K, committed 7040K, reserved 1056768K
  class space    used 593K, capacity 616K, committed 640K, reserved 1048576K
Event: 2.024 GC heap after
Heap after GC invocations=2 (full 0):
 PSYoungGen      total 35328K, used 2550K [0x00000000eab00000, 0x00000000ed000000, 0x0000000100000000)
  eden space 32768K, 0% used [0x00000000eab00000,0x00000000eab00000,0x00000000ecb00000)
  from space 2560K, 99% used [0x00000000ecd80000,0x00000000ecffd840,0x00000000ed000000)
  to   space 2560K, 0% used [0x00000000ecb00000,0x00000000ecb00000,0x00000000ecd80000)
 ParOldGen       total 44032K, used 3851K [0x00000000c0000000, 0x00000000c2b00000, 0x00000000eab00000)
  object space 44032K, 8% used [0x00000000c0000000,0x00000000c03c2ca0,0x00000000c2b00000)
 Metaspace       used 5905K, capacity 6896K, committed 7040K, reserved 1056768K
  class space    used 593K, capacity 616K, committed 640K, reserved 1048576K
}

Deoptimization events (10 events):
Event: 2.154 Thread 0x00000000171b6000 Uncommon trap: reason=bimorphic action=maybe_recompile pc=0x00000000035233c0 method=com.android.dx.cf.code.BytecodeArray.parseInstruction(ILcom/android/dx/cf/code/BytecodeArray$Visitor;)I @ 1051
Event: 2.154 Thread 0x00000000171b6000 Uncommon trap: reason=bimorphic action=maybe_recompile pc=0x0000000003523344 method=com.android.dx.cf.code.BytecodeArray.parseInstruction(ILcom/android/dx/cf/code/BytecodeArray$Visitor;)I @ 1035
Event: 2.805 Thread 0x00000000171b6000 Uncommon trap: reason=class_check action=maybe_recompile pc=0x00000000035ccd08 method=java.util.Arrays.hashCode([Ljava/lang/Object;)I @ 43
Event: 2.805 Thread 0x00000000171b6000 Uncommon trap: reason=class_check action=maybe_recompile pc=0x00000000035ccd08 method=java.util.Arrays.hashCode([Ljava/lang/Object;)I @ 43
Event: 2.805 Thread 0x00000000171b6000 Uncommon trap: reason=class_check action=maybe_recompile pc=0x00000000035ccd08 method=java.util.Arrays.hashCode([Ljava/lang/Object;)I @ 43
Event: 2.805 Thread 0x00000000171b6000 Uncommon trap: reason=class_check action=maybe_recompile pc=0x00000000035ccd08 method=java.util.Arrays.hashCode([Ljava/lang/Object;)I @ 43
Event: 2.806 Thread 0x00000000171b6000 Uncommon trap: reason=class_check action=maybe_recompile pc=0x0000000003531028 method=java.util.Arrays.hashCode([Ljava/lang/Object;)I @ 43
Event: 2.878 Thread 0x00000000171b6000 Uncommon trap: reason=bimorphic action=maybe_recompile pc=0x000000000337d870 method=java.util.HashMap.getNode(ILjava/lang/Object;)Ljava/util/HashMap$Node; @ 126
Event: 2.878 Thread 0x00000000171b6000 Uncommon trap: reason=bimorphic action=maybe_recompile pc=0x000000000337d870 method=java.util.HashMap.getNode(ILjava/lang/Object;)Ljava/util/HashMap$Node; @ 126
Event: 2.878 Thread 0x00000000171b6000 Uncommon trap: reason=bimorphic action=maybe_recompile pc=0x00000000034028b4 method=java.util.HashMap.getNode(ILjava/lang/Object;)Ljava/util/HashMap$Node; @ 126

Internal exceptions (2 events):
Event: 0.056 Thread 0x000000000311e000 Exception <a 'java/lang/NoSuchMethodError': Method sun.misc.Unsafe.defineClass(Ljava/lang/String;[BII)Ljava/lang/Class; name or signature does not match> (0x00000000eab0da98) thrown at [C:\re\workspace\8-2-build-windows-amd64-cygwin\jdk8u51\3951\hotspot\srç:ÏÂ√≥¨?
Event: 0.056 Thread 0x000000000311e000 Exception <a 'java/lang/NoSuchMethodError': Method sun.misc.Unsafe.prefetchRead(Ljava/lang/Object;J)V name or signature does not match> (0x00000000eab0dd28) thrown at [C:\re\workspace\8-2-build-windows-amd64-cygwin\jdk8u51\3951\hotspot\src\share\vm\prims\j

Events (10 events):
Event: 2.806 Thread 0x00000000171b6000 DEOPT UNPACKING pc=0x000000000316582a sp=0x000000001940ea28 mode 2
Event: 2.878 Thread 0x00000000171b6000 Uncommon trap: trap_request=0xffffffc6 fr.pc=0x000000000337d870
Event: 2.878 Thread 0x00000000171b6000 DEOPT PACKING pc=0x000000000337d870 sp=0x000000001940eba0
Event: 2.878 Thread 0x00000000171b6000 DEOPT UNPACKING pc=0x000000000316582a sp=0x000000001940eab8 mode 2
Event: 2.878 Thread 0x00000000171b6000 Uncommon trap: trap_request=0xffffffc6 fr.pc=0x000000000337d870
Event: 2.878 Thread 0x00000000171b6000 DEOPT PACKING pc=0x000000000337d870 sp=0x000000001940eba0
Event: 2.878 Thread 0x00000000171b6000 DEOPT UNPACKING pc=0x000000000316582a sp=0x000000001940eab8 mode 2
Event: 2.878 Thread 0x00000000171b6000 Uncommon trap: trap_request=0xffffffc6 fr.pc=0x00000000034028b4
Event: 2.878 Thread 0x00000000171b6000 DEOPT PACKING pc=0x00000000034028b4 sp=0x000000001940eb20
Event: 2.878 Thread 0x00000000171b6000 DEOPT UNPACKING pc=0x000000000316582a sp=0x000000001940eab8 mode 2


Dynamic libraries:
0x00007ff62ffd0000 - 0x00007ff630007000 	C:\Program Files\Java\jdk1.8.0_51\bin\java.exe
0x00007ffb211e0000 - 0x00007ffb213b1000 	C:\WINDOWS\SYSTEM32\ntdll.dll
0x00007ffb20e50000 - 0x00007ffb20efb000 	C:\WINDOWS\System32\KERNEL32.DLL
0x00007ffb1da70000 - 0x00007ffb1dc8d000 	C:\WINDOWS\System32\KERNELBASE.dll
0x00007ffb1e770000 - 0x00007ffb1e812000 	C:\WINDOWS\System32\ADVAPI32.dll
0x00007ffb1f720000 - 0x00007ffb1f7be000 	C:\WINDOWS\System32\msvcrt.dll
0x00007ffb21180000 - 0x00007ffb211d9000 	C:\WINDOWS\System32\sechost.dll
0x00007ffb1e890000 - 0x00007ffb1e9b1000 	C:\WINDOWS\System32\RPCRT4.dll
0x00007ffb1ee10000 - 0x00007ffb1ef75000 	C:\WINDOWS\System32\USER32.dll
0x00007ffb1e410000 - 0x00007ffb1e42e000 	C:\WINDOWS\System32\win32u.dll
0x00007ffb1f7c0000 - 0x00007ffb1f7f4000 	C:\WINDOWS\System32\GDI32.dll
0x00007ffb1e430000 - 0x00007ffb1e5b2000 	C:\WINDOWS\System32\gdi32full.dll
0x00007ffb0bdd0000 - 0x00007ffb0c049000 	C:\WINDOWS\WinSxS\amd64_microsoft.windows.common-controls_6595b64144ccf1df_6.0.14393.447_none_42191651c6827bb3\COMCTL32.dll
0x00007ffb1f020000 - 0x00007ffb1f2e8000 	C:\WINDOWS\System32\combase.dll
0x00007ffb1e5c0000 - 0x00007ffb1e6b5000 	C:\WINDOWS\System32\ucrtbase.dll
0x00007ffb1d8a0000 - 0x00007ffb1d90a000 	C:\WINDOWS\System32\bcryptPrimitives.dll
0x00007ffb21150000 - 0x00007ffb2117e000 	C:\WINDOWS\System32\IMM32.DLL
0x0000000069800000 - 0x00000000698d2000 	C:\Program Files\Java\jdk1.8.0_51\jre\bin\msvcr100.dll
0x0000000068f70000 - 0x00000000697f3000 	C:\Program Files\Java\jdk1.8.0_51\jre\bin\server\jvm.dll
0x00007ffb20e40000 - 0x00007ffb20e48000 	C:\WINDOWS\System32\PSAPI.DLL
0x00007ffb15dc0000 - 0x00007ffb15dc9000 	C:\WINDOWS\SYSTEM32\WSOCK32.dll
0x00007ffb1e820000 - 0x00007ffb1e88a000 	C:\WINDOWS\System32\WS2_32.dll
0x00007ffb1b560000 - 0x00007ffb1b583000 	C:\WINDOWS\SYSTEM32\WINMM.dll
0x00007ffb19f60000 - 0x00007ffb19f6a000 	C:\WINDOWS\SYSTEM32\VERSION.dll
0x00007ffb1b530000 - 0x00007ffb1b55b000 	C:\WINDOWS\SYSTEM32\WINMMBASE.dll
0x00007ffb1e6c0000 - 0x00007ffb1e702000 	C:\WINDOWS\System32\cfgmgr32.dll
0x0000000068f60000 - 0x0000000068f6f000 	C:\Program Files\Java\jdk1.8.0_51\jre\bin\verify.dll
0x0000000068f30000 - 0x0000000068f59000 	C:\Program Files\Java\jdk1.8.0_51\jre\bin\java.dll
0x0000000068f10000 - 0x0000000068f26000 	C:\Program Files\Java\jdk1.8.0_51\jre\bin\zip.dll
0x00007ffb1f800000 - 0x00007ffb20d09000 	C:\WINDOWS\System32\SHELL32.dll
0x00007ffb1dc90000 - 0x00007ffb1e36a000 	C:\WINDOWS\System32\windows.storage.dll
0x00007ffb1d680000 - 0x00007ffb1d6cc000 	C:\WINDOWS\System32\powrprof.dll
0x00007ffb20de0000 - 0x00007ffb20e32000 	C:\WINDOWS\System32\shlwapi.dll
0x00007ffb1d670000 - 0x00007ffb1d67f000 	C:\WINDOWS\System32\kernel.appcore.dll
0x00007ffb1d9c0000 - 0x00007ffb1da69000 	C:\WINDOWS\System32\shcore.dll
0x00007ffb1d640000 - 0x00007ffb1d654000 	C:\WINDOWS\System32\profapi.dll

VM Arguments:
jvm_args: -Djava.awt.headless=true -Xmx1024M -Dfile.encoding=windows-1252 -Duser.country=IN -Duser.language=en -Duser.variant 
java_command: com.android.dx.command.Main --dex --force-jumbo --num-threads=4 --multi-dex --output F:\Android_Projects\Mine\TimeWork\app\build\intermediates\transforms\dex\debug\folders\1000\10\com.android.support-support-vector-drawable-23.3.0_3083617a3c47cd4bd710bfa4aaec1c864f3880b8 F:\Android_Projects\Mine\TimeWork\app\build\intermediates\exploded-aar\com.android.support\support-vector-drawable\23.3.0\jars\classes.jar
java_class_path (initial): C:\Users\Ganesh Prasad\AppData\Local\Android\sdk\build-tools\23.0.3\lib\dx.jar
Launcher Type: SUN_STANDARD

Environment Variables:
JAVA_HOME=C:\Program Files\Java\jdk1.8.0_51
PATH=C:\ProgramData\Oracle\Java\javapath;C:\Program Files (x86)\Intel\iCLS Client\;C:\Program Files\Intel\iCLS Client\;C:\Program Files (x86)\AMD APP\bin\x86_64;C:\Program Files (x86)\AMD APP\bin\x86;C:\WINDOWS\system32;C:\WINDOWS;C:\WINDOWS\System32\Wbem;C:\WINDOWS\System32\WindowsPowerShell\v1.0\;C:\Program Files (x86)\ATI Technologies\ATI.ACE\Core-Static;C:\Program Files\Intel\Intel(R) Management Engine Components\DAL;C:\Program Files\Intel\Intel(R) Management Engine Components\IPT;C:\Program Files (x86)\Intel\Intel(R) Management Engine Components\DAL;C:\Program Files (x86)\Intel\Intel(R) Management Engine Components\IPT;\;C:\Program Files (x86)\Sony\VAIO Startup Setting Tool;C:\Program Files (x86)\Java\jdk1.8.0_45\bin;C:\Program Files\nodejs\;C:\Users\Ganesh Prasad\AppData\Local\GitHub\PortableGit_c7e0cbde92ba565cb218a521411d0e854079a28c\bin;C:\Users\Ganesh Prasad\AppData\Local\GitHub\PortableGit_c7e0cbde92ba565cb218a521411d0e854079a28c\cmd;C:\Program Files (x86)\AMD\ATI.ACE\Core-Static;C:\Users\Ganesh Prasad\AppData\Local\Android\sdk\platform-tools;C:\Program Files (x86)\Brackets\command;C:\Users\Ganesh Prasad\Anaconda2;C:\Users\Ganesh Prasad\Anaconda2\Scripts;C:\Users\Ganesh Prasad\Anaconda2\Library\bin;C:\Users\Ganesh Prasad\AppData\Roaming\npm;C:\Users\Ganesh Prasad\AppData\Local\Microsoft\WindowsApps;
USERNAME=Ganesh Prasad
OS=Windows_NT
PROCESSOR_IDENTIFIER=Intel64 Family 6 Model 58 Stepping 9, GenuineIntel



---------------  S Y S T E M  ---------------

OS: Windows 10.0 , 64 bit Build 14393 (10.0.14393.0)

CPU:total 4 (2 cores per cpu, 2 threads per core) family 6 model 58 stepping 9, cmov, cx8, fxsr, mmx, sse, sse2, sse3, ssse3, sse4.1, sse4.2, popcnt, avx, clmul, erms, ht, tsc, tscinvbit, tscinv

Memory: 4k page, physical 4140316k(489012k free), swap 5574940k(2036k free)

vm_info: Java HotSpot(TM) 64-Bit Server VM (25.51-b03) for windows-amd64 JRE (1.8.0_51-b16), built on Jun  8 2015 18:03:07 by "java_re" with MS VC++ 10.0 (VS2010)

time: Fri Jan 27 17:44:55 2017
elapsed time: 2 seconds (0d 0h 0m 2s)

