#
# There is insufficient memory for the Java Runtime Environment to continue.
# Native memory allocation (malloc) failed to allocate 523056 bytes for Chunk::new
# Possible reasons:
#   The system is out of physical RAM or swap space
#   In 32 bit mode, the process size limit was hit
# Possible solutions:
#   Reduce memory load on the system
#   Increase physical memory or swap space
#   Check if swap backing store is full
#   Use 64 bit Java on a 64 bit OS
#   Decrease Java heap size (-Xmx/-Xms)
#   Decrease number of Java threads
#   Decrease Java thread stack sizes (-Xss)
#   Set larger code cache with -XX:ReservedCodeCacheSize=
# This output file may be truncated or incomplete.
#
#  Out of Memory Error (allocation.cpp:390), pid=14160, tid=1792
#
# JRE version: Java(TM) SE Runtime Environment (8.0_51-b16) (build 1.8.0_51-b16)
# Java VM: Java HotSpot(TM) 64-Bit Server VM (25.51-b03 mixed mode windows-amd64 compressed oops)
# Failed to write core dump. Minidumps are not enabled by default on client versions of Windows
#

---------------  T H R E A D  ---------------

Current thread (0x000000001508a800):  JavaThread "C2 CompilerThread0" daemon [_thread_in_native, id=1792, stack(0x0000000016610000,0x0000000016710000)]

Stack: [0x0000000016610000,0x0000000016710000]
Native frames: (J=compiled Java code, j=interpreted, Vv=VM code, C=native code)
V  [jvm.dll+0x32b4ca]


Current CompileTask:
C2:  19311 2439       4       com.android.dx.rop.code.RegisterSpec::withReg (23 bytes)


---------------  P R O C E S S  ---------------

Java Threads: ( => current thread )
  0x0000000016b8e800 JavaThread "pool-1-thread-1" [_thread_in_vm, id=20528, stack(0x0000000018be0000,0x0000000018ce0000)]
  0x0000000016916800 JavaThread "Service Thread" daemon [_thread_blocked, id=17340, stack(0x0000000016d10000,0x0000000016e10000)]
  0x00000000150ec800 JavaThread "C1 CompilerThread2" daemon [_thread_blocked, id=20200, stack(0x0000000016810000,0x0000000016910000)]
  0x00000000150e6800 JavaThread "C2 CompilerThread1" daemon [_thread_in_native, id=13552, stack(0x0000000016710000,0x0000000016810000)]
=>0x000000001508a800 JavaThread "C2 CompilerThread0" daemon [_thread_in_native, id=1792, stack(0x0000000016610000,0x0000000016710000)]
  0x0000000015088800 JavaThread "Attach Listener" daemon [_thread_blocked, id=22240, stack(0x0000000016510000,0x0000000016610000)]
  0x0000000015087000 JavaThread "Signal Dispatcher" daemon [_thread_blocked, id=13452, stack(0x0000000016410000,0x0000000016510000)]
  0x00000000029b0800 JavaThread "Finalizer" daemon [_thread_blocked, id=21536, stack(0x0000000016310000,0x0000000016410000)]
  0x00000000029ad800 JavaThread "Reference Handler" daemon [_thread_blocked, id=22508, stack(0x0000000016210000,0x0000000016310000)]
  0x0000000000efe000 JavaThread "main" [_thread_blocked, id=23840, stack(0x00000000026c0000,0x00000000027c0000)]

Other Threads:
  0x0000000015058000 VMThread [stack: 0x0000000016110000,0x0000000016210000] [id=21724]
  0x0000000016918000 WatcherThread [stack: 0x0000000016e10000,0x0000000016f10000] [id=13636]

VM state:not at safepoint (normal execution)

VM Mutex/Monitor currently owned by a thread: None

Heap:
 PSYoungGen      total 177152K, used 42675K [0x00000000eab00000, 0x00000000fa200000, 0x0000000100000000)
  eden space 153088K, 12% used [0x00000000eab00000,0x00000000ebd36bf0,0x00000000f4080000)
  from space 24064K, 99% used [0x00000000f8a80000,0x00000000fa1f6220,0x00000000fa200000)
  to   space 33280K, 0% used [0x00000000f6100000,0x00000000f6100000,0x00000000f8180000)
 ParOldGen       total 81920K, used 48837K [0x00000000c0000000, 0x00000000c5000000, 0x00000000eab00000)
  object space 81920K, 59% used [0x00000000c0000000,0x00000000c2fb1448,0x00000000c5000000)
 Metaspace       used 6759K, capacity 7544K, committed 7680K, reserved 1056768K
  class space    used 632K, capacity 688K, committed 768K, reserved 1048576K

Card table byte_map: [0x0000000011d80000,0x0000000011f90000] byte_map_base: 0x0000000011780000

Marking Bits: (ParMarkBitMap*) 0x0000000077f74040
 Begin Bits: [0x00000000124f0000, 0x00000000134f0000)
 End Bits:   [0x00000000134f0000, 0x00000000144f0000)

Polling page: 0x00000000007f0000

CodeCache: size=245760Kb used=10392Kb max_used=10392Kb free=235367Kb
 bounds [0x00000000029c0000, 0x00000000033f0000, 0x00000000119c0000]
 total_blobs=2642 nmethods=2371 adapters=182
 compilation: disabled (not enough contiguous free space left)

Compilation events (10 events):
Event: 19.243 Thread 0x00000000150ec800 2453       1       com.android.dx.dex.code.form.Form11n::codeSize (2 bytes)
Event: 19.243 Thread 0x00000000150ec800 nmethod 2453 0x00000000033eca10 code [0x00000000033ecb60, 0x00000000033ecc70]
Event: 19.243 Thread 0x00000000150ec800 2448       1       com.android.dx.dex.code.form.Form22x::codeSize (2 bytes)
Event: 19.244 Thread 0x00000000150ec800 nmethod 2448 0x00000000033eccd0 code [0x00000000033ece20, 0x00000000033ecf30]
Event: 19.244 Thread 0x00000000150ec800 2461       3       com.android.dx.rop.code.RegisterSpecSet::withOffset (77 bytes)
Event: 19.245 Thread 0x00000000150ec800 nmethod 2461 0x00000000033ecf90 code [0x00000000033ed180, 0x00000000033edcb8]
Event: 19.245 Thread 0x00000000150ec800 2463       3       com.android.dx.dex.code.OutputFinisher::reserveRegisters (119 bytes)
Event: 19.246 Thread 0x00000000150ec800 nmethod 2463 0x00000000033ee190 code [0x00000000033ee3e0, 0x00000000033ef138]
Event: 19.246 Thread 0x00000000150ec800 2464       3       com.android.dx.dex.code.CstInsn::withRegisters (53 bytes)
Event: 19.247 Thread 0x00000000150ec800 


GC Heap History (10 events):
Event: 9.321 GC heap before
{Heap before GC invocations=7 (full 0):
 PSYoungGen      total 74240K, used 72433K [0x00000000eab00000, 0x00000000f0000000, 0x0000000100000000)
  eden space 64512K, 100% used [0x00000000eab00000,0x00000000eea00000,0x00000000eea00000)
  from space 9728K, 81% used [0x00000000ef480000,0x00000000efc3c6f0,0x00000000efe00000)
  to   space 10752K, 0% used [0x00000000eea00000,0x00000000eea00000,0x00000000ef480000)
 ParOldGen       total 44032K, used 13718K [0x00000000c0000000, 0x00000000c2b00000, 0x00000000eab00000)
  object space 44032K, 31% used [0x00000000c0000000,0x00000000c0d65a98,0x00000000c2b00000)
 Metaspace       used 6314K, capacity 7152K, committed 7296K, reserved 1056768K
  class space    used 593K, capacity 616K, committed 640K, reserved 1048576K
Event: 9.359 GC heap after
Heap after GC invocations=7 (full 0):
 PSYoungGen      total 75264K, used 10721K [0x00000000eab00000, 0x00000000f4800000, 0x0000000100000000)
  eden space 64512K, 0% used [0x00000000eab00000,0x00000000eab00000,0x00000000eea00000)
  from space 10752K, 99% used [0x00000000eea00000,0x00000000ef478720,0x00000000ef480000)
  to   space 15872K, 0% used [0x00000000f3880000,0x00000000f3880000,0x00000000f4800000)
 ParOldGen       total 44032K, used 20591K [0x00000000c0000000, 0x00000000c2b00000, 0x00000000eab00000)
  object space 44032K, 46% used [0x00000000c0000000,0x00000000c141bc90,0x00000000c2b00000)
 Metaspace       used 6314K, capacity 7152K, committed 7296K, reserved 1056768K
  class space    used 593K, capacity 616K, committed 640K, reserved 1048576K
}
Event: 10.131 GC heap before
{Heap before GC invocations=8 (full 0):
 PSYoungGen      total 75264K, used 75233K [0x00000000eab00000, 0x00000000f4800000, 0x0000000100000000)
  eden space 64512K, 100% used [0x00000000eab00000,0x00000000eea00000,0x00000000eea00000)
  from space 10752K, 99% used [0x00000000eea00000,0x00000000ef478720,0x00000000ef480000)
  to   space 15872K, 0% used [0x00000000f3880000,0x00000000f3880000,0x00000000f4800000)
 ParOldGen       total 44032K, used 20591K [0x00000000c0000000, 0x00000000c2b00000, 0x00000000eab00000)
  object space 44032K, 46% used [0x00000000c0000000,0x00000000c141bc90,0x00000000c2b00000)
 Metaspace       used 6339K, capacity 7216K, committed 7296K, reserved 1056768K
  class space    used 593K, capacity 616K, committed 640K, reserved 1048576K
Event: 10.255 GC heap after
Heap after GC invocations=8 (full 0):
 PSYoungGen      total 139776K, used 15861K [0x00000000eab00000, 0x00000000f5200000, 0x0000000100000000)
  eden space 123904K, 0% used [0x00000000eab00000,0x00000000eab00000,0x00000000f2400000)
  from space 15872K, 99% used [0x00000000f3880000,0x00000000f47fd5f0,0x00000000f4800000)
  to   space 20992K, 0% used [0x00000000f2400000,0x00000000f2400000,0x00000000f3880000)
 ParOldGen       total 44032K, used 25432K [0x00000000c0000000, 0x00000000c2b00000, 0x00000000eab00000)
  object space 44032K, 57% used [0x00000000c0000000,0x00000000c18d61b0,0x00000000c2b00000)
 Metaspace       used 6339K, capacity 7216K, committed 7296K, reserved 1056768K
  class space    used 593K, capacity 616K, committed 640K, reserved 1048576K
}
Event: 11.105 GC heap before
{Heap before GC invocations=9 (full 0):
 PSYoungGen      total 139776K, used 139765K [0x00000000eab00000, 0x00000000f5200000, 0x0000000100000000)
  eden space 123904K, 100% used [0x00000000eab00000,0x00000000f2400000,0x00000000f2400000)
  from space 15872K, 99% used [0x00000000f3880000,0x00000000f47fd5f0,0x00000000f4800000)
  to   space 20992K, 0% used [0x00000000f2400000,0x00000000f2400000,0x00000000f3880000)
 ParOldGen       total 44032K, used 25432K [0x00000000c0000000, 0x00000000c2b00000, 0x00000000eab00000)
  object space 44032K, 57% used [0x00000000c0000000,0x00000000c18d61b0,0x00000000c2b00000)
 Metaspace       used 6459K, capacity 7256K, committed 7424K, reserved 1056768K
  class space    used 613K, capacity 656K, committed 768K, reserved 1048576K
Event: 11.310 GC heap after
Heap after GC invocations=9 (full 0):
 PSYoungGen      total 144896K, used 20977K [0x00000000eab00000, 0x00000000fa800000, 0x0000000100000000)
  eden space 123904K, 0% used [0x00000000eab00000,0x00000000eab00000,0x00000000f2400000)
  from space 20992K, 99% used [0x00000000f2400000,0x00000000f387c6b0,0x00000000f3880000)
  to   space 30208K, 0% used [0x00000000f8a80000,0x00000000f8a80000,0x00000000fa800000)
 ParOldGen       total 44032K, used 39698K [0x00000000c0000000, 0x00000000c2b00000, 0x00000000eab00000)
  object space 44032K, 90% used [0x00000000c0000000,0x00000000c26c48c8,0x00000000c2b00000)
 Metaspace       used 6459K, capacity 7256K, committed 7424K, reserved 1056768K
  class space    used 613K, capacity 656K, committed 768K, reserved 1048576K
}
Event: 11.310 GC heap before
{Heap before GC invocations=10 (full 1):
 PSYoungGen      total 144896K, used 20977K [0x00000000eab00000, 0x00000000fa800000, 0x0000000100000000)
  eden space 123904K, 0% used [0x00000000eab00000,0x00000000eab00000,0x00000000f2400000)
  from space 20992K, 99% used [0x00000000f2400000,0x00000000f387c6b0,0x00000000f3880000)
  to   space 30208K, 0% used [0x00000000f8a80000,0x00000000f8a80000,0x00000000fa800000)
 ParOldGen       total 44032K, used 39698K [0x00000000c0000000, 0x00000000c2b00000, 0x00000000eab00000)
  object space 44032K, 90% used [0x00000000c0000000,0x00000000c26c48c8,0x00000000c2b00000)
 Metaspace       used 6459K, capacity 7256K, committed 7424K, reserved 1056768K
  class space    used 613K, capacity 656K, committed 768K, reserved 1048576K
Event: 13.072 GC heap after
Heap after GC invocations=10 (full 1):
 PSYoungGen      total 144896K, used 11714K [0x00000000eab00000, 0x00000000fa800000, 0x0000000100000000)
  eden space 123904K, 0% used [0x00000000eab00000,0x00000000eab00000,0x00000000f2400000)
  from space 20992K, 55% used [0x00000000f2400000,0x00000000f2f70a28,0x00000000f3880000)
  to   space 30208K, 0% used [0x00000000f8a80000,0x00000000f8a80000,0x00000000fa800000)
 ParOldGen       total 81920K, used 43853K [0x00000000c0000000, 0x00000000c5000000, 0x00000000eab00000)
  object space 81920K, 53% used [0x00000000c0000000,0x00000000c2ad3578,0x00000000c5000000)
 Metaspace       used 6459K, capacity 7256K, committed 7424K, reserved 1056768K
  class space    used 613K, capacity 656K, committed 768K, reserved 1048576K
}
Event: 14.313 GC heap before
{Heap before GC invocations=11 (full 1):
 PSYoungGen      total 144896K, used 135618K [0x00000000eab00000, 0x00000000fa800000, 0x0000000100000000)
  eden space 123904K, 100% used [0x00000000eab00000,0x00000000f2400000,0x00000000f2400000)
  from space 20992K, 55% used [0x00000000f2400000,0x00000000f2f70a28,0x00000000f3880000)
  to   space 30208K, 0% used [0x00000000f8a80000,0x00000000f8a80000,0x00000000fa800000)
 ParOldGen       total 81920K, used 43853K [0x00000000c0000000, 0x00000000c5000000, 0x00000000eab00000)
  object space 81920K, 53% used [0x00000000c0000000,0x00000000c2ad3578,0x00000000c5000000)
 Metaspace       used 6482K, capacity 7256K, committed 7424K, reserved 1056768K
  class space    used 615K, capacity 656K, committed 768K, reserved 1048576K
Event: 14.464 GC heap after
Heap after GC invocations=11 (full 1):
 PSYoungGen      total 177152K, used 24024K [0x00000000eab00000, 0x00000000fa200000, 0x0000000100000000)
  eden space 153088K, 0% used [0x00000000eab00000,0x00000000eab00000,0x00000000f4080000)
  from space 24064K, 99% used [0x00000000f8a80000,0x00000000fa1f6220,0x00000000fa200000)
  to   space 33280K, 0% used [0x00000000f6100000,0x00000000f6100000,0x00000000f8180000)
 ParOldGen       total 81920K, used 48837K [0x00000000c0000000, 0x00000000c5000000, 0x00000000eab00000)
  object space 81920K, 59% used [0x00000000c0000000,0x00000000c2fb1448,0x00000000c5000000)
 Metaspace       used 6482K, capacity 7256K, committed 7424K, reserved 1056768K
  class space    used 615K, capacity 656K, committed 768K, reserved 1048576K
}

Deoptimization events (10 events):
Event: 19.090 Thread 0x0000000016b8e800 Uncommon trap: reason=bimorphic action=maybe_recompile pc=0x0000000002b3b304 method=com.android.dx.dex.file.MixedItemSection$1.compare(Lcom/android/dx/dex/file/OffsettedItem;Lcom/android/dx/dex/file/OffsettedItem;)I @ 1
Event: 19.164 Thread 0x0000000016b8e800 Uncommon trap: reason=speculate_class_check action=maybe_recompile pc=0x0000000002dbff9c method=com.android.dx.util.FixedSizeList.equals(Ljava/lang/Object;)Z @ 25
Event: 19.164 Thread 0x0000000016b8e800 Uncommon trap: reason=class_check action=maybe_recompile pc=0x0000000002d9c020 method=java.util.Arrays.equals([Ljava/lang/Object;[Ljava/lang/Object;)Z @ 62
Event: 19.164 Thread 0x0000000016b8e800 Uncommon trap: reason=speculate_class_check action=maybe_recompile pc=0x0000000002dbff9c method=com.android.dx.util.FixedSizeList.equals(Ljava/lang/Object;)Z @ 25
Event: 19.164 Thread 0x0000000016b8e800 Uncommon trap: reason=class_check action=maybe_recompile pc=0x0000000002d9c020 method=java.util.Arrays.equals([Ljava/lang/Object;[Ljava/lang/Object;)Z @ 62
Event: 19.164 Thread 0x0000000016b8e800 Uncommon trap: reason=speculate_class_check action=maybe_recompile pc=0x0000000002dbff9c method=com.android.dx.util.FixedSizeList.equals(Ljava/lang/Object;)Z @ 25
Event: 19.164 Thread 0x0000000016b8e800 Uncommon trap: reason=unstable_if action=reinterpret pc=0x0000000002d9bff8 method=java.util.Arrays.equals([Ljava/lang/Object;[Ljava/lang/Object;)Z @ 23
Event: 19.165 Thread 0x0000000016b8e800 Uncommon trap: reason=speculate_class_check action=maybe_recompile pc=0x0000000002dbff9c method=com.android.dx.util.FixedSizeList.equals(Ljava/lang/Object;)Z @ 25
Event: 19.165 Thread 0x0000000016b8e800 Uncommon trap: reason=unstable_if action=reinterpret pc=0x00000000033a83ec method=java.util.TreeMap.put(Ljava/lang/Object;Ljava/lang/Object;)Ljava/lang/Object; @ 163
Event: 19.226 Thread 0x0000000016b8e800 Uncommon trap: reason=unstable_if action=reinterpret pc=0x00000000033ca98c method=com.android.dx.dex.code.OutputFinisher.findOpcodeForInsn(Lcom/android/dx/dex/code/DalvInsn;Lcom/android/dx/dex/code/Dop;)Lcom/android/dx/dex/code/Dop; @ 1

Internal exceptions (7 events):
Event: 2.192 Thread 0x0000000000efe000 Exception <a 'java/lang/NoSuchMethodError': Method sun.misc.Unsafe.defineClass(Ljava/lang/String;[BII)Ljava/lang/Class; name or signature does not match> (0x00000000eab0da60) thrown at [C:\re\workspace\8-2-build-windows-amd64-cygwin\jdk8u51\3951\hotspot\srÇLπÀÃà@
Event: 2.192 Thread 0x0000000000efe000 Exception <a 'java/lang/NoSuchMethodError': Method sun.misc.Unsafe.prefetchRead(Ljava/lang/Object;J)V name or signature does not match> (0x00000000eab0dcf0) thrown at [C:\re\workspace\8-2-build-windows-amd64-cygwin\jdk8u51\3951\hotspot\src\share\vm\prims\jÄèCçﬂ‘@
Event: 5.958 Thread 0x0000000016b96000 Implicit null exception at 0x0000000002d9e0e2 to 0x0000000002d9e1e1
Event: 9.801 Thread 0x0000000016b8b800 Implicit null exception at 0x0000000002fcaf04 to 0x0000000002fcc65d
Event: 10.512 Thread 0x0000000016b97000 Exception <a 'java/lang/ArrayIndexOutOfBoundsException': 18> (0x00000000ebf7c8a0) thrown at [C:\re\workspace\8-2-build-windows-amd64-cygwin\jdk8u51\3951\hotspot\src\share\vm\interpreter\interpreterRuntime.cpp, line 366]
Event: 10.512 Thread 0x0000000016b97000 Exception <a 'java/lang/ArrayIndexOutOfBoundsException': 145> (0x00000000ebf7e370) thrown at [C:\re\workspace\8-2-build-windows-amd64-cygwin\jdk8u51\3951\hotspot\src\share\vm\interpreter\interpreterRuntime.cpp, line 366]
Event: 10.513 Thread 0x0000000016b97000 Exception <a 'java/lang/ArrayIndexOutOfBoundsException'> (0x00000000ebf7f5a8) thrown at [C:\re\workspace\8-2-build-windows-amd64-cygwin\jdk8u51\3951\hotspot\src\share\vm\runtime\sharedRuntime.cpp, line 605]

Events (10 events):
Event: 19.165 Thread 0x0000000016b8e800 Uncommon trap: trap_request=0xffffff65 fr.pc=0x00000000033a83ec
Event: 19.165 Thread 0x0000000016b8e800 DEOPT PACKING pc=0x00000000033a83ec sp=0x0000000018cdee80
Event: 19.165 Thread 0x0000000016b8e800 DEOPT UNPACKING pc=0x0000000002a0582a sp=0x0000000018cdee20 mode 2
Event: 19.165 loading class com/android/dx/util/ByteArrayAnnotatedOutput
Event: 19.165 loading class com/android/dx/util/ByteArrayAnnotatedOutput done
Event: 19.226 Thread 0x0000000016b8e800 Uncommon trap: trap_request=0xffffff65 fr.pc=0x00000000033ca98c
Event: 19.226 Thread 0x0000000016b8e800 DEOPT PACKING pc=0x00000000033ca98c sp=0x0000000018cdece0
Event: 19.226 Thread 0x0000000016b8e800 DEOPT UNPACKING pc=0x0000000002a0582a sp=0x0000000018cdec98 mode 2
Event: 19.226 loading class com/android/dx/rop/code/RegisterSpecList$Expander
Event: 19.226 loading class com/android/dx/rop/code/RegisterSpecList$Expander done


Dynamic libraries:
0x00007ff7d0960000 - 0x00007ff7d0997000 	C:\Program Files\Java\jdk1.8.0_51\bin\java.exe
0x00007ffba9760000 - 0x00007ffba9931000 	C:\WINDOWS\SYSTEM32\ntdll.dll
0x00007ffba7670000 - 0x00007ffba771b000 	C:\WINDOWS\System32\KERNEL32.DLL
0x00007ffba6450000 - 0x00007ffba666d000 	C:\WINDOWS\System32\KERNELBASE.dll
0x00007ffba8170000 - 0x00007ffba8212000 	C:\WINDOWS\System32\ADVAPI32.dll
0x00007ffba7920000 - 0x00007ffba79be000 	C:\WINDOWS\System32\msvcrt.dll
0x00007ffba7470000 - 0x00007ffba74c9000 	C:\WINDOWS\System32\sechost.dll
0x00007ffba74d0000 - 0x00007ffba75f1000 	C:\WINDOWS\System32\RPCRT4.dll
0x00007ffba7190000 - 0x00007ffba72f5000 	C:\WINDOWS\System32\USER32.dll
0x00007ffba6910000 - 0x00007ffba692e000 	C:\WINDOWS\System32\win32u.dll
0x00007ffba7a80000 - 0x00007ffba7ab4000 	C:\WINDOWS\System32\GDI32.dll
0x00007ffba6990000 - 0x00007ffba6b12000 	C:\WINDOWS\System32\gdi32full.dll
0x00007ffb9c930000 - 0x00007ffb9cba9000 	C:\WINDOWS\WinSxS\amd64_microsoft.windows.common-controls_6595b64144ccf1df_6.0.14393.447_none_42191651c6827bb3\COMCTL32.dll
0x00007ffba6ec0000 - 0x00007ffba7188000 	C:\WINDOWS\System32\combase.dll
0x00007ffba6770000 - 0x00007ffba6865000 	C:\WINDOWS\System32\ucrtbase.dll
0x00007ffba5c50000 - 0x00007ffba5cba000 	C:\WINDOWS\System32\bcryptPrimitives.dll
0x00007ffba8220000 - 0x00007ffba824e000 	C:\WINDOWS\System32\IMM32.DLL
0x0000000050460000 - 0x0000000050532000 	C:\Program Files\Java\jdk1.8.0_51\jre\bin\msvcr100.dll
0x0000000077770000 - 0x0000000077ff3000 	C:\Program Files\Java\jdk1.8.0_51\jre\bin\server\jvm.dll
0x00007ffba7b20000 - 0x00007ffba7b28000 	C:\WINDOWS\System32\PSAPI.DLL
0x00007ffba2d60000 - 0x00007ffba2d69000 	C:\WINDOWS\SYSTEM32\WSOCK32.dll
0x00007ffba6e50000 - 0x00007ffba6eba000 	C:\WINDOWS\System32\WS2_32.dll
0x00007ffba4050000 - 0x00007ffba4073000 	C:\WINDOWS\SYSTEM32\WINMM.dll
0x00007ffba22a0000 - 0x00007ffba22aa000 	C:\WINDOWS\SYSTEM32\VERSION.dll
0x00007ffba4020000 - 0x00007ffba404b000 	C:\WINDOWS\SYSTEM32\WINMMBASE.dll
0x00007ffba6720000 - 0x00007ffba6762000 	C:\WINDOWS\System32\cfgmgr32.dll
0x0000000050450000 - 0x000000005045f000 	C:\Program Files\Java\jdk1.8.0_51\jre\bin\verify.dll
0x0000000050420000 - 0x0000000050449000 	C:\Program Files\Java\jdk1.8.0_51\jre\bin\java.dll
0x0000000050400000 - 0x0000000050416000 	C:\Program Files\Java\jdk1.8.0_51\jre\bin\zip.dll
0x00007ffba8250000 - 0x00007ffba9759000 	C:\WINDOWS\System32\SHELL32.dll
0x00007ffba5cc0000 - 0x00007ffba639a000 	C:\WINDOWS\System32\windows.storage.dll
0x00007ffba5bc0000 - 0x00007ffba5c0c000 	C:\WINDOWS\System32\powrprof.dll
0x00007ffba6cf0000 - 0x00007ffba6d42000 	C:\WINDOWS\System32\shlwapi.dll
0x00007ffba5c20000 - 0x00007ffba5c2f000 	C:\WINDOWS\System32\kernel.appcore.dll
0x00007ffba6670000 - 0x00007ffba6719000 	C:\WINDOWS\System32\shcore.dll
0x00007ffba5c30000 - 0x00007ffba5c44000 	C:\WINDOWS\System32\profapi.dll

VM Arguments:
jvm_args: -Djava.awt.headless=true -Xmx1024M -Dfile.encoding=windows-1252 -Duser.country=IN -Duser.language=en -Duser.variant 
java_command: com.android.dx.command.Main --dex --force-jumbo --num-threads=4 --multi-dex --output F:\Android_Projects\Mine\TimeWork\app\build\intermediates\transforms\dex\debug\folders\1000\10\com.android.support-support-v4-23.3.0_0de9034faa9ff3efd271e83a54ca11389e899ddc F:\Android_Projects\Mine\TimeWork\app\build\intermediates\exploded-aar\com.android.support\support-v4\23.3.0\jars\classes.jar
java_class_path (initial): C:\Users\Ganesh Prasad\AppData\Local\Android\sdk\build-tools\23.0.3\lib\dx.jar
Launcher Type: SUN_STANDARD

Environment Variables:
JAVA_HOME=C:\Program Files\Java\jdk1.8.0_51
PATH=C:\ProgramData\Oracle\Java\javapath;C:\Program Files (x86)\Intel\iCLS Client\;C:\Program Files\Intel\iCLS Client\;C:\Program Files (x86)\AMD APP\bin\x86_64;C:\Program Files (x86)\AMD APP\bin\x86;C:\WINDOWS\system32;C:\WINDOWS;C:\WINDOWS\System32\Wbem;C:\WINDOWS\System32\WindowsPowerShell\v1.0\;C:\Program Files (x86)\ATI Technologies\ATI.ACE\Core-Static;C:\Program Files\Intel\Intel(R) Management Engine Components\DAL;C:\Program Files\Intel\Intel(R) Management Engine Components\IPT;C:\Program Files (x86)\Intel\Intel(R) Management Engine Components\DAL;C:\Program Files (x86)\Intel\Intel(R) Management Engine Components\IPT;\;C:\Program Files (x86)\Sony\VAIO Startup Setting Tool;C:\Program Files (x86)\Java\jdk1.8.0_45\bin;C:\Program Files\nodejs\;C:\Users\Ganesh Prasad\AppData\Local\GitHub\PortableGit_c7e0cbde92ba565cb218a521411d0e854079a28c\bin;C:\Users\Ganesh Prasad\AppData\Local\GitHub\PortableGit_c7e0cbde92ba565cb218a521411d0e854079a28c\cmd;C:\Program Files (x86)\AMD\ATI.ACE\Core-Static;C:\Users\Ganesh Prasad\AppData\Local\Android\sdk\platform-tools;C:\Program Files (x86)\Brackets\command;C:\Users\Ganesh Prasad\Anaconda2;C:\Users\Ganesh Prasad\Anaconda2\Scripts;C:\Users\Ganesh Prasad\Anaconda2\Library\bin;C:\Users\Ganesh Prasad\AppData\Roaming\npm;C:\Users\Ganesh Prasad\AppData\Local\Microsoft\WindowsApps;
USERNAME=Ganesh Prasad
OS=Windows_NT
PROCESSOR_IDENTIFIER=Intel64 Family 6 Model 58 Stepping 9, GenuineIntel



---------------  S Y S T E M  ---------------

OS: Windows 10.0 , 64 bit Build 14393 (10.0.14393.0)

CPU:total 4 (2 cores per cpu, 2 threads per core) family 6 model 58 stepping 9, cmov, cx8, fxsr, mmx, sse, sse2, sse3, ssse3, sse4.1, sse4.2, popcnt, avx, clmul, erms, ht, tsc, tscinvbit, tscinv

Memory: 4k page, physical 4140316k(259448k free), swap 5574940k(2136k free)

vm_info: Java HotSpot(TM) 64-Bit Server VM (25.51-b03) for windows-amd64 JRE (1.8.0_51-b16), built on Jun  8 2015 18:03:07 by "java_re" with MS VC++ 10.0 (VS2010)

time: Fri Feb 03 17:31:51 2017
elapsed time: 19 seconds (0d 0h 0m 19s)

