#
# There is insufficient memory for the Java Runtime Environment to continue.
# Native memory allocation (malloc) failed to allocate 229136 bytes for Chunk::new
# Possible reasons:
#   The system is out of physical RAM or swap space
#   In 32 bit mode, the process size limit was hit
# Possible solutions:
#   Reduce memory load on the system
#   Increase physical memory or swap space
#   Check if swap backing store is full
#   Use 64 bit Java on a 64 bit OS
#   Decrease Java heap size (-Xmx/-Xms)
#   Decrease number of Java threads
#   Decrease Java thread stack sizes (-Xss)
#   Set larger code cache with -XX:ReservedCodeCacheSize=
# This output file may be truncated or incomplete.
#
#  Out of Memory Error (allocation.cpp:390), pid=194408, tid=194676
#
# JRE version: Java(TM) SE Runtime Environment (8.0_51-b16) (build 1.8.0_51-b16)
# Java VM: Java HotSpot(TM) 64-Bit Server VM (25.51-b03 mixed mode windows-amd64 compressed oops)
# Failed to write core dump. Minidumps are not enabled by default on client versions of Windows
#

---------------  T H R E A D  ---------------

Current thread (0x000000001586b800):  JavaThread "C2 CompilerThread0" daemon [_thread_in_native, id=194676, stack(0x0000000016de0000,0x0000000016ee0000)]

Stack: [0x0000000016de0000,0x0000000016ee0000]
Native frames: (J=compiled Java code, j=interpreted, Vv=VM code, C=native code)
V  [jvm.dll+0x32b4ca]


Current CompileTask:
C2:   4383  825   !   4       com.android.dx.cf.code.BytecodeArray::parseInstruction (2764 bytes)


---------------  P R O C E S S  ---------------

Java Threads: ( => current thread )
  0x0000000017d3b000 JavaThread "pool-2-thread-4" [_thread_in_Java, id=198580, stack(0x00000000182e0000,0x00000000183e0000)]
  0x0000000017347000 JavaThread "pool-2-thread-3" [_thread_blocked, id=196028, stack(0x00000000179e0000,0x0000000017ae0000)]
  0x0000000017346000 JavaThread "pool-2-thread-2" [_thread_in_Java, id=152908, stack(0x00000000178e0000,0x00000000179e0000)]
  0x000000001722c800 JavaThread "pool-3-thread-1" [_thread_blocked, id=198108, stack(0x00000000177e0000,0x00000000178e0000)]
  0x000000001722c000 JavaThread "pool-2-thread-1" [_thread_blocked, id=197792, stack(0x00000000176e0000,0x00000000177e0000)]
  0x00000000158ce000 JavaThread "Service Thread" daemon [_thread_blocked, id=194736, stack(0x00000000174e0000,0x00000000175e0000)]
  0x00000000158c9800 JavaThread "C1 CompilerThread2" daemon [_thread_blocked, id=197952, stack(0x0000000016fe0000,0x00000000170e0000)]
  0x00000000158c7000 JavaThread "C2 CompilerThread1" daemon [_thread_blocked, id=197676, stack(0x0000000016ee0000,0x0000000016fe0000)]
=>0x000000001586b800 JavaThread "C2 CompilerThread0" daemon [_thread_in_native, id=194676, stack(0x0000000016de0000,0x0000000016ee0000)]
  0x0000000015869800 JavaThread "Attach Listener" daemon [_thread_blocked, id=198180, stack(0x0000000016ce0000,0x0000000016de0000)]
  0x0000000015868000 JavaThread "Signal Dispatcher" daemon [_thread_blocked, id=197876, stack(0x0000000016be0000,0x0000000016ce0000)]
  0x0000000003191000 JavaThread "Finalizer" daemon [_thread_blocked, id=198476, stack(0x0000000016ae0000,0x0000000016be0000)]
  0x0000000015839800 JavaThread "Reference Handler" daemon [_thread_blocked, id=198420, stack(0x00000000169e0000,0x0000000016ae0000)]
  0x000000000305e000 JavaThread "main" [_thread_in_native, id=195312, stack(0x0000000002f20000,0x0000000003020000)]

Other Threads:
  0x0000000015837800 VMThread [stack: 0x00000000168e0000,0x00000000169e0000] [id=198440]
  0x00000000170e0800 WatcherThread [stack: 0x00000000175e0000,0x00000000176e0000] [id=197348]

VM state:not at safepoint (normal execution)

VM Mutex/Monitor currently owned by a thread: None

Heap:
 PSYoungGen      total 18944K, used 14877K [0x00000000eab00000, 0x00000000ec000000, 0x0000000100000000)
  eden space 16384K, 90% used [0x00000000eab00000,0x00000000eb9874a8,0x00000000ebb00000)
  from space 2560K, 0% used [0x00000000ebd80000,0x00000000ebd80000,0x00000000ec000000)
  to   space 2560K, 0% used [0x00000000ebb00000,0x00000000ebb00000,0x00000000ebd80000)
 ParOldGen       total 44032K, used 0K [0x00000000c0000000, 0x00000000c2b00000, 0x00000000eab00000)
  object space 44032K, 0% used [0x00000000c0000000,0x00000000c0000000,0x00000000c2b00000)
 Metaspace       used 5673K, capacity 6768K, committed 7040K, reserved 1056768K
  class space    used 581K, capacity 616K, committed 640K, reserved 1048576K

Card table byte_map: [0x0000000012560000,0x0000000012770000] byte_map_base: 0x0000000011f60000

Marking Bits: (ParMarkBitMap*) 0x0000000055834040
 Begin Bits: [0x0000000012cd0000, 0x0000000013cd0000)
 End Bits:   [0x0000000013cd0000, 0x0000000014cd0000)

Polling page: 0x0000000003020000

CodeCache: size=245760Kb used=3758Kb max_used=3769Kb free=242001Kb
 bounds [0x00000000031a0000, 0x0000000003550000, 0x00000000121a0000]
 total_blobs=1126 nmethods=857 adapters=182
 compilation: enabled

Compilation events (10 events):
Event: 4.321 Thread 0x00000000158c9800  854       3       com.android.dx.rop.type.Type::isReference (15 bytes)
Event: 4.322 Thread 0x00000000158c9800 nmethod 854 0x0000000003532890 code [0x00000000035329e0, 0x0000000003532b90]
Event: 4.322 Thread 0x00000000158c9800  855       3       com.android.dx.rop.cst.CstBaseMethodRef::getPrototype (41 bytes)
Event: 4.322 Thread 0x00000000158c9800 nmethod 855 0x000000000354af10 code [0x000000000354b080, 0x000000000354b488]
Event: 4.322 Thread 0x00000000158c9800  856       3       com.android.dx.cf.code.BaseMachine::popArgs (127 bytes)
Event: 4.324 Thread 0x00000000158c9800 nmethod 856 0x0000000003548690 code [0x00000000035489a0, 0x000000000354a2e8]
Event: 4.324 Thread 0x00000000158c9800  857       3       com.android.dx.rop.type.Prototype::getParameterFrameTypes (96 bytes)
Event: 4.325 Thread 0x00000000158c9800 nmethod 857 0x000000000354b590 code [0x000000000354b7e0, 0x000000000354c7f8]
Event: 4.327 Thread 0x00000000158c7000  858       4       com.android.dx.rop.type.Type::getFrameType (58 bytes)
Event: 4.328 Thread 0x00000000158c7000 nmethod 858 0x000000000351dd90 code [0x000000000351dec0, 0x000000000351df58]

GC Heap History (0 events):
No events

Deoptimization events (3 events):
Event: 2.660 Thread 0x000000000305e000 Uncommon trap: reason=unstable_if action=reinterpret pc=0x00000000032e7994 method=java.lang.String.indexOf(II)I @ 49
Event: 3.781 Thread 0x0000000017347000 Uncommon trap: reason=unstable_if action=reinterpret pc=0x000000000339bb78 method=java.util.HashMap.getNode(ILjava/lang/Object;)Ljava/util/HashMap$Node; @ 62
Event: 4.201 Thread 0x0000000017d3b000 Uncommon trap: reason=unstable_if action=reinterpret pc=0x0000000003404db4 method=java.util.BitSet.ensureCapacity(I)V @ 6

Internal exceptions (2 events):
Event: 0.695 Thread 0x000000000305e000 Exception <a 'java/lang/NoSuchMethodError': Method sun.misc.Unsafe.defineClass(Ljava/lang/String;[BII)Ljava/lang/Class; name or signature does not match> (0x00000000eab0da28) thrown at [C:\re\workspace\8-2-build-windows-amd64-cygwin\jdk8u51\3951\hotspot\sr1ùÚÞ¬;æ?
Event: 0.695 Thread 0x000000000305e000 Exception <a 'java/lang/NoSuchMethodError': Method sun.misc.Unsafe.prefetchRead(Ljava/lang/Object;J)V name or signature does not match> (0x00000000eab0dcb8) thrown at [C:\re\workspace\8-2-build-windows-amd64-cygwin\jdk8u51\3951\hotspot\src\share\vm\prims\j

Events (10 events):
Event: 4.316 Thread 0x0000000017346000 DEOPT PACKING pc=0x00000000034bf7ba sp=0x00000000179dec90
Event: 4.316 Thread 0x0000000017346000 DEOPT UNPACKING pc=0x00000000031e787f sp=0x00000000179de9f8 mode 0
Event: 4.317 Thread 0x0000000017346000 DEOPT PACKING pc=0x00000000034bf7ba sp=0x00000000179dec90
Event: 4.318 Thread 0x0000000017346000 DEOPT UNPACKING pc=0x00000000031e787f sp=0x00000000179de9f8 mode 0
Event: 4.318 Thread 0x0000000017346000 DEOPT PACKING pc=0x00000000034bf7ba sp=0x00000000179dec90
Event: 4.318 Thread 0x0000000017346000 DEOPT UNPACKING pc=0x00000000031e787f sp=0x00000000179de9f8 mode 0
Event: 4.319 Thread 0x0000000017346000 DEOPT PACKING pc=0x00000000034bf7ba sp=0x00000000179dec90
Event: 4.319 Thread 0x0000000017346000 DEOPT UNPACKING pc=0x00000000031e787f sp=0x00000000179de9f8 mode 0
Event: 4.320 Thread 0x0000000017346000 DEOPT PACKING pc=0x00000000034bf7ba sp=0x00000000179dec90
Event: 4.320 Thread 0x0000000017346000 DEOPT UNPACKING pc=0x00000000031e787f sp=0x00000000179de9f8 mode 0


Dynamic libraries:
0x00007ff6113a0000 - 0x00007ff6113d7000 	C:\Program Files\Java\jdk1.8.0_51\bin\java.exe
0x00007ff973850000 - 0x00007ff973a21000 	C:\WINDOWS\SYSTEM32\ntdll.dll
0x00007ff972d20000 - 0x00007ff972dcb000 	C:\WINDOWS\System32\KERNEL32.DLL
0x00007ff970660000 - 0x00007ff97087d000 	C:\WINDOWS\System32\KERNELBASE.dll
0x00007ff972f10000 - 0x00007ff972fb2000 	C:\WINDOWS\System32\ADVAPI32.dll
0x00007ff9737b0000 - 0x00007ff97384e000 	C:\WINDOWS\System32\msvcrt.dll
0x00007ff9736b0000 - 0x00007ff973709000 	C:\WINDOWS\System32\sechost.dll
0x00007ff973320000 - 0x00007ff973441000 	C:\WINDOWS\System32\RPCRT4.dll
0x00007ff971640000 - 0x00007ff9717a5000 	C:\WINDOWS\System32\USER32.dll
0x00007ff970520000 - 0x00007ff97053e000 	C:\WINDOWS\System32\win32u.dll
0x00007ff973770000 - 0x00007ff9737a4000 	C:\WINDOWS\System32\GDI32.dll
0x00007ff970880000 - 0x00007ff970a02000 	C:\WINDOWS\System32\gdi32full.dll
0x00007ff963f10000 - 0x00007ff96418a000 	C:\WINDOWS\WinSxS\amd64_microsoft.windows.common-controls_6595b64144ccf1df_6.0.14393.953_none_42151e83c686086b\COMCTL32.dll
0x00007ff972fc0000 - 0x00007ff973288000 	C:\WINDOWS\System32\combase.dll
0x00007ff970420000 - 0x00007ff970515000 	C:\WINDOWS\System32\ucrtbase.dll
0x00007ff9705f0000 - 0x00007ff97065a000 	C:\WINDOWS\System32\bcryptPrimitives.dll
0x00007ff971610000 - 0x00007ff97163e000 	C:\WINDOWS\System32\IMM32.DLL
0x00000000558c0000 - 0x0000000055992000 	C:\Program Files\Java\jdk1.8.0_51\jre\bin\msvcr100.dll
0x0000000055030000 - 0x00000000558b3000 	C:\Program Files\Java\jdk1.8.0_51\jre\bin\server\jvm.dll
0x00007ff970de0000 - 0x00007ff970de8000 	C:\WINDOWS\System32\PSAPI.DLL
0x00007ff96dfa0000 - 0x00007ff96dfa9000 	C:\WINDOWS\SYSTEM32\WSOCK32.dll
0x00007ff9714a0000 - 0x00007ff97150a000 	C:\WINDOWS\System32\WS2_32.dll
0x00007ff96e200000 - 0x00007ff96e223000 	C:\WINDOWS\SYSTEM32\WINMM.dll
0x00007ff96a3c0000 - 0x00007ff96a3ca000 	C:\WINDOWS\SYSTEM32\VERSION.dll
0x00007ff96e1a0000 - 0x00007ff96e1cb000 	C:\WINDOWS\SYSTEM32\WINMMBASE.dll
0x00007ff970c40000 - 0x00007ff970c82000 	C:\WINDOWS\System32\cfgmgr32.dll
0x0000000055020000 - 0x000000005502f000 	C:\Program Files\Java\jdk1.8.0_51\jre\bin\verify.dll
0x0000000054ff0000 - 0x0000000055019000 	C:\Program Files\Java\jdk1.8.0_51\jre\bin\java.dll
0x0000000054fd0000 - 0x0000000054fe6000 	C:\Program Files\Java\jdk1.8.0_51\jre\bin\zip.dll
0x00007ff9717b0000 - 0x00007ff972cb9000 	C:\WINDOWS\System32\SHELL32.dll
0x00007ff96fd40000 - 0x00007ff97041a000 	C:\WINDOWS\System32\windows.storage.dll
0x00007ff96fce0000 - 0x00007ff96fd2c000 	C:\WINDOWS\System32\powrprof.dll
0x00007ff9732c0000 - 0x00007ff973312000 	C:\WINDOWS\System32\shlwapi.dll
0x00007ff96fd30000 - 0x00007ff96fd3f000 	C:\WINDOWS\System32\kernel.appcore.dll
0x00007ff970d30000 - 0x00007ff970dd9000 	C:\WINDOWS\System32\shcore.dll
0x00007ff96fcc0000 - 0x00007ff96fcd4000 	C:\WINDOWS\System32\profapi.dll

VM Arguments:
jvm_args: -Djava.awt.headless=true -Xmx1024M -Dfile.encoding=windows-1252 -Duser.country=IN -Duser.language=en -Duser.variant 
java_command: com.android.dx.command.Main --dex --force-jumbo --num-threads=4 --multi-dex --output F:\Android_Projects\Mine\TimeWork\app\build\intermediates\transforms\dex\debug\folders\1000\5\slice_1 F:\Android_Projects\Mine\TimeWork\app\build\intermediates\transforms\instantRunSlicer\debug\folders\1\5\slice_1
java_class_path (initial): C:\Users\Ganesh Prasad\AppData\Local\Android\sdk\build-tools\23.0.3\lib\dx.jar
Launcher Type: SUN_STANDARD

Environment Variables:
JAVA_HOME=C:\Program Files\Java\jdk1.8.0_51
PATH=C:\tools\ruby23\bin;C:\ProgramData\Oracle\Java\javapath;C:\Program Files (x86)\Intel\iCLS Client\;C:\Program Files\Intel\iCLS Client\;C:\Program Files (x86)\AMD APP\bin\x86_64;C:\Program Files (x86)\AMD APP\bin\x86;C:\WINDOWS\system32;C:\WINDOWS;C:\WINDOWS\System32\Wbem;C:\WINDOWS\System32\WindowsPowerShell\v1.0\;C:\Program Files (x86)\ATI Technologies\ATI.ACE\Core-Static;C:\Program Files\Intel\Intel(R) Management Engine Components\DAL;C:\Program Files\Intel\Intel(R) Management Engine Components\IPT;C:\Program Files (x86)\Intel\Intel(R) Management Engine Components\DAL;C:\Program Files (x86)\Intel\Intel(R) Management Engine Components\IPT;\;C:\Program Files (x86)\Sony\VAIO Startup Setting Tool;C:\Program Files (x86)\Java\jdk1.8.0_45\bin;C:\Program Files\nodejs\;C:\Users\Ganesh Prasad\AppData\Local\GitHub\PortableGit_d76a6a98c9315931ec4927243517bc09e9b731a0\usr\bin;C:\Users\Ganesh Prasad\AppData\Local\GitHub\PortableGit_d76a6a98c9315931ec4927243517bc09e9b731a0\cmd;C:\Program Files (x86)\AMD\ATI.ACE\Core-Static;C:\Users\Ganesh Prasad\AppData\Local\Android\sdk\platform-tools;C:\ProgramData\chocolatey\bin;C:\Users\Ganesh Prasad\Anaconda2;C:\Users\Ganesh Prasad\Anaconda2\Scripts;C:\Users\Ganesh Prasad\Anaconda2\Library\bin;C:\Users\Ganesh Prasad\AppData\Roaming\npm;C:\Users\Ganesh Prasad\AppData\Local\Microsoft\WindowsApps;C:\Users\Ganesh Prasad\AppData\Local\atom\bin
USERNAME=Ganesh Prasad
OS=Windows_NT
PROCESSOR_IDENTIFIER=Intel64 Family 6 Model 58 Stepping 9, GenuineIntel



---------------  S Y S T E M  ---------------

OS: Windows 10.0 , 64 bit Build 14393 (10.0.14393.0)

CPU:total 4 (2 cores per cpu, 2 threads per core) family 6 model 58 stepping 9, cmov, cx8, fxsr, mmx, sse, sse2, sse3, ssse3, sse4.1, sse4.2, popcnt, avx, clmul, erms, ht, tsc, tscinvbit, tscinv

Memory: 4k page, physical 4140316k(483012k free), swap 5574940k(4528k free)

vm_info: Java HotSpot(TM) 64-Bit Server VM (25.51-b03) for windows-amd64 JRE (1.8.0_51-b16), built on Jun  8 2015 18:03:07 by "java_re" with MS VC++ 10.0 (VS2010)

time: Tue Mar 21 12:41:09 2017
elapsed time: 4 seconds (0d 0h 0m 4s)

