#
# There is insufficient memory for the Java Runtime Environment to continue.
# Native memory allocation (malloc) failed to allocate 862576 bytes for Chunk::new
# Possible reasons:
#   The system is out of physical RAM or swap space
#   In 32 bit mode, the process size limit was hit
# Possible solutions:
#   Reduce memory load on the system
#   Increase physical memory or swap space
#   Check if swap backing store is full
#   Use 64 bit Java on a 64 bit OS
#   Decrease Java heap size (-Xmx/-Xms)
#   Decrease number of Java threads
#   Decrease Java thread stack sizes (-Xss)
#   Set larger code cache with -XX:ReservedCodeCacheSize=
# This output file may be truncated or incomplete.
#
#  Out of Memory Error (allocation.cpp:390), pid=195412, tid=198124
#
# JRE version: Java(TM) SE Runtime Environment (8.0_51-b16) (build 1.8.0_51-b16)
# Java VM: Java HotSpot(TM) 64-Bit Server VM (25.51-b03 mixed mode windows-amd64 compressed oops)
# Failed to write core dump. Minidumps are not enabled by default on client versions of Windows
#

---------------  T H R E A D  ---------------

Current thread (0x00000000155b0800):  JavaThread "C2 CompilerThread1" daemon [_thread_in_native, id=198124, stack(0x0000000016c20000,0x0000000016d20000)]

Stack: [0x0000000016c20000,0x0000000016d20000]
Native frames: (J=compiled Java code, j=interpreted, Vv=VM code, C=native code)
V  [jvm.dll+0x32b4ca]
V  [jvm.dll+0x2797e3]
V  [jvm.dll+0x27a479]
V  [jvm.dll+0x271765]
V  [jvm.dll+0xcba02]
V  [jvm.dll+0xcbecc]
V  [jvm.dll+0x492a7c]
V  [jvm.dll+0x45f7bf]
V  [jvm.dll+0x46a7cb]
V  [jvm.dll+0x46cde2]
V  [jvm.dll+0x4501a2]
V  [jvm.dll+0xa43a2]
V  [jvm.dll+0xa4cdf]
V  [jvm.dll+0x2418a4]
V  [jvm.dll+0x29846a]
C  [msvcr100.dll+0x21d9f]
C  [msvcr100.dll+0x21e3b]
C  [KERNEL32.DLL+0x8364]
C  [ntdll.dll+0x670d1]


Current CompileTask:
C2:   6233 1077       4       com.android.dx.ssa.SCCP::simulateBranch (666 bytes)


---------------  P R O C E S S  ---------------

Java Threads: ( => current thread )
  0x000000001706a000 JavaThread "pool-2-thread-4" [_thread_in_Java, id=198552, stack(0x0000000017820000,0x0000000017920000)]
  0x0000000017069800 JavaThread "pool-2-thread-3" [_thread_in_vm, id=193740, stack(0x0000000017720000,0x0000000017820000)]
  0x0000000016f80000 JavaThread "pool-2-thread-2" [_thread_in_Java, id=192368, stack(0x0000000017620000,0x0000000017720000)]
  0x0000000016f7d000 JavaThread "pool-3-thread-1" [_thread_blocked, id=198156, stack(0x0000000017520000,0x0000000017620000)]
  0x0000000016f78000 JavaThread "pool-2-thread-1" [_thread_in_Java, id=191864, stack(0x0000000017420000,0x0000000017520000)]
  0x0000000016e20800 JavaThread "Service Thread" daemon [_thread_blocked, id=194668, stack(0x0000000017220000,0x0000000017320000)]
  0x0000000015609800 JavaThread "C1 CompilerThread2" daemon [_thread_blocked, id=198068, stack(0x0000000016d20000,0x0000000016e20000)]
=>0x00000000155b0800 JavaThread "C2 CompilerThread1" daemon [_thread_in_native, id=198124, stack(0x0000000016c20000,0x0000000016d20000)]
  0x00000000155ad800 JavaThread "C2 CompilerThread0" daemon [_thread_blocked, id=197676, stack(0x0000000016b20000,0x0000000016c20000)]
  0x00000000155ab800 JavaThread "Attach Listener" daemon [_thread_blocked, id=198388, stack(0x0000000016a20000,0x0000000016b20000)]
  0x00000000155aa000 JavaThread "Signal Dispatcher" daemon [_thread_blocked, id=174516, stack(0x0000000016920000,0x0000000016a20000)]
  0x0000000002ed1000 JavaThread "Finalizer" daemon [_thread_blocked, id=197648, stack(0x0000000016820000,0x0000000016920000)]
  0x0000000002ece000 JavaThread "Reference Handler" daemon [_thread_blocked, id=194412, stack(0x0000000016720000,0x0000000016820000)]
  0x000000000122e000 JavaThread "main" [_thread_blocked, id=152908, stack(0x0000000002c90000,0x0000000002d90000)]

Other Threads:
  0x0000000015577800 VMThread [stack: 0x0000000016620000,0x0000000016720000] [id=195020]
  0x0000000016e21800 WatcherThread [stack: 0x0000000017320000,0x0000000017420000] [id=198192]

VM state:synchronizing (normal execution)

VM Mutex/Monitor currently owned by a thread:  ([mutex/lock_event])
[0x000000000122d510] Safepoint_lock - owner thread: 0x0000000015577800
[0x000000000122d590] Threads_lock - owner thread: 0x0000000015577800

Heap:
 PSYoungGen      total 18944K, used 14056K [0x00000000eab00000, 0x00000000ed000000, 0x0000000100000000)
  eden space 16384K, 70% used [0x00000000eab00000,0x00000000eb63f8e8,0x00000000ebb00000)
  from space 2560K, 99% used [0x00000000ebb00000,0x00000000ebd7aa90,0x00000000ebd80000)
  to   space 2560K, 0% used [0x00000000ecd80000,0x00000000ecd80000,0x00000000ed000000)
 ParOldGen       total 44032K, used 2190K [0x00000000c0000000, 0x00000000c2b00000, 0x00000000eab00000)
  object space 44032K, 4% used [0x00000000c0000000,0x00000000c0223b68,0x00000000c2b00000)
 Metaspace       used 5926K, capacity 6960K, committed 7040K, reserved 1056768K
  class space    used 594K, capacity 616K, committed 640K, reserved 1048576K

Card table byte_map: [0x00000000122a0000,0x00000000124b0000] byte_map_base: 0x0000000011ca0000

Marking Bits: (ParMarkBitMap*) 0x0000000055834040
 Begin Bits: [0x0000000012a10000, 0x0000000013a10000)
 End Bits:   [0x0000000013a10000, 0x0000000014a10000)

Polling page: 0x0000000001200000

CodeCache: size=245760Kb used=4832Kb max_used=4845Kb free=240927Kb
 bounds [0x0000000002ee0000, 0x00000000033b0000, 0x0000000011ee0000]
 total_blobs=1455 nmethods=1186 adapters=182
 compilation: enabled

Compilation events (10 events):
Event: 5.745 Thread 0x0000000015609800 nmethod 1183 0x0000000003398fd0 code [0x0000000003399160, 0x00000000033997b8]
Event: 5.745 Thread 0x0000000015609800 1184       3       com.android.dx.rop.cst.TypedConstant::getBasicFrameType (8 bytes)
Event: 5.745 Thread 0x0000000015609800 nmethod 1184 0x000000000338a390 code [0x000000000338a500, 0x000000000338a7d8]
Event: 5.748 Thread 0x00000000155ad800 nmethod 1174 0x000000000339c890 code [0x000000000339ca00, 0x000000000339ccb8]
Event: 5.748 Thread 0x00000000155ad800 1167       4       java.util.HashMap::putVal (300 bytes)
Event: 5.762 Thread 0x00000000155ad800 nmethod 1167 0x000000000339a310 code [0x000000000339a4c0, 0x000000000339ad28]
Event: 5.763 Thread 0x00000000155ad800 1175       4       java.util.ArrayList::grow (45 bytes)
Event: 5.766 Thread 0x00000000155ad800 nmethod 1175 0x000000000339d290 code [0x000000000339d3e0, 0x000000000339d638]
Event: 5.766 Thread 0x00000000155ad800 1187       4       com.android.dx.util.LabeledList::set (45 bytes)
Event: 5.780 Thread 0x00000000155ad800 nmethod 1187 0x000000000339e1d0 code [0x000000000339e360, 0x000000000339ea08]

GC Heap History (2 events):
Event: 5.038 GC heap before
{Heap before GC invocations=1 (full 0):
 PSYoungGen      total 18944K, used 16384K [0x00000000eab00000, 0x00000000ec000000, 0x0000000100000000)
  eden space 16384K, 100% used [0x00000000eab00000,0x00000000ebb00000,0x00000000ebb00000)
  from space 2560K, 0% used [0x00000000ebd80000,0x00000000ebd80000,0x00000000ec000000)
  to   space 2560K, 0% used [0x00000000ebb00000,0x00000000ebb00000,0x00000000ebd80000)
 ParOldGen       total 44032K, used 0K [0x00000000c0000000, 0x00000000c2b00000, 0x00000000eab00000)
  object space 44032K, 0% used [0x00000000c0000000,0x00000000c0000000,0x00000000c2b00000)
 Metaspace       used 5751K, capacity 6768K, committed 7040K, reserved 1056768K
  class space    used 591K, capacity 616K, committed 640K, reserved 1048576K
Event: 5.200 GC heap after
Heap after GC invocations=1 (full 0):
 PSYoungGen      total 18944K, used 2538K [0x00000000eab00000, 0x00000000ed000000, 0x0000000100000000)
  eden space 16384K, 0% used [0x00000000eab00000,0x00000000eab00000,0x00000000ebb00000)
  from space 2560K, 99% used [0x00000000ebb00000,0x00000000ebd7aa90,0x00000000ebd80000)
  to   space 2560K, 0% used [0x00000000ecd80000,0x00000000ecd80000,0x00000000ed000000)
 ParOldGen       total 44032K, used 2190K [0x00000000c0000000, 0x00000000c2b00000, 0x00000000eab00000)
  object space 44032K, 4% used [0x00000000c0000000,0x00000000c0223b68,0x00000000c2b00000)
 Metaspace       used 5751K, capacity 6768K, committed 7040K, reserved 1056768K
  class space    used 591K, capacity 616K, committed 640K, reserved 1048576K
}

Deoptimization events (5 events):
Event: 3.681 Thread 0x000000000122e000 Uncommon trap: reason=unstable_if action=reinterpret pc=0x000000000301e154 method=java.lang.String.indexOf(II)I @ 49
Event: 4.310 Thread 0x000000000122e000 Uncommon trap: reason=unstable_if action=reinterpret pc=0x0000000003101bf4 method=java.util.HashMap.getNode(ILjava/lang/Object;)Ljava/util/HashMap$Node; @ 62
Event: 4.487 Thread 0x0000000017069800 Uncommon trap: reason=unstable_if action=reinterpret pc=0x0000000003162160 method=java.util.HashMap.getNode(ILjava/lang/Object;)Ljava/util/HashMap$Node; @ 129
Event: 5.222 Thread 0x000000001706a000 Uncommon trap: reason=unstable_if action=reinterpret pc=0x000000000315f45c method=com.android.dx.rop.cst.Constant.compareTo(Lcom/android/dx/rop/cst/Constant;)I @ 12
Event: 5.647 Thread 0x0000000016f78000 Uncommon trap: reason=null_check action=make_not_entrant pc=0x0000000003225b60 method=com.android.dx.rop.type.Type.equals(Ljava/lang/Object;)Z @ 8

Internal exceptions (3 events):
Event: 2.063 Thread 0x000000000122e000 Exception <a 'java/lang/NoSuchMethodError': Method sun.misc.Unsafe.defineClass(Ljava/lang/String;[BII)Ljava/lang/Class; name or signature does not match> (0x00000000eab0dc88) thrown at [C:\re\workspace\8-2-build-windows-amd64-cygwin\jdk8u51\3951\hotspot\srµ‡	=Ç
Event: 2.064 Thread 0x000000000122e000 Exception <a 'java/lang/NoSuchMethodError': Method sun.misc.Unsafe.prefetchRead(Ljava/lang/Object;J)V name or signature does not match> (0x00000000eab0df18) thrown at [C:\re\workspace\8-2-build-windows-amd64-cygwin\jdk8u51\3951\hotspot\src\share\vm\prims\j«¥„y`ñ@
Event: 5.647 Thread 0x0000000016f78000 Implicit null exception at 0x0000000003225a62 to 0x0000000003225b52

Events (10 events):
Event: 5.229 loading class java/util/HashMap$KeySet done
Event: 5.229 loading class java/util/HashMap$KeyIterator
Event: 5.229 loading class java/util/HashMap$KeyIterator done
Event: 5.252 loading class java/util/TreeMap$EntrySet
Event: 5.252 loading class java/util/TreeMap$EntrySet done
Event: 5.252 loading class java/util/TreeMap$EntryIterator
Event: 5.252 loading class java/util/TreeMap$EntryIterator done
Event: 5.647 Thread 0x0000000016f78000 Uncommon trap: trap_request=0xfffffff4 fr.pc=0x0000000003225b60
Event: 5.647 Thread 0x0000000016f78000 DEOPT PACKING pc=0x0000000003225b60 sp=0x000000001751e5e0
Event: 5.647 Thread 0x0000000016f78000 DEOPT UNPACKING pc=0x0000000002f2582a sp=0x000000001751e568 mode 2


Dynamic libraries:
0x00007ff6113a0000 - 0x00007ff6113d7000 	C:\Program Files\Java\jdk1.8.0_51\bin\java.exe
0x00007ff973850000 - 0x00007ff973a21000 	C:\WINDOWS\SYSTEM32\ntdll.dll
0x00007ff972d20000 - 0x00007ff972dcb000 	C:\WINDOWS\System32\KERNEL32.DLL
0x00007ff970660000 - 0x00007ff97087d000 	C:\WINDOWS\System32\KERNELBASE.dll
0x00007ff972f10000 - 0x00007ff972fb2000 	C:\WINDOWS\System32\ADVAPI32.dll
0x00007ff9737b0000 - 0x00007ff97384e000 	C:\WINDOWS\System32\msvcrt.dll
0x00007ff9736b0000 - 0x00007ff973709000 	C:\WINDOWS\System32\sechost.dll
0x00007ff973320000 - 0x00007ff973441000 	C:\WINDOWS\System32\RPCRT4.dll
0x00007ff971640000 - 0x00007ff9717a5000 	C:\WINDOWS\System32\USER32.dll
0x00007ff970520000 - 0x00007ff97053e000 	C:\WINDOWS\System32\win32u.dll
0x00007ff973770000 - 0x00007ff9737a4000 	C:\WINDOWS\System32\GDI32.dll
0x00007ff970880000 - 0x00007ff970a02000 	C:\WINDOWS\System32\gdi32full.dll
0x00007ff963f10000 - 0x00007ff96418a000 	C:\WINDOWS\WinSxS\amd64_microsoft.windows.common-controls_6595b64144ccf1df_6.0.14393.953_none_42151e83c686086b\COMCTL32.dll
0x00007ff972fc0000 - 0x00007ff973288000 	C:\WINDOWS\System32\combase.dll
0x00007ff970420000 - 0x00007ff970515000 	C:\WINDOWS\System32\ucrtbase.dll
0x00007ff9705f0000 - 0x00007ff97065a000 	C:\WINDOWS\System32\bcryptPrimitives.dll
0x00007ff971610000 - 0x00007ff97163e000 	C:\WINDOWS\System32\IMM32.DLL
0x00000000558c0000 - 0x0000000055992000 	C:\Program Files\Java\jdk1.8.0_51\jre\bin\msvcr100.dll
0x0000000055030000 - 0x00000000558b3000 	C:\Program Files\Java\jdk1.8.0_51\jre\bin\server\jvm.dll
0x00007ff970de0000 - 0x00007ff970de8000 	C:\WINDOWS\System32\PSAPI.DLL
0x00007ff96dfa0000 - 0x00007ff96dfa9000 	C:\WINDOWS\SYSTEM32\WSOCK32.dll
0x00007ff9714a0000 - 0x00007ff97150a000 	C:\WINDOWS\System32\WS2_32.dll
0x00007ff96e200000 - 0x00007ff96e223000 	C:\WINDOWS\SYSTEM32\WINMM.dll
0x00007ff96a3c0000 - 0x00007ff96a3ca000 	C:\WINDOWS\SYSTEM32\VERSION.dll
0x00007ff96e1a0000 - 0x00007ff96e1cb000 	C:\WINDOWS\SYSTEM32\WINMMBASE.dll
0x00007ff970c40000 - 0x00007ff970c82000 	C:\WINDOWS\System32\cfgmgr32.dll
0x0000000055020000 - 0x000000005502f000 	C:\Program Files\Java\jdk1.8.0_51\jre\bin\verify.dll
0x0000000054ff0000 - 0x0000000055019000 	C:\Program Files\Java\jdk1.8.0_51\jre\bin\java.dll
0x0000000054fd0000 - 0x0000000054fe6000 	C:\Program Files\Java\jdk1.8.0_51\jre\bin\zip.dll
0x00007ff9717b0000 - 0x00007ff972cb9000 	C:\WINDOWS\System32\SHELL32.dll
0x00007ff96fd40000 - 0x00007ff97041a000 	C:\WINDOWS\System32\windows.storage.dll
0x00007ff96fce0000 - 0x00007ff96fd2c000 	C:\WINDOWS\System32\powrprof.dll
0x00007ff9732c0000 - 0x00007ff973312000 	C:\WINDOWS\System32\shlwapi.dll
0x00007ff96fd30000 - 0x00007ff96fd3f000 	C:\WINDOWS\System32\kernel.appcore.dll
0x00007ff970d30000 - 0x00007ff970dd9000 	C:\WINDOWS\System32\shcore.dll
0x00007ff96fcc0000 - 0x00007ff96fcd4000 	C:\WINDOWS\System32\profapi.dll
0x00007ff96aa40000 - 0x00007ff96abd2000 	C:\WINDOWS\SYSTEM32\dbghelp.dll

VM Arguments:
jvm_args: -Djava.awt.headless=true -Xmx1024M -Dfile.encoding=windows-1252 -Duser.country=IN -Duser.language=en -Duser.variant 
java_command: com.android.dx.command.Main --dex --force-jumbo --num-threads=4 --multi-dex --output F:\Android_Projects\Mine\TimeWork\app\build\intermediates\transforms\dex\debug\folders\1000\10\com.android.support-support-vector-drawable-23.3.0_3083617a3c47cd4bd710bfa4aaec1c864f3880b8 F:\Android_Projects\Mine\TimeWork\app\build\intermediates\exploded-aar\com.android.support\support-vector-drawable\23.3.0\jars\classes.jar
java_class_path (initial): C:\Users\Ganesh Prasad\AppData\Local\Android\sdk\build-tools\23.0.3\lib\dx.jar
Launcher Type: SUN_STANDARD

Environment Variables:
JAVA_HOME=C:\Program Files\Java\jdk1.8.0_51
PATH=C:\tools\ruby23\bin;C:\ProgramData\Oracle\Java\javapath;C:\Program Files (x86)\Intel\iCLS Client\;C:\Program Files\Intel\iCLS Client\;C:\Program Files (x86)\AMD APP\bin\x86_64;C:\Program Files (x86)\AMD APP\bin\x86;C:\WINDOWS\system32;C:\WINDOWS;C:\WINDOWS\System32\Wbem;C:\WINDOWS\System32\WindowsPowerShell\v1.0\;C:\Program Files (x86)\ATI Technologies\ATI.ACE\Core-Static;C:\Program Files\Intel\Intel(R) Management Engine Components\DAL;C:\Program Files\Intel\Intel(R) Management Engine Components\IPT;C:\Program Files (x86)\Intel\Intel(R) Management Engine Components\DAL;C:\Program Files (x86)\Intel\Intel(R) Management Engine Components\IPT;\;C:\Program Files (x86)\Sony\VAIO Startup Setting Tool;C:\Program Files (x86)\Java\jdk1.8.0_45\bin;C:\Program Files\nodejs\;C:\Users\Ganesh Prasad\AppData\Local\GitHub\PortableGit_d76a6a98c9315931ec4927243517bc09e9b731a0\usr\bin;C:\Users\Ganesh Prasad\AppData\Local\GitHub\PortableGit_d76a6a98c9315931ec4927243517bc09e9b731a0\cmd;C:\Program Files (x86)\AMD\ATI.ACE\Core-Static;C:\Users\Ganesh Prasad\AppData\Local\Android\sdk\platform-tools;C:\ProgramData\chocolatey\bin;C:\Users\Ganesh Prasad\Anaconda2;C:\Users\Ganesh Prasad\Anaconda2\Scripts;C:\Users\Ganesh Prasad\Anaconda2\Library\bin;C:\Users\Ganesh Prasad\AppData\Roaming\npm;C:\Users\Ganesh Prasad\AppData\Local\Microsoft\WindowsApps;C:\Users\Ganesh Prasad\AppData\Local\atom\bin
USERNAME=Ganesh Prasad
OS=Windows_NT
PROCESSOR_IDENTIFIER=Intel64 Family 6 Model 58 Stepping 9, GenuineIntel



---------------  S Y S T E M  ---------------

OS: Windows 10.0 , 64 bit Build 14393 (10.0.14393.0)

CPU:total 4 (2 cores per cpu, 2 threads per core) family 6 model 58 stepping 9, cmov, cx8, fxsr, mmx, sse, sse2, sse3, ssse3, sse4.1, sse4.2, popcnt, avx, clmul, erms, ht, tsc, tscinvbit, tscinv

Memory: 4k page, physical 4140316k(421464k free), swap 5574940k(5128k free)

vm_info: Java HotSpot(TM) 64-Bit Server VM (25.51-b03) for windows-amd64 JRE (1.8.0_51-b16), built on Jun  8 2015 18:03:07 by "java_re" with MS VC++ 10.0 (VS2010)

time: Tue Mar 21 12:41:46 2017
elapsed time: 6 seconds (0d 0h 0m 6s)

