#
# There is insufficient memory for the Java Runtime Environment to continue.
# Native memory allocation (malloc) failed to allocate 664256 bytes for Chunk::new
# Possible reasons:
#   The system is out of physical RAM or swap space
#   In 32 bit mode, the process size limit was hit
# Possible solutions:
#   Reduce memory load on the system
#   Increase physical memory or swap space
#   Check if swap backing store is full
#   Use 64 bit Java on a 64 bit OS
#   Decrease Java heap size (-Xmx/-Xms)
#   Decrease number of Java threads
#   Decrease Java thread stack sizes (-Xss)
#   Set larger code cache with -XX:ReservedCodeCacheSize=
# This output file may be truncated or incomplete.
#
#  Out of Memory Error (allocation.cpp:390), pid=189128, tid=176836
#
# JRE version: Java(TM) SE Runtime Environment (8.0_51-b16) (build 1.8.0_51-b16)
# Java VM: Java HotSpot(TM) 64-Bit Server VM (25.51-b03 mixed mode windows-amd64 compressed oops)
# Failed to write core dump. Minidumps are not enabled by default on client versions of Windows
#

---------------  T H R E A D  ---------------

Current thread (0x000000001567a000):  JavaThread "C2 CompilerThread0" daemon [_thread_in_native, id=176836, stack(0x0000000016bf0000,0x0000000016cf0000)]

Stack: [0x0000000016bf0000,0x0000000016cf0000]
Native frames: (J=compiled Java code, j=interpreted, Vv=VM code, C=native code)
V  [jvm.dll+0x32b4ca]


Current CompileTask:
C2:   4383 1406       4       com.android.dx.ssa.SCCP::simulateBranch (666 bytes)


---------------  P R O C E S S  ---------------

Java Threads: ( => current thread )
  0x000000001707b800 JavaThread "pool-1-thread-4" [_thread_in_vm, id=189404, stack(0x00000000180f0000,0x00000000181f0000)]
  0x000000001707b000 JavaThread "pool-1-thread-3" [_thread_in_vm, id=188752, stack(0x0000000017ff0000,0x00000000180f0000)]
  0x0000000017161000 JavaThread "pool-1-thread-2" [_thread_blocked, id=189256, stack(0x0000000017ef0000,0x0000000017ff0000)]
  0x0000000017160000 JavaThread "pool-2-thread-1" [_thread_blocked, id=189252, stack(0x0000000017df0000,0x0000000017ef0000)]
  0x000000001715f800 JavaThread "pool-1-thread-1" [_thread_in_Java, id=184872, stack(0x0000000017cf0000,0x0000000017df0000)]
  0x0000000016dfe000 JavaThread "Service Thread" daemon [_thread_blocked, id=187172, stack(0x00000000172f0000,0x00000000173f0000)]
  0x0000000016df8800 JavaThread "C1 CompilerThread2" daemon [_thread_blocked, id=188064, stack(0x00000000171f0000,0x00000000172f0000)]
  0x00000000156be800 JavaThread "C2 CompilerThread1" daemon [_thread_blocked, id=188740, stack(0x0000000016cf0000,0x0000000016df0000)]
=>0x000000001567a000 JavaThread "C2 CompilerThread0" daemon [_thread_in_native, id=176836, stack(0x0000000016bf0000,0x0000000016cf0000)]
  0x0000000015678000 JavaThread "Attach Listener" daemon [_thread_blocked, id=188640, stack(0x0000000016af0000,0x0000000016bf0000)]
  0x0000000015677000 JavaThread "Signal Dispatcher" daemon [_thread_blocked, id=188644, stack(0x00000000169f0000,0x0000000016af0000)]
  0x0000000002fa1000 JavaThread "Finalizer" daemon [_thread_blocked, id=9956, stack(0x00000000168f0000,0x00000000169f0000)]
  0x0000000015649800 JavaThread "Reference Handler" daemon [_thread_blocked, id=189432, stack(0x00000000167f0000,0x00000000168f0000)]
  0x0000000002eae000 JavaThread "main" [_thread_blocked, id=188472, stack(0x0000000002d90000,0x0000000002e90000)]

Other Threads:
  0x0000000015647000 VMThread [stack: 0x00000000166f0000,0x00000000167f0000] [id=153900]
  0x0000000016dff000 WatcherThread [stack: 0x00000000173f0000,0x00000000174f0000] [id=187788]

VM state:not at safepoint (normal execution)

VM Mutex/Monitor currently owned by a thread:  ([mutex/lock_event])
[0x0000000002eacf20] JNIGlobalHandle_lock - owner thread: 0x000000001707b800
[0x0000000002eb0fd0] MethodCompileQueue_lock - owner thread: 0x000000001707b800

Heap:
 PSYoungGen      total 35328K, used 20355K [0x00000000eab00000, 0x00000000ed000000, 0x0000000100000000)
  eden space 32768K, 54% used [0x00000000eab00000,0x00000000ebc62cf8,0x00000000ecb00000)
  from space 2560K, 99% used [0x00000000ecd80000,0x00000000ecffe2f8,0x00000000ed000000)
  to   space 2560K, 0% used [0x00000000ecb00000,0x00000000ecb00000,0x00000000ecd80000)
 ParOldGen       total 44032K, used 2565K [0x00000000c0000000, 0x00000000c2b00000, 0x00000000eab00000)
  object space 44032K, 5% used [0x00000000c0000000,0x00000000c0281788,0x00000000c2b00000)
 Metaspace       used 6028K, capacity 6960K, committed 7040K, reserved 1056768K
  class space    used 593K, capacity 616K, committed 640K, reserved 1048576K

Card table byte_map: [0x0000000012370000,0x0000000012580000] byte_map_base: 0x0000000011d70000

Marking Bits: (ParMarkBitMap*) 0x000000006d984040
 Begin Bits: [0x0000000012ae0000, 0x0000000013ae0000)
 End Bits:   [0x0000000013ae0000, 0x0000000014ae0000)

Polling page: 0x0000000001580000

CodeCache: size=245760Kb used=5676Kb max_used=5676Kb free=240083Kb
 bounds [0x0000000002fb0000, 0x0000000003550000, 0x0000000011fb0000]
 total_blobs=1676 nmethods=1405 adapters=182
 compilation: enabled

Compilation events (10 events):
Event: 4.359 Thread 0x0000000016df8800 nmethod 1397 0x0000000003520110 code [0x00000000035202a0, 0x00000000035208f0]
Event: 4.359 Thread 0x0000000016df8800 1398       3       com.android.dx.ssa.DomFront::run (264 bytes)
Event: 4.361 Thread 0x00000000156be800 nmethod 1405 0x000000000352d1d0 code [0x000000000352d340, 0x000000000352d758]
Event: 4.361 Thread 0x00000000156be800 1413       4       com.android.dx.ssa.SsaInsn::<init> (29 bytes)
Event: 4.362 Thread 0x00000000156be800 nmethod 1413 0x000000000351d250 code [0x000000000351d380, 0x000000000351d418]
Event: 4.362 Thread 0x00000000156be800 1409       4       com.android.dx.ssa.NormalSsaInsn::<init> (15 bytes)
Event: 4.363 Thread 0x00000000156be800 nmethod 1409 0x000000000351cf90 code [0x000000000351d0c0, 0x000000000351d178]
Event: 4.363 Thread 0x00000000156be800 1400       4       com.android.dx.rop.code.ThrowingCstInsn::<init> (51 bytes)
Event: 4.364 Thread 0x0000000016df8800 nmethod 1398 0x000000000353e2d0 code [0x000000000353e840, 0x0000000003541ea8]
Event: 4.364 Thread 0x0000000016df8800 1408       3       com.android.dx.ssa.SsaConverter::edgeSplitMoveExceptionsAndResults (157 bytes)

GC Heap History (4 events):
Event: 1.536 GC heap before
{Heap before GC invocations=1 (full 0):
 PSYoungGen      total 18944K, used 16384K [0x00000000eab00000, 0x00000000ec000000, 0x0000000100000000)
  eden space 16384K, 100% used [0x00000000eab00000,0x00000000ebb00000,0x00000000ebb00000)
  from space 2560K, 0% used [0x00000000ebd80000,0x00000000ebd80000,0x00000000ec000000)
  to   space 2560K, 0% used [0x00000000ebb00000,0x00000000ebb00000,0x00000000ebd80000)
 ParOldGen       total 44032K, used 0K [0x00000000c0000000, 0x00000000c2b00000, 0x00000000eab00000)
  object space 44032K, 0% used [0x00000000c0000000,0x00000000c0000000,0x00000000c2b00000)
 Metaspace       used 5436K, capacity 6448K, committed 6528K, reserved 1056768K
  class space    used 586K, capacity 616K, committed 640K, reserved 1048576K
Event: 1.730 GC heap after
Heap after GC invocations=1 (full 0):
 PSYoungGen      total 18944K, used 2533K [0x00000000eab00000, 0x00000000ed000000, 0x0000000100000000)
  eden space 16384K, 0% used [0x00000000eab00000,0x00000000eab00000,0x00000000ebb00000)
  from space 2560K, 98% used [0x00000000ebb00000,0x00000000ebd795c0,0x00000000ebd80000)
  to   space 2560K, 0% used [0x00000000ecd80000,0x00000000ecd80000,0x00000000ed000000)
 ParOldGen       total 44032K, used 794K [0x00000000c0000000, 0x00000000c2b00000, 0x00000000eab00000)
  object space 44032K, 1% used [0x00000000c0000000,0x00000000c00c6a00,0x00000000c2b00000)
 Metaspace       used 5436K, capacity 6448K, committed 6528K, reserved 1056768K
  class space    used 586K, capacity 616K, committed 640K, reserved 1048576K
}
Event: 3.897 GC heap before
{Heap before GC invocations=2 (full 0):
 PSYoungGen      total 18944K, used 18917K [0x00000000eab00000, 0x00000000ed000000, 0x0000000100000000)
  eden space 16384K, 100% used [0x00000000eab00000,0x00000000ebb00000,0x00000000ebb00000)
  from space 2560K, 98% used [0x00000000ebb00000,0x00000000ebd795c0,0x00000000ebd80000)
  to   space 2560K, 0% used [0x00000000ecd80000,0x00000000ecd80000,0x00000000ed000000)
 ParOldGen       total 44032K, used 794K [0x00000000c0000000, 0x00000000c2b00000, 0x00000000eab00000)
  object space 44032K, 1% used [0x00000000c0000000,0x00000000c00c6a00,0x00000000c2b00000)
 Metaspace       used 5982K, capacity 6960K, committed 7040K, reserved 1056768K
  class space    used 592K, capacity 616K, committed 640K, reserved 1048576K
Event: 3.915 GC heap after
Heap after GC invocations=2 (full 0):
 PSYoungGen      total 35328K, used 2552K [0x00000000eab00000, 0x00000000ed000000, 0x0000000100000000)
  eden space 32768K, 0% used [0x00000000eab00000,0x00000000eab00000,0x00000000ecb00000)
  from space 2560K, 99% used [0x00000000ecd80000,0x00000000ecffe2f8,0x00000000ed000000)
  to   space 2560K, 0% used [0x00000000ecb00000,0x00000000ecb00000,0x00000000ecd80000)
 ParOldGen       total 44032K, used 2565K [0x00000000c0000000, 0x00000000c2b00000, 0x00000000eab00000)
  object space 44032K, 5% used [0x00000000c0000000,0x00000000c0281788,0x00000000c2b00000)
 Metaspace       used 5982K, capacity 6960K, committed 7040K, reserved 1056768K
  class space    used 592K, capacity 616K, committed 640K, reserved 1048576K
}

Deoptimization events (4 events):
Event: 0.863 Thread 0x0000000002eae000 Uncommon trap: reason=unstable_if action=reinterpret pc=0x0000000003117d54 method=java.lang.String.compareTo(Ljava/lang/String;)I @ 38
Event: 4.313 Thread 0x000000001707b000 Uncommon trap: reason=unstable_if action=reinterpret pc=0x0000000003522a64 method=com.android.dx.rop.code.RegisterSpec.equals(ILcom/android/dx/rop/type/TypeBearer;Lcom/android/dx/rop/code/LocalItem;)Z @ 42
Event: 4.313 Thread 0x000000001707b000 Uncommon trap: reason=unstable_if action=reinterpret pc=0x00000000032a01e0 method=com.android.dx.rop.code.RegisterSpec.equals(ILcom/android/dx/rop/type/TypeBearer;Lcom/android/dx/rop/code/LocalItem;)Z @ 42
Event: 4.323 Thread 0x000000001707b000 Uncommon trap: reason=unstable_if action=reinterpret pc=0x00000000035303e4 method=com.android.dx.ssa.SsaRenamer$BlockRenamer.visitMoveInsn(Lcom/android/dx/ssa/NormalSsaInsn;)V @ 104

Internal exceptions (2 events):
Event: 0.078 Thread 0x0000000002eae000 Exception <a 'java/lang/NoSuchMethodError': Method sun.misc.Unsafe.defineClass(Ljava/lang/String;[BII)Ljava/lang/Class; name or signature does not match> (0x00000000eab0da78) thrown at [C:\re\workspace\8-2-build-windows-amd64-cygwin\jdk8u51\3951\hotspot\sr¹F«E¬Þ³?
Event: 0.078 Thread 0x0000000002eae000 Exception <a 'java/lang/NoSuchMethodError': Method sun.misc.Unsafe.prefetchRead(Ljava/lang/Object;J)V name or signature does not match> (0x00000000eab0dd08) thrown at [C:\re\workspace\8-2-build-windows-amd64-cygwin\jdk8u51\3951\hotspot\src\share\vm\prims\j

Events (10 events):
Event: 4.313 Thread 0x000000001707b000 DEOPT PACKING pc=0x0000000003522a64 sp=0x00000000180ee920
Event: 4.313 Thread 0x000000001707b000 DEOPT UNPACKING pc=0x0000000002ff582a sp=0x00000000180ee828 mode 2
Event: 4.313 Thread 0x000000001707b000 Uncommon trap: trap_request=0xffffff65 fr.pc=0x00000000032a01e0
Event: 4.313 Thread 0x000000001707b000 DEOPT PACKING pc=0x00000000032a01e0 sp=0x00000000180ee890
Event: 4.313 Thread 0x000000001707b000 DEOPT UNPACKING pc=0x0000000002ff582a sp=0x00000000180ee818 mode 2
Event: 4.323 Thread 0x000000001707b000 Uncommon trap: trap_request=0xffffff65 fr.pc=0x00000000035303e4
Event: 4.323 Thread 0x000000001707b000 DEOPT PACKING pc=0x00000000035303e4 sp=0x00000000180ee840
Event: 4.323 Thread 0x000000001707b000 DEOPT UNPACKING pc=0x0000000002ff582a sp=0x00000000180ee6a0 mode 2
Event: 4.356 loading class com/android/dx/cf/attrib/AttExceptions
Event: 4.356 loading class com/android/dx/cf/attrib/AttExceptions done


Dynamic libraries:
0x00007ff75fa10000 - 0x00007ff75fa47000 	C:\Program Files\Java\jdk1.8.0_51\bin\java.exe
0x00007ff839280000 - 0x00007ff839451000 	C:\WINDOWS\SYSTEM32\ntdll.dll
0x00007ff8369e0000 - 0x00007ff836a8b000 	C:\WINDOWS\System32\KERNEL32.DLL
0x00007ff8365f0000 - 0x00007ff83680d000 	C:\WINDOWS\System32\KERNELBASE.dll
0x00007ff836cb0000 - 0x00007ff836d52000 	C:\WINDOWS\System32\ADVAPI32.dll
0x00007ff837050000 - 0x00007ff8370ee000 	C:\WINDOWS\System32\msvcrt.dll
0x00007ff836d60000 - 0x00007ff836db9000 	C:\WINDOWS\System32\sechost.dll
0x00007ff8368a0000 - 0x00007ff8369c1000 	C:\WINDOWS\System32\RPCRT4.dll
0x00007ff836e80000 - 0x00007ff836fe5000 	C:\WINDOWS\System32\USER32.dll
0x00007ff835d20000 - 0x00007ff835d3e000 	C:\WINDOWS\System32\win32u.dll
0x00007ff838d10000 - 0x00007ff838d44000 	C:\WINDOWS\System32\GDI32.dll
0x00007ff835b90000 - 0x00007ff835d12000 	C:\WINDOWS\System32\gdi32full.dll
0x00007ff82fc30000 - 0x00007ff82fea9000 	C:\WINDOWS\WinSxS\amd64_microsoft.windows.common-controls_6595b64144ccf1df_6.0.14393.447_none_42191651c6827bb3\COMCTL32.dll
0x00007ff8389a0000 - 0x00007ff838c68000 	C:\WINDOWS\System32\combase.dll
0x00007ff8359e0000 - 0x00007ff835ad5000 	C:\WINDOWS\System32\ucrtbase.dll
0x00007ff8358c0000 - 0x00007ff83592a000 	C:\WINDOWS\System32\bcryptPrimitives.dll
0x00007ff838dc0000 - 0x00007ff838dee000 	C:\WINDOWS\System32\IMM32.DLL
0x000000006da10000 - 0x000000006dae2000 	C:\Program Files\Java\jdk1.8.0_51\jre\bin\msvcr100.dll
0x000000006d180000 - 0x000000006da03000 	C:\Program Files\Java\jdk1.8.0_51\jre\bin\server\jvm.dll
0x00007ff8369d0000 - 0x00007ff8369d8000 	C:\WINDOWS\System32\PSAPI.DLL
0x00007ff82faf0000 - 0x00007ff82faf9000 	C:\WINDOWS\SYSTEM32\WSOCK32.dll
0x00007ff836c40000 - 0x00007ff836caa000 	C:\WINDOWS\System32\WS2_32.dll
0x00007ff833c20000 - 0x00007ff833c43000 	C:\WINDOWS\SYSTEM32\WINMM.dll
0x00007ff831320000 - 0x00007ff83132a000 	C:\WINDOWS\SYSTEM32\VERSION.dll
0x00007ff833bc0000 - 0x00007ff833beb000 	C:\WINDOWS\SYSTEM32\WINMMBASE.dll
0x00007ff835ae0000 - 0x00007ff835b22000 	C:\WINDOWS\System32\cfgmgr32.dll
0x000000006e640000 - 0x000000006e64f000 	C:\Program Files\Java\jdk1.8.0_51\jre\bin\verify.dll
0x000000006e610000 - 0x000000006e639000 	C:\Program Files\Java\jdk1.8.0_51\jre\bin\java.dll
0x000000006e5f0000 - 0x000000006e606000 	C:\Program Files\Java\jdk1.8.0_51\jre\bin\zip.dll
0x00007ff8371f0000 - 0x00007ff8386f9000 	C:\WINDOWS\System32\SHELL32.dll
0x00007ff835d40000 - 0x00007ff83641a000 	C:\WINDOWS\System32\windows.storage.dll
0x00007ff8356f0000 - 0x00007ff83573c000 	C:\WINDOWS\System32\powrprof.dll
0x00007ff836830000 - 0x00007ff836882000 	C:\WINDOWS\System32\shlwapi.dll
0x00007ff8356e0000 - 0x00007ff8356ef000 	C:\WINDOWS\System32\kernel.appcore.dll
0x00007ff835810000 - 0x00007ff8358b9000 	C:\WINDOWS\System32\shcore.dll
0x00007ff835740000 - 0x00007ff835754000 	C:\WINDOWS\System32\profapi.dll

VM Arguments:
jvm_args: -Djava.awt.headless=true -Xmx1024M -Dfile.encoding=windows-1252 -Duser.country=IN -Duser.language=en -Duser.variant 
java_command: com.android.dx.command.Main --dex --num-threads=4 --output F:\Android_Projects\Mine\TimeWork\app\build\intermediates\pre-dexed\debug\com.android.support-appcompat-v7-23.3.0_21e3ff0ef20181184200874d977e7bf3d5a7e897.jar F:\Android_Projects\Mine\TimeWork\app\build\intermediates\exploded-aar\com.android.support\appcompat-v7\23.3.0\jars\classes.jar
java_class_path (initial): C:\Users\Ganesh Prasad\AppData\Local\Android\sdk\build-tools\23.0.3\lib\dx.jar
Launcher Type: SUN_STANDARD

Environment Variables:
JAVA_HOME=C:\Program Files\Java\jdk1.8.0_51
PATH=C:\tools\ruby23\bin;C:\ProgramData\Oracle\Java\javapath;C:\Program Files (x86)\Intel\iCLS Client\;C:\Program Files\Intel\iCLS Client\;C:\Program Files (x86)\AMD APP\bin\x86_64;C:\Program Files (x86)\AMD APP\bin\x86;C:\WINDOWS\system32;C:\WINDOWS;C:\WINDOWS\System32\Wbem;C:\WINDOWS\System32\WindowsPowerShell\v1.0\;C:\Program Files (x86)\ATI Technologies\ATI.ACE\Core-Static;C:\Program Files\Intel\Intel(R) Management Engine Components\DAL;C:\Program Files\Intel\Intel(R) Management Engine Components\IPT;C:\Program Files (x86)\Intel\Intel(R) Management Engine Components\DAL;C:\Program Files (x86)\Intel\Intel(R) Management Engine Components\IPT;\;C:\Program Files (x86)\Sony\VAIO Startup Setting Tool;C:\Program Files (x86)\Java\jdk1.8.0_45\bin;C:\Program Files\nodejs\;C:\Users\Ganesh Prasad\AppData\Local\GitHub\PortableGit_c7e0cbde92ba565cb218a521411d0e854079a28c\bin;C:\Users\Ganesh Prasad\AppData\Local\GitHub\PortableGit_c7e0cbde92ba565cb218a521411d0e854079a28c\cmd;C:\Program Files (x86)\AMD\ATI.ACE\Core-Static;C:\Users\Ganesh Prasad\AppData\Local\Android\sdk\platform-tools;C:\Program Files (x86)\Brackets\command;C:\ProgramData\chocolatey\bin;C:\Users\Ganesh Prasad\Anaconda2;C:\Users\Ganesh Prasad\Anaconda2\Scripts;C:\Users\Ganesh Prasad\Anaconda2\Library\bin;C:\Users\Ganesh Prasad\AppData\Roaming\npm;C:\Users\Ganesh Prasad\AppData\Local\Microsoft\WindowsApps;
USERNAME=Ganesh Prasad
OS=Windows_NT
PROCESSOR_IDENTIFIER=Intel64 Family 6 Model 58 Stepping 9, GenuineIntel



---------------  S Y S T E M  ---------------

OS: Windows 10.0 , 64 bit Build 14393 (10.0.14393.0)

CPU:total 4 (2 cores per cpu, 2 threads per core) family 6 model 58 stepping 9, cmov, cx8, fxsr, mmx, sse, sse2, sse3, ssse3, sse4.1, sse4.2, popcnt, avx, clmul, erms, ht, tsc, tscinvbit, tscinv

Memory: 4k page, physical 4140316k(203592k free), swap 5574940k(3292k free)

vm_info: Java HotSpot(TM) 64-Bit Server VM (25.51-b03) for windows-amd64 JRE (1.8.0_51-b16), built on Jun  8 2015 18:03:07 by "java_re" with MS VC++ 10.0 (VS2010)

time: Wed Feb 15 17:46:25 2017
elapsed time: 4 seconds (0d 0h 0m 4s)

