#
# There is insufficient memory for the Java Runtime Environment to continue.
# Native memory allocation (malloc) failed to allocate 57136 bytes for Chunk::new
# Possible reasons:
#   The system is out of physical RAM or swap space
#   In 32 bit mode, the process size limit was hit
# Possible solutions:
#   Reduce memory load on the system
#   Increase physical memory or swap space
#   Check if swap backing store is full
#   Use 64 bit Java on a 64 bit OS
#   Decrease Java heap size (-Xmx/-Xms)
#   Decrease number of Java threads
#   Decrease Java thread stack sizes (-Xss)
#   Set larger code cache with -XX:ReservedCodeCacheSize=
# This output file may be truncated or incomplete.
#
#  Out of Memory Error (allocation.cpp:390), pid=135452, tid=135860
#
# JRE version: Java(TM) SE Runtime Environment (8.0_51-b16) (build 1.8.0_51-b16)
# Java VM: Java HotSpot(TM) 64-Bit Server VM (25.51-b03 mixed mode windows-amd64 compressed oops)
# Failed to write core dump. Minidumps are not enabled by default on client versions of Windows
#

---------------  T H R E A D  ---------------

Current thread (0x0000000015349800):  JavaThread "C2 CompilerThread1" daemon [_thread_in_native, id=135860, stack(0x0000000016940000,0x0000000016a40000)]

Stack: [0x0000000016940000,0x0000000016a40000]
Native frames: (J=compiled Java code, j=interpreted, Vv=VM code, C=native code)
V  [jvm.dll+0x32b4ca]


Current CompileTask:
C2:   8397 1274       4       java.util.HashMap::resize (359 bytes)


---------------  P R O C E S S  ---------------

Java Threads: ( => current thread )
  0x0000000016da5000 JavaThread "pool-2-thread-4" [_thread_blocked, id=135996, stack(0x0000000017540000,0x0000000017640000)]
  0x0000000016d97800 JavaThread "pool-2-thread-3" [_thread_blocked, id=135984, stack(0x0000000017440000,0x0000000017540000)]
  0x0000000016ca8800 JavaThread "pool-2-thread-2" [_thread_blocked, id=135976, stack(0x0000000017340000,0x0000000017440000)]
  0x0000000016c91800 JavaThread "pool-3-thread-1" [_thread_blocked, id=135960, stack(0x0000000017240000,0x0000000017340000)]
  0x0000000016c84800 JavaThread "pool-2-thread-1" [_thread_in_Java, id=135956, stack(0x0000000017140000,0x0000000017240000)]
  0x0000000016b45800 JavaThread "Service Thread" daemon [_thread_blocked, id=135868, stack(0x0000000016f40000,0x0000000017040000)]
  0x000000001534c800 JavaThread "C1 CompilerThread2" daemon [_thread_blocked, id=135864, stack(0x0000000016a40000,0x0000000016b40000)]
=>0x0000000015349800 JavaThread "C2 CompilerThread1" daemon [_thread_in_native, id=135860, stack(0x0000000016940000,0x0000000016a40000)]
  0x00000000152ea000 JavaThread "C2 CompilerThread0" daemon [_thread_in_native, id=135848, stack(0x0000000016840000,0x0000000016940000)]
  0x00000000152e8000 JavaThread "Attach Listener" daemon [_thread_blocked, id=135844, stack(0x0000000016740000,0x0000000016840000)]
  0x00000000152e7000 JavaThread "Signal Dispatcher" daemon [_thread_blocked, id=135840, stack(0x0000000016640000,0x0000000016740000)]
  0x0000000002c11000 JavaThread "Finalizer" daemon [_thread_blocked, id=135780, stack(0x0000000016540000,0x0000000016640000)]
  0x00000000152b9800 JavaThread "Reference Handler" daemon [_thread_blocked, id=135776, stack(0x0000000016440000,0x0000000016540000)]
  0x000000000111e000 JavaThread "main" [_thread_in_native, id=135644, stack(0x0000000002950000,0x0000000002a50000)]

Other Threads:
  0x00000000152b7000 VMThread [stack: 0x0000000016340000,0x0000000016440000] [id=135752]
  0x0000000016b47000 WatcherThread [stack: 0x0000000017040000,0x0000000017140000] [id=135880]

VM state:not at safepoint (normal execution)

VM Mutex/Monitor currently owned by a thread: None

Heap:
 PSYoungGen      total 35328K, used 16189K [0x00000000eab00000, 0x00000000ed000000, 0x0000000100000000)
  eden space 32768K, 41% used [0x00000000eab00000,0x00000000eb84f898,0x00000000ecb00000)
  from space 2560K, 99% used [0x00000000ecd80000,0x00000000ecffff38,0x00000000ed000000)
  to   space 2560K, 0% used [0x00000000ecb00000,0x00000000ecb00000,0x00000000ecd80000)
 ParOldGen       total 44032K, used 8457K [0x00000000c0000000, 0x00000000c2b00000, 0x00000000eab00000)
  object space 44032K, 19% used [0x00000000c0000000,0x00000000c0842478,0x00000000c2b00000)
 Metaspace       used 5814K, capacity 6832K, committed 7040K, reserved 1056768K
  class space    used 582K, capacity 616K, committed 640K, reserved 1048576K

Card table byte_map: [0x0000000011fe0000,0x00000000121f0000] byte_map_base: 0x00000000119e0000

Marking Bits: (ParMarkBitMap*) 0x0000000057c84040
 Begin Bits: [0x0000000012750000, 0x0000000013750000)
 End Bits:   [0x0000000013750000, 0x0000000014750000)

Polling page: 0x0000000001070000

CodeCache: size=245760Kb used=5370Kb max_used=5379Kb free=240389Kb
 bounds [0x0000000002c20000, 0x0000000003170000, 0x0000000011c20000]
 total_blobs=1545 nmethods=1276 adapters=182
 compilation: enabled

Compilation events (10 events):
Event: 8.010 Thread 0x00000000152ea000 1270       4       com.android.dx.rop.code.Rops::ropFor (771 bytes)
Event: 8.020 Thread 0x0000000015349800 nmethod 1264 0x000000000315fd10 code [0x00000000031601c0, 0x00000000031611f0]
Event: 8.022 Thread 0x0000000015349800 1271       4       com.android.dx.ssa.SsaMethod::computeReachability (131 bytes)
Event: 8.068 Thread 0x0000000015349800 nmethod 1271 0x0000000003164c50 code [0x0000000003164e00, 0x0000000003165c78]
Event: 8.072 Thread 0x0000000015349800 1272       4       com.android.dx.rop.cst.CstBaseMethodRef::compareTo0 (29 bytes)
Event: 8.085 Thread 0x0000000015349800 nmethod 1272 0x000000000315b790 code [0x000000000315b920, 0x000000000315c0d8]
Event: 8.086 Thread 0x000000001534c800 1273       1       java.util.concurrent.atomic.AtomicInteger::get (5 bytes)
Event: 8.086 Thread 0x000000001534c800 nmethod 1273 0x0000000003156490 code [0x00000000031565e0, 0x00000000031566f0]
Event: 8.392 Thread 0x0000000015349800 1274       4       java.util.HashMap::resize (359 bytes)
Event: 8.393 Thread 0x000000001534c800 1275       3       java.util.TreeMap::getFirstEntry (26 bytes)

GC Heap History (4 events):
Event: 4.743 GC heap before
{Heap before GC invocations=1 (full 0):
 PSYoungGen      total 18944K, used 16384K [0x00000000eab00000, 0x00000000ec000000, 0x0000000100000000)
  eden space 16384K, 100% used [0x00000000eab00000,0x00000000ebb00000,0x00000000ebb00000)
  from space 2560K, 0% used [0x00000000ebd80000,0x00000000ebd80000,0x00000000ec000000)
  to   space 2560K, 0% used [0x00000000ebb00000,0x00000000ebb00000,0x00000000ebd80000)
 ParOldGen       total 44032K, used 0K [0x00000000c0000000, 0x00000000c2b00000, 0x00000000eab00000)
  object space 44032K, 0% used [0x00000000c0000000,0x00000000c0000000,0x00000000c2b00000)
 Metaspace       used 5746K, capacity 6768K, committed 7040K, reserved 1056768K
  class space    used 581K, capacity 616K, committed 640K, reserved 1048576K
Event: 4.881 GC heap after
Heap after GC invocations=1 (full 0):
 PSYoungGen      total 18944K, used 2543K [0x00000000eab00000, 0x00000000ed000000, 0x0000000100000000)
  eden space 16384K, 0% used [0x00000000eab00000,0x00000000eab00000,0x00000000ebb00000)
  from space 2560K, 99% used [0x00000000ebb00000,0x00000000ebd7bf30,0x00000000ebd80000)
  to   space 2560K, 0% used [0x00000000ecd80000,0x00000000ecd80000,0x00000000ed000000)
 ParOldGen       total 44032K, used 2328K [0x00000000c0000000, 0x00000000c2b00000, 0x00000000eab00000)
  object space 44032K, 5% used [0x00000000c0000000,0x00000000c0246370,0x00000000c2b00000)
 Metaspace       used 5746K, capacity 6768K, committed 7040K, reserved 1056768K
  class space    used 581K, capacity 616K, committed 640K, reserved 1048576K
}
Event: 6.573 GC heap before
{Heap before GC invocations=2 (full 0):
 PSYoungGen      total 18944K, used 18927K [0x00000000eab00000, 0x00000000ed000000, 0x0000000100000000)
  eden space 16384K, 100% used [0x00000000eab00000,0x00000000ebb00000,0x00000000ebb00000)
  from space 2560K, 99% used [0x00000000ebb00000,0x00000000ebd7bf30,0x00000000ebd80000)
  to   space 2560K, 0% used [0x00000000ecd80000,0x00000000ecd80000,0x00000000ed000000)
 ParOldGen       total 44032K, used 2328K [0x00000000c0000000, 0x00000000c2b00000, 0x00000000eab00000)
  object space 44032K, 5% used [0x00000000c0000000,0x00000000c0246370,0x00000000c2b00000)
 Metaspace       used 5791K, capacity 6832K, committed 7040K, reserved 1056768K
  class space    used 582K, capacity 616K, committed 640K, reserved 1048576K
Event: 6.746 GC heap after
Heap after GC invocations=2 (full 0):
 PSYoungGen      total 35328K, used 2559K [0x00000000eab00000, 0x00000000ed000000, 0x0000000100000000)
  eden space 32768K, 0% used [0x00000000eab00000,0x00000000eab00000,0x00000000ecb00000)
  from space 2560K, 99% used [0x00000000ecd80000,0x00000000ecffff38,0x00000000ed000000)
  to   space 2560K, 0% used [0x00000000ecb00000,0x00000000ecb00000,0x00000000ecd80000)
 ParOldGen       total 44032K, used 8457K [0x00000000c0000000, 0x00000000c2b00000, 0x00000000eab00000)
  object space 44032K, 19% used [0x00000000c0000000,0x00000000c0842478,0x00000000c2b00000)
 Metaspace       used 5791K, capacity 6832K, committed 7040K, reserved 1056768K
  class space    used 582K, capacity 616K, committed 640K, reserved 1048576K
}

Deoptimization events (10 events):
Event: 4.471 Thread 0x0000000016d97800 Uncommon trap: reason=class_check action=maybe_recompile pc=0x0000000002fba23c method=com.android.dx.cf.code.BytecodeArray.parseInstruction(ILcom/android/dx/cf/code/BytecodeArray$Visitor;)I @ 971
Event: 4.471 Thread 0x0000000016d97800 Uncommon trap: reason=class_check action=maybe_recompile pc=0x0000000002fba290 method=com.android.dx.cf.code.BytecodeArray.parseInstruction(ILcom/android/dx/cf/code/BytecodeArray$Visitor;)I @ 987
Event: 4.476 Thread 0x0000000016d97800 Uncommon trap: reason=class_check action=maybe_recompile pc=0x0000000002fba23c method=com.android.dx.cf.code.BytecodeArray.parseInstruction(ILcom/android/dx/cf/code/BytecodeArray$Visitor;)I @ 971
Event: 4.502 Thread 0x0000000016d97800 Uncommon trap: reason=class_check action=maybe_recompile pc=0x0000000002fba23c method=com.android.dx.cf.code.BytecodeArray.parseInstruction(ILcom/android/dx/cf/code/BytecodeArray$Visitor;)I @ 971
Event: 4.737 Thread 0x0000000016ca8800 Uncommon trap: reason=class_check action=maybe_recompile pc=0x000000000302dc30 method=com.android.dx.cf.code.BytecodeArray.parseInstruction(ILcom/android/dx/cf/code/BytecodeArray$Visitor;)I @ 1287
Event: 4.737 Thread 0x0000000016ca8800 Uncommon trap: reason=class_check action=maybe_recompile pc=0x000000000302dc30 method=com.android.dx.cf.code.BytecodeArray.parseInstruction(ILcom/android/dx/cf/code/BytecodeArray$Visitor;)I @ 1287
Event: 4.965 Thread 0x0000000016ca8800 Uncommon trap: reason=unstable_if action=reinterpret pc=0x000000000301b900 method=com.android.dx.rop.cst.CstFieldRef.compareTo0(Lcom/android/dx/rop/cst/Constant;)I @ 7
Event: 6.218 Thread 0x0000000016d97800 Uncommon trap: reason=unstable_if action=reinterpret pc=0x0000000002f6c1a0 method=java.util.HashMap.getNode(ILjava/lang/Object;)Ljava/util/HashMap$Node; @ 129
Event: 6.531 Thread 0x0000000016ca8800 Uncommon trap: reason=unstable_if action=reinterpret pc=0x00000000030bb9d4 method=com.android.dx.ssa.SsaRenamer.getLocalForNewReg(I)Lcom/android/dx/rop/code/LocalItem; @ 8
Event: 6.532 Thread 0x0000000016ca8800 Uncommon trap: reason=unstable_if action=reinterpret pc=0x00000000030b2378 method=com.android.dx.ssa.SsaRenamer.getLocalForNewReg(I)Lcom/android/dx/rop/code/LocalItem; @ 8

Internal exceptions (2 events):
Event: 0.390 Thread 0x000000000111e000 Exception <a 'java/lang/NoSuchMethodError': Method sun.misc.Unsafe.defineClass(Ljava/lang/String;[BII)Ljava/lang/Class; name or signature does not match> (0x00000000eab0d940) thrown at [C:\re\workspace\8-2-build-windows-amd64-cygwin\jdk8u51\3951\hotspot\srë¨î8ÄøØ?
Event: 0.390 Thread 0x000000000111e000 Exception <a 'java/lang/NoSuchMethodError': Method sun.misc.Unsafe.prefetchRead(Ljava/lang/Object;J)V name or signature does not match> (0x00000000eab0dbd0) thrown at [C:\re\workspace\8-2-build-windows-amd64-cygwin\jdk8u51\3951\hotspot\src\share\vm\prims\j

Events (10 events):
Event: 7.192 Thread 0x0000000016d97800 DEOPT PACKING pc=0x0000000003103c94 sp=0x000000001753e8e0
Event: 7.192 Thread 0x0000000016d97800 DEOPT UNPACKING pc=0x0000000002c6787f sp=0x000000001753e680 mode 0
Event: 7.390 Thread 0x0000000016d97800 DEOPT PACKING pc=0x00000000030dbd4d sp=0x000000001753e790
Event: 7.390 Thread 0x0000000016d97800 DEOPT UNPACKING pc=0x0000000002c6787f sp=0x000000001753e490 mode 0
Event: 7.395 Thread 0x0000000016d97800 DEOPT PACKING pc=0x0000000002f7b838 sp=0x000000001753e750
Event: 7.396 Thread 0x0000000016d97800 DEOPT UNPACKING pc=0x0000000002c6787f sp=0x000000001753e478 mode 0
Event: 7.774 Thread 0x0000000016d97800 DEOPT PACKING pc=0x00000000030f0dad sp=0x000000001753e9d0
Event: 7.774 Thread 0x0000000016d97800 DEOPT UNPACKING pc=0x0000000002c6787f sp=0x000000001753e768 mode 0
Event: 8.069 Thread 0x0000000016d97800 DEOPT PACKING pc=0x000000000306a611 sp=0x000000001753e7e0
Event: 8.069 Thread 0x0000000016d97800 DEOPT UNPACKING pc=0x0000000002c6787f sp=0x000000001753e5a8 mode 0


Dynamic libraries:
0x00007ff6f9dd0000 - 0x00007ff6f9e07000 	C:\Program Files\Java\jdk1.8.0_51\bin\java.exe
0x00007fffd8be0000 - 0x00007fffd8da1000 	C:\WINDOWS\SYSTEM32\ntdll.dll
0x00007fffd6330000 - 0x00007fffd63dd000 	C:\WINDOWS\system32\KERNEL32.DLL
0x00007fffd53c0000 - 0x00007fffd55a8000 	C:\WINDOWS\system32\KERNELBASE.dll
0x00007fffd69a0000 - 0x00007fffd6a47000 	C:\WINDOWS\system32\ADVAPI32.dll
0x00007fffd6780000 - 0x00007fffd681d000 	C:\WINDOWS\system32\msvcrt.dll
0x00007fffd6cb0000 - 0x00007fffd6d0b000 	C:\WINDOWS\system32\sechost.dll
0x00007fffd6420000 - 0x00007fffd653c000 	C:\WINDOWS\system32\RPCRT4.dll
0x00007fffd7200000 - 0x00007fffd7356000 	C:\WINDOWS\system32\USER32.dll
0x00007fffd6a50000 - 0x00007fffd6bd6000 	C:\WINDOWS\system32\GDI32.dll
0x00007fffc88f0000 - 0x00007fffc8b64000 	C:\WINDOWS\WinSxS\amd64_microsoft.windows.common-controls_6595b64144ccf1df_6.0.10586.0_none_8c15ae12515e1c22\COMCTL32.dll
0x00007fffd60a0000 - 0x00007fffd631d000 	C:\WINDOWS\system32\combase.dll
0x00007fffd5f70000 - 0x00007fffd5fda000 	C:\WINDOWS\system32\bcryptPrimitives.dll
0x00007fffd63e0000 - 0x00007fffd641b000 	C:\WINDOWS\system32\IMM32.DLL
0x0000000057060000 - 0x0000000057132000 	C:\Program Files\Java\jdk1.8.0_51\jre\bin\msvcr100.dll
0x0000000057480000 - 0x0000000057d03000 	C:\Program Files\Java\jdk1.8.0_51\jre\bin\server\jvm.dll
0x00007fffd6820000 - 0x00007fffd6828000 	C:\WINDOWS\system32\PSAPI.DLL
0x00007fffd24c0000 - 0x00007fffd24c9000 	C:\WINDOWS\SYSTEM32\WSOCK32.dll
0x00007fffd6710000 - 0x00007fffd677b000 	C:\WINDOWS\system32\WS2_32.dll
0x00007fffd32e0000 - 0x00007fffd3303000 	C:\WINDOWS\SYSTEM32\WINMM.dll
0x00007fffd0c80000 - 0x00007fffd0c8a000 	C:\WINDOWS\SYSTEM32\VERSION.dll
0x00007fffd32b0000 - 0x00007fffd32dc000 	C:\WINDOWS\SYSTEM32\WINMMBASE.dll
0x00007fffd5290000 - 0x00007fffd52d3000 	C:\WINDOWS\system32\cfgmgr32.dll
0x0000000058450000 - 0x000000005845f000 	C:\Program Files\Java\jdk1.8.0_51\jre\bin\verify.dll
0x0000000058420000 - 0x0000000058449000 	C:\Program Files\Java\jdk1.8.0_51\jre\bin\java.dll
0x0000000058400000 - 0x0000000058416000 	C:\Program Files\Java\jdk1.8.0_51\jre\bin\zip.dll
0x00007fffd7570000 - 0x00007fffd8acc000 	C:\WINDOWS\system32\SHELL32.dll
0x00007fffd5660000 - 0x00007fffd5ca4000 	C:\WINDOWS\system32\windows.storage.dll
0x00007fffd6d10000 - 0x00007fffd6d62000 	C:\WINDOWS\system32\shlwapi.dll
0x00007fffd5210000 - 0x00007fffd521f000 	C:\WINDOWS\system32\kernel.appcore.dll
0x00007fffd5300000 - 0x00007fffd53b5000 	C:\WINDOWS\system32\shcore.dll
0x00007fffd5220000 - 0x00007fffd526b000 	C:\WINDOWS\system32\powrprof.dll
0x00007fffd5270000 - 0x00007fffd5284000 	C:\WINDOWS\system32\profapi.dll

VM Arguments:
jvm_args: -Djava.awt.headless=true -Xmx1024M -Dfile.encoding=windows-1252 -Duser.country=IN -Duser.language=en -Duser.variant 
java_command: com.android.dx.command.Main --dex --force-jumbo --num-threads=4 --multi-dex --output F:\STUDY\ANDROID\SAMPLES\TimeWork\app\build\intermediates\transforms\dex\debug\folders\1000\5\slice_1 F:\STUDY\ANDROID\SAMPLES\TimeWork\app\build\intermediates\transforms\instantRunSlicer\debug\folders\1\5\slice_1
java_class_path (initial): C:\Users\Ganesh Prasad\AppData\Local\Android\sdk\build-tools\23.0.3\lib\dx.jar
Launcher Type: SUN_STANDARD

Environment Variables:
JAVA_HOME=C:\Program Files\Java\jdk1.8.0_51
PATH=C:\ProgramData\Oracle\Java\javapath;C:\Program Files (x86)\Intel\iCLS Client\;C:\Program Files\Intel\iCLS Client\;C:\Program Files (x86)\AMD APP\bin\x86_64;C:\Program Files (x86)\AMD APP\bin\x86;C:\WINDOWS\system32;C:\WINDOWS;C:\WINDOWS\System32\Wbem;C:\WINDOWS\System32\WindowsPowerShell\v1.0\;C:\Program Files (x86)\ATI Technologies\ATI.ACE\Core-Static;C:\Program Files\Intel\Intel(R) Management Engine Components\DAL;C:\Program Files\Intel\Intel(R) Management Engine Components\IPT;C:\Program Files (x86)\Intel\Intel(R) Management Engine Components\DAL;C:\Program Files (x86)\Intel\Intel(R) Management Engine Components\IPT;\;C:\Program Files (x86)\Sony\VAIO Startup Setting Tool;C:\Program Files (x86)\Brackets\command;C:\Program Files (x86)\Java\jdk1.8.0_45\bin;C:\Program Files\nodejs\;C:\Users\Ganesh Prasad\AppData\Local\GitHub\PortableGit_c7e0cbde92ba565cb218a521411d0e854079a28c\bin;C:\Users\Ganesh Prasad\AppData\Local\GitHub\PortableGit_c7e0cbde92ba565cb218a521411d0e854079a28c\cmd;C:\Program Files (x86)\AMD\ATI.ACE\Core-Static;C:\Users\Ganesh Prasad\AppData\Local\Android\sdk\platform-tools;C:\Users\Ganesh Prasad\Anaconda2;C:\Users\Ganesh Prasad\Anaconda2\Scripts;C:\Users\Ganesh Prasad\Anaconda2\Library\bin;C:\Users\Ganesh Prasad\AppData\Roaming\npm
USERNAME=Ganesh Prasad
OS=Windows_NT
PROCESSOR_IDENTIFIER=Intel64 Family 6 Model 58 Stepping 9, GenuineIntel



---------------  S Y S T E M  ---------------

OS: Windows 10.0 , 64 bit Build 10586 (10.0.10586.0)

CPU:total 4 (2 cores per cpu, 2 threads per core) family 6 model 58 stepping 9, cmov, cx8, fxsr, mmx, sse, sse2, sse3, ssse3, sse4.1, sse4.2, popcnt, avx, clmul, erms, ht, tsc, tscinvbit, tscinv

Memory: 4k page, physical 4140316k(314336k free), swap 5574940k(4120k free)

vm_info: Java HotSpot(TM) 64-Bit Server VM (25.51-b03) for windows-amd64 JRE (1.8.0_51-b16), built on Jun  8 2015 18:03:07 by "java_re" with MS VC++ 10.0 (VS2010)

time: Tue Jul 12 13:20:47 2016
elapsed time: 8 seconds (0d 0h 0m 8s)

