#
# There is insufficient memory for the Java Runtime Environment to continue.
# Native memory allocation (malloc) failed to allocate 1010656 bytes for Chunk::new
# Possible reasons:
#   The system is out of physical RAM or swap space
#   In 32 bit mode, the process size limit was hit
# Possible solutions:
#   Reduce memory load on the system
#   Increase physical memory or swap space
#   Check if swap backing store is full
#   Use 64 bit Java on a 64 bit OS
#   Decrease Java heap size (-Xmx/-Xms)
#   Decrease number of Java threads
#   Decrease Java thread stack sizes (-Xss)
#   Set larger code cache with -XX:ReservedCodeCacheSize=
# This output file may be truncated or incomplete.
#
#  Out of Memory Error (allocation.cpp:390), pid=128368, tid=129420
#
# JRE version: Java(TM) SE Runtime Environment (8.0_51-b16) (build 1.8.0_51-b16)
# Java VM: Java HotSpot(TM) 64-Bit Server VM (25.51-b03 mixed mode windows-amd64 compressed oops)
# Failed to write core dump. Minidumps are not enabled by default on client versions of Windows
#

---------------  T H R E A D  ---------------

Current thread (0x0000000015631800):  JavaThread "C2 CompilerThread1" daemon [_thread_in_native, id=129420, stack(0x0000000016ca0000,0x0000000016da0000)]

Stack: [0x0000000016ca0000,0x0000000016da0000]
Native frames: (J=compiled Java code, j=interpreted, Vv=VM code, C=native code)
V  [jvm.dll+0x32b4ca]
V  [jvm.dll+0x2797e3]
V  [jvm.dll+0x27a479]
V  [jvm.dll+0x271765]
V  [jvm.dll+0xcba02]
V  [jvm.dll+0xcbecc]
V  [jvm.dll+0x476f72]
V  [jvm.dll+0x4b95ff]
V  [jvm.dll+0x46bb38]
V  [jvm.dll+0x46cd4e]
V  [jvm.dll+0x4501a2]
V  [jvm.dll+0xa43a2]
V  [jvm.dll+0xa4cdf]
V  [jvm.dll+0x2418a4]
V  [jvm.dll+0x29846a]
C  [msvcr100.dll+0x21d9f]
C  [msvcr100.dll+0x21e3b]
C  [KERNEL32.DLL+0x8364]
C  [ntdll.dll+0x670d1]


Current CompileTask:
C2:   3392 1221   !   4       com.android.dx.cf.code.RopperMachine::run (1550 bytes)


---------------  P R O C E S S  ---------------

Java Threads: ( => current thread )
  0x0000000017121000 JavaThread "pool-2-thread-3" [_thread_in_Java, id=98324, stack(0x00000000177a0000,0x00000000178a0000)]
  0x000000001701c000 JavaThread "pool-2-thread-2" [_thread_in_Java, id=93892, stack(0x00000000176a0000,0x00000000177a0000)]
  0x0000000016ff4000 JavaThread "pool-3-thread-1" [_thread_blocked, id=129444, stack(0x00000000175a0000,0x00000000176a0000)]
  0x0000000016ea6800 JavaThread "Service Thread" daemon [_thread_blocked, id=98816, stack(0x00000000172a0000,0x00000000173a0000)]
  0x000000001568a000 JavaThread "C1 CompilerThread2" daemon [_thread_blocked, id=128152, stack(0x0000000016da0000,0x0000000016ea0000)]
=>0x0000000015631800 JavaThread "C2 CompilerThread1" daemon [_thread_in_native, id=129420, stack(0x0000000016ca0000,0x0000000016da0000)]
  0x000000001562b800 JavaThread "C2 CompilerThread0" daemon [_thread_in_native, id=129304, stack(0x0000000016ba0000,0x0000000016ca0000)]
  0x0000000015629800 JavaThread "Attach Listener" daemon [_thread_blocked, id=129956, stack(0x0000000016aa0000,0x0000000016ba0000)]
  0x0000000015628800 JavaThread "Signal Dispatcher" daemon [_thread_blocked, id=129628, stack(0x00000000169a0000,0x0000000016aa0000)]
  0x0000000002f51000 JavaThread "Finalizer" daemon [_thread_blocked, id=101812, stack(0x00000000168a0000,0x00000000169a0000)]
  0x00000000155f9800 JavaThread "Reference Handler" daemon [_thread_blocked, id=127052, stack(0x00000000167a0000,0x00000000168a0000)]
  0x0000000002d5e000 JavaThread "main" [_thread_blocked, id=129612, stack(0x0000000002d60000,0x0000000002e60000)]

Other Threads:
  0x00000000155f7000 VMThread [stack: 0x00000000166a0000,0x00000000167a0000] [id=128860]
  0x0000000016ea8000 WatcherThread [stack: 0x00000000173a0000,0x00000000174a0000] [id=129700]

VM state:not at safepoint (normal execution)

VM Mutex/Monitor currently owned by a thread: None

Heap:
 PSYoungGen      total 35328K, used 10542K [0x00000000eab00000, 0x00000000ed000000, 0x0000000100000000)
  eden space 32768K, 24% used [0x00000000eab00000,0x00000000eb2cd198,0x00000000ecb00000)
  from space 2560K, 99% used [0x00000000ecd80000,0x00000000ecffe8e0,0x00000000ed000000)
  to   space 2560K, 0% used [0x00000000ecb00000,0x00000000ecb00000,0x00000000ecd80000)
 ParOldGen       total 44032K, used 5650K [0x00000000c0000000, 0x00000000c2b00000, 0x00000000eab00000)
  object space 44032K, 12% used [0x00000000c0000000,0x00000000c0584a68,0x00000000c2b00000)
 Metaspace       used 5797K, capacity 6832K, committed 7040K, reserved 1056768K
  class space    used 585K, capacity 616K, committed 640K, reserved 1048576K

Card table byte_map: [0x0000000012320000,0x0000000012530000] byte_map_base: 0x0000000011d20000

Marking Bits: (ParMarkBitMap*) 0x000000006dfa4040
 Begin Bits: [0x0000000012a90000, 0x0000000013a90000)
 End Bits:   [0x0000000013a90000, 0x0000000014a90000)

Polling page: 0x0000000001410000

CodeCache: size=245760Kb used=4957Kb max_used=4966Kb free=240802Kb
 bounds [0x0000000002f60000, 0x0000000003440000, 0x0000000011f60000]
 total_blobs=1484 nmethods=1215 adapters=182
 compilation: enabled

Compilation events (10 events):
Event: 3.196 Thread 0x0000000015631800 nmethod 1228% 0x0000000003401a90 code [0x0000000003401be0, 0x0000000003401d78]
Event: 3.196 Thread 0x0000000015631800 1226       4       com.android.dx.ssa.SsaMethod::bitSetFromLabelList (47 bytes)
Event: 3.207 Thread 0x0000000015631800 nmethod 1226 0x000000000341ac10 code [0x000000000341ad80, 0x000000000341b228]
Event: 3.207 Thread 0x0000000015631800 1225 %     4       com.android.dx.rop.code.RopMethod::calcPredecessors @ 157 (227 bytes)
Event: 3.213 Thread 0x0000000015631800 nmethod 1225% 0x0000000003420890 code [0x0000000003420a00, 0x0000000003420d38]
Event: 3.213 Thread 0x0000000015631800 1220       4       com.android.dx.cf.code.BaseMachine::storeResults (90 bytes)
Event: 3.236 Thread 0x0000000015631800 nmethod 1220 0x000000000343b5d0 code [0x000000000343b7a0, 0x000000000343c278]
Event: 3.237 Thread 0x0000000015631800 1222       4       com.android.dx.cf.code.RopperMachine::getSources (264 bytes)
Event: 3.264 Thread 0x0000000015631800 nmethod 1222 0x000000000343d1d0 code [0x000000000343d3c0, 0x000000000343de58]
Event: 3.264 Thread 0x0000000015631800 1221   !   4       com.android.dx.cf.code.RopperMachine::run (1550 bytes)

GC Heap History (4 events):
Event: 1.381 GC heap before
{Heap before GC invocations=1 (full 0):
 PSYoungGen      total 18944K, used 16383K [0x00000000eab00000, 0x00000000ec000000, 0x0000000100000000)
  eden space 16384K, 99% used [0x00000000eab00000,0x00000000ebaffd68,0x00000000ebb00000)
  from space 2560K, 0% used [0x00000000ebd80000,0x00000000ebd80000,0x00000000ec000000)
  to   space 2560K, 0% used [0x00000000ebb00000,0x00000000ebb00000,0x00000000ebd80000)
 ParOldGen       total 44032K, used 0K [0x00000000c0000000, 0x00000000c2b00000, 0x00000000eab00000)
  object space 44032K, 0% used [0x00000000c0000000,0x00000000c0000000,0x00000000c2b00000)
 Metaspace       used 5669K, capacity 6768K, committed 7040K, reserved 1056768K
  class space    used 581K, capacity 616K, committed 640K, reserved 1048576K
Event: 1.516 GC heap after
Heap after GC invocations=1 (full 0):
 PSYoungGen      total 18944K, used 2538K [0x00000000eab00000, 0x00000000ed000000, 0x0000000100000000)
  eden space 16384K, 0% used [0x00000000eab00000,0x00000000eab00000,0x00000000ebb00000)
  from space 2560K, 99% used [0x00000000ebb00000,0x00000000ebd7a9f8,0x00000000ebd80000)
  to   space 2560K, 0% used [0x00000000ecd80000,0x00000000ecd80000,0x00000000ed000000)
 ParOldGen       total 44032K, used 2107K [0x00000000c0000000, 0x00000000c2b00000, 0x00000000eab00000)
  object space 44032K, 4% used [0x00000000c0000000,0x00000000c020ecd8,0x00000000c2b00000)
 Metaspace       used 5669K, capacity 6768K, committed 7040K, reserved 1056768K
  class space    used 581K, capacity 616K, committed 640K, reserved 1048576K
}
Event: 2.745 GC heap before
{Heap before GC invocations=2 (full 0):
 PSYoungGen      total 18944K, used 18922K [0x00000000eab00000, 0x00000000ed000000, 0x0000000100000000)
  eden space 16384K, 100% used [0x00000000eab00000,0x00000000ebb00000,0x00000000ebb00000)
  from space 2560K, 99% used [0x00000000ebb00000,0x00000000ebd7a9f8,0x00000000ebd80000)
  to   space 2560K, 0% used [0x00000000ecd80000,0x00000000ecd80000,0x00000000ed000000)
 ParOldGen       total 44032K, used 2107K [0x00000000c0000000, 0x00000000c2b00000, 0x00000000eab00000)
  object space 44032K, 4% used [0x00000000c0000000,0x00000000c020ecd8,0x00000000c2b00000)
 Metaspace       used 5796K, capacity 6832K, committed 7040K, reserved 1056768K
  class space    used 585K, capacity 616K, committed 640K, reserved 1048576K
Event: 2.972 GC heap after
Heap after GC invocations=2 (full 0):
 PSYoungGen      total 35328K, used 2554K [0x00000000eab00000, 0x00000000ed000000, 0x0000000100000000)
  eden space 32768K, 0% used [0x00000000eab00000,0x00000000eab00000,0x00000000ecb00000)
  from space 2560K, 99% used [0x00000000ecd80000,0x00000000ecffe8e0,0x00000000ed000000)
  to   space 2560K, 0% used [0x00000000ecb00000,0x00000000ecb00000,0x00000000ecd80000)
 ParOldGen       total 44032K, used 5650K [0x00000000c0000000, 0x00000000c2b00000, 0x00000000eab00000)
  object space 44032K, 12% used [0x00000000c0000000,0x00000000c0584a68,0x00000000c2b00000)
 Metaspace       used 5796K, capacity 6832K, committed 7040K, reserved 1056768K
  class space    used 585K, capacity 616K, committed 640K, reserved 1048576K
}

Deoptimization events (10 events):
Event: 1.921 Thread 0x0000000017122000 Uncommon trap: reason=class_check action=maybe_recompile pc=0x000000000339f94c method=com.android.dx.cf.code.BytecodeArray.parseInstruction(ILcom/android/dx/cf/code/BytecodeArray$Visitor;)I @ 1130
Event: 1.921 Thread 0x0000000017122000 Uncommon trap: reason=bimorphic action=maybe_recompile pc=0x000000000339f618 method=com.android.dx.cf.code.BytecodeArray.parseInstruction(ILcom/android/dx/cf/code/BytecodeArray$Visitor;)I @ 907
Event: 1.921 Thread 0x0000000017122000 Uncommon trap: reason=bimorphic action=maybe_recompile pc=0x000000000339faac method=com.android.dx.cf.code.BytecodeArray.parseInstruction(ILcom/android/dx/cf/code/BytecodeArray$Visitor;)I @ 1224
Event: 1.921 Thread 0x0000000017122000 Uncommon trap: reason=bimorphic action=maybe_recompile pc=0x000000000339f698 method=com.android.dx.cf.code.BytecodeArray.parseInstruction(ILcom/android/dx/cf/code/BytecodeArray$Visitor;)I @ 923
Event: 1.921 Thread 0x0000000017122000 Uncommon trap: reason=bimorphic action=maybe_recompile pc=0x000000000339faac method=com.android.dx.cf.code.BytecodeArray.parseInstruction(ILcom/android/dx/cf/code/BytecodeArray$Visitor;)I @ 1224
Event: 2.212 Thread 0x000000001701c000 Uncommon trap: reason=class_check action=maybe_recompile pc=0x00000000032b87d4 method=com.android.dx.ssa.NormalSsaInsn.accept(Lcom/android/dx/ssa/SsaInsn$Visitor;)V @ 9
Event: 2.212 Thread 0x000000001701c000 Uncommon trap: reason=class_check action=maybe_recompile pc=0x00000000032311fc method=com.android.dx.ssa.NormalSsaInsn.accept(Lcom/android/dx/ssa/SsaInsn$Visitor;)V @ 9
Event: 2.212 Thread 0x000000001701c000 Uncommon trap: reason=class_check action=maybe_recompile pc=0x00000000032311fc method=com.android.dx.ssa.NormalSsaInsn.accept(Lcom/android/dx/ssa/SsaInsn$Visitor;)V @ 9
Event: 2.239 Thread 0x000000001701c000 Uncommon trap: reason=null_check action=make_not_entrant pc=0x00000000032cd260 method=com.android.dx.rop.type.Type.equals(Ljava/lang/Object;)Z @ 8
Event: 2.685 Thread 0x000000001701c000 Uncommon trap: reason=unstable_if action=reinterpret pc=0x00000000033fdc8c method=com.android.dx.ssa.SCCP.simulateStmt(Lcom/android/dx/ssa/SsaInsn;)V @ 469

Internal exceptions (3 events):
Event: 0.088 Thread 0x0000000002d5e000 Exception <a 'java/lang/NoSuchMethodError': Method sun.misc.Unsafe.defineClass(Ljava/lang/String;[BII)Ljava/lang/Class; name or signature does not match> (0x00000000eab0d9b8) thrown at [C:\re\workspace\8-2-build-windows-amd64-cygwin\jdk8u51\3951\hotspot\sr?®êÆæp¶?
Event: 0.088 Thread 0x0000000002d5e000 Exception <a 'java/lang/NoSuchMethodError': Method sun.misc.Unsafe.prefetchRead(Ljava/lang/Object;J)V name or signature does not match> (0x00000000eab0dc48) thrown at [C:\re\workspace\8-2-build-windows-amd64-cygwin\jdk8u51\3951\hotspot\src\share\vm\prims\j3]Lôé@
Event: 2.239 Thread 0x000000001701c000 Implicit null exception at 0x00000000032cd162 to 0x00000000032cd252

Events (10 events):
Event: 2.239 Thread 0x000000001701c000 DEOPT UNPACKING pc=0x0000000002fa582a sp=0x000000001779e768 mode 2
Event: 2.321 Thread 0x0000000016ff3800 Thread exited: 0x0000000016ff3800
Event: 2.337 Executing VM operation: ForceSafepoint
Event: 2.669 Executing VM operation: ForceSafepoint done
Event: 2.674 Thread 0x0000000017122000 Thread exited: 0x0000000017122000
Event: 2.685 Thread 0x000000001701c000 Uncommon trap: trap_request=0xffffff65 fr.pc=0x00000000033fdc8c
Event: 2.685 Thread 0x000000001701c000 DEOPT PACKING pc=0x00000000033fdc8c sp=0x000000001779ec40
Event: 2.685 Thread 0x000000001701c000 DEOPT UNPACKING pc=0x0000000002fa582a sp=0x000000001779ec20 mode 2
Event: 2.745 Executing VM operation: ParallelGCFailedAllocation
Event: 2.972 Executing VM operation: ParallelGCFailedAllocation done


Dynamic libraries:
0x00007ff6497e0000 - 0x00007ff649817000 	C:\Program Files\Java\jdk1.8.0_51\bin\java.exe
0x00007ff84b790000 - 0x00007ff84b961000 	C:\WINDOWS\SYSTEM32\ntdll.dll
0x00007ff8491b0000 - 0x00007ff84925b000 	C:\WINDOWS\System32\KERNEL32.DLL
0x00007ff847ef0000 - 0x00007ff84810d000 	C:\WINDOWS\System32\KERNELBASE.dll
0x00007ff84aed0000 - 0x00007ff84af72000 	C:\WINDOWS\System32\ADVAPI32.dll
0x00007ff848d20000 - 0x00007ff848dbe000 	C:\WINDOWS\System32\msvcrt.dll
0x00007ff84b510000 - 0x00007ff84b569000 	C:\WINDOWS\System32\sechost.dll
0x00007ff84ad30000 - 0x00007ff84ae51000 	C:\WINDOWS\System32\RPCRT4.dll
0x00007ff848f80000 - 0x00007ff8490e5000 	C:\WINDOWS\System32\USER32.dll
0x00007ff847cd0000 - 0x00007ff847cee000 	C:\WINDOWS\System32\win32u.dll
0x00007ff84b750000 - 0x00007ff84b784000 	C:\WINDOWS\System32\GDI32.dll
0x00007ff847cf0000 - 0x00007ff847e72000 	C:\WINDOWS\System32\gdi32full.dll
0x00007ff837500000 - 0x00007ff837779000 	C:\WINDOWS\WinSxS\amd64_microsoft.windows.common-controls_6595b64144ccf1df_6.0.14393.447_none_42191651c6827bb3\COMCTL32.dll
0x00007ff84b240000 - 0x00007ff84b508000 	C:\WINDOWS\System32\combase.dll
0x00007ff8481b0000 - 0x00007ff8482a5000 	C:\WINDOWS\System32\ucrtbase.dll
0x00007ff847e80000 - 0x00007ff847eea000 	C:\WINDOWS\System32\bcryptPrimitives.dll
0x00007ff84ad00000 - 0x00007ff84ad2e000 	C:\WINDOWS\System32\IMM32.DLL
0x000000006e030000 - 0x000000006e102000 	C:\Program Files\Java\jdk1.8.0_51\jre\bin\msvcr100.dll
0x000000006d7a0000 - 0x000000006e023000 	C:\Program Files\Java\jdk1.8.0_51\jre\bin\server\jvm.dll
0x00007ff84aff0000 - 0x00007ff84aff8000 	C:\WINDOWS\System32\PSAPI.DLL
0x00007ff842db0000 - 0x00007ff842db9000 	C:\WINDOWS\SYSTEM32\WSOCK32.dll
0x00007ff84ae60000 - 0x00007ff84aeca000 	C:\WINDOWS\System32\WS2_32.dll
0x00007ff845f70000 - 0x00007ff845f93000 	C:\WINDOWS\SYSTEM32\WINMM.dll
0x00007ff843c70000 - 0x00007ff843c7a000 	C:\WINDOWS\SYSTEM32\VERSION.dll
0x00007ff845c70000 - 0x00007ff845c9b000 	C:\WINDOWS\SYSTEM32\WINMMBASE.dll
0x00007ff847c80000 - 0x00007ff847cc2000 	C:\WINDOWS\System32\cfgmgr32.dll
0x000000006ee80000 - 0x000000006ee8f000 	C:\Program Files\Java\jdk1.8.0_51\jre\bin\verify.dll
0x000000006d770000 - 0x000000006d799000 	C:\Program Files\Java\jdk1.8.0_51\jre\bin\java.dll
0x000000006d750000 - 0x000000006d766000 	C:\Program Files\Java\jdk1.8.0_51\jre\bin\zip.dll
0x00007ff8497f0000 - 0x00007ff84acf9000 	C:\WINDOWS\System32\SHELL32.dll
0x00007ff848640000 - 0x00007ff848d1a000 	C:\WINDOWS\System32\windows.storage.dll
0x00007ff847c20000 - 0x00007ff847c6c000 	C:\WINDOWS\System32\powrprof.dll
0x00007ff84b1e0000 - 0x00007ff84b232000 	C:\WINDOWS\System32\shlwapi.dll
0x00007ff847c70000 - 0x00007ff847c7f000 	C:\WINDOWS\System32\kernel.appcore.dll
0x00007ff8482b0000 - 0x00007ff848359000 	C:\WINDOWS\System32\shcore.dll
0x00007ff847c00000 - 0x00007ff847c14000 	C:\WINDOWS\System32\profapi.dll
0x00007ff840da0000 - 0x00007ff840f32000 	C:\WINDOWS\SYSTEM32\dbghelp.dll

VM Arguments:
jvm_args: -Djava.awt.headless=true -Xmx1024M -Dfile.encoding=windows-1252 -Duser.country=IN -Duser.language=en -Duser.variant 
java_command: com.android.dx.command.Main --dex --force-jumbo --num-threads=4 --multi-dex --output F:\STUDY\ANDROID\SAMPLES\TimeWork\app\build\intermediates\transforms\dex\debug\folders\1000\5\slice_1 F:\STUDY\ANDROID\SAMPLES\TimeWork\app\build\intermediates\transforms\instantRunSlicer\debug\folders\1\5\slice_1
java_class_path (initial): C:\Users\Ganesh Prasad\AppData\Local\Android\sdk\build-tools\23.0.3\lib\dx.jar
Launcher Type: SUN_STANDARD

Environment Variables:
JAVA_HOME=C:\Program Files\Java\jdk1.8.0_51
PATH=C:\ProgramData\Oracle\Java\javapath;C:\Program Files (x86)\Intel\iCLS Client\;C:\Program Files\Intel\iCLS Client\;C:\Program Files (x86)\AMD APP\bin\x86_64;C:\Program Files (x86)\AMD APP\bin\x86;C:\WINDOWS\system32;C:\WINDOWS;C:\WINDOWS\System32\Wbem;C:\WINDOWS\System32\WindowsPowerShell\v1.0\;C:\Program Files (x86)\ATI Technologies\ATI.ACE\Core-Static;C:\Program Files\Intel\Intel(R) Management Engine Components\DAL;C:\Program Files\Intel\Intel(R) Management Engine Components\IPT;C:\Program Files (x86)\Intel\Intel(R) Management Engine Components\DAL;C:\Program Files (x86)\Intel\Intel(R) Management Engine Components\IPT;\;C:\Program Files (x86)\Sony\VAIO Startup Setting Tool;C:\Program Files (x86)\Java\jdk1.8.0_45\bin;C:\Program Files\nodejs\;C:\Users\Ganesh Prasad\AppData\Local\GitHub\PortableGit_c7e0cbde92ba565cb218a521411d0e854079a28c\bin;C:\Users\Ganesh Prasad\AppData\Local\GitHub\PortableGit_c7e0cbde92ba565cb218a521411d0e854079a28c\cmd;C:\Program Files (x86)\AMD\ATI.ACE\Core-Static;C:\Users\Ganesh Prasad\AppData\Local\Android\sdk\platform-tools;C:\Program Files (x86)\Brackets\command;C:\Users\Ganesh Prasad\Anaconda2;C:\Users\Ganesh Prasad\Anaconda2\Scripts;C:\Users\Ganesh Prasad\Anaconda2\Library\bin;C:\Users\Ganesh Prasad\AppData\Roaming\npm;C:\Users\Ganesh Prasad\AppData\Local\Microsoft\WindowsApps;
USERNAME=Ganesh Prasad
OS=Windows_NT
PROCESSOR_IDENTIFIER=Intel64 Family 6 Model 58 Stepping 9, GenuineIntel



---------------  S Y S T E M  ---------------

OS: Windows 10.0 , 64 bit Build 14393 (10.0.14393.0)

CPU:total 4 (2 cores per cpu, 2 threads per core) family 6 model 58 stepping 9, cmov, cx8, fxsr, mmx, sse, sse2, sse3, ssse3, sse4.1, sse4.2, popcnt, avx, clmul, erms, ht, tsc, tscinvbit, tscinv

Memory: 4k page, physical 4140316k(630756k free), swap 5574940k(7128k free)

vm_info: Java HotSpot(TM) 64-Bit Server VM (25.51-b03) for windows-amd64 JRE (1.8.0_51-b16), built on Jun  8 2015 18:03:07 by "java_re" with MS VC++ 10.0 (VS2010)

time: Sun Jan 15 22:04:04 2017
elapsed time: 3 seconds (0d 0h 0m 3s)

