#
# There is insufficient memory for the Java Runtime Environment to continue.
# Native memory allocation (malloc) failed to allocate 399456 bytes for Chunk::new
# Possible reasons:
#   The system is out of physical RAM or swap space
#   In 32 bit mode, the process size limit was hit
# Possible solutions:
#   Reduce memory load on the system
#   Increase physical memory or swap space
#   Check if swap backing store is full
#   Use 64 bit Java on a 64 bit OS
#   Decrease Java heap size (-Xmx/-Xms)
#   Decrease number of Java threads
#   Decrease Java thread stack sizes (-Xss)
#   Set larger code cache with -XX:ReservedCodeCacheSize=
# This output file may be truncated or incomplete.
#
#  Out of Memory Error (allocation.cpp:390), pid=22920, tid=22748
#
# JRE version: Java(TM) SE Runtime Environment (8.0_51-b16) (build 1.8.0_51-b16)
# Java VM: Java HotSpot(TM) 64-Bit Server VM (25.51-b03 mixed mode windows-amd64 compressed oops)
# Failed to write core dump. Minidumps are not enabled by default on client versions of Windows
#

---------------  T H R E A D  ---------------

Current thread (0x000000001549c000):  JavaThread "C2 CompilerThread0" daemon [_thread_in_native, id=22748, stack(0x00000000169f0000,0x0000000016af0000)]

Stack: [0x00000000169f0000,0x0000000016af0000]
Native frames: (J=compiled Java code, j=interpreted, Vv=VM code, C=native code)
V  [jvm.dll+0x32b4ca]
V  [jvm.dll+0x2797e3]
V  [jvm.dll+0x27a479]
V  [jvm.dll+0x271765]
V  [jvm.dll+0xcba02]
V  [jvm.dll+0xcbecc]
V  [jvm.dll+0x476f72]
V  [jvm.dll+0x4b95ff]
V  [jvm.dll+0x46b9bf]
V  [jvm.dll+0x46cd4e]
V  [jvm.dll+0x4501a2]
V  [jvm.dll+0xa43a2]
V  [jvm.dll+0xa4cdf]
V  [jvm.dll+0x2418a4]
V  [jvm.dll+0x29846a]
C  [msvcr100.dll+0x21d9f]
C  [msvcr100.dll+0x21e3b]
C  [KERNEL32.DLL+0x18102]
C  [ntdll.dll+0x5c5b4]


Current CompileTask:
C2:   2865  755       4       com.android.dx.ssa.SsaBasicBlock::forEachInsn (37 bytes)


---------------  P R O C E S S  ---------------

Java Threads: ( => current thread )
  0x0000000016da9800 JavaThread "pool-1-thread-1" [_thread_in_native, id=23620, stack(0x0000000017df0000,0x0000000017ef0000)]
  0x0000000016c0d800 JavaThread "Service Thread" daemon [_thread_blocked, id=23340, stack(0x00000000170f0000,0x00000000171f0000)]
  0x0000000016bf8800 JavaThread "C1 CompilerThread2" daemon [_thread_blocked, id=22688, stack(0x0000000016ff0000,0x00000000170f0000)]
  0x00000000154ee800 JavaThread "C2 CompilerThread1" daemon [_thread_in_native, id=20228, stack(0x0000000016af0000,0x0000000016bf0000)]
=>0x000000001549c000 JavaThread "C2 CompilerThread0" daemon [_thread_in_native, id=22748, stack(0x00000000169f0000,0x0000000016af0000)]
  0x000000001549a000 JavaThread "Attach Listener" daemon [_thread_blocked, id=22652, stack(0x00000000168f0000,0x00000000169f0000)]
  0x0000000015499000 JavaThread "Signal Dispatcher" daemon [_thread_blocked, id=12348, stack(0x00000000167f0000,0x00000000168f0000)]
  0x0000000002dc8800 JavaThread "Finalizer" daemon [_thread_blocked, id=22520, stack(0x00000000166f0000,0x00000000167f0000)]
  0x0000000002dbf800 JavaThread "Reference Handler" daemon [_thread_blocked, id=22680, stack(0x00000000165f0000,0x00000000166f0000)]
  0x0000000002cce000 JavaThread "main" [_thread_blocked, id=22600, stack(0x0000000002b10000,0x0000000002c10000)]

Other Threads:
  0x0000000015466800 VMThread [stack: 0x00000000164f0000,0x00000000165f0000] [id=22820]
  0x0000000016c0e800 WatcherThread [stack: 0x00000000171f0000,0x00000000172f0000] [id=22752]

VM state:not at safepoint (normal execution)

VM Mutex/Monitor currently owned by a thread: None

Heap:
 PSYoungGen      total 18944K, used 15483K [0x00000000eab00000, 0x00000000ec000000, 0x0000000100000000)
  eden space 16384K, 94% used [0x00000000eab00000,0x00000000eba1ec10,0x00000000ebb00000)
  from space 2560K, 0% used [0x00000000ebd80000,0x00000000ebd80000,0x00000000ec000000)
  to   space 2560K, 0% used [0x00000000ebb00000,0x00000000ebb00000,0x00000000ebd80000)
 ParOldGen       total 44032K, used 0K [0x00000000c0000000, 0x00000000c2b00000, 0x00000000eab00000)
  object space 44032K, 0% used [0x00000000c0000000,0x00000000c0000000,0x00000000c2b00000)
 Metaspace       used 5933K, capacity 6896K, committed 7040K, reserved 1056768K
  class space    used 602K, capacity 616K, committed 640K, reserved 1048576K

Card table byte_map: [0x0000000012190000,0x00000000123a0000] byte_map_base: 0x0000000011b90000

Marking Bits: (ParMarkBitMap*) 0x0000000066e24040
 Begin Bits: [0x0000000012900000, 0x0000000013900000)
 End Bits:   [0x0000000013900000, 0x0000000014900000)

Polling page: 0x00000000012e0000

CodeCache: size=245760Kb used=3860Kb max_used=3860Kb free=241899Kb
 bounds [0x0000000002dd0000, 0x00000000031a0000, 0x0000000011dd0000]
 total_blobs=1250 nmethods=981 adapters=182
 compilation: enabled

Compilation events (10 events):
Event: 2.570 Thread 0x0000000016bf8800 nmethod 756 0x00000000030fa050 code [0x00000000030fa300, 0x00000000030fb448]
Event: 2.571 Thread 0x0000000016bf8800  757       3       com.android.dx.ssa.SsaInsn::getLocalAssignment (24 bytes)
Event: 2.571 Thread 0x0000000016bf8800 nmethod 757 0x00000000030f9b90 code [0x00000000030f9d00, 0x00000000030f9f90]
Event: 2.571 Thread 0x0000000016bf8800  758       3       com.android.dx.ssa.PhiInsn::hasSideEffect (19 bytes)
Event: 2.571 Thread 0x0000000016bf8800 nmethod 758 0x00000000030f94d0 code [0x00000000030f9640, 0x00000000030f9a90]
Event: 2.572 Thread 0x0000000016bf8800  759       3       java.util.ArrayList::remove (77 bytes)
Event: 2.572 Thread 0x0000000016bf8800 nmethod 759 0x00000000030f8b90 code [0x00000000030f8d40, 0x00000000030f9288]
Event: 2.572 Thread 0x0000000016bf8800  760       3       java.util.ArrayList::fastRemove (57 bytes)
Event: 2.573 Thread 0x0000000016bf8800 nmethod 760 0x00000000030fcf10 code [0x00000000030fd080, 0x00000000030fd468]
Event: 2.575 Thread 0x0000000016bf8800  761       3       com.android.dx.ssa.LiteralOpUpgrader$1::visitNonMoveInsn (203 bytes)

GC Heap History (0 events):
No events

Deoptimization events (2 events):
Event: 2.399 Thread 0x0000000016e4c800 Uncommon trap: reason=unstable_if action=reinterpret pc=0x0000000003007f70 method=java.util.BitSet.nextSetBit(I)I @ 87
Event: 2.433 Thread 0x0000000016e4c800 Uncommon trap: reason=unstable_if action=reinterpret pc=0x0000000002fd315c method=java.util.HashMap.getNode(ILjava/lang/Object;)Ljava/util/HashMap$Node; @ 129

Internal exceptions (2 events):
Event: 0.039 Thread 0x0000000002cce000 Exception <a 'java/lang/NoSuchMethodError': Method sun.misc.Unsafe.defineClass(Ljava/lang/String;[BII)Ljava/lang/Class; name or signature does not match> (0x00000000eab0d940) thrown at [C:\re\workspace\8-2-build-windows-amd64-cygwin\jdk8u51\3951\hotspot\srè$ƒÚ£?
Event: 0.039 Thread 0x0000000002cce000 Exception <a 'java/lang/NoSuchMethodError': Method sun.misc.Unsafe.prefetchRead(Ljava/lang/Object;J)V name or signature does not match> (0x00000000eab0dbd0) thrown at [C:\re\workspace\8-2-build-windows-amd64-cygwin\jdk8u51\3951\hotspot\src\share\vm\prims\j

Events (10 events):
Event: 2.361 Thread 0x0000000016e4c800 DEOPT PACKING pc=0x0000000003063c4a sp=0x00000000175eeca0
Event: 2.361 Thread 0x0000000016e4c800 DEOPT UNPACKING pc=0x0000000002e1787f sp=0x00000000175eea10 mode 0
Event: 2.363 Thread 0x0000000016e4c800 DEOPT PACKING pc=0x0000000003063c4a sp=0x00000000175eea80
Event: 2.363 Thread 0x0000000016e4c800 DEOPT UNPACKING pc=0x0000000002e1787f sp=0x00000000175ee7e8 mode 0
Event: 2.399 Thread 0x0000000016e4c800 Uncommon trap: trap_request=0xffffff65 fr.pc=0x0000000003007f70
Event: 2.399 Thread 0x0000000016e4c800 DEOPT PACKING pc=0x0000000003007f70 sp=0x00000000175eec90
Event: 2.399 Thread 0x0000000016e4c800 DEOPT UNPACKING pc=0x0000000002e1582a sp=0x00000000175eec28 mode 2
Event: 2.433 Thread 0x0000000016e4c800 Uncommon trap: trap_request=0xffffff65 fr.pc=0x0000000002fd315c
Event: 2.433 Thread 0x0000000016e4c800 DEOPT PACKING pc=0x0000000002fd315c sp=0x00000000175ee880
Event: 2.433 Thread 0x0000000016e4c800 DEOPT UNPACKING pc=0x0000000002e1582a sp=0x00000000175ee7f8 mode 2


Dynamic libraries:
0x00007ff61c140000 - 0x00007ff61c177000 	C:\Program Files\Java\jdk1.8.0_51\bin\java.exe
0x00007ffc8e9a0000 - 0x00007ffc8eb61000 	C:\WINDOWS\SYSTEM32\ntdll.dll
0x00007ffc8de70000 - 0x00007ffc8df1d000 	C:\WINDOWS\system32\KERNEL32.DLL
0x00007ffc8bbb0000 - 0x00007ffc8bd98000 	C:\WINDOWS\system32\KERNELBASE.dll
0x00007ffc8e470000 - 0x00007ffc8e517000 	C:\WINDOWS\system32\ADVAPI32.dll
0x00007ffc8bda0000 - 0x00007ffc8be3d000 	C:\WINDOWS\system32\msvcrt.dll
0x00007ffc8e8d0000 - 0x00007ffc8e92b000 	C:\WINDOWS\system32\sechost.dll
0x00007ffc8e520000 - 0x00007ffc8e63c000 	C:\WINDOWS\system32\RPCRT4.dll
0x00007ffc8e640000 - 0x00007ffc8e796000 	C:\WINDOWS\system32\USER32.dll
0x00007ffc8d6e0000 - 0x00007ffc8d866000 	C:\WINDOWS\system32\GDI32.dll
0x00007ffc7f1c0000 - 0x00007ffc7f434000 	C:\WINDOWS\WinSxS\amd64_microsoft.windows.common-controls_6595b64144ccf1df_6.0.10586.0_none_8c15ae12515e1c22\COMCTL32.dll
0x00007ffc8dbf0000 - 0x00007ffc8de6d000 	C:\WINDOWS\system32\combase.dll
0x00007ffc8ba10000 - 0x00007ffc8ba7a000 	C:\WINDOWS\system32\bcryptPrimitives.dll
0x00007ffc8d6a0000 - 0x00007ffc8d6db000 	C:\WINDOWS\system32\IMM32.DLL
0x00000000660d0000 - 0x00000000661a2000 	C:\Program Files\Java\jdk1.8.0_51\jre\bin\msvcr100.dll
0x0000000066620000 - 0x0000000066ea3000 	C:\Program Files\Java\jdk1.8.0_51\jre\bin\server\jvm.dll
0x00007ffc8e8c0000 - 0x00007ffc8e8c8000 	C:\WINDOWS\system32\PSAPI.DLL
0x00007ffc893e0000 - 0x00007ffc89403000 	C:\WINDOWS\SYSTEM32\WINMM.dll
0x00007ffc884f0000 - 0x00007ffc884fa000 	C:\WINDOWS\SYSTEM32\VERSION.dll
0x00007ffc885c0000 - 0x00007ffc885c9000 	C:\WINDOWS\SYSTEM32\WSOCK32.dll
0x00007ffc893b0000 - 0x00007ffc893dc000 	C:\WINDOWS\SYSTEM32\WINMMBASE.dll
0x00007ffc8e7a0000 - 0x00007ffc8e80b000 	C:\WINDOWS\system32\WS2_32.dll
0x00007ffc8b1a0000 - 0x00007ffc8b1e3000 	C:\WINDOWS\system32\cfgmgr32.dll
0x0000000066610000 - 0x000000006661f000 	C:\Program Files\Java\jdk1.8.0_51\jre\bin\verify.dll
0x00000000665e0000 - 0x0000000066609000 	C:\Program Files\Java\jdk1.8.0_51\jre\bin\java.dll
0x00000000665c0000 - 0x00000000665d6000 	C:\Program Files\Java\jdk1.8.0_51\jre\bin\zip.dll
0x00007ffc8bfa0000 - 0x00007ffc8d4fc000 	C:\WINDOWS\system32\SHELL32.dll
0x00007ffc8b3c0000 - 0x00007ffc8ba04000 	C:\WINDOWS\system32\windows.storage.dll
0x00007ffc8db70000 - 0x00007ffc8dbc2000 	C:\WINDOWS\system32\shlwapi.dll
0x00007ffc8b030000 - 0x00007ffc8b03f000 	C:\WINDOWS\system32\kernel.appcore.dll
0x00007ffc8b0e0000 - 0x00007ffc8b195000 	C:\WINDOWS\system32\shcore.dll
0x00007ffc8afc0000 - 0x00007ffc8b00b000 	C:\WINDOWS\system32\powrprof.dll
0x00007ffc8b010000 - 0x00007ffc8b024000 	C:\WINDOWS\system32\profapi.dll
0x00007ffc7c490000 - 0x00007ffc7c61c000 	C:\WINDOWS\SYSTEM32\dbghelp.dll

VM Arguments:
jvm_args: -Djava.awt.headless=true -Xmx1024M -Dfile.encoding=windows-1252 -Duser.country=IN -Duser.language=en -Duser.variant 
java_command: com.android.dx.command.Main --dex --force-jumbo --num-threads=4 --multi-dex --output F:\STUDY\ANDROID\SAMPLES\TimeWork\app\build\intermediates\transforms\dex\debug\folders\1000\5\slice_5 F:\STUDY\ANDROID\SAMPLES\TimeWork\app\build\intermediates\transforms\instantRunSlicer\debug\folders\1\5\slice_5
java_class_path (initial): C:\Users\Ganesh Prasad\AppData\Local\Android\sdk\build-tools\23.0.3\lib\dx.jar
Launcher Type: SUN_STANDARD

Environment Variables:
JAVA_HOME=C:\Program Files\Java\jdk1.8.0_51
PATH=C:\ProgramData\Oracle\Java\javapath;C:\Program Files (x86)\Intel\iCLS Client\;C:\Program Files\Intel\iCLS Client\;C:\Program Files (x86)\AMD APP\bin\x86_64;C:\Program Files (x86)\AMD APP\bin\x86;C:\WINDOWS\system32;C:\WINDOWS;C:\WINDOWS\System32\Wbem;C:\WINDOWS\System32\WindowsPowerShell\v1.0\;C:\Program Files (x86)\ATI Technologies\ATI.ACE\Core-Static;C:\Program Files\Intel\Intel(R) Management Engine Components\DAL;C:\Program Files\Intel\Intel(R) Management Engine Components\IPT;C:\Program Files (x86)\Intel\Intel(R) Management Engine Components\DAL;C:\Program Files (x86)\Intel\Intel(R) Management Engine Components\IPT;\;C:\Program Files (x86)\Sony\VAIO Startup Setting Tool;C:\Program Files (x86)\Brackets\command;C:\Program Files (x86)\Java\jdk1.8.0_45\bin;C:\Program Files\nodejs\;C:\Users\Ganesh Prasad\AppData\Local\GitHub\PortableGit_c7e0cbde92ba565cb218a521411d0e854079a28c\bin;C:\Users\Ganesh Prasad\AppData\Local\GitHub\PortableGit_c7e0cbde92ba565cb218a521411d0e854079a28c\cmd;C:\Program Files (x86)\AMD\ATI.ACE\Core-Static;C:\Users\Ganesh Prasad\AppData\Local\Android\sdk\platform-tools;C:\Users\Ganesh Prasad\Anaconda2;C:\Users\Ganesh Prasad\Anaconda2\Scripts;C:\Users\Ganesh Prasad\Anaconda2\Library\bin;C:\Users\Ganesh Prasad\AppData\Roaming\npm
USERNAME=Ganesh Prasad
OS=Windows_NT
PROCESSOR_IDENTIFIER=Intel64 Family 6 Model 58 Stepping 9, GenuineIntel



---------------  S Y S T E M  ---------------

OS: Windows 10.0 , 64 bit Build 10586 (10.0.10586.0)

CPU:total 4 (2 cores per cpu, 2 threads per core) family 6 model 58 stepping 9, cmov, cx8, fxsr, mmx, sse, sse2, sse3, ssse3, sse4.1, sse4.2, popcnt, avx, clmul, erms, ht, tsc, tscinvbit, tscinv

Memory: 4k page, physical 4140316k(250336k free), swap 5574940k(3652k free)

vm_info: Java HotSpot(TM) 64-Bit Server VM (25.51-b03) for windows-amd64 JRE (1.8.0_51-b16), built on Jun  8 2015 18:03:07 by "java_re" with MS VC++ 10.0 (VS2010)

time: Tue Jul 05 13:55:52 2016
elapsed time: 3 seconds (0d 0h 0m 3s)

