#
# There is insufficient memory for the Java Runtime Environment to continue.
# Native memory allocation (malloc) failed to allocate 32744 bytes for ChunkPool::allocate
# Possible reasons:
#   The system is out of physical RAM or swap space
#   In 32 bit mode, the process size limit was hit
# Possible solutions:
#   Reduce memory load on the system
#   Increase physical memory or swap space
#   Check if swap backing store is full
#   Use 64 bit Java on a 64 bit OS
#   Decrease Java heap size (-Xmx/-Xms)
#   Decrease number of Java threads
#   Decrease Java thread stack sizes (-Xss)
#   Set larger code cache with -XX:ReservedCodeCacheSize=
# This output file may be truncated or incomplete.
#
#  Out of Memory Error (allocation.cpp:273), pid=135420, tid=135800
#
# JRE version: Java(TM) SE Runtime Environment (8.0_51-b16) (build 1.8.0_51-b16)
# Java VM: Java HotSpot(TM) 64-Bit Server VM (25.51-b03 mixed mode windows-amd64 compressed oops)
# Failed to write core dump. Minidumps are not enabled by default on client versions of Windows
#

---------------  T H R E A D  ---------------

Current thread (0x0000000014949800):  JavaThread "C2 CompilerThread0" daemon [_thread_in_native, id=135800, stack(0x0000000015eb0000,0x0000000015fb0000)]

Stack: [0x0000000015eb0000,0x0000000015fb0000]
Native frames: (J=compiled Java code, j=interpreted, Vv=VM code, C=native code)
V  [jvm.dll+0x32b4ca]
V  [jvm.dll+0x2797e3]
V  [jvm.dll+0x27a479]
V  [jvm.dll+0x271765]
V  [jvm.dll+0xcb824]
V  [jvm.dll+0xcba47]
V  [jvm.dll+0xcbecc]
V  [jvm.dll+0xcc224]
V  [jvm.dll+0x4ea2b0]
V  [jvm.dll+0x4b5f1a]
V  [jvm.dll+0x4b61c3]
V  [jvm.dll+0x4b7a49]
V  [jvm.dll+0x4b992f]
V  [jvm.dll+0x46b9bf]
V  [jvm.dll+0x46cd4e]
V  [jvm.dll+0x4501a2]
V  [jvm.dll+0xa43a2]
V  [jvm.dll+0xa4cdf]
V  [jvm.dll+0x2418a4]
V  [jvm.dll+0x29846a]
C  [msvcr100.dll+0x21d9f]
C  [msvcr100.dll+0x21e3b]
C  [KERNEL32.DLL+0x18102]
C  [ntdll.dll+0x5c5b4]


Current CompileTask:
C2:   8421 1064   !   4       com.android.dx.cf.code.BytecodeArray::parseInstruction (2764 bytes)


---------------  P R O C E S S  ---------------

Java Threads: ( => current thread )
  0x0000000016418800 JavaThread "pool-2-thread-4" [_thread_in_Java, id=136000, stack(0x0000000016bb0000,0x0000000016cb0000)]
  0x000000001640e800 JavaThread "pool-2-thread-3" [_thread_in_Java, id=135980, stack(0x0000000016ab0000,0x0000000016bb0000)]
  0x000000001631a800 JavaThread "pool-2-thread-2" [_thread_in_Java, id=135972, stack(0x00000000169b0000,0x0000000016ab0000)]
  0x0000000016318000 JavaThread "pool-3-thread-1" [_thread_blocked, id=135968, stack(0x00000000168b0000,0x00000000169b0000)]
  0x00000000161b6000 JavaThread "Service Thread" daemon [_thread_blocked, id=135832, stack(0x00000000165b0000,0x00000000166b0000)]
  0x00000000149ad000 JavaThread "C1 CompilerThread2" daemon [_thread_in_native, id=135824, stack(0x00000000160b0000,0x00000000161b0000)]
  0x00000000149a2000 JavaThread "C2 CompilerThread1" daemon [_thread_in_vm, id=135816, stack(0x0000000015fb0000,0x00000000160b0000)]
=>0x0000000014949800 JavaThread "C2 CompilerThread0" daemon [_thread_in_native, id=135800, stack(0x0000000015eb0000,0x0000000015fb0000)]
  0x0000000014948000 JavaThread "Attach Listener" daemon [_thread_blocked, id=135796, stack(0x0000000015db0000,0x0000000015eb0000)]
  0x000000001495b800 JavaThread "Signal Dispatcher" daemon [_thread_blocked, id=135792, stack(0x0000000015cb0000,0x0000000015db0000)]
  0x00000000021c0800 JavaThread "Finalizer" daemon [_thread_blocked, id=135716, stack(0x0000000015bb0000,0x0000000015cb0000)]
  0x0000000014919800 JavaThread "Reference Handler" daemon [_thread_blocked, id=135708, stack(0x0000000015ab0000,0x0000000015bb0000)]
  0x000000000227e000 JavaThread "main" [_thread_blocked, id=135640, stack(0x0000000001fa0000,0x00000000020a0000)]

Other Threads:
  0x0000000014917000 VMThread [stack: 0x00000000159b0000,0x0000000015ab0000] [id=135684]
  0x00000000161b7000 WatcherThread [stack: 0x00000000166b0000,0x00000000167b0000] [id=135836]

VM state:not at safepoint (normal execution)

VM Mutex/Monitor currently owned by a thread: None

Heap:
 PSYoungGen      total 18944K, used 6629K [0x00000000eab00000, 0x00000000ec000000, 0x0000000100000000)
  eden space 16384K, 24% used [0x00000000eab00000,0x00000000eaefd3d8,0x00000000ebb00000)
  from space 2560K, 99% used [0x00000000ebb00000,0x00000000ebd7c048,0x00000000ebd80000)
  to   space 2560K, 0% used [0x00000000ebd80000,0x00000000ebd80000,0x00000000ec000000)
 ParOldGen       total 44032K, used 1523K [0x00000000c0000000, 0x00000000c2b00000, 0x00000000eab00000)
  object space 44032K, 3% used [0x00000000c0000000,0x00000000c017ce08,0x00000000c2b00000)
 Metaspace       used 5766K, capacity 6832K, committed 7040K, reserved 1056768K
  class space    used 581K, capacity 616K, committed 640K, reserved 1048576K

Card table byte_map: [0x0000000011640000,0x0000000011850000] byte_map_base: 0x0000000011040000

Marking Bits: (ParMarkBitMap*) 0x0000000057c84040
 Begin Bits: [0x0000000011db0000, 0x0000000012db0000)
 End Bits:   [0x0000000012db0000, 0x0000000013db0000)

Polling page: 0x0000000000550000

CodeCache: size=245760Kb used=4357Kb max_used=4357Kb free=241402Kb
 bounds [0x0000000002280000, 0x00000000026d0000, 0x0000000011280000]
 total_blobs=1347 nmethods=1079 adapters=181
 compilation: enabled

Compilation events (10 events):
Event: 8.319 Thread 0x0000000014949800 nmethod 1059 0x00000000026a4150 code [0x00000000026a42a0, 0x00000000026a43f8]
Event: 8.320 Thread 0x00000000149ad000 1060       1       com.android.dx.rop.cst.CstKnownNull::getType (4 bytes)
Event: 8.320 Thread 0x00000000149ad000 nmethod 1060 0x00000000026a3e90 code [0x00000000026a3fe0, 0x00000000026a40f0]
Event: 8.321 Thread 0x00000000149ad000 1061       3       com.android.dx.ssa.SsaBasicBlock::replaceSuccessor (125 bytes)
Event: 8.322 Thread 0x00000000149ad000 nmethod 1061 0x00000000026b5490 code [0x00000000026b5720, 0x00000000026b6598]
Event: 8.324 Thread 0x00000000149ad000 1062       3       com.android.dx.cf.code.BytecodeArray$ConstantParserVisitor::visitConstant (18 bytes)
Event: 8.324 Thread 0x00000000149ad000 nmethod 1062 0x00000000026a3b50 code [0x00000000026a3ca0, 0x00000000026a3e10]
Event: 8.325 Thread 0x00000000149a2000 1063       4       com.android.dx.util.LabeledList::addLabelIndex (43 bytes)
Event: 8.336 Thread 0x00000000149a2000 nmethod 1063 0x0000000002696cd0 code [0x0000000002696e20, 0x0000000002697398]
Event: 8.337 Thread 0x0000000014949800 1064   !   4       com.android.dx.cf.code.BytecodeArray::parseInstruction (2764 bytes)

GC Heap History (2 events):
Event: 6.735 GC heap before
{Heap before GC invocations=1 (full 0):
 PSYoungGen      total 18944K, used 16384K [0x00000000eab00000, 0x00000000ec000000, 0x0000000100000000)
  eden space 16384K, 100% used [0x00000000eab00000,0x00000000ebb00000,0x00000000ebb00000)
  from space 2560K, 0% used [0x00000000ebd80000,0x00000000ebd80000,0x00000000ec000000)
  to   space 2560K, 0% used [0x00000000ebb00000,0x00000000ebb00000,0x00000000ebd80000)
 ParOldGen       total 44032K, used 0K [0x00000000c0000000, 0x00000000c2b00000, 0x00000000eab00000)
  object space 44032K, 0% used [0x00000000c0000000,0x00000000c0000000,0x00000000c2b00000)
 Metaspace       used 5732K, capacity 6832K, committed 7040K, reserved 1056768K
  class space    used 579K, capacity 616K, committed 640K, reserved 1048576K
Event: 7.312 GC heap after
Heap after GC invocations=1 (full 0):
 PSYoungGen      total 18944K, used 2544K [0x00000000eab00000, 0x00000000ec000000, 0x0000000100000000)
  eden space 16384K, 0% used [0x00000000eab00000,0x00000000eab00000,0x00000000ebb00000)
  from space 2560K, 99% used [0x00000000ebb00000,0x00000000ebd7c048,0x00000000ebd80000)
  to   space 2560K, 0% used [0x00000000ebd80000,0x00000000ebd80000,0x00000000ec000000)
 ParOldGen       total 44032K, used 1523K [0x00000000c0000000, 0x00000000c2b00000, 0x00000000eab00000)
  object space 44032K, 3% used [0x00000000c0000000,0x00000000c017ce08,0x00000000c2b00000)
 Metaspace       used 5732K, capacity 6832K, committed 7040K, reserved 1056768K
  class space    used 579K, capacity 616K, committed 640K, reserved 1048576K
}

Deoptimization events (2 events):
Event: 3.745 Thread 0x0000000016418800 Uncommon trap: reason=unstable_if action=reinterpret pc=0x00000000024b2b60 method=java.util.HashMap.getNode(ILjava/lang/Object;)Ljava/util/HashMap$Node; @ 143
Event: 4.242 Thread 0x000000001631a800 Uncommon trap: reason=unstable_if action=reinterpret pc=0x000000000241ab54 method=com.android.dx.rop.cst.CstFieldRef.compareTo0(Lcom/android/dx/rop/cst/Constant;)I @ 7

Internal exceptions (2 events):
Event: 0.220 Thread 0x000000000227e000 Exception <a 'java/lang/NoSuchMethodError': Method sun.misc.Unsafe.defineClass(Ljava/lang/String;[BII)Ljava/lang/Class; name or signature does not match> (0x00000000eab0d940) thrown at [C:\re\workspace\8-2-build-windows-amd64-cygwin\jdk8u51\3951\hotspot\srÀ‹±"¢+Ã?
Event: 0.220 Thread 0x000000000227e000 Exception <a 'java/lang/NoSuchMethodError': Method sun.misc.Unsafe.prefetchRead(Ljava/lang/Object;J)V name or signature does not match> (0x00000000eab0dbd0) thrown at [C:\re\workspace\8-2-build-windows-amd64-cygwin\jdk8u51\3951\hotspot\src\share\vm\prims\j

Events (10 events):
Event: 6.735 Executing VM operation: ParallelGCFailedAllocation
Event: 7.313 Executing VM operation: ParallelGCFailedAllocation done
Event: 7.315 Executing VM operation: RevokeBias
Event: 7.315 Executing VM operation: RevokeBias done
Event: 7.315 Executing VM operation: RevokeBias
Event: 7.315 Executing VM operation: RevokeBias done
Event: 7.315 Executing VM operation: RevokeBias
Event: 7.315 Executing VM operation: RevokeBias done
Event: 8.323 loading class com/android/dx/cf/code/BytecodeArray$ConstantParserVisitor
Event: 8.323 loading class com/android/dx/cf/code/BytecodeArray$ConstantParserVisitor done


Dynamic libraries:
0x00007ff6f9dd0000 - 0x00007ff6f9e07000 	C:\Program Files\Java\jdk1.8.0_51\bin\java.exe
0x00007fffd8be0000 - 0x00007fffd8da1000 	C:\WINDOWS\SYSTEM32\ntdll.dll
0x00007fffd6330000 - 0x00007fffd63dd000 	C:\WINDOWS\system32\KERNEL32.DLL
0x00007fffd53c0000 - 0x00007fffd55a8000 	C:\WINDOWS\system32\KERNELBASE.dll
0x00007fffd69a0000 - 0x00007fffd6a47000 	C:\WINDOWS\system32\ADVAPI32.dll
0x00007fffd6780000 - 0x00007fffd681d000 	C:\WINDOWS\system32\msvcrt.dll
0x00007fffd6cb0000 - 0x00007fffd6d0b000 	C:\WINDOWS\system32\sechost.dll
0x00007fffd6420000 - 0x00007fffd653c000 	C:\WINDOWS\system32\RPCRT4.dll
0x00007fffd7200000 - 0x00007fffd7356000 	C:\WINDOWS\system32\USER32.dll
0x00007fffd6a50000 - 0x00007fffd6bd6000 	C:\WINDOWS\system32\GDI32.dll
0x00007fffc88f0000 - 0x00007fffc8b64000 	C:\WINDOWS\WinSxS\amd64_microsoft.windows.common-controls_6595b64144ccf1df_6.0.10586.0_none_8c15ae12515e1c22\COMCTL32.dll
0x00007fffd60a0000 - 0x00007fffd631d000 	C:\WINDOWS\system32\combase.dll
0x00007fffd5f70000 - 0x00007fffd5fda000 	C:\WINDOWS\system32\bcryptPrimitives.dll
0x00007fffd63e0000 - 0x00007fffd641b000 	C:\WINDOWS\system32\IMM32.DLL
0x0000000057060000 - 0x0000000057132000 	C:\Program Files\Java\jdk1.8.0_51\jre\bin\msvcr100.dll
0x0000000057480000 - 0x0000000057d03000 	C:\Program Files\Java\jdk1.8.0_51\jre\bin\server\jvm.dll
0x00007fffd6820000 - 0x00007fffd6828000 	C:\WINDOWS\system32\PSAPI.DLL
0x00007fffd24c0000 - 0x00007fffd24c9000 	C:\WINDOWS\SYSTEM32\WSOCK32.dll
0x00007fffd6710000 - 0x00007fffd677b000 	C:\WINDOWS\system32\WS2_32.dll
0x00007fffd32e0000 - 0x00007fffd3303000 	C:\WINDOWS\SYSTEM32\WINMM.dll
0x00007fffd0c80000 - 0x00007fffd0c8a000 	C:\WINDOWS\SYSTEM32\VERSION.dll
0x00007fffd32b0000 - 0x00007fffd32dc000 	C:\WINDOWS\SYSTEM32\WINMMBASE.dll
0x00007fffd5290000 - 0x00007fffd52d3000 	C:\WINDOWS\system32\cfgmgr32.dll
0x0000000058450000 - 0x000000005845f000 	C:\Program Files\Java\jdk1.8.0_51\jre\bin\verify.dll
0x0000000058420000 - 0x0000000058449000 	C:\Program Files\Java\jdk1.8.0_51\jre\bin\java.dll
0x0000000058400000 - 0x0000000058416000 	C:\Program Files\Java\jdk1.8.0_51\jre\bin\zip.dll
0x00007fffd7570000 - 0x00007fffd8acc000 	C:\WINDOWS\system32\SHELL32.dll
0x00007fffd5660000 - 0x00007fffd5ca4000 	C:\WINDOWS\system32\windows.storage.dll
0x00007fffd6d10000 - 0x00007fffd6d62000 	C:\WINDOWS\system32\shlwapi.dll
0x00007fffd5210000 - 0x00007fffd521f000 	C:\WINDOWS\system32\kernel.appcore.dll
0x00007fffd5300000 - 0x00007fffd53b5000 	C:\WINDOWS\system32\shcore.dll
0x00007fffd5220000 - 0x00007fffd526b000 	C:\WINDOWS\system32\powrprof.dll
0x00007fffd5270000 - 0x00007fffd5284000 	C:\WINDOWS\system32\profapi.dll
0x00007fffc6b80000 - 0x00007fffc6d0c000 	C:\WINDOWS\SYSTEM32\dbghelp.dll

VM Arguments:
jvm_args: -Djava.awt.headless=true -Xmx1024M -Dfile.encoding=windows-1252 -Duser.country=IN -Duser.language=en -Duser.variant 
java_command: com.android.dx.command.Main --dex --force-jumbo --num-threads=4 --multi-dex --output F:\STUDY\ANDROID\SAMPLES\TimeWork\app\build\intermediates\transforms\dex\debug\folders\1000\5\slice_0 F:\STUDY\ANDROID\SAMPLES\TimeWork\app\build\intermediates\transforms\instantRunSlicer\debug\folders\1\5\slice_0
java_class_path (initial): C:\Users\Ganesh Prasad\AppData\Local\Android\sdk\build-tools\23.0.3\lib\dx.jar
Launcher Type: SUN_STANDARD

Environment Variables:
JAVA_HOME=C:\Program Files\Java\jdk1.8.0_51
PATH=C:\ProgramData\Oracle\Java\javapath;C:\Program Files (x86)\Intel\iCLS Client\;C:\Program Files\Intel\iCLS Client\;C:\Program Files (x86)\AMD APP\bin\x86_64;C:\Program Files (x86)\AMD APP\bin\x86;C:\WINDOWS\system32;C:\WINDOWS;C:\WINDOWS\System32\Wbem;C:\WINDOWS\System32\WindowsPowerShell\v1.0\;C:\Program Files (x86)\ATI Technologies\ATI.ACE\Core-Static;C:\Program Files\Intel\Intel(R) Management Engine Components\DAL;C:\Program Files\Intel\Intel(R) Management Engine Components\IPT;C:\Program Files (x86)\Intel\Intel(R) Management Engine Components\DAL;C:\Program Files (x86)\Intel\Intel(R) Management Engine Components\IPT;\;C:\Program Files (x86)\Sony\VAIO Startup Setting Tool;C:\Program Files (x86)\Brackets\command;C:\Program Files (x86)\Java\jdk1.8.0_45\bin;C:\Program Files\nodejs\;C:\Users\Ganesh Prasad\AppData\Local\GitHub\PortableGit_c7e0cbde92ba565cb218a521411d0e854079a28c\bin;C:\Users\Ganesh Prasad\AppData\Local\GitHub\PortableGit_c7e0cbde92ba565cb218a521411d0e854079a28c\cmd;C:\Program Files (x86)\AMD\ATI.ACE\Core-Static;C:\Users\Ganesh Prasad\AppData\Local\Android\sdk\platform-tools;C:\Users\Ganesh Prasad\Anaconda2;C:\Users\Ganesh Prasad\Anaconda2\Scripts;C:\Users\Ganesh Prasad\Anaconda2\Library\bin;C:\Users\Ganesh Prasad\AppData\Roaming\npm
USERNAME=Ganesh Prasad
OS=Windows_NT
PROCESSOR_IDENTIFIER=Intel64 Family 6 Model 58 Stepping 9, GenuineIntel



---------------  S Y S T E M  ---------------

OS: Windows 10.0 , 64 bit Build 10586 (10.0.10586.0)

CPU:total 4 (2 cores per cpu, 2 threads per core) family 6 model 58 stepping 9, cmov, cx8, fxsr, mmx, sse, sse2, sse3, ssse3, sse4.1, sse4.2, popcnt, avx, clmul, erms, ht, tsc, tscinvbit, tscinv

Memory: 4k page, physical 4140316k(314332k free), swap 5574940k(4120k free)

vm_info: Java HotSpot(TM) 64-Bit Server VM (25.51-b03) for windows-amd64 JRE (1.8.0_51-b16), built on Jun  8 2015 18:03:07 by "java_re" with MS VC++ 10.0 (VS2010)

time: Tue Jul 12 13:20:47 2016
elapsed time: 8 seconds (0d 0h 0m 8s)

