#
# There is insufficient memory for the Java Runtime Environment to continue.
# Native memory allocation (malloc) failed to allocate 1854096 bytes for Chunk::new
# Possible reasons:
#   The system is out of physical RAM or swap space
#   In 32 bit mode, the process size limit was hit
# Possible solutions:
#   Reduce memory load on the system
#   Increase physical memory or swap space
#   Check if swap backing store is full
#   Use 64 bit Java on a 64 bit OS
#   Decrease Java heap size (-Xmx/-Xms)
#   Decrease number of Java threads
#   Decrease Java thread stack sizes (-Xss)
#   Set larger code cache with -XX:ReservedCodeCacheSize=
# This output file may be truncated or incomplete.
#
#  Out of Memory Error (allocation.cpp:390), pid=355892, tid=356004
#
# JRE version: Java(TM) SE Runtime Environment (8.0_51-b16) (build 1.8.0_51-b16)
# Java VM: Java HotSpot(TM) 64-Bit Server VM (25.51-b03 mixed mode windows-amd64 compressed oops)
# Failed to write core dump. Minidumps are not enabled by default on client versions of Windows
#

---------------  T H R E A D  ---------------

Current thread (0x0000000014e70800):  JavaThread "C2 CompilerThread1" daemon [_thread_in_native, id=356004, stack(0x0000000016510000,0x0000000016610000)]

Stack: [0x0000000016510000,0x0000000016610000]
Native frames: (J=compiled Java code, j=interpreted, Vv=VM code, C=native code)
V  [jvm.dll+0x32b4ca]
V  [jvm.dll+0x2797e3]
V  [jvm.dll+0x27a479]
V  [jvm.dll+0x271765]
V  [jvm.dll+0xcba02]
V  [jvm.dll+0xcbecc]
V  [jvm.dll+0x476f72]
V  [jvm.dll+0x4b95ff]
V  [jvm.dll+0x46c011]
V  [jvm.dll+0x46cd4e]
V  [jvm.dll+0x4501a2]
V  [jvm.dll+0xa43a2]
V  [jvm.dll+0xa4cdf]
V  [jvm.dll+0x2418a4]
V  [jvm.dll+0x29846a]
C  [msvcr100.dll+0x21d9f]
C  [msvcr100.dll+0x21e3b]
C  [KERNEL32.DLL+0x18102]
C  [ntdll.dll+0x5c5b4]


Current CompileTask:
C2:   5180 1511   !   4       com.android.dx.cf.code.BytecodeArray::parseInstruction (2764 bytes)


---------------  P R O C E S S  ---------------

Java Threads: ( => current thread )
  0x0000000014ece800 JavaThread "Service Thread" daemon [_thread_blocked, id=356040, stack(0x0000000016b10000,0x0000000016c10000)]
  0x0000000014ecc800 JavaThread "C1 CompilerThread2" daemon [_thread_blocked, id=356024, stack(0x0000000016610000,0x0000000016710000)]
=>0x0000000014e70800 JavaThread "C2 CompilerThread1" daemon [_thread_in_native, id=356004, stack(0x0000000016510000,0x0000000016610000)]
  0x0000000014e6a800 JavaThread "C2 CompilerThread0" daemon [_thread_in_native, id=356000, stack(0x0000000016410000,0x0000000016510000)]
  0x0000000014e68800 JavaThread "Attach Listener" daemon [_thread_blocked, id=355988, stack(0x0000000016310000,0x0000000016410000)]
  0x0000000014e67000 JavaThread "Signal Dispatcher" daemon [_thread_blocked, id=355980, stack(0x0000000016210000,0x0000000016310000)]
  0x0000000002776800 JavaThread "Finalizer" daemon [_thread_blocked, id=355976, stack(0x0000000016100000,0x0000000016200000)]
  0x0000000014e39800 JavaThread "Reference Handler" daemon [_thread_blocked, id=355972, stack(0x0000000016000000,0x0000000016100000)]
  0x000000000247e000 JavaThread "main" [_thread_in_native, id=355948, stack(0x0000000002580000,0x0000000002680000)]

Other Threads:
  0x0000000014e37000 VMThread [stack: 0x0000000015f00000,0x0000000016000000] [id=355968]
  0x000000001671b000 WatcherThread [stack: 0x0000000016c10000,0x0000000016d10000] [id=356044]

VM state:not at safepoint (normal execution)

VM Mutex/Monitor currently owned by a thread: None

Heap:
 PSYoungGen      total 68096K, used 34901K [0x00000000eab00000, 0x00000000ef000000, 0x0000000100000000)
  eden space 65536K, 49% used [0x00000000eab00000,0x00000000eca99758,0x00000000eeb00000)
  from space 2560K, 99% used [0x00000000eed80000,0x00000000eeffc010,0x00000000ef000000)
  to   space 2560K, 0% used [0x00000000eeb00000,0x00000000eeb00000,0x00000000eed80000)
 ParOldGen       total 44032K, used 12545K [0x00000000c0000000, 0x00000000c2b00000, 0x00000000eab00000)
  object space 44032K, 28% used [0x00000000c0000000,0x00000000c0c406b8,0x00000000c2b00000)
 Metaspace       used 7175K, capacity 7736K, committed 7936K, reserved 1056768K
  class space    used 669K, capacity 688K, committed 768K, reserved 1048576K

Card table byte_map: [0x0000000011b40000,0x0000000011d50000] byte_map_base: 0x0000000011540000

Marking Bits: (ParMarkBitMap*) 0x0000000058434040
 Begin Bits: [0x00000000122b0000, 0x00000000132b0000)
 End Bits:   [0x00000000132b0000, 0x00000000142b0000)

Polling page: 0x00000000023e0000

CodeCache: size=245760Kb used=8161Kb max_used=8161Kb free=237598Kb
 bounds [0x0000000002780000, 0x0000000002f80000, 0x0000000011780000]
 total_blobs=2440 nmethods=2161 adapters=191
 compilation: enabled

Compilation events (10 events):
Event: 4.518 Thread 0x0000000014ecc800 1724       2       com.android.dx.command.dexer.Main::access$1400 (4 bytes)
Event: 4.518 Thread 0x0000000014ecc800 nmethod 1724 0x0000000002e13b90 code [0x0000000002e13ce0, 0x0000000002e13e10]
Event: 4.518 Thread 0x0000000014ecc800 1725       2       java.util.concurrent.FutureTask::set (36 bytes)
Event: 4.518 Thread 0x0000000014ecc800 nmethod 1725 0x0000000002e13790 code [0x0000000002e13900, 0x0000000002e13ae8]
Event: 4.518 Thread 0x0000000014ecc800 1727       2       java.util.concurrent.FutureTask::finishCompletion (74 bytes)
Event: 4.519 Thread 0x0000000014ecc800 nmethod 1727 0x0000000002e13190 code [0x0000000002e13300, 0x0000000002e13628]
Event: 4.519 Thread 0x0000000014ecc800 1728       2       java.util.concurrent.FutureTask::done (1 bytes)
Event: 4.519 Thread 0x0000000014ecc800 nmethod 1728 0x0000000002e12e90 code [0x0000000002e12fe0, 0x0000000002e13130]
Event: 4.519 Thread 0x0000000014ecc800 1729       2       com.android.dx.ssa.LiteralOpUpgrader$1::visitNonMoveInsn (203 bytes)
Event: 4.522 Thread 0x0000000014ecc800 nmethod 1729 0x0000000002e10750 code [0x0000000002e10aa0, 0x0000000002e11908]

GC Heap History (6 events):
Event: 2.270 GC heap before
{Heap before GC invocations=1 (full 0):
 PSYoungGen      total 18944K, used 16384K [0x00000000eab00000, 0x00000000ec000000, 0x0000000100000000)
  eden space 16384K, 100% used [0x00000000eab00000,0x00000000ebb00000,0x00000000ebb00000)
  from space 2560K, 0% used [0x00000000ebd80000,0x00000000ebd80000,0x00000000ec000000)
  to   space 2560K, 0% used [0x00000000ebb00000,0x00000000ebb00000,0x00000000ebd80000)
 ParOldGen       total 44032K, used 0K [0x00000000c0000000, 0x00000000c2b00000, 0x00000000eab00000)
  object space 44032K, 0% used [0x00000000c0000000,0x00000000c0000000,0x00000000c2b00000)
 Metaspace       used 5418K, capacity 6448K, committed 6528K, reserved 1056768K
  class space    used 582K, capacity 616K, committed 640K, reserved 1048576K
Event: 2.351 GC heap after
Heap after GC invocations=1 (full 0):
 PSYoungGen      total 18944K, used 2548K [0x00000000eab00000, 0x00000000ed000000, 0x0000000100000000)
  eden space 16384K, 0% used [0x00000000eab00000,0x00000000eab00000,0x00000000ebb00000)
  from space 2560K, 99% used [0x00000000ebb00000,0x00000000ebd7d298,0x00000000ebd80000)
  to   space 2560K, 0% used [0x00000000ecd80000,0x00000000ecd80000,0x00000000ed000000)
 ParOldGen       total 44032K, used 748K [0x00000000c0000000, 0x00000000c2b00000, 0x00000000eab00000)
  object space 44032K, 1% used [0x00000000c0000000,0x00000000c00bb150,0x00000000c2b00000)
 Metaspace       used 5418K, capacity 6448K, committed 6528K, reserved 1056768K
  class space    used 582K, capacity 616K, committed 640K, reserved 1048576K
}
Event: 3.152 GC heap before
{Heap before GC invocations=2 (full 0):
 PSYoungGen      total 18944K, used 18932K [0x00000000eab00000, 0x00000000ed000000, 0x0000000100000000)
  eden space 16384K, 100% used [0x00000000eab00000,0x00000000ebb00000,0x00000000ebb00000)
  from space 2560K, 99% used [0x00000000ebb00000,0x00000000ebd7d298,0x00000000ebd80000)
  to   space 2560K, 0% used [0x00000000ecd80000,0x00000000ecd80000,0x00000000ed000000)
 ParOldGen       total 44032K, used 748K [0x00000000c0000000, 0x00000000c2b00000, 0x00000000eab00000)
  object space 44032K, 1% used [0x00000000c0000000,0x00000000c00bb150,0x00000000c2b00000)
 Metaspace       used 5858K, capacity 6832K, committed 7040K, reserved 1056768K
  class space    used 586K, capacity 616K, committed 640K, reserved 1048576K
Event: 3.164 GC heap after
Heap after GC invocations=2 (full 0):
 PSYoungGen      total 35328K, used 2528K [0x00000000eab00000, 0x00000000ed000000, 0x0000000100000000)
  eden space 32768K, 0% used [0x00000000eab00000,0x00000000eab00000,0x00000000ecb00000)
  from space 2560K, 98% used [0x00000000ecd80000,0x00000000ecff8048,0x00000000ed000000)
  to   space 2560K, 0% used [0x00000000ecb00000,0x00000000ecb00000,0x00000000ecd80000)
 ParOldGen       total 44032K, used 2400K [0x00000000c0000000, 0x00000000c2b00000, 0x00000000eab00000)
  object space 44032K, 5% used [0x00000000c0000000,0x00000000c0258368,0x00000000c2b00000)
 Metaspace       used 5858K, capacity 6832K, committed 7040K, reserved 1056768K
  class space    used 586K, capacity 616K, committed 640K, reserved 1048576K
}
Event: 4.173 GC heap before
{Heap before GC invocations=3 (full 0):
 PSYoungGen      total 35328K, used 35296K [0x00000000eab00000, 0x00000000ed000000, 0x0000000100000000)
  eden space 32768K, 100% used [0x00000000eab00000,0x00000000ecb00000,0x00000000ecb00000)
  from space 2560K, 98% used [0x00000000ecd80000,0x00000000ecff8048,0x00000000ed000000)
  to   space 2560K, 0% used [0x00000000ecb00000,0x00000000ecb00000,0x00000000ecd80000)
 ParOldGen       total 44032K, used 2400K [0x00000000c0000000, 0x00000000c2b00000, 0x00000000eab00000)
  object space 44032K, 5% used [0x00000000c0000000,0x00000000c0258368,0x00000000c2b00000)
 Metaspace       used 6201K, capacity 7088K, committed 7296K, reserved 1056768K
  class space    used 592K, capacity 616K, committed 640K, reserved 1048576K
Event: 4.198 GC heap after
Heap after GC invocations=3 (full 0):
 PSYoungGen      total 35328K, used 2528K [0x00000000eab00000, 0x00000000ef000000, 0x0000000100000000)
  eden space 32768K, 0% used [0x00000000eab00000,0x00000000eab00000,0x00000000ecb00000)
  from space 2560K, 98% used [0x00000000ecb00000,0x00000000ecd78018,0x00000000ecd80000)
  to   space 2560K, 0% used [0x00000000eed80000,0x00000000eed80000,0x00000000ef000000)
 ParOldGen       total 44032K, used 7209K [0x00000000c0000000, 0x00000000c2b00000, 0x00000000eab00000)
  object space 44032K, 16% used [0x00000000c0000000,0x00000000c070a650,0x00000000c2b00000)
 Metaspace       used 6201K, capacity 7088K, committed 7296K, reserved 1056768K
  class space    used 592K, capacity 616K, committed 640K, reserved 1048576K
}

Deoptimization events (9 events):
Event: 1.675 Thread 0x000000000247e000 Uncommon trap: reason=unstable_if action=reinterpret pc=0x00000000028f5594 method=java.lang.String.compareTo(Ljava/lang/String;)I @ 38
Event: 2.693 Thread 0x00000000169e6000 Uncommon trap: reason=unstable_if action=reinterpret pc=0x0000000002a7199c method=com.android.dx.rop.cst.Constant.compareTo(Lcom/android/dx/rop/cst/Constant;)I @ 12
Event: 2.837 Thread 0x00000000169e6800 Uncommon trap: reason=unstable_if action=reinterpret pc=0x0000000002b084bc method=com.android.dx.rop.code.LocalItem.hashCode()I @ 25
Event: 3.252 Thread 0x00000000169e6800 Uncommon trap: reason=null_check action=make_not_entrant pc=0x0000000002a6ba20 method=com.android.dx.rop.type.Type.equals(Ljava/lang/Object;)Z @ 8
Event: 3.760 Thread 0x000000000247e000 Uncommon trap: reason=unstable_if action=reinterpret pc=0x0000000002cc1398 method=com.android.dx.ssa.SCCP.simulateStmt(Lcom/android/dx/ssa/SsaInsn;)V @ 53
Event: 4.337 Thread 0x00000000169e5800 Uncommon trap: reason=unstable_if action=reinterpret pc=0x0000000002b52460 method=com.android.dx.rop.code.RegisterSpecSet.<init>(I)V @ 2
Event: 4.362 Thread 0x00000000169e5800 Uncommon trap: reason=unstable_if action=reinterpret pc=0x0000000002d74ff0 method=com.android.dx.ssa.SCCP.simulateBranch(Lcom/android/dx/ssa/SsaInsn;)V @ 64
Event: 4.518 Thread 0x00000000169e5800 Uncommon trap: reason=unloaded action=reinterpret pc=0x0000000002d1c51c method=com.android.dx.ssa.LiteralOpUpgrader$1.visitNonMoveInsn(Lcom/android/dx/ssa/NormalSsaInsn;)V @ 72
Event: 4.519 Thread 0x00000000169e5800 Uncommon trap: reason=unstable_if action=reinterpret pc=0x0000000002b9991c method=com.android.dx.ssa.SsaMethod.updateOneDefinition(Lcom/android/dx/ssa/SsaInsn;Lcom/android/dx/rop/code/RegisterSpec;)V @ 4

Internal exceptions (3 events):
Event: 0.042 Thread 0x000000000247e000 Exception <a 'java/lang/NoSuchMethodError': Method sun.misc.Unsafe.defineClass(Ljava/lang/String;[BII)Ljava/lang/Class; name or signature does not match> (0x00000000eab0d998) thrown at [C:\re\workspace\8-2-build-windows-amd64-cygwin\jdk8u51\3951\hotspot\sr§ûÕEú•?
Event: 0.042 Thread 0x000000000247e000 Exception <a 'java/lang/NoSuchMethodError': Method sun.misc.Unsafe.prefetchRead(Ljava/lang/Object;J)V name or signature does not match> (0x00000000eab0dc28) thrown at [C:\re\workspace\8-2-build-windows-amd64-cygwin\jdk8u51\3951\hotspot\src\share\vm\prims\jp–ÍB
@
Event: 3.252 Thread 0x00000000169e6800 Implicit null exception at 0x0000000002a6b922 to 0x0000000002a6ba12

Events (10 events):
Event: 4.477 Executing VM operation: EnableBiasedLocking
Event: 4.482 Executing VM operation: EnableBiasedLocking done
Event: 4.518 Thread 0x00000000169e5800 Uncommon trap: trap_request=0x0000004e fr.pc=0x0000000002d1c51c
Event: 4.518 loading class com/android/dx/rop/code/RegOps
Event: 4.518 loading class com/android/dx/rop/code/RegOps done
Event: 4.519 Thread 0x00000000169e5800 DEOPT PACKING pc=0x0000000002d1c51c sp=0x000000001700e7d0
Event: 4.519 Thread 0x00000000169e5800 DEOPT UNPACKING pc=0x00000000027c582a sp=0x000000001700e798 mode 2
Event: 4.519 Thread 0x00000000169e5800 Uncommon trap: trap_request=0xffffff65 fr.pc=0x0000000002b9991c
Event: 4.519 Thread 0x00000000169e5800 DEOPT PACKING pc=0x0000000002b9991c sp=0x000000001700e610
Event: 4.519 Thread 0x00000000169e5800 DEOPT UNPACKING pc=0x00000000027c582a sp=0x000000001700e5b8 mode 2


Dynamic libraries:
0x00007ff7b5190000 - 0x00007ff7b51c7000 	C:\Program Files\Java\jdk1.8.0_51\bin\java.exe
0x00007ffa6c320000 - 0x00007ffa6c4e1000 	C:\WINDOWS\SYSTEM32\ntdll.dll
0x00007ffa6a450000 - 0x00007ffa6a4fd000 	C:\WINDOWS\system32\KERNEL32.DLL
0x00007ffa689d0000 - 0x00007ffa68bb8000 	C:\WINDOWS\system32\KERNELBASE.dll
0x00007ffa69e90000 - 0x00007ffa69f37000 	C:\WINDOWS\system32\ADVAPI32.dll
0x00007ffa69df0000 - 0x00007ffa69e8d000 	C:\WINDOWS\system32\msvcrt.dll
0x00007ffa6a500000 - 0x00007ffa6a55b000 	C:\WINDOWS\system32\sechost.dll
0x00007ffa69f40000 - 0x00007ffa6a05c000 	C:\WINDOWS\system32\RPCRT4.dll
0x00007ffa6a2f0000 - 0x00007ffa6a446000 	C:\WINDOWS\system32\USER32.dll
0x00007ffa69880000 - 0x00007ffa69a06000 	C:\WINDOWS\system32\GDI32.dll
0x00007ffa5ccd0000 - 0x00007ffa5cf44000 	C:\WINDOWS\WinSxS\amd64_microsoft.windows.common-controls_6595b64144ccf1df_6.0.10586.494_none_a2d8b04ea53e3145\COMCTL32.dll
0x00007ffa6a060000 - 0x00007ffa6a2dd000 	C:\WINDOWS\system32\combase.dll
0x00007ffa694f0000 - 0x00007ffa6955a000 	C:\WINDOWS\system32\bcryptPrimitives.dll
0x00007ffa69a10000 - 0x00007ffa69a4b000 	C:\WINDOWS\system32\IMM32.DLL
0x00000000577b0000 - 0x0000000057882000 	C:\Program Files\Java\jdk1.8.0_51\jre\bin\msvcr100.dll
0x0000000057c30000 - 0x00000000584b3000 	C:\Program Files\Java\jdk1.8.0_51\jre\bin\server\jvm.dll
0x00007ffa6c310000 - 0x00007ffa6c318000 	C:\WINDOWS\system32\PSAPI.DLL
0x00007ffa65ab0000 - 0x00007ffa65ab9000 	C:\WINDOWS\SYSTEM32\WSOCK32.dll
0x00007ffa66bc0000 - 0x00007ffa66be3000 	C:\WINDOWS\SYSTEM32\WINMM.dll
0x00007ffa63c50000 - 0x00007ffa63c5a000 	C:\WINDOWS\SYSTEM32\VERSION.dll
0x00007ffa6aac0000 - 0x00007ffa6ab2b000 	C:\WINDOWS\system32\WS2_32.dll
0x0000000002430000 - 0x000000000245c000 	C:\WINDOWS\SYSTEM32\WINMMBASE.dll
0x00007ffa696d0000 - 0x00007ffa69713000 	C:\WINDOWS\system32\cfgmgr32.dll
0x0000000057c20000 - 0x0000000057c2f000 	C:\Program Files\Java\jdk1.8.0_51\jre\bin\verify.dll
0x0000000057bf0000 - 0x0000000057c19000 	C:\Program Files\Java\jdk1.8.0_51\jre\bin\java.dll
0x0000000057bd0000 - 0x0000000057be6000 	C:\Program Files\Java\jdk1.8.0_51\jre\bin\zip.dll
0x00007ffa6adb0000 - 0x00007ffa6c30c000 	C:\WINDOWS\system32\SHELL32.dll
0x00007ffa68e10000 - 0x00007ffa69455000 	C:\WINDOWS\system32\windows.storage.dll
0x00007ffa69d90000 - 0x00007ffa69de2000 	C:\WINDOWS\system32\shlwapi.dll
0x00007ffa689c0000 - 0x00007ffa689cf000 	C:\WINDOWS\system32\kernel.appcore.dll
0x00007ffa69610000 - 0x00007ffa696c5000 	C:\WINDOWS\system32\shcore.dll
0x00007ffa68940000 - 0x00007ffa6898b000 	C:\WINDOWS\system32\powrprof.dll
0x00007ffa68990000 - 0x00007ffa689a4000 	C:\WINDOWS\system32\profapi.dll
0x00007ffa65db0000 - 0x00007ffa65f3c000 	C:\WINDOWS\SYSTEM32\dbghelp.dll

VM Arguments:
jvm_args: -Djava.awt.headless=true -Xmx1024M -Dfile.encoding=windows-1252 -Duser.country=IN -Duser.language=en -Duser.variant 
java_command: com.android.dx.command.Main --dex --num-threads=4 --output F:\STUDY\ANDROID\SAMPLES\TimeWork\app\build\intermediates\pre-dexed\debug\internal_impl-23.3.0_bf637d85cb1c740dad1493d76e06aca28f4add75.jar F:\STUDY\ANDROID\SAMPLES\TimeWork\app\build\intermediates\exploded-aar\com.android.support\support-v4\23.3.0\jars\libs\internal_impl-23.3.0.jar
java_class_path (initial): C:\Users\Ganesh Prasad\AppData\Local\Android\sdk\build-tools\23.0.3\lib\dx.jar
Launcher Type: SUN_STANDARD

Environment Variables:
JAVA_HOME=C:\Program Files\Java\jdk1.8.0_51
PATH=C:\ProgramData\Oracle\Java\javapath;C:\Program Files (x86)\Intel\iCLS Client\;C:\Program Files\Intel\iCLS Client\;C:\Program Files (x86)\AMD APP\bin\x86_64;C:\Program Files (x86)\AMD APP\bin\x86;C:\WINDOWS\system32;C:\WINDOWS;C:\WINDOWS\System32\Wbem;C:\WINDOWS\System32\WindowsPowerShell\v1.0\;C:\Program Files (x86)\ATI Technologies\ATI.ACE\Core-Static;C:\Program Files\Intel\Intel(R) Management Engine Components\DAL;C:\Program Files\Intel\Intel(R) Management Engine Components\IPT;C:\Program Files (x86)\Intel\Intel(R) Management Engine Components\DAL;C:\Program Files (x86)\Intel\Intel(R) Management Engine Components\IPT;\;C:\Program Files (x86)\Sony\VAIO Startup Setting Tool;C:\Program Files (x86)\Brackets\command;C:\Program Files (x86)\Java\jdk1.8.0_45\bin;C:\Program Files\nodejs\;C:\Users\Ganesh Prasad\AppData\Local\GitHub\PortableGit_c7e0cbde92ba565cb218a521411d0e854079a28c\bin;C:\Users\Ganesh Prasad\AppData\Local\GitHub\PortableGit_c7e0cbde92ba565cb218a521411d0e854079a28c\cmd;C:\Program Files (x86)\AMD\ATI.ACE\Core-Static;C:\Users\Ganesh Prasad\AppData\Local\Android\sdk\platform-tools;C:\Users\Ganesh Prasad\Anaconda2;C:\Users\Ganesh Prasad\Anaconda2\Scripts;C:\Users\Ganesh Prasad\Anaconda2\Library\bin;C:\Users\Ganesh Prasad\AppData\Roaming\npm
USERNAME=Ganesh Prasad
OS=Windows_NT
PROCESSOR_IDENTIFIER=Intel64 Family 6 Model 58 Stepping 9, GenuineIntel



---------------  S Y S T E M  ---------------

OS: Windows 10.0 , 64 bit Build 10586 (10.0.10586.0)

CPU:total 4 (2 cores per cpu, 2 threads per core) family 6 model 58 stepping 9, cmov, cx8, fxsr, mmx, sse, sse2, sse3, ssse3, sse4.1, sse4.2, popcnt, avx, clmul, erms, ht, tsc, tscinvbit, tscinv

Memory: 4k page, physical 4140316k(563080k free), swap 5574940k(442040k free)

vm_info: Java HotSpot(TM) 64-Bit Server VM (25.51-b03) for windows-amd64 JRE (1.8.0_51-b16), built on Jun  8 2015 18:03:07 by "java_re" with MS VC++ 10.0 (VS2010)

time: Tue Jul 19 16:28:05 2016
elapsed time: 5 seconds (0d 0h 0m 5s)

