#
# There is insufficient memory for the Java Runtime Environment to continue.
# Native memory allocation (malloc) failed to allocate 32744 bytes for ChunkPool::allocate
# Possible reasons:
#   The system is out of physical RAM or swap space
#   In 32 bit mode, the process size limit was hit
# Possible solutions:
#   Reduce memory load on the system
#   Increase physical memory or swap space
#   Check if swap backing store is full
#   Use 64 bit Java on a 64 bit OS
#   Decrease Java heap size (-Xmx/-Xms)
#   Decrease number of Java threads
#   Decrease Java thread stack sizes (-Xss)
#   Set larger code cache with -XX:ReservedCodeCacheSize=
# This output file may be truncated or incomplete.
#
#  Out of Memory Error (allocation.cpp:273), pid=357772, tid=356344
#
# JRE version: Java(TM) SE Runtime Environment (8.0_51-b16) (build 1.8.0_51-b16)
# Java VM: Java HotSpot(TM) 64-Bit Server VM (25.51-b03 mixed mode windows-amd64 compressed oops)
# Failed to write core dump. Minidumps are not enabled by default on client versions of Windows
#

---------------  T H R E A D  ---------------

Current thread (0x00000000155a9000):  JavaThread "C2 CompilerThread1" daemon [_thread_in_native, id=356344, stack(0x0000000016c20000,0x0000000016d20000)]

Stack: [0x0000000016c20000,0x0000000016d20000]
Native frames: (J=compiled Java code, j=interpreted, Vv=VM code, C=native code)
V  [jvm.dll+0x32b4ca]


Current CompileTask:
C2:  24253  389       4       java.util.ArrayList::get (11 bytes)


---------------  P R O C E S S  ---------------

Java Threads: ( => current thread )
  0x00000000155b3000 JavaThread "pool-1-thread-4" [_thread_blocked, id=345444, stack(0x0000000017820000,0x0000000017920000)]
  0x00000000155b4000 JavaThread "pool-1-thread-3" [_thread_blocked, id=358272, stack(0x0000000017720000,0x0000000017820000)]
  0x00000000155b1800 JavaThread "pool-1-thread-2" [_thread_blocked, id=357392, stack(0x0000000017620000,0x0000000017720000)]
  0x00000000155b7000 JavaThread "pool-2-thread-1" [_thread_blocked, id=355084, stack(0x0000000017520000,0x0000000017620000)]
  0x00000000155b5800 JavaThread "pool-1-thread-1" [_thread_blocked, id=344636, stack(0x0000000017420000,0x0000000017520000)]
  0x00000000155b1000 JavaThread "Service Thread" daemon [_thread_blocked, id=356700, stack(0x0000000017220000,0x0000000017320000)]
  0x0000000016d28800 JavaThread "C1 CompilerThread2" daemon [_thread_in_native, id=358036, stack(0x0000000017120000,0x0000000017220000)]
=>0x00000000155a9000 JavaThread "C2 CompilerThread1" daemon [_thread_in_native, id=356344, stack(0x0000000016c20000,0x0000000016d20000)]
  0x00000000155ba800 JavaThread "C2 CompilerThread0" daemon [_thread_blocked, id=358128, stack(0x0000000016b20000,0x0000000016c20000)]
  0x00000000155b2800 JavaThread "Attach Listener" daemon [_thread_blocked, id=353320, stack(0x0000000016a20000,0x0000000016b20000)]
  0x00000000155b7800 JavaThread "Signal Dispatcher" daemon [_thread_blocked, id=355072, stack(0x0000000016920000,0x0000000016a20000)]
  0x0000000002ed6800 JavaThread "Finalizer" daemon [_thread_blocked, id=356120, stack(0x0000000016820000,0x0000000016920000)]
  0x0000000002ece800 JavaThread "Reference Handler" daemon [_thread_blocked, id=357400, stack(0x0000000016720000,0x0000000016820000)]
  0x0000000002cae000 JavaThread "main" [_thread_in_native, id=358172, stack(0x0000000002ce0000,0x0000000002de0000)]

Other Threads:
  0x0000000015577000 VMThread [stack: 0x0000000016620000,0x0000000016720000] [id=357448]
  0x0000000016d2d000 WatcherThread [stack: 0x0000000017320000,0x0000000017420000] [id=351828]

VM state:not at safepoint (normal execution)

VM Mutex/Monitor currently owned by a thread: None

Heap:
 PSYoungGen      total 18944K, used 9926K [0x00000000eab00000, 0x00000000ec000000, 0x0000000100000000)
  eden space 16384K, 60% used [0x00000000eab00000,0x00000000eb4b1a70,0x00000000ebb00000)
  from space 2560K, 0% used [0x00000000ebd80000,0x00000000ebd80000,0x00000000ec000000)
  to   space 2560K, 0% used [0x00000000ebb00000,0x00000000ebb00000,0x00000000ebd80000)
 ParOldGen       total 44032K, used 0K [0x00000000c0000000, 0x00000000c2b00000, 0x00000000eab00000)
  object space 44032K, 0% used [0x00000000c0000000,0x00000000c0000000,0x00000000c2b00000)
 Metaspace       used 5284K, capacity 6384K, committed 6528K, reserved 1056768K
  class space    used 576K, capacity 616K, committed 640K, reserved 1048576K

Card table byte_map: [0x00000000122a0000,0x00000000124b0000] byte_map_base: 0x0000000011ca0000

Marking Bits: (ParMarkBitMap*) 0x0000000058b24040
 Begin Bits: [0x0000000012a10000, 0x0000000013a10000)
 End Bits:   [0x0000000013a10000, 0x0000000014a10000)

Polling page: 0x0000000002bb0000

CodeCache: size=245760Kb used=1928Kb max_used=1928Kb free=243831Kb
 bounds [0x0000000002ee0000, 0x0000000003150000, 0x0000000011ee0000]
 total_blobs=646 nmethods=378 adapters=181
 compilation: enabled

Compilation events (10 events):
Event: 20.269 Thread 0x0000000016d28800  373       3       com.android.dx.cf.iface.StdAttributeList::<init> (6 bytes)
Event: 20.269 Thread 0x0000000016d28800 nmethod 373 0x00000000030a4810 code [0x00000000030a4980, 0x00000000030a4b08]
Event: 20.270 Thread 0x0000000016d28800  374       3       com.android.dx.cf.direct.AttributeListParser::setObserver (6 bytes)
Event: 20.270 Thread 0x0000000016d28800 nmethod 374 0x00000000030b7850 code [0x00000000030b79a0, 0x00000000030b7b10]
Event: 20.270 Thread 0x0000000016d28800  375       1       com.android.dx.rop.code.BasicBlock::getSuccessors (5 bytes)
Event: 20.270 Thread 0x0000000016d28800 nmethod 375 0x00000000030b7b90 code [0x00000000030b7ce0, 0x00000000030b7df0]
Event: 22.154 Thread 0x0000000016d28800  376       3       com.android.dx.rop.cst.CstNat::<init> (43 bytes)
Event: 22.155 Thread 0x0000000016d28800 nmethod 376 0x00000000030b7e50 code [0x00000000030b7fe0, 0x00000000030b83f8]
Event: 22.155 Thread 0x0000000016d28800  377   !   3       com.android.dx.cf.direct.AttributeListParser::parse (323 bytes)
Event: 22.158 Thread 0x00000000155a9000  389       4       java.util.ArrayList::get (11 bytes)

GC Heap History (0 events):
No events

Deoptimization events (10 events):
Event: 20.221 Thread 0x00000000155b3000 Uncommon trap: reason=class_check action=maybe_recompile pc=0x0000000003085518 method=com.android.dx.rop.cst.Constant.compareTo(Ljava/lang/Object;)I @ 2
Event: 20.221 Thread 0x00000000155b3000 Uncommon trap: reason=class_check action=maybe_recompile pc=0x0000000003085518 method=com.android.dx.rop.cst.Constant.compareTo(Ljava/lang/Object;)I @ 2
Event: 20.235 Thread 0x00000000155b1800 Uncommon trap: reason=speculate_class_check action=maybe_recompile pc=0x00000000030a3d8c method=com.android.dx.rop.cst.Constant.compareTo(Lcom/android/dx/rop/cst/Constant;)I @ 29
Event: 20.235 Thread 0x00000000155b1800 Uncommon trap: reason=class_check action=maybe_recompile pc=0x0000000003081d90 method=com.android.dx.rop.cst.CstMemberRef.compareTo0(Lcom/android/dx/rop/cst/Constant;)I @ 1
Event: 20.235 Thread 0x00000000155b3000 Uncommon trap: reason=speculate_class_check action=maybe_recompile pc=0x00000000030a3d8c method=com.android.dx.rop.cst.Constant.compareTo(Lcom/android/dx/rop/cst/Constant;)I @ 29
Event: 20.236 Thread 0x00000000155b3000 Uncommon trap: reason=class_check action=maybe_recompile pc=0x0000000003081d90 method=com.android.dx.rop.cst.CstMemberRef.compareTo0(Lcom/android/dx/rop/cst/Constant;)I @ 1
Event: 20.236 Thread 0x00000000155b3000 Uncommon trap: reason=speculate_class_check action=maybe_recompile pc=0x00000000030a3d8c method=com.android.dx.rop.cst.Constant.compareTo(Lcom/android/dx/rop/cst/Constant;)I @ 29
Event: 20.236 Thread 0x00000000155b3000 Uncommon trap: reason=class_check action=maybe_recompile pc=0x0000000003081d90 method=com.android.dx.rop.cst.CstMemberRef.compareTo0(Lcom/android/dx/rop/cst/Constant;)I @ 1
Event: 20.236 Thread 0x00000000155b5800 Uncommon trap: reason=speculate_class_check action=maybe_recompile pc=0x00000000030a3d8c method=com.android.dx.rop.cst.Constant.compareTo(Lcom/android/dx/rop/cst/Constant;)I @ 29
Event: 20.236 Thread 0x00000000155b5800 Uncommon trap: reason=class_check action=maybe_recompile pc=0x0000000003081d90 method=com.android.dx.rop.cst.CstMemberRef.compareTo0(Lcom/android/dx/rop/cst/Constant;)I @ 1

Internal exceptions (2 events):
Event: 13.439 Thread 0x0000000002cae000 Exception <a 'java/lang/NoSuchMethodError': Method sun.misc.Unsafe.defineClass(Ljava/lang/String;[BII)Ljava/lang/Class; name or signature does not match> (0x00000000eab0d7b0) thrown at [C:\re\workspace\8-2-build-windows-amd64-cygwin\jdk8u51\3951\hotspot\sr˜Øyýá*@
Event: 13.440 Thread 0x0000000002cae000 Exception <a 'java/lang/NoSuchMethodError': Method sun.misc.Unsafe.prefetchRead(Ljava/lang/Object;J)V name or signature does not match> (0x00000000eab0da40) thrown at [C:\re\workspace\8-2-build-windows-amd64-cygwin\jdk8u51\3951\hotspot\src\share\vm\prims\j

Events (10 events):
Event: 20.236 Thread 0x00000000155b3000 DEOPT UNPACKING pc=0x0000000002f2582a sp=0x000000001791eb90 mode 2
Event: 20.236 Thread 0x00000000155b3000 Uncommon trap: trap_request=0xffffffde fr.pc=0x0000000003081d90
Event: 20.236 Thread 0x00000000155b3000 DEOPT PACKING pc=0x0000000003081d90 sp=0x000000001791eb10
Event: 20.236 Thread 0x00000000155b3000 DEOPT UNPACKING pc=0x0000000002f2582a sp=0x000000001791ea98 mode 2
Event: 20.236 Thread 0x00000000155b5800 Uncommon trap: trap_request=0xffffff76 fr.pc=0x00000000030a3d8c
Event: 20.236 Thread 0x00000000155b5800 DEOPT PACKING pc=0x00000000030a3d8c sp=0x000000001751e990
Event: 20.236 Thread 0x00000000155b5800 DEOPT UNPACKING pc=0x0000000002f2582a sp=0x000000001751e8c0 mode 2
Event: 20.236 Thread 0x00000000155b5800 Uncommon trap: trap_request=0xffffffde fr.pc=0x0000000003081d90
Event: 20.236 Thread 0x00000000155b5800 DEOPT PACKING pc=0x0000000003081d90 sp=0x000000001751e840
Event: 20.236 Thread 0x00000000155b5800 DEOPT UNPACKING pc=0x0000000002f2582a sp=0x000000001751e7c8 mode 2


Dynamic libraries:
0x00007ff6cd9d0000 - 0x00007ff6cda07000 	C:\Program Files\Java\jdk1.8.0_51\bin\java.exe
0x00007ffa6c320000 - 0x00007ffa6c4e1000 	C:\WINDOWS\SYSTEM32\ntdll.dll
0x00007ffa6a450000 - 0x00007ffa6a4fd000 	C:\WINDOWS\system32\KERNEL32.DLL
0x00007ffa689d0000 - 0x00007ffa68bb8000 	C:\WINDOWS\system32\KERNELBASE.dll
0x00007ffa69e90000 - 0x00007ffa69f37000 	C:\WINDOWS\system32\ADVAPI32.dll
0x00007ffa69df0000 - 0x00007ffa69e8d000 	C:\WINDOWS\system32\msvcrt.dll
0x00007ffa6a500000 - 0x00007ffa6a55b000 	C:\WINDOWS\system32\sechost.dll
0x00007ffa69f40000 - 0x00007ffa6a05c000 	C:\WINDOWS\system32\RPCRT4.dll
0x00007ffa6a2f0000 - 0x00007ffa6a446000 	C:\WINDOWS\system32\USER32.dll
0x00007ffa69880000 - 0x00007ffa69a06000 	C:\WINDOWS\system32\GDI32.dll
0x00007ffa5ccd0000 - 0x00007ffa5cf44000 	C:\WINDOWS\WinSxS\amd64_microsoft.windows.common-controls_6595b64144ccf1df_6.0.10586.494_none_a2d8b04ea53e3145\COMCTL32.dll
0x00007ffa6a060000 - 0x00007ffa6a2dd000 	C:\WINDOWS\system32\combase.dll
0x00007ffa694f0000 - 0x00007ffa6955a000 	C:\WINDOWS\system32\bcryptPrimitives.dll
0x00007ffa69a10000 - 0x00007ffa69a4b000 	C:\WINDOWS\system32\IMM32.DLL
0x0000000057df0000 - 0x0000000057ec2000 	C:\Program Files\Java\jdk1.8.0_51\jre\bin\msvcr100.dll
0x0000000058320000 - 0x0000000058ba3000 	C:\Program Files\Java\jdk1.8.0_51\jre\bin\server\jvm.dll
0x00007ffa6c310000 - 0x00007ffa6c318000 	C:\WINDOWS\system32\PSAPI.DLL
0x00007ffa66bc0000 - 0x00007ffa66be3000 	C:\WINDOWS\SYSTEM32\WINMM.dll
0x00007ffa63c50000 - 0x00007ffa63c5a000 	C:\WINDOWS\SYSTEM32\VERSION.dll
0x00007ffa58b60000 - 0x00007ffa58b69000 	C:\WINDOWS\SYSTEM32\WSOCK32.dll
0x00007ffa6aac0000 - 0x00007ffa6ab2b000 	C:\WINDOWS\system32\WS2_32.dll
0x00007ffa66b10000 - 0x00007ffa66b3c000 	C:\WINDOWS\SYSTEM32\WINMMBASE.dll
0x00007ffa696d0000 - 0x00007ffa69713000 	C:\WINDOWS\system32\cfgmgr32.dll
0x00000000591f0000 - 0x00000000591ff000 	C:\Program Files\Java\jdk1.8.0_51\jre\bin\verify.dll
0x0000000058210000 - 0x0000000058239000 	C:\Program Files\Java\jdk1.8.0_51\jre\bin\java.dll
0x00000000591d0000 - 0x00000000591e6000 	C:\Program Files\Java\jdk1.8.0_51\jre\bin\zip.dll
0x00007ffa6adb0000 - 0x00007ffa6c30c000 	C:\WINDOWS\system32\SHELL32.dll
0x00007ffa68e10000 - 0x00007ffa69455000 	C:\WINDOWS\system32\windows.storage.dll
0x00007ffa69d90000 - 0x00007ffa69de2000 	C:\WINDOWS\system32\shlwapi.dll
0x00007ffa689c0000 - 0x00007ffa689cf000 	C:\WINDOWS\system32\kernel.appcore.dll
0x00007ffa69610000 - 0x00007ffa696c5000 	C:\WINDOWS\system32\shcore.dll
0x00007ffa68940000 - 0x00007ffa6898b000 	C:\WINDOWS\system32\powrprof.dll
0x00007ffa68990000 - 0x00007ffa689a4000 	C:\WINDOWS\system32\profapi.dll
0x00007ffa65db0000 - 0x00007ffa65f3c000 	C:\WINDOWS\SYSTEM32\dbghelp.dll

VM Arguments:
jvm_args: -Djava.awt.headless=true -Xmx1024M -Dfile.encoding=windows-1252 -Duser.country=IN -Duser.language=en -Duser.variant 
java_command: com.android.dx.command.Main --dex --num-threads=4 --output F:\STUDY\ANDROID\SAMPLES\TimeWork\app\build\intermediates\pre-dexed\debug\debug_5cf64ec3cd85870465885c6a594581892b278491.jar F:\STUDY\ANDROID\SAMPLES\TimeWork\app\build\intermediates\classes\debug
java_class_path (initial): C:\Users\Ganesh Prasad\AppData\Local\Android\sdk\build-tools\23.0.3\lib\dx.jar
Launcher Type: SUN_STANDARD

Environment Variables:
JAVA_HOME=C:\Program Files\Java\jdk1.8.0_51
PATH=C:\ProgramData\Oracle\Java\javapath;C:\Program Files (x86)\Intel\iCLS Client\;C:\Program Files\Intel\iCLS Client\;C:\Program Files (x86)\AMD APP\bin\x86_64;C:\Program Files (x86)\AMD APP\bin\x86;C:\WINDOWS\system32;C:\WINDOWS;C:\WINDOWS\System32\Wbem;C:\WINDOWS\System32\WindowsPowerShell\v1.0\;C:\Program Files (x86)\ATI Technologies\ATI.ACE\Core-Static;C:\Program Files\Intel\Intel(R) Management Engine Components\DAL;C:\Program Files\Intel\Intel(R) Management Engine Components\IPT;C:\Program Files (x86)\Intel\Intel(R) Management Engine Components\DAL;C:\Program Files (x86)\Intel\Intel(R) Management Engine Components\IPT;\;C:\Program Files (x86)\Sony\VAIO Startup Setting Tool;C:\Program Files (x86)\Brackets\command;C:\Program Files (x86)\Java\jdk1.8.0_45\bin;C:\Program Files\nodejs\;C:\Users\Ganesh Prasad\AppData\Local\GitHub\PortableGit_c7e0cbde92ba565cb218a521411d0e854079a28c\bin;C:\Users\Ganesh Prasad\AppData\Local\GitHub\PortableGit_c7e0cbde92ba565cb218a521411d0e854079a28c\cmd;C:\Program Files (x86)\AMD\ATI.ACE\Core-Static;C:\Users\Ganesh Prasad\AppData\Local\Android\sdk\platform-tools;C:\Users\Ganesh Prasad\Anaconda2;C:\Users\Ganesh Prasad\Anaconda2\Scripts;C:\Users\Ganesh Prasad\Anaconda2\Library\bin;C:\Users\Ganesh Prasad\AppData\Roaming\npm
USERNAME=Ganesh Prasad
OS=Windows_NT
PROCESSOR_IDENTIFIER=Intel64 Family 6 Model 58 Stepping 9, GenuineIntel



---------------  S Y S T E M  ---------------

OS: Windows 10.0 , 64 bit Build 10586 (10.0.10586.0)

CPU:total 4 (2 cores per cpu, 2 threads per core) family 6 model 58 stepping 9, cmov, cx8, fxsr, mmx, sse, sse2, sse3, ssse3, sse4.1, sse4.2, popcnt, avx, clmul, erms, ht, tsc, tscinvbit, tscinv

Memory: 4k page, physical 4140316k(154232k free), swap 5574940k(1976k free)

vm_info: Java HotSpot(TM) 64-Bit Server VM (25.51-b03) for windows-amd64 JRE (1.8.0_51-b16), built on Jun  8 2015 18:03:07 by "java_re" with MS VC++ 10.0 (VS2010)

time: Tue Jul 19 19:08:32 2016
elapsed time: 24 seconds (0d 0h 0m 24s)

