#
# There is insufficient memory for the Java Runtime Environment to continue.
# Native memory allocation (malloc) failed to allocate 374496 bytes for Chunk::new
# Possible reasons:
#   The system is out of physical RAM or swap space
#   In 32 bit mode, the process size limit was hit
# Possible solutions:
#   Reduce memory load on the system
#   Increase physical memory or swap space
#   Check if swap backing store is full
#   Use 64 bit Java on a 64 bit OS
#   Decrease Java heap size (-Xmx/-Xms)
#   Decrease number of Java threads
#   Decrease Java thread stack sizes (-Xss)
#   Set larger code cache with -XX:ReservedCodeCacheSize=
# This output file may be truncated or incomplete.
#
#  Out of Memory Error (allocation.cpp:390), pid=205168, tid=205416
#
# JRE version: Java(TM) SE Runtime Environment (8.0_51-b16) (build 1.8.0_51-b16)
# Java VM: Java HotSpot(TM) 64-Bit Server VM (25.51-b03 mixed mode windows-amd64 compressed oops)
# Failed to write core dump. Minidumps are not enabled by default on client versions of Windows
#

---------------  T H R E A D  ---------------

Current thread (0x0000000014e31800):  JavaThread "C2 CompilerThread1" daemon [_thread_in_native, id=205416, stack(0x0000000016490000,0x0000000016590000)]

Stack: [0x0000000016490000,0x0000000016590000]
Native frames: (J=compiled Java code, j=interpreted, Vv=VM code, C=native code)
V  [jvm.dll+0x32b4ca]
V  [jvm.dll+0x2797e3]
V  [jvm.dll+0x27a479]
V  [jvm.dll+0x271765]
V  [jvm.dll+0xcba02]
V  [jvm.dll+0xcbecc]
V  [jvm.dll+0x476f72]
V  [jvm.dll+0x4b95ff]
V  [jvm.dll+0x46b745]
V  [jvm.dll+0x46cd4e]
V  [jvm.dll+0x4501a2]
V  [jvm.dll+0xa43a2]
V  [jvm.dll+0xa4cdf]
V  [jvm.dll+0x2418a4]
V  [jvm.dll+0x29846a]
C  [msvcr100.dll+0x21d9f]
C  [msvcr100.dll+0x21e3b]
C  [KERNEL32.DLL+0x18102]
C  [ntdll.dll+0x5c5b4]


Current CompileTask:
C2:   1240  600       4       com.android.dx.ssa.NormalSsaInsn::accept (25 bytes)


---------------  P R O C E S S  ---------------

Java Threads: ( => current thread )
  0x000000001692a000 JavaThread "pool-2-thread-4" [_thread_blocked, id=205592, stack(0x0000000017090000,0x0000000017190000)]
  0x0000000016907000 JavaThread "pool-2-thread-3" [_thread_blocked, id=205588, stack(0x0000000016f90000,0x0000000017090000)]
  0x00000000167f9800 JavaThread "pool-2-thread-2" [_thread_blocked, id=205576, stack(0x0000000016e90000,0x0000000016f90000)]
  0x00000000167f6000 JavaThread "pool-3-thread-1" [_thread_blocked, id=205568, stack(0x0000000016d90000,0x0000000016e90000)]
  0x00000000167f5800 JavaThread "pool-2-thread-1" [_thread_in_vm, id=205564, stack(0x0000000016c90000,0x0000000016d90000)]
  0x00000000166c8800 JavaThread "Service Thread" daemon [_thread_blocked, id=205428, stack(0x0000000016a90000,0x0000000016b90000)]
  0x0000000014e3a000 JavaThread "C1 CompilerThread2" daemon [_thread_in_native, id=205420, stack(0x0000000016590000,0x0000000016690000)]
=>0x0000000014e31800 JavaThread "C2 CompilerThread1" daemon [_thread_in_native, id=205416, stack(0x0000000016490000,0x0000000016590000)]
  0x0000000014e2b000 JavaThread "C2 CompilerThread0" daemon [_thread_in_native, id=205408, stack(0x0000000016390000,0x0000000016490000)]
  0x0000000014e29000 JavaThread "Attach Listener" daemon [_thread_blocked, id=205396, stack(0x0000000016290000,0x0000000016390000)]
  0x0000000014e28000 JavaThread "Signal Dispatcher" daemon [_thread_blocked, id=205392, stack(0x0000000016190000,0x0000000016290000)]
  0x0000000002757800 JavaThread "Finalizer" daemon [_thread_blocked, id=205380, stack(0x0000000016090000,0x0000000016190000)]
  0x0000000014df9800 JavaThread "Reference Handler" daemon [_thread_blocked, id=205372, stack(0x0000000015f90000,0x0000000016090000)]
  0x000000000265e000 JavaThread "main" [_thread_in_native, id=205288, stack(0x0000000002540000,0x0000000002640000)]

Other Threads:
  0x0000000014df7000 VMThread [stack: 0x0000000015e90000,0x0000000015f90000] [id=205364]
  0x0000000014e60000 WatcherThread [stack: 0x0000000016b90000,0x0000000016c90000] [id=205436]

VM state:not at safepoint (normal execution)

VM Mutex/Monitor currently owned by a thread:  ([mutex/lock_event])
[0x0000000002661550] MethodData_lock - owner thread: 0x00000000167f5800

Heap:
 PSYoungGen      total 18944K, used 12486K [0x00000000eab00000, 0x00000000ec000000, 0x0000000100000000)
  eden space 16384K, 76% used [0x00000000eab00000,0x00000000eb731ad8,0x00000000ebb00000)
  from space 2560K, 0% used [0x00000000ebd80000,0x00000000ebd80000,0x00000000ec000000)
  to   space 2560K, 0% used [0x00000000ebb00000,0x00000000ebb00000,0x00000000ebd80000)
 ParOldGen       total 44032K, used 0K [0x00000000c0000000, 0x00000000c2b00000, 0x00000000eab00000)
  object space 44032K, 0% used [0x00000000c0000000,0x00000000c0000000,0x00000000c2b00000)
 Metaspace       used 5521K, capacity 6640K, committed 6784K, reserved 1056768K
  class space    used 578K, capacity 616K, committed 640K, reserved 1048576K

Card table byte_map: [0x0000000011b20000,0x0000000011d30000] byte_map_base: 0x0000000011520000

Marking Bits: (ParMarkBitMap*) 0x0000000057c84040
 Begin Bits: [0x0000000012290000, 0x0000000013290000)
 End Bits:   [0x0000000013290000, 0x0000000014290000)

Polling page: 0x0000000000ef0000

CodeCache: size=245760Kb used=2577Kb max_used=2588Kb free=243182Kb
 bounds [0x0000000002760000, 0x00000000029f0000, 0x0000000011760000]
 total_blobs=927 nmethods=659 adapters=181
 compilation: enabled

Compilation events (10 events):
Event: 1.120 Thread 0x0000000014e3a000 nmethod 617 0x00000000029b91d0 code [0x00000000029b93e0, 0x00000000029b9dc8]
Event: 1.120 Thread 0x0000000014e2b000 nmethod 608 0x00000000029ba350 code [0x00000000029ba4a0, 0x00000000029ba6f8]
Event: 1.120 Thread 0x0000000014e3a000  615       3       com.android.dx.cf.code.LocalsArray::<init> (6 bytes)
Event: 1.120 Thread 0x0000000014e2b000  607       4       com.android.dx.util.IntList::growIfNeeded (46 bytes)
Event: 1.120 Thread 0x0000000014e3a000 nmethod 615 0x00000000029b8d50 code [0x00000000029b8ec0, 0x00000000029b90d0]
Event: 1.120 Thread 0x0000000014e3a000  616       3       com.android.dx.cf.code.Frame::setImmutable (15 bytes)
Event: 1.120 Thread 0x0000000014e3a000 nmethod 616 0x00000000029b87d0 code [0x00000000029b8940, 0x00000000029b8c48]
Event: 1.120 Thread 0x0000000014e3a000  620       3       com.android.dx.cf.code.Ropper::labelToResultIndex (47 bytes)
Event: 1.121 Thread 0x0000000014e3a000 nmethod 620 0x00000000029b7b10 code [0x00000000029b7ce0, 0x00000000029b8378]
Event: 1.121 Thread 0x0000000014e3a000  621       3       com.android.dx.rop.code.BasicBlockList::set (12 bytes)

GC Heap History (0 events):
No events

Deoptimization events (10 events):
Event: 0.758 Thread 0x000000001692a000 Uncommon trap: reason=class_check action=maybe_recompile pc=0x000000000291fed8 method=com.android.dx.rop.cst.Constant.compareTo(Ljava/lang/Object;)I @ 2
Event: 1.018 Thread 0x0000000016907000 Uncommon trap: reason=speculate_class_check action=maybe_recompile pc=0x000000000295554c method=com.android.dx.rop.cst.Constant.compareTo(Lcom/android/dx/rop/cst/Constant;)I @ 29
Event: 1.018 Thread 0x0000000016907000 Uncommon trap: reason=class_check action=maybe_recompile pc=0x000000000291ad50 method=com.android.dx.rop.cst.CstMemberRef.compareTo0(Lcom/android/dx/rop/cst/Constant;)I @ 1
Event: 1.018 Thread 0x000000001692a000 Uncommon trap: reason=speculate_class_check action=maybe_recompile pc=0x000000000295554c method=com.android.dx.rop.cst.Constant.compareTo(Lcom/android/dx/rop/cst/Constant;)I @ 29
Event: 1.018 Thread 0x000000001692a000 Uncommon trap: reason=class_check action=maybe_recompile pc=0x000000000291ad50 method=com.android.dx.rop.cst.CstMemberRef.compareTo0(Lcom/android/dx/rop/cst/Constant;)I @ 1
Event: 1.018 Thread 0x000000001692a000 Uncommon trap: reason=speculate_class_check action=maybe_recompile pc=0x000000000295554c method=com.android.dx.rop.cst.Constant.compareTo(Lcom/android/dx/rop/cst/Constant;)I @ 29
Event: 1.018 Thread 0x000000001692a000 Uncommon trap: reason=class_check action=maybe_recompile pc=0x000000000291ad50 method=com.android.dx.rop.cst.CstMemberRef.compareTo0(Lcom/android/dx/rop/cst/Constant;)I @ 1
Event: 1.018 Thread 0x00000000167f9800 Uncommon trap: reason=speculate_class_check action=maybe_recompile pc=0x000000000295554c method=com.android.dx.rop.cst.Constant.compareTo(Lcom/android/dx/rop/cst/Constant;)I @ 29
Event: 1.018 Thread 0x00000000167f9800 Uncommon trap: reason=class_check action=maybe_recompile pc=0x000000000291ad50 method=com.android.dx.rop.cst.CstMemberRef.compareTo0(Lcom/android/dx/rop/cst/Constant;)I @ 1
Event: 1.097 Thread 0x000000001692a000 Uncommon trap: reason=unstable_if action=reinterpret pc=0x0000000002954d38 method=java.util.HashMap.getNode(ILjava/lang/Object;)Ljava/util/HashMap$Node; @ 62

Internal exceptions (2 events):
Event: 0.051 Thread 0x000000000265e000 Exception <a 'java/lang/NoSuchMethodError': Method sun.misc.Unsafe.defineClass(Ljava/lang/String;[BII)Ljava/lang/Class; name or signature does not match> (0x00000000eab0d7a0) thrown at [C:\re\workspace\8-2-build-windows-amd64-cygwin\jdk8u51\3951\hotspot\srrVdvÄ-ª?
Event: 0.051 Thread 0x000000000265e000 Exception <a 'java/lang/NoSuchMethodError': Method sun.misc.Unsafe.prefetchRead(Ljava/lang/Object;J)V name or signature does not match> (0x00000000eab0da30) thrown at [C:\re\workspace\8-2-build-windows-amd64-cygwin\jdk8u51\3951\hotspot\src\share\vm\prims\j

Events (10 events):
Event: 1.018 Thread 0x00000000167f9800 Uncommon trap: trap_request=0xffffffde fr.pc=0x000000000291ad50
Event: 1.018 Thread 0x00000000167f9800 DEOPT PACKING pc=0x000000000291ad50 sp=0x0000000016f8e930
Event: 1.018 Thread 0x00000000167f9800 DEOPT UNPACKING pc=0x00000000027a582a sp=0x0000000016f8e8b8 mode 2
Event: 1.097 Thread 0x000000001692a000 Uncommon trap: trap_request=0xffffff65 fr.pc=0x0000000002954d38
Event: 1.097 Thread 0x000000001692a000 DEOPT PACKING pc=0x0000000002954d38 sp=0x000000001718e3f0
Event: 1.097 Thread 0x000000001692a000 DEOPT UNPACKING pc=0x00000000027a582a sp=0x000000001718e368 mode 2
Event: 1.107 loading class com/android/dx/ssa/back/FirstFitLocalCombiningAllocator$Multiset
Event: 1.107 loading class com/android/dx/ssa/back/FirstFitLocalCombiningAllocator$Multiset done
Event: 1.111 loading class java/util/DualPivotQuicksort
Event: 1.111 loading class java/util/DualPivotQuicksort done


Dynamic libraries:
0x00007ff725bf0000 - 0x00007ff725c27000 	C:\Program Files\Java\jdk1.8.0_51\bin\java.exe
0x00007fffd8be0000 - 0x00007fffd8da1000 	C:\WINDOWS\SYSTEM32\ntdll.dll
0x00007fffd6330000 - 0x00007fffd63dd000 	C:\WINDOWS\system32\KERNEL32.DLL
0x00007fffd53c0000 - 0x00007fffd55a8000 	C:\WINDOWS\system32\KERNELBASE.dll
0x00007fffd69a0000 - 0x00007fffd6a47000 	C:\WINDOWS\system32\ADVAPI32.dll
0x00007fffd6780000 - 0x00007fffd681d000 	C:\WINDOWS\system32\msvcrt.dll
0x00007fffd6cb0000 - 0x00007fffd6d0b000 	C:\WINDOWS\system32\sechost.dll
0x00007fffd6420000 - 0x00007fffd653c000 	C:\WINDOWS\system32\RPCRT4.dll
0x00007fffd7200000 - 0x00007fffd7356000 	C:\WINDOWS\system32\USER32.dll
0x00007fffd6a50000 - 0x00007fffd6bd6000 	C:\WINDOWS\system32\GDI32.dll
0x00007fffc88f0000 - 0x00007fffc8b64000 	C:\WINDOWS\WinSxS\amd64_microsoft.windows.common-controls_6595b64144ccf1df_6.0.10586.0_none_8c15ae12515e1c22\COMCTL32.dll
0x00007fffd60a0000 - 0x00007fffd631d000 	C:\WINDOWS\system32\combase.dll
0x00007fffd5f70000 - 0x00007fffd5fda000 	C:\WINDOWS\system32\bcryptPrimitives.dll
0x00007fffd63e0000 - 0x00007fffd641b000 	C:\WINDOWS\system32\IMM32.DLL
0x0000000057060000 - 0x0000000057132000 	C:\Program Files\Java\jdk1.8.0_51\jre\bin\msvcr100.dll
0x0000000057480000 - 0x0000000057d03000 	C:\Program Files\Java\jdk1.8.0_51\jre\bin\server\jvm.dll
0x00007fffd6820000 - 0x00007fffd6828000 	C:\WINDOWS\system32\PSAPI.DLL
0x00007fffd3080000 - 0x00007fffd3089000 	C:\WINDOWS\SYSTEM32\WSOCK32.dll
0x00007fffd6710000 - 0x00007fffd677b000 	C:\WINDOWS\system32\WS2_32.dll
0x00007fffd0c80000 - 0x00007fffd0c8a000 	C:\WINDOWS\SYSTEM32\VERSION.dll
0x00007fffd32e0000 - 0x00007fffd3303000 	C:\WINDOWS\SYSTEM32\WINMM.dll
0x00007fffd32b0000 - 0x00007fffd32dc000 	C:\WINDOWS\SYSTEM32\WINMMBASE.dll
0x00007fffd5290000 - 0x00007fffd52d3000 	C:\WINDOWS\system32\cfgmgr32.dll
0x0000000058450000 - 0x000000005845f000 	C:\Program Files\Java\jdk1.8.0_51\jre\bin\verify.dll
0x0000000058420000 - 0x0000000058449000 	C:\Program Files\Java\jdk1.8.0_51\jre\bin\java.dll
0x0000000058400000 - 0x0000000058416000 	C:\Program Files\Java\jdk1.8.0_51\jre\bin\zip.dll
0x00007fffd7570000 - 0x00007fffd8acc000 	C:\WINDOWS\system32\SHELL32.dll
0x00007fffd5660000 - 0x00007fffd5ca4000 	C:\WINDOWS\system32\windows.storage.dll
0x00007fffd6d10000 - 0x00007fffd6d62000 	C:\WINDOWS\system32\shlwapi.dll
0x00007fffd5210000 - 0x00007fffd521f000 	C:\WINDOWS\system32\kernel.appcore.dll
0x00007fffd5300000 - 0x00007fffd53b5000 	C:\WINDOWS\system32\shcore.dll
0x00007fffd5220000 - 0x00007fffd526b000 	C:\WINDOWS\system32\powrprof.dll
0x00007fffd5270000 - 0x00007fffd5284000 	C:\WINDOWS\system32\profapi.dll
0x00007fffc6b80000 - 0x00007fffc6d0c000 	C:\WINDOWS\SYSTEM32\dbghelp.dll

VM Arguments:
jvm_args: -Djava.awt.headless=true -Xmx1024M -Dfile.encoding=windows-1252 -Duser.country=IN -Duser.language=en -Duser.variant 
java_command: com.android.dx.command.Main --dex --force-jumbo --num-threads=4 --multi-dex --output F:\STUDY\ANDROID\SAMPLES\TimeWork\app\build\intermediates\transforms\dex\debug\folders\1000\5\slice_0 F:\STUDY\ANDROID\SAMPLES\TimeWork\app\build\intermediates\transforms\instantRunSlicer\debug\folders\1\5\slice_0
java_class_path (initial): C:\Users\Ganesh Prasad\AppData\Local\Android\sdk\build-tools\23.0.3\lib\dx.jar
Launcher Type: SUN_STANDARD

Environment Variables:
JAVA_HOME=C:\Program Files\Java\jdk1.8.0_51
PATH=C:\ProgramData\Oracle\Java\javapath;C:\Program Files (x86)\Intel\iCLS Client\;C:\Program Files\Intel\iCLS Client\;C:\Program Files (x86)\AMD APP\bin\x86_64;C:\Program Files (x86)\AMD APP\bin\x86;C:\WINDOWS\system32;C:\WINDOWS;C:\WINDOWS\System32\Wbem;C:\WINDOWS\System32\WindowsPowerShell\v1.0\;C:\Program Files (x86)\ATI Technologies\ATI.ACE\Core-Static;C:\Program Files\Intel\Intel(R) Management Engine Components\DAL;C:\Program Files\Intel\Intel(R) Management Engine Components\IPT;C:\Program Files (x86)\Intel\Intel(R) Management Engine Components\DAL;C:\Program Files (x86)\Intel\Intel(R) Management Engine Components\IPT;\;C:\Program Files (x86)\Sony\VAIO Startup Setting Tool;C:\Program Files (x86)\Brackets\command;C:\Program Files (x86)\Java\jdk1.8.0_45\bin;C:\Program Files\nodejs\;C:\Users\Ganesh Prasad\AppData\Local\GitHub\PortableGit_c7e0cbde92ba565cb218a521411d0e854079a28c\bin;C:\Users\Ganesh Prasad\AppData\Local\GitHub\PortableGit_c7e0cbde92ba565cb218a521411d0e854079a28c\cmd;C:\Program Files (x86)\AMD\ATI.ACE\Core-Static;C:\Users\Ganesh Prasad\AppData\Local\Android\sdk\platform-tools;C:\Users\Ganesh Prasad\Anaconda2;C:\Users\Ganesh Prasad\Anaconda2\Scripts;C:\Users\Ganesh Prasad\Anaconda2\Library\bin;C:\Users\Ganesh Prasad\AppData\Roaming\npm
USERNAME=Ganesh Prasad
OS=Windows_NT
PROCESSOR_IDENTIFIER=Intel64 Family 6 Model 58 Stepping 9, GenuineIntel



---------------  S Y S T E M  ---------------

OS: Windows 10.0 , 64 bit Build 10586 (10.0.10586.0)

CPU:total 4 (2 cores per cpu, 2 threads per core) family 6 model 58 stepping 9, cmov, cx8, fxsr, mmx, sse, sse2, sse3, ssse3, sse4.1, sse4.2, popcnt, avx, clmul, erms, ht, tsc, tscinvbit, tscinv

Memory: 4k page, physical 4140316k(292948k free), swap 5574940k(68k free)

vm_info: Java HotSpot(TM) 64-Bit Server VM (25.51-b03) for windows-amd64 JRE (1.8.0_51-b16), built on Jun  8 2015 18:03:07 by "java_re" with MS VC++ 10.0 (VS2010)

time: Wed Jul 13 16:32:20 2016
elapsed time: 1 seconds (0d 0h 0m 1s)

