#
# There is insufficient memory for the Java Runtime Environment to continue.
# Native memory allocation (malloc) failed to allocate 201168 bytes for Chunk::new
# Possible reasons:
#   The system is out of physical RAM or swap space
#   In 32 bit mode, the process size limit was hit
# Possible solutions:
#   Reduce memory load on the system
#   Increase physical memory or swap space
#   Check if swap backing store is full
#   Use 64 bit Java on a 64 bit OS
#   Decrease Java heap size (-Xmx/-Xms)
#   Decrease number of Java threads
#   Decrease Java thread stack sizes (-Xss)
#   Set larger code cache with -XX:ReservedCodeCacheSize=
# This output file may be truncated or incomplete.
#
#  Out of Memory Error (allocation.cpp:390), pid=126700, tid=197708
#
# JRE version: Java(TM) SE Runtime Environment (8.0_51-b16) (build 1.8.0_51-b16)
# Java VM: Java HotSpot(TM) 64-Bit Server VM (25.51-b03 mixed mode windows-amd64 compressed oops)
# Failed to write core dump. Minidumps are not enabled by default on client versions of Windows
#

---------------  T H R E A D  ---------------

Current thread (0x00000000159ad800):  JavaThread "C2 CompilerThread0" daemon [_thread_in_native, id=197708, stack(0x0000000016f10000,0x0000000017010000)]

Stack: [0x0000000016f10000,0x0000000017010000]
Native frames: (J=compiled Java code, j=interpreted, Vv=VM code, C=native code)
V  [jvm.dll+0x32b4ca]
V  [jvm.dll+0x2797e3]
V  [jvm.dll+0x27a479]
V  [jvm.dll+0x271765]
V  [jvm.dll+0xcba02]
V  [jvm.dll+0xcbecc]
V  [jvm.dll+0x492ad7]
V  [jvm.dll+0x45f98a]
V  [jvm.dll+0x46a7cb]
V  [jvm.dll+0x46cde2]
V  [jvm.dll+0x4501a2]
V  [jvm.dll+0xa43a2]
V  [jvm.dll+0xa4cdf]
V  [jvm.dll+0x2418a4]
V  [jvm.dll+0x29846a]
C  [msvcr100.dll+0x21d9f]
C  [msvcr100.dll+0x21e3b]
C  [KERNEL32.DLL+0x8364]
C  [ntdll.dll+0x670d1]


Current CompileTask:
C2:   9486 1433       4       com.android.dx.ssa.back.FirstFitLocalCombiningAllocator$1::processInsn (169 bytes)


---------------  P R O C E S S  ---------------

Java Threads: ( => current thread )
  0x0000000017467800 JavaThread "pool-2-thread-4" [_thread_blocked, id=198500, stack(0x0000000017c10000,0x0000000017d10000)]
  0x0000000017467000 JavaThread "pool-2-thread-3" [_thread_blocked, id=198512, stack(0x0000000017b10000,0x0000000017c10000)]
  0x0000000017464800 JavaThread "pool-2-thread-2" [_thread_blocked, id=196472, stack(0x0000000017a10000,0x0000000017b10000)]
  0x0000000017463800 JavaThread "pool-3-thread-1" [_thread_blocked, id=193388, stack(0x0000000017910000,0x0000000017a10000)]
  0x0000000017461000 JavaThread "pool-2-thread-1" [_thread_blocked, id=189320, stack(0x0000000017810000,0x0000000017910000)]
  0x0000000017212800 JavaThread "Service Thread" daemon [_thread_blocked, id=198480, stack(0x0000000017610000,0x0000000017710000)]
  0x0000000015a0c800 JavaThread "C1 CompilerThread2" daemon [_thread_blocked, id=190948, stack(0x0000000017110000,0x0000000017210000)]
  0x00000000159b0800 JavaThread "C2 CompilerThread1" daemon [_thread_in_native, id=119640, stack(0x0000000017010000,0x0000000017110000)]
=>0x00000000159ad800 JavaThread "C2 CompilerThread0" daemon [_thread_in_native, id=197708, stack(0x0000000016f10000,0x0000000017010000)]
  0x00000000159aa800 JavaThread "Attach Listener" daemon [_thread_blocked, id=193904, stack(0x0000000016e10000,0x0000000016f10000)]
  0x00000000159a9000 JavaThread "Signal Dispatcher" daemon [_thread_blocked, id=197972, stack(0x0000000016d10000,0x0000000016e10000)]
  0x0000000003210800 JavaThread "Finalizer" daemon [_thread_blocked, id=194580, stack(0x0000000016c10000,0x0000000016d10000)]
  0x000000000320d800 JavaThread "Reference Handler" daemon [_thread_blocked, id=198372, stack(0x0000000016b10000,0x0000000016c10000)]
  0x00000000032de000 JavaThread "main" [_thread_in_vm, id=195356, stack(0x0000000002fc0000,0x00000000030c0000)]

Other Threads:
  0x0000000015978800 VMThread [stack: 0x0000000016a10000,0x0000000016b10000] [id=198452]
  0x0000000017213800 WatcherThread [stack: 0x0000000017710000,0x0000000017810000] [id=195580]

VM state:not at safepoint (normal execution)

VM Mutex/Monitor currently owned by a thread: None

Heap:
 PSYoungGen      total 35328K, used 18200K [0x00000000eab00000, 0x00000000ed000000, 0x0000000100000000)
  eden space 32768K, 47% used [0x00000000eab00000,0x00000000eba4e0e8,0x00000000ecb00000)
  from space 2560K, 98% used [0x00000000ecd80000,0x00000000ecff8018,0x00000000ed000000)
  to   space 2560K, 0% used [0x00000000ecb00000,0x00000000ecb00000,0x00000000ecd80000)
 ParOldGen       total 44032K, used 2991K [0x00000000c0000000, 0x00000000c2b00000, 0x00000000eab00000)
  object space 44032K, 6% used [0x00000000c0000000,0x00000000c02ebd30,0x00000000c2b00000)
 Metaspace       used 6125K, capacity 7024K, committed 7296K, reserved 1056768K
  class space    used 594K, capacity 616K, committed 640K, reserved 1048576K

Card table byte_map: [0x00000000126a0000,0x00000000128b0000] byte_map_base: 0x00000000120a0000

Marking Bits: (ParMarkBitMap*) 0x0000000055834040
 Begin Bits: [0x0000000012e10000, 0x0000000013e10000)
 End Bits:   [0x0000000013e10000, 0x0000000014e10000)

Polling page: 0x0000000001480000

CodeCache: size=245760Kb used=5978Kb max_used=5978Kb free=239781Kb
 bounds [0x00000000032e0000, 0x00000000038c0000, 0x00000000122e0000]
 total_blobs=1720 nmethods=1448 adapters=185
 compilation: enabled

Compilation events (10 events):
Event: 9.349 Thread 0x0000000015a0c800 1440   !   3       com.android.dx.cf.code.Ropper::doit (126 bytes)
Event: 9.351 Thread 0x0000000015a0c800 nmethod 1440 0x00000000038a4710 code [0x00000000038a4a00, 0x00000000038a5e58]
Event: 9.355 Thread 0x0000000015a0c800 1441       3       com.android.dx.cf.code.Simulator$SimVisitor::checkReturnType (64 bytes)
Event: 9.356 Thread 0x0000000015a0c800 nmethod 1441 0x00000000038acf90 code [0x00000000038ad1e0, 0x00000000038adf68]
Event: 9.359 Thread 0x0000000015a0c800 1442       3       com.android.dx.ssa.SsaInsn::makeFromRop (10 bytes)
Event: 9.359 Thread 0x0000000015a0c800 nmethod 1442 0x00000000038a3e90 code [0x00000000038a4020, 0x00000000038a44a8]
Event: 9.361 Thread 0x0000000015a0c800 1444       3       com.android.dx.rop.cst.Constant::compareTo (33 bytes)
Event: 9.362 Thread 0x0000000015a0c800 nmethod 1444 0x000000000389b7d0 code [0x000000000389b980, 0x000000000389c0b8]
Event: 9.364 Thread 0x0000000015a0c800 1445       3       com.android.dx.rop.cst.CstFloat::getType (4 bytes)
Event: 9.364 Thread 0x0000000015a0c800 nmethod 1445 0x000000000388ef50 code [0x000000000388f0a0, 0x000000000388f1f0]

GC Heap History (4 events):
Event: 6.001 GC heap before
{Heap before GC invocations=1 (full 0):
 PSYoungGen      total 18944K, used 16384K [0x00000000eab00000, 0x00000000ec000000, 0x0000000100000000)
  eden space 16384K, 100% used [0x00000000eab00000,0x00000000ebb00000,0x00000000ebb00000)
  from space 2560K, 0% used [0x00000000ebd80000,0x00000000ebd80000,0x00000000ec000000)
  to   space 2560K, 0% used [0x00000000ebb00000,0x00000000ebb00000,0x00000000ebd80000)
 ParOldGen       total 44032K, used 0K [0x00000000c0000000, 0x00000000c2b00000, 0x00000000eab00000)
  object space 44032K, 0% used [0x00000000c0000000,0x00000000c0000000,0x00000000c2b00000)
 Metaspace       used 5410K, capacity 6448K, committed 6528K, reserved 1056768K
  class space    used 585K, capacity 616K, committed 640K, reserved 1048576K
Event: 6.318 GC heap after
Heap after GC invocations=1 (full 0):
 PSYoungGen      total 18944K, used 2552K [0x00000000eab00000, 0x00000000ed000000, 0x0000000100000000)
  eden space 16384K, 0% used [0x00000000eab00000,0x00000000eab00000,0x00000000ebb00000)
  from space 2560K, 99% used [0x00000000ebb00000,0x00000000ebd7e0b8,0x00000000ebd80000)
  to   space 2560K, 0% used [0x00000000ecd80000,0x00000000ecd80000,0x00000000ed000000)
 ParOldGen       total 44032K, used 994K [0x00000000c0000000, 0x00000000c2b00000, 0x00000000eab00000)
  object space 44032K, 2% used [0x00000000c0000000,0x00000000c00f8860,0x00000000c2b00000)
 Metaspace       used 5410K, capacity 6448K, committed 6528K, reserved 1056768K
  class space    used 585K, capacity 616K, committed 640K, reserved 1048576K
}
Event: 8.394 GC heap before
{Heap before GC invocations=2 (full 0):
 PSYoungGen      total 18944K, used 18936K [0x00000000eab00000, 0x00000000ed000000, 0x0000000100000000)
  eden space 16384K, 100% used [0x00000000eab00000,0x00000000ebb00000,0x00000000ebb00000)
  from space 2560K, 99% used [0x00000000ebb00000,0x00000000ebd7e0b8,0x00000000ebd80000)
  to   space 2560K, 0% used [0x00000000ecd80000,0x00000000ecd80000,0x00000000ed000000)
 ParOldGen       total 44032K, used 994K [0x00000000c0000000, 0x00000000c2b00000, 0x00000000eab00000)
  object space 44032K, 2% used [0x00000000c0000000,0x00000000c00f8860,0x00000000c2b00000)
 Metaspace       used 6001K, capacity 6896K, committed 7040K, reserved 1056768K
  class space    used 594K, capacity 616K, committed 640K, reserved 1048576K
Event: 8.468 GC heap after
Heap after GC invocations=2 (full 0):
 PSYoungGen      total 35328K, used 2528K [0x00000000eab00000, 0x00000000ed000000, 0x0000000100000000)
  eden space 32768K, 0% used [0x00000000eab00000,0x00000000eab00000,0x00000000ecb00000)
  from space 2560K, 98% used [0x00000000ecd80000,0x00000000ecff8018,0x00000000ed000000)
  to   space 2560K, 0% used [0x00000000ecb00000,0x00000000ecb00000,0x00000000ecd80000)
 ParOldGen       total 44032K, used 2991K [0x00000000c0000000, 0x00000000c2b00000, 0x00000000eab00000)
  object space 44032K, 6% used [0x00000000c0000000,0x00000000c02ebd30,0x00000000c2b00000)
 Metaspace       used 6001K, capacity 6896K, committed 7040K, reserved 1056768K
  class space    used 594K, capacity 616K, committed 640K, reserved 1048576K
}

Deoptimization events (7 events):
Event: 3.793 Thread 0x00000000032de000 Uncommon trap: reason=unstable_if action=reinterpret pc=0x0000000003441398 method=java.lang.String.indexOf(II)I @ 49
Event: 4.220 Thread 0x00000000032de000 Uncommon trap: reason=unstable_if action=reinterpret pc=0x0000000003445954 method=java.lang.String.compareTo(Ljava/lang/String;)I @ 38
Event: 6.476 Thread 0x0000000017464800 Uncommon trap: reason=unstable_if action=reinterpret pc=0x00000000035357b0 method=java.util.BitSet.nextSetBit(I)I @ 87
Event: 8.932 Thread 0x00000000032de000 Uncommon trap: reason=null_check action=make_not_entrant pc=0x00000000035e6828 method=com.android.dx.ssa.SsaRenamer.getLocalForNewReg(I)Lcom/android/dx/rop/code/LocalItem; @ 19
Event: 9.017 Thread 0x0000000017467800 Uncommon trap: reason=bimorphic action=maybe_recompile pc=0x00000000037c5d40 method=com.android.dx.cf.code.BytecodeArray.parseInstruction(ILcom/android/dx/cf/code/BytecodeArray$Visitor;)I @ 2484
Event: 9.018 Thread 0x0000000017467800 Uncommon trap: reason=bimorphic action=maybe_recompile pc=0x00000000037c5d40 method=com.android.dx.cf.code.BytecodeArray.parseInstruction(ILcom/android/dx/cf/code/BytecodeArray$Visitor;)I @ 2484
Event: 9.361 Thread 0x00000000032de000 Uncommon trap: reason=unstable_if action=reinterpret pc=0x00000000037258dc method=com.android.dx.rop.cst.Constant.compareTo(Lcom/android/dx/rop/cst/Constant;)I @ 12

Internal exceptions (3 events):
Event: 2.513 Thread 0x00000000032de000 Exception <a 'java/lang/NoSuchMethodError': Method sun.misc.Unsafe.defineClass(Ljava/lang/String;[BII)Ljava/lang/Class; name or signature does not match> (0x00000000eab0dad8) thrown at [C:\re\workspace\8-2-build-windows-amd64-cygwin\jdk8u51\3951\hotspot\sr€NraÆ@
Event: 2.514 Thread 0x00000000032de000 Exception <a 'java/lang/NoSuchMethodError': Method sun.misc.Unsafe.prefetchRead(Ljava/lang/Object;J)V name or signature does not match> (0x00000000eab0dd68) thrown at [C:\re\workspace\8-2-build-windows-amd64-cygwin\jdk8u51\3951\hotspot\src\share\vm\prims\jÁø
Event: 8.932 Thread 0x00000000032de000 Implicit null exception at 0x00000000035e432d to 0x00000000035e6805

Events (10 events):
Event: 8.932 Thread 0x00000000032de000 DEOPT UNPACKING pc=0x000000000332582a sp=0x00000000030be018 mode 2
Event: 9.017 Thread 0x0000000017467800 Uncommon trap: trap_request=0xffffffc6 fr.pc=0x00000000037c5d40
Event: 9.017 Thread 0x0000000017467800 DEOPT PACKING pc=0x00000000037c5d40 sp=0x0000000017d0e6c0
Event: 9.018 Thread 0x0000000017467800 DEOPT UNPACKING pc=0x000000000332582a sp=0x0000000017d0e648 mode 2
Event: 9.018 Thread 0x0000000017467800 Uncommon trap: trap_request=0xffffffc6 fr.pc=0x00000000037c5d40
Event: 9.018 Thread 0x0000000017467800 DEOPT PACKING pc=0x00000000037c5d40 sp=0x0000000017d0e490
Event: 9.018 Thread 0x0000000017467800 DEOPT UNPACKING pc=0x000000000332582a sp=0x0000000017d0e418 mode 2
Event: 9.361 Thread 0x00000000032de000 Uncommon trap: trap_request=0xffffff65 fr.pc=0x00000000037258dc
Event: 9.361 Thread 0x00000000032de000 DEOPT PACKING pc=0x00000000037258dc sp=0x00000000030bdec0
Event: 9.361 Thread 0x00000000032de000 DEOPT UNPACKING pc=0x000000000332582a sp=0x00000000030bde60 mode 2


Dynamic libraries:
0x00007ff6113a0000 - 0x00007ff6113d7000 	C:\Program Files\Java\jdk1.8.0_51\bin\java.exe
0x00007ff973850000 - 0x00007ff973a21000 	C:\WINDOWS\SYSTEM32\ntdll.dll
0x00007ff972d20000 - 0x00007ff972dcb000 	C:\WINDOWS\System32\KERNEL32.DLL
0x00007ff970660000 - 0x00007ff97087d000 	C:\WINDOWS\System32\KERNELBASE.dll
0x00007ff972f10000 - 0x00007ff972fb2000 	C:\WINDOWS\System32\ADVAPI32.dll
0x00007ff9737b0000 - 0x00007ff97384e000 	C:\WINDOWS\System32\msvcrt.dll
0x00007ff9736b0000 - 0x00007ff973709000 	C:\WINDOWS\System32\sechost.dll
0x00007ff973320000 - 0x00007ff973441000 	C:\WINDOWS\System32\RPCRT4.dll
0x00007ff971640000 - 0x00007ff9717a5000 	C:\WINDOWS\System32\USER32.dll
0x00007ff970520000 - 0x00007ff97053e000 	C:\WINDOWS\System32\win32u.dll
0x00007ff973770000 - 0x00007ff9737a4000 	C:\WINDOWS\System32\GDI32.dll
0x00007ff970880000 - 0x00007ff970a02000 	C:\WINDOWS\System32\gdi32full.dll
0x00007ff963f10000 - 0x00007ff96418a000 	C:\WINDOWS\WinSxS\amd64_microsoft.windows.common-controls_6595b64144ccf1df_6.0.14393.953_none_42151e83c686086b\COMCTL32.dll
0x00007ff972fc0000 - 0x00007ff973288000 	C:\WINDOWS\System32\combase.dll
0x00007ff970420000 - 0x00007ff970515000 	C:\WINDOWS\System32\ucrtbase.dll
0x00007ff9705f0000 - 0x00007ff97065a000 	C:\WINDOWS\System32\bcryptPrimitives.dll
0x00007ff971610000 - 0x00007ff97163e000 	C:\WINDOWS\System32\IMM32.DLL
0x00000000558c0000 - 0x0000000055992000 	C:\Program Files\Java\jdk1.8.0_51\jre\bin\msvcr100.dll
0x0000000055030000 - 0x00000000558b3000 	C:\Program Files\Java\jdk1.8.0_51\jre\bin\server\jvm.dll
0x00007ff970de0000 - 0x00007ff970de8000 	C:\WINDOWS\System32\PSAPI.DLL
0x00007ff96dfa0000 - 0x00007ff96dfa9000 	C:\WINDOWS\SYSTEM32\WSOCK32.dll
0x00007ff9714a0000 - 0x00007ff97150a000 	C:\WINDOWS\System32\WS2_32.dll
0x00007ff96e200000 - 0x00007ff96e223000 	C:\WINDOWS\SYSTEM32\WINMM.dll
0x00007ff96a3c0000 - 0x00007ff96a3ca000 	C:\WINDOWS\SYSTEM32\VERSION.dll
0x00007ff96e1a0000 - 0x00007ff96e1cb000 	C:\WINDOWS\SYSTEM32\WINMMBASE.dll
0x00007ff970c40000 - 0x00007ff970c82000 	C:\WINDOWS\System32\cfgmgr32.dll
0x0000000055020000 - 0x000000005502f000 	C:\Program Files\Java\jdk1.8.0_51\jre\bin\verify.dll
0x0000000054ff0000 - 0x0000000055019000 	C:\Program Files\Java\jdk1.8.0_51\jre\bin\java.dll
0x0000000054fd0000 - 0x0000000054fe6000 	C:\Program Files\Java\jdk1.8.0_51\jre\bin\zip.dll
0x00007ff9717b0000 - 0x00007ff972cb9000 	C:\WINDOWS\System32\SHELL32.dll
0x00007ff96fd40000 - 0x00007ff97041a000 	C:\WINDOWS\System32\windows.storage.dll
0x00007ff96fce0000 - 0x00007ff96fd2c000 	C:\WINDOWS\System32\powrprof.dll
0x00007ff9732c0000 - 0x00007ff973312000 	C:\WINDOWS\System32\shlwapi.dll
0x00007ff96fd30000 - 0x00007ff96fd3f000 	C:\WINDOWS\System32\kernel.appcore.dll
0x00007ff970d30000 - 0x00007ff970dd9000 	C:\WINDOWS\System32\shcore.dll
0x00007ff96fcc0000 - 0x00007ff96fcd4000 	C:\WINDOWS\System32\profapi.dll
0x00007ff96aa40000 - 0x00007ff96abd2000 	C:\WINDOWS\SYSTEM32\dbghelp.dll

VM Arguments:
jvm_args: -Djava.awt.headless=true -Xmx1024M -Dfile.encoding=windows-1252 -Duser.country=IN -Duser.language=en -Duser.variant 
java_command: com.android.dx.command.Main --dex --force-jumbo --num-threads=4 --multi-dex --output F:\Android_Projects\Mine\TimeWork\app\build\intermediates\transforms\dex\debug\folders\1000\10\com.android.support-appcompat-v7-23.3.0_21e3ff0ef20181184200874d977e7bf3d5a7e897 F:\Android_Projects\Mine\TimeWork\app\build\intermediates\exploded-aar\com.android.support\appcompat-v7\23.3.0\jars\classes.jar
java_class_path (initial): C:\Users\Ganesh Prasad\AppData\Local\Android\sdk\build-tools\23.0.3\lib\dx.jar
Launcher Type: SUN_STANDARD

Environment Variables:
JAVA_HOME=C:\Program Files\Java\jdk1.8.0_51
PATH=C:\tools\ruby23\bin;C:\ProgramData\Oracle\Java\javapath;C:\Program Files (x86)\Intel\iCLS Client\;C:\Program Files\Intel\iCLS Client\;C:\Program Files (x86)\AMD APP\bin\x86_64;C:\Program Files (x86)\AMD APP\bin\x86;C:\WINDOWS\system32;C:\WINDOWS;C:\WINDOWS\System32\Wbem;C:\WINDOWS\System32\WindowsPowerShell\v1.0\;C:\Program Files (x86)\ATI Technologies\ATI.ACE\Core-Static;C:\Program Files\Intel\Intel(R) Management Engine Components\DAL;C:\Program Files\Intel\Intel(R) Management Engine Components\IPT;C:\Program Files (x86)\Intel\Intel(R) Management Engine Components\DAL;C:\Program Files (x86)\Intel\Intel(R) Management Engine Components\IPT;\;C:\Program Files (x86)\Sony\VAIO Startup Setting Tool;C:\Program Files (x86)\Java\jdk1.8.0_45\bin;C:\Program Files\nodejs\;C:\Users\Ganesh Prasad\AppData\Local\GitHub\PortableGit_d76a6a98c9315931ec4927243517bc09e9b731a0\usr\bin;C:\Users\Ganesh Prasad\AppData\Local\GitHub\PortableGit_d76a6a98c9315931ec4927243517bc09e9b731a0\cmd;C:\Program Files (x86)\AMD\ATI.ACE\Core-Static;C:\Users\Ganesh Prasad\AppData\Local\Android\sdk\platform-tools;C:\ProgramData\chocolatey\bin;C:\Users\Ganesh Prasad\Anaconda2;C:\Users\Ganesh Prasad\Anaconda2\Scripts;C:\Users\Ganesh Prasad\Anaconda2\Library\bin;C:\Users\Ganesh Prasad\AppData\Roaming\npm;C:\Users\Ganesh Prasad\AppData\Local\Microsoft\WindowsApps;C:\Users\Ganesh Prasad\AppData\Local\atom\bin
USERNAME=Ganesh Prasad
OS=Windows_NT
PROCESSOR_IDENTIFIER=Intel64 Family 6 Model 58 Stepping 9, GenuineIntel



---------------  S Y S T E M  ---------------

OS: Windows 10.0 , 64 bit Build 14393 (10.0.14393.0)

CPU:total 4 (2 cores per cpu, 2 threads per core) family 6 model 58 stepping 9, cmov, cx8, fxsr, mmx, sse, sse2, sse3, ssse3, sse4.1, sse4.2, popcnt, avx, clmul, erms, ht, tsc, tscinvbit, tscinv

Memory: 4k page, physical 4140316k(548308k free), swap 5574940k(15248k free)

vm_info: Java HotSpot(TM) 64-Bit Server VM (25.51-b03) for windows-amd64 JRE (1.8.0_51-b16), built on Jun  8 2015 18:03:07 by "java_re" with MS VC++ 10.0 (VS2010)

time: Tue Mar 21 12:41:04 2017
elapsed time: 9 seconds (0d 0h 0m 9s)

