#
# There is insufficient memory for the Java Runtime Environment to continue.
# Native memory allocation (malloc) failed to allocate 32744 bytes for ChunkPool::allocate
# Possible reasons:
#   The system is out of physical RAM or swap space
#   In 32 bit mode, the process size limit was hit
# Possible solutions:
#   Reduce memory load on the system
#   Increase physical memory or swap space
#   Check if swap backing store is full
#   Use 64 bit Java on a 64 bit OS
#   Decrease Java heap size (-Xmx/-Xms)
#   Decrease number of Java threads
#   Decrease Java thread stack sizes (-Xss)
#   Set larger code cache with -XX:ReservedCodeCacheSize=
# This output file may be truncated or incomplete.
#
#  Out of Memory Error (allocation.cpp:273), pid=22520, tid=23640
#
# JRE version: Java(TM) SE Runtime Environment (8.0_51-b16) (build 1.8.0_51-b16)
# Java VM: Java HotSpot(TM) 64-Bit Server VM (25.51-b03 mixed mode windows-amd64 compressed oops)
# Failed to write core dump. Minidumps are not enabled by default on client versions of Windows
#

---------------  T H R E A D  ---------------

Current thread (0x00000000151ac800):  JavaThread "C1 CompilerThread2" daemon [_thread_in_native, id=23640, stack(0x00000000168a0000,0x00000000169a0000)]

Stack: [0x00000000168a0000,0x00000000169a0000]
Native frames: (J=compiled Java code, j=interpreted, Vv=VM code, C=native code)
V  [jvm.dll+0x32b4ca]
V  [jvm.dll+0x2797e3]
V  [jvm.dll+0x27a479]
V  [jvm.dll+0x271765]
V  [jvm.dll+0xcb824]
V  [jvm.dll+0xcba47]
V  [jvm.dll+0xcbecc]
V  [jvm.dll+0x2c3a99]
V  [jvm.dll+0x4317c3]
V  [jvm.dll+0x439603]
V  [jvm.dll+0x42f040]
V  [jvm.dll+0x4191c0]
V  [jvm.dll+0x405e0d]
V  [jvm.dll+0x406280]
V  [jvm.dll+0x4063b2]
V  [jvm.dll+0x406581]
V  [jvm.dll+0x40678f]
V  [jvm.dll+0xa43a2]
V  [jvm.dll+0xa4cdf]
V  [jvm.dll+0x2418a4]
V  [jvm.dll+0x29846a]
C  [msvcr100.dll+0x21d9f]
C  [msvcr100.dll+0x21e3b]
C  [KERNEL32.DLL+0x18102]
C  [ntdll.dll+0x5c5b4]


Current CompileTask:
C1:   2005  147   !   3       com.android.dx.cf.cst.ConstantPoolParser::parse0 (731 bytes)


---------------  P R O C E S S  ---------------

Java Threads: ( => current thread )
  0x00000000169a6800 JavaThread "Service Thread" daemon [_thread_blocked, id=23460, stack(0x0000000016da0000,0x0000000016ea0000)]
=>0x00000000151ac800 JavaThread "C1 CompilerThread2" daemon [_thread_in_native, id=23640, stack(0x00000000168a0000,0x00000000169a0000)]
  0x000000001519e800 JavaThread "C2 CompilerThread1" daemon [_thread_blocked, id=23424, stack(0x00000000167a0000,0x00000000168a0000)]
  0x000000001514a800 JavaThread "C2 CompilerThread0" daemon [_thread_blocked, id=23660, stack(0x00000000166a0000,0x00000000167a0000)]
  0x0000000015148800 JavaThread "Attach Listener" daemon [_thread_blocked, id=23656, stack(0x00000000165a0000,0x00000000166a0000)]
  0x0000000015147000 JavaThread "Signal Dispatcher" daemon [_thread_blocked, id=23652, stack(0x00000000164a0000,0x00000000165a0000)]
  0x0000000002a71000 JavaThread "Finalizer" daemon [_thread_blocked, id=22840, stack(0x00000000163a0000,0x00000000164a0000)]
  0x0000000015119800 JavaThread "Reference Handler" daemon [_thread_blocked, id=23568, stack(0x00000000162a0000,0x00000000163a0000)]
  0x000000000297e000 JavaThread "main" [_thread_in_Java, id=23408, stack(0x0000000002790000,0x0000000002890000)]

Other Threads:
  0x0000000015117000 VMThread [stack: 0x00000000161a0000,0x00000000162a0000] [id=22952]
  0x00000000169a7000 WatcherThread [stack: 0x0000000016ea0000,0x0000000016fa0000] [id=22908]

VM state:not at safepoint (normal execution)

VM Mutex/Monitor currently owned by a thread: None

Heap:
 PSYoungGen      total 18944K, used 3638K [0x00000000eab00000, 0x00000000ec000000, 0x0000000100000000)
  eden space 16384K, 22% used [0x00000000eab00000,0x00000000eae8db80,0x00000000ebb00000)
  from space 2560K, 0% used [0x00000000ebd80000,0x00000000ebd80000,0x00000000ec000000)
  to   space 2560K, 0% used [0x00000000ebb00000,0x00000000ebb00000,0x00000000ebd80000)
 ParOldGen       total 44032K, used 0K [0x00000000c0000000, 0x00000000c2b00000, 0x00000000eab00000)
  object space 44032K, 0% used [0x00000000c0000000,0x00000000c0000000,0x00000000c2b00000)
 Metaspace       used 3794K, capacity 5104K, committed 5376K, reserved 1056768K
  class space    used 428K, capacity 488K, committed 512K, reserved 1048576K

Card table byte_map: [0x0000000011e40000,0x0000000012050000] byte_map_base: 0x0000000011840000

Marking Bits: (ParMarkBitMap*) 0x0000000066e24040
 Begin Bits: [0x00000000125b0000, 0x00000000135b0000)
 End Bits:   [0x00000000135b0000, 0x00000000145b0000)

Polling page: 0x0000000000ba0000

CodeCache: size=245760Kb used=1343Kb max_used=1354Kb free=244416Kb
 bounds [0x0000000002a80000, 0x0000000002cf0000, 0x0000000011a80000]
 total_blobs=408 nmethods=151 adapters=170
 compilation: enabled

Compilation events (10 events):
Event: 1.877 Thread 0x00000000151ac800 nmethod 142 0x0000000002bcb7d0 code [0x0000000002bcb920, 0x0000000002bcba50]
Event: 1.877 Thread 0x00000000151ac800  143       3       java.util.BitSet::checkInvariants (111 bytes)
Event: 1.877 Thread 0x00000000151ac800 nmethod 143 0x0000000002bcb490 code [0x0000000002bcb5e0, 0x0000000002bcb770]
Event: 1.878 Thread 0x00000000151ac800  144       1       com.android.dx.rop.cst.CstString::isCategory2 (2 bytes)
Event: 1.878 Thread 0x00000000151ac800 nmethod 144 0x0000000002bcb1d0 code [0x0000000002bcb320, 0x0000000002bcb430]
Event: 1.878 Thread 0x00000000151ac800  145       3       com.android.dx.util.MutabilityControl::throwIfImmutable (18 bytes)
Event: 1.878 Thread 0x00000000151ac800 nmethod 145 0x0000000002bcad10 code [0x0000000002bcae80, 0x0000000002bcb0e8]
Event: 1.885 Thread 0x00000000151ac800  146   !   3       com.android.dx.rop.cst.StdConstantPool::getOrNull (13 bytes)
Event: 1.886 Thread 0x00000000151ac800 nmethod 146 0x0000000002bcd6d0 code [0x0000000002bcd8c0, 0x0000000002bce1c8]
Event: 1.886 Thread 0x00000000151ac800  147   !   3       com.android.dx.cf.cst.ConstantPoolParser::parse0 (731 bytes)

GC Heap History (0 events):
No events

Deoptimization events (0 events):
No events

Internal exceptions (2 events):
Event: 0.420 Thread 0x000000000297e000 Exception <a 'java/lang/NoSuchMethodError': Method sun.misc.Unsafe.defineClass(Ljava/lang/String;[BII)Ljava/lang/Class; name or signature does not match> (0x00000000eab0da20) thrown at [C:\re\workspace\8-2-build-windows-amd64-cygwin\jdk8u51\3951\hotspot\sróO!réêÚ?
Event: 0.421 Thread 0x000000000297e000 Exception <a 'java/lang/NoSuchMethodError': Method sun.misc.Unsafe.prefetchRead(Ljava/lang/Object;J)V name or signature does not match> (0x00000000eab0dcb0) thrown at [C:\re\workspace\8-2-build-windows-amd64-cygwin\jdk8u51\3951\hotspot\src\share\vm\prims\j

Events (10 events):
Event: 1.865 loading class com/android/dx/rop/type/Prototype
Event: 1.865 loading class com/android/dx/rop/type/Prototype done
Event: 1.873 loading class com/android/dx/rop/type/StdTypeList
Event: 1.873 loading class com/android/dx/rop/type/StdTypeList done
Event: 1.874 loading class com/android/dx/util/FixedSizeList
Event: 1.874 loading class com/android/dx/util/FixedSizeList done
Event: 1.875 loading class java/lang/NegativeArraySizeException
Event: 1.875 loading class java/lang/NegativeArraySizeException done
Event: 1.875 loading class java/lang/ArrayIndexOutOfBoundsException
Event: 1.875 loading class java/lang/ArrayIndexOutOfBoundsException done


Dynamic libraries:
0x00007ff61c140000 - 0x00007ff61c177000 	C:\Program Files\Java\jdk1.8.0_51\bin\java.exe
0x00007ffc8e9a0000 - 0x00007ffc8eb61000 	C:\WINDOWS\SYSTEM32\ntdll.dll
0x00007ffc8de70000 - 0x00007ffc8df1d000 	C:\WINDOWS\system32\KERNEL32.DLL
0x00007ffc8bbb0000 - 0x00007ffc8bd98000 	C:\WINDOWS\system32\KERNELBASE.dll
0x00007ffc8e470000 - 0x00007ffc8e517000 	C:\WINDOWS\system32\ADVAPI32.dll
0x00007ffc8bda0000 - 0x00007ffc8be3d000 	C:\WINDOWS\system32\msvcrt.dll
0x00007ffc8e8d0000 - 0x00007ffc8e92b000 	C:\WINDOWS\system32\sechost.dll
0x00007ffc8e520000 - 0x00007ffc8e63c000 	C:\WINDOWS\system32\RPCRT4.dll
0x00007ffc8e640000 - 0x00007ffc8e796000 	C:\WINDOWS\system32\USER32.dll
0x00007ffc8d6e0000 - 0x00007ffc8d866000 	C:\WINDOWS\system32\GDI32.dll
0x00007ffc7f1c0000 - 0x00007ffc7f434000 	C:\WINDOWS\WinSxS\amd64_microsoft.windows.common-controls_6595b64144ccf1df_6.0.10586.0_none_8c15ae12515e1c22\COMCTL32.dll
0x00007ffc8dbf0000 - 0x00007ffc8de6d000 	C:\WINDOWS\system32\combase.dll
0x00007ffc8ba10000 - 0x00007ffc8ba7a000 	C:\WINDOWS\system32\bcryptPrimitives.dll
0x00007ffc8d6a0000 - 0x00007ffc8d6db000 	C:\WINDOWS\system32\IMM32.DLL
0x00000000660d0000 - 0x00000000661a2000 	C:\Program Files\Java\jdk1.8.0_51\jre\bin\msvcr100.dll
0x0000000066620000 - 0x0000000066ea3000 	C:\Program Files\Java\jdk1.8.0_51\jre\bin\server\jvm.dll
0x00007ffc8e8c0000 - 0x00007ffc8e8c8000 	C:\WINDOWS\system32\PSAPI.DLL
0x00007ffc885c0000 - 0x00007ffc885c9000 	C:\WINDOWS\SYSTEM32\WSOCK32.dll
0x00007ffc8e7a0000 - 0x00007ffc8e80b000 	C:\WINDOWS\system32\WS2_32.dll
0x00007ffc893e0000 - 0x00007ffc89403000 	C:\WINDOWS\SYSTEM32\WINMM.dll
0x00007ffc884f0000 - 0x00007ffc884fa000 	C:\WINDOWS\SYSTEM32\VERSION.dll
0x00007ffc893b0000 - 0x00007ffc893dc000 	C:\WINDOWS\SYSTEM32\WINMMBASE.dll
0x00007ffc8b1a0000 - 0x00007ffc8b1e3000 	C:\WINDOWS\system32\cfgmgr32.dll
0x0000000066610000 - 0x000000006661f000 	C:\Program Files\Java\jdk1.8.0_51\jre\bin\verify.dll
0x00000000665e0000 - 0x0000000066609000 	C:\Program Files\Java\jdk1.8.0_51\jre\bin\java.dll
0x00000000665c0000 - 0x00000000665d6000 	C:\Program Files\Java\jdk1.8.0_51\jre\bin\zip.dll
0x00007ffc8bfa0000 - 0x00007ffc8d4fc000 	C:\WINDOWS\system32\SHELL32.dll
0x00007ffc8b3c0000 - 0x00007ffc8ba04000 	C:\WINDOWS\system32\windows.storage.dll
0x00007ffc8db70000 - 0x00007ffc8dbc2000 	C:\WINDOWS\system32\shlwapi.dll
0x00007ffc8b030000 - 0x00007ffc8b03f000 	C:\WINDOWS\system32\kernel.appcore.dll
0x00007ffc8b0e0000 - 0x00007ffc8b195000 	C:\WINDOWS\system32\shcore.dll
0x00007ffc8afc0000 - 0x00007ffc8b00b000 	C:\WINDOWS\system32\powrprof.dll
0x00007ffc8b010000 - 0x00007ffc8b024000 	C:\WINDOWS\system32\profapi.dll
0x00007ffc7c490000 - 0x00007ffc7c61c000 	C:\WINDOWS\SYSTEM32\dbghelp.dll

VM Arguments:
jvm_args: -Djava.awt.headless=true -Xmx1024M -Dfile.encoding=windows-1252 -Duser.country=IN -Duser.language=en -Duser.variant 
java_command: com.android.dx.command.Main --dex --force-jumbo --num-threads=4 --multi-dex --output F:\STUDY\ANDROID\SAMPLES\TimeWork\app\build\intermediates\transforms\dex\debug\folders\1000\10\com.android.support-animated-vector-drawable-23.3.0_48df5d499349dfa58f0f9bd682ce35bf794d3b1e F:\STUDY\ANDROID\SAMPLES\TimeWork\app\build\intermediates\exploded-aar\com.android.support\animated-vector-drawable\23.3.0\jars\classes.jar
java_class_path (initial): C:\Users\Ganesh Prasad\AppData\Local\Android\sdk\build-tools\23.0.3\lib\dx.jar
Launcher Type: SUN_STANDARD

Environment Variables:
JAVA_HOME=C:\Program Files\Java\jdk1.8.0_51
PATH=C:\ProgramData\Oracle\Java\javapath;C:\Program Files (x86)\Intel\iCLS Client\;C:\Program Files\Intel\iCLS Client\;C:\Program Files (x86)\AMD APP\bin\x86_64;C:\Program Files (x86)\AMD APP\bin\x86;C:\WINDOWS\system32;C:\WINDOWS;C:\WINDOWS\System32\Wbem;C:\WINDOWS\System32\WindowsPowerShell\v1.0\;C:\Program Files (x86)\ATI Technologies\ATI.ACE\Core-Static;C:\Program Files\Intel\Intel(R) Management Engine Components\DAL;C:\Program Files\Intel\Intel(R) Management Engine Components\IPT;C:\Program Files (x86)\Intel\Intel(R) Management Engine Components\DAL;C:\Program Files (x86)\Intel\Intel(R) Management Engine Components\IPT;\;C:\Program Files (x86)\Sony\VAIO Startup Setting Tool;C:\Program Files (x86)\Brackets\command;C:\Program Files (x86)\Java\jdk1.8.0_45\bin;C:\Program Files\nodejs\;C:\Users\Ganesh Prasad\AppData\Local\GitHub\PortableGit_c7e0cbde92ba565cb218a521411d0e854079a28c\bin;C:\Users\Ganesh Prasad\AppData\Local\GitHub\PortableGit_c7e0cbde92ba565cb218a521411d0e854079a28c\cmd;C:\Program Files (x86)\AMD\ATI.ACE\Core-Static;C:\Users\Ganesh Prasad\AppData\Local\Android\sdk\platform-tools;C:\Users\Ganesh Prasad\Anaconda2;C:\Users\Ganesh Prasad\Anaconda2\Scripts;C:\Users\Ganesh Prasad\Anaconda2\Library\bin;C:\Users\Ganesh Prasad\AppData\Roaming\npm
USERNAME=Ganesh Prasad
OS=Windows_NT
PROCESSOR_IDENTIFIER=Intel64 Family 6 Model 58 Stepping 9, GenuineIntel



---------------  S Y S T E M  ---------------

OS: Windows 10.0 , 64 bit Build 10586 (10.0.10586.0)

CPU:total 4 (2 cores per cpu, 2 threads per core) family 6 model 58 stepping 9, cmov, cx8, fxsr, mmx, sse, sse2, sse3, ssse3, sse4.1, sse4.2, popcnt, avx, clmul, erms, ht, tsc, tscinvbit, tscinv

Memory: 4k page, physical 4140316k(245012k free), swap 5574940k(552k free)

vm_info: Java HotSpot(TM) 64-Bit Server VM (25.51-b03) for windows-amd64 JRE (1.8.0_51-b16), built on Jun  8 2015 18:03:07 by "java_re" with MS VC++ 10.0 (VS2010)

time: Tue Jul 05 13:56:39 2016
elapsed time: 2 seconds (0d 0h 0m 2s)

